ok 1 - setup whitespace config
ok 2 - no internal whitespace
ok 3 - internal whitespace
ok 4 - internal and trailing whitespace
ok 5 - internal and trailing whitespace, all quoted
ok 6 - internal and more trailing whitespace
ok 7 - internal and more trailing whitespace, all quoted
ok 8 - internal and more trailing whitespace, not all quoted
ok 9 - leading and trailing whitespace
ok 10 - leading and trailing whitespace, all quoted
ok 11 - leading and trailing whitespace, not all quoted
ok 12 - inline comment
ok 13 - inline comment, quoted
ok 14 - clear default config
ok 15 - initial
ok 16 - mixed case
ok 17 - similar section
ok 18 - uppercase section
ok 19 - replace with non-match
ok 20 - replace with non-match (actually matching)
ok 21 - append comments
ok 22 - Prohibited LF in comment
ok 23 - non-match result
ok 24 - find mixed-case key by canonical name
ok 25 - find mixed-case key by non-canonical name
ok 26 - subsections are not canonicalized by git-config
ok 27 - value for missing section and missing key is not printed
ok 28 - value for missing section and existing key is not printed
ok 29 - value for existing section and missing key is not printed
ok 30 - value for missing subsection and missing key is not printed
ok 31 - value for existing subsection and missing key is not printed
ok 32 - value for missing subsection and existing key is not printed
ok 33 - unset with cont. lines
ok 34 - unset with cont. lines is correct
ok 35 - multiple unset
ok 36 - multiple unset is correct
ok 37 - --replace-all missing value
ok 38 - --replace-all
ok 39 - all replaced
ok 40 - really mean test
ok 41 - really really mean test
ok 42 - get value
ok 43 - unset
ok 44 - multivar
ok 45 - non-match
ok 46 - non-match value
ok 47 - multi-valued get returns final one
ok 48 - multi-valued get-all returns all
ok 49 - multivar replace
ok 50 - ambiguous unset
ok 51 - invalid unset
ok 52 - multivar unset
ok 53 - invalid key
ok 54 - correct key
ok 55 - hierarchical section
ok 56 - hierarchical section value
ok 57 - working --list
ok 58 - --list without repo produces empty output
ok 59 - --name-only --list
ok 60 - --get-regexp
ok 61 - --name-only --get-regexp
ok 62 - --add
ok 63 - get variable with no value
ok 64 - get variable with empty value
ok 65 - get-regexp variable with no value
ok 66 - get-regexp --bool variable with no value
ok 67 - get-regexp variable with empty value
ok 68 - get bool variable with no value
not ok 69 - get bool variable with empty value
#	
#		echo false >expect &&
#		git config --bool emptyvalue.variable > output &&
#		test_cmp expect output
#	
ok 70 - no arguments, but no crash
ok 71 - new section is partial match of another
ok 72 - new variable inserts into proper section
ok 73 - alternative --file (non-existing file should fail)
ok 74 - alternative GIT_CONFIG
ok 75 - alternative GIT_CONFIG (--file)
ok 76 - alternative GIT_CONFIG (--file=-)
ok 77 - setting a value in stdin is an error
ok 78 - editing stdin is an error
ok 79 - refer config from subdirectory
ok 80 - --set in alternative file
ok 81 - rename section
not ok 82 - rename succeeded
#	
#		test_cmp expect .git/config
#	
ok 83 - rename non-existing section
not ok 84 - rename succeeded
#	
#		test_cmp expect .git/config
#	
ok 85 - rename another section
not ok 86 - rename succeeded
#	
#		cat >expect <<\EOF &&
#	# Hallo
#		#Bello
#	[branch "zwei"]
#		x = 1
#	[branch "zwei"]
#		y = 1
#	[branch "drei"]
#	weird
#	EOF
#		test_cmp expect .git/config
#	
ok 87 - rename a section with a var on the same line
not ok 88 - rename succeeded
#	
#		cat >expect <<\EOF &&
#	# Hallo
#		#Bello
#	[branch "zwei"]
#		x = 1
#	[branch "zwei"]
#		y = 1
#	[branch "drei"]
#	weird
#	[branch "zwei"]
#		z = 1
#	EOF
#		test_cmp expect .git/config
#	
ok 89 - renaming empty section name is rejected
not ok 90 - renaming to bogus section is rejected
#	
#		test_must_fail git config ${mode_prefix}rename-section branch.zwei "bogus name"
#	
ok 91 - renaming a section with a long line
ok 92 - renaming an embedded section with a long line
not ok 93 - renaming a section with an overly-long line
#	
#		{
#			printf "[b]\\n" &&
#			printf "  c = d %525000s e" " " &&
#			printf "[a] g = h\\n"
#		} >y &&
#		test_must_fail git config ${mode_prefix}rename-section -f y a xyz 2>err &&
#		grep "refusing to work with overly long line in .y. on line 2" err
#	
ok 94 - remove section
not ok 95 - section was removed properly
#	
#		cat >expect <<\EOF &&
#	# Hallo
#		#Bello
#	[branch "drei"]
#	weird
#	EOF
#		test_cmp expect .git/config
#	
ok 96 - section ending
ok 97 - numbers
ok 98 - --int is at least 64 bits
ok 99 - invalid unit
ok 100 - invalid unit boolean
ok 101 - line number is reported correctly
not ok 102 - invalid stdin config
#	
#		echo "[broken" | test_must_fail git config ${mode_prefix}list --file - >output 2>&1 &&
#		test_grep "bad config line 1 in standard input" output
#	
not ok 103 - bool
#	
#		cat >expect <<-\EOF &&
#		true
#		false
#		true
#		false
#		true
#		false
#		true
#		false
#		EOF
#		git config ${mode_set} bool.true1 01 &&
#		git config ${mode_set} bool.true2 -1 &&
#		git config ${mode_set} bool.true3 YeS &&
#		git config ${mode_set} bool.true4 true &&
#		git config ${mode_set} bool.false1 000 &&
#		git config ${mode_set} bool.false2 "" &&
#		git config ${mode_set} bool.false3 nO &&
#		git config ${mode_set} bool.false4 FALSE &&
#		rm -f result &&
#		for i in 1 2 3 4
#		do
#		    git config --bool --get bool.true$i >>result &&
#		    git config --bool --get bool.false$i >>result || return 1
#		done &&
#		test_cmp expect result
#	
ok 104 - invalid bool (--get)
ok 105 - invalid bool (set)
not ok 106 - set --bool
#	
#		cat >expect <<\EOF &&
#	[bool]
#		true1 = true
#		true2 = true
#		true3 = true
#		true4 = true
#		false1 = false
#		false2 = false
#		false3 = false
#		false4 = false
#	EOF
#		rm -f .git/config &&
#		git config --bool bool.true1 01 &&
#		git config --bool bool.true2 -1 &&
#		git config --bool bool.true3 YeS &&
#		git config --bool bool.true4 true &&
#		git config --bool bool.false1 000 &&
#		git config --bool bool.false2 "" &&
#		git config --bool bool.false3 nO &&
#		git config --bool bool.false4 FALSE &&
#		test_cmp expect .git/config
not ok 107 - set --int
#	
#		cat >expect <<\EOF &&
#	[int]
#		val1 = 1
#		val2 = -1
#		val3 = 5242880
#	EOF
#		rm -f .git/config &&
#		git config --int int.val1 01 &&
#		git config --int int.val2 -1 &&
#		git config --int int.val3 5m &&
#		test_cmp expect .git/config
#	
ok 108 - get --bool-or-int
not ok 109 - set --bool-or-int
#	
#		cat >expect <<\EOF &&
#	[bool]
#		true1 = true
#		false1 = false
#		true2 = true
#		false2 = false
#	[int]
#		int1 = 0
#		int2 = 1
#		int3 = -1
#	EOF
#		rm -f .git/config &&
#		git config --bool-or-int bool.true1 true &&
#		git config --bool-or-int bool.false1 false &&
#		git config --bool-or-int bool.true2 yes &&
#		git config --bool-or-int bool.false2 no &&
#		git config --bool-or-int int.int1 0 &&
#		git config --bool-or-int int.int2 1 &&
#		git config --bool-or-int int.int3 -1 &&
#		test_cmp expect .git/config
#	
ok 110 - set --path
ok 111 - get --path
ok 112 - get --path copes with unset $HOME
ok 113 - get --path barfs on boolean variable
not ok 114 - get --expiry-date
#	
#		rel="3.weeks.5.days.00:00" &&
#		rel_out="$rel ->" &&
#		cat >.git/config <<-\EOF &&
#		[date]
#		valid1 = "3.weeks.5.days 00:00"
#		valid2 = "Fri Jun 4 15:46:55 2010"
#		valid3 = "2017/11/11 11:11:11PM"
#		valid4 = "2017/11/10 09:08:07 PM"
#		valid5 = "never"
#		invalid1 = "abc"
#		EOF
#		cat >expect <<-EOF &&
#		$(test-tool date timestamp $rel)
#		1275666415
#		1510441871
#		1510348087
#		0
#		EOF
#		: "work around heredoc parsing bug fixed in dash 0.5.7 (in ec2c84d)" &&
#		{
#			echo "$rel_out $(git config --expiry-date date.valid1)" &&
#			git config --expiry-date date.valid2 &&
#			git config --expiry-date date.valid3 &&
#			git config --expiry-date date.valid4 &&
#			git config --expiry-date date.valid5
#		} >actual &&
#		test_cmp expect actual &&
#		test_must_fail git config --expiry-date date.invalid1
#	
ok 115 - get --type=color
ok 116 - get --type=color with default value only
ok 117 # skip get --type=color does not use a pager (missing TTY)
ok 118 - set --type=color
ok 119 - get --type=color barfs on non-color
ok 120 - set --type=color barfs on non-color
ok 121 - quoting
ok 122 - key with newline
ok 123 - value with newline
ok 124 - value continued on next line
ok 125 - --null --list
ok 126 - --null --get-regexp
ok 127 - inner whitespace kept verbatim, spaces only
ok 128 - inner whitespace kept verbatim, horizontal tabs only
ok 129 - inner whitespace kept verbatim, horizontal tabs and spaces
ok 130 - symlinked configuration
ok 131 - symlink to nonexistent configuration
ok 132 - check split_cmdline return
ok 133 - git -c "key=value" support
ok 134 - git -c can represent empty string
ok 135 - key sanity-checking
not ok 136 - git -c works with aliases of builtins
#	
#		git config alias.checkconfig "-c foo.check=bar config foo.check" &&
#		echo bar >expect &&
#		git checkconfig >actual &&
#		test_cmp expect actual
#	
ok 137 - aliases can be CamelCased
ok 138 - git -c does not split values on equals
not ok 139 - git -c dies on bogus config
#	
#		test_must_fail git -c core.bare=foo rev-parse
#	
ok 140 - git -c complains about empty key
not ok 141 - git -c complains about empty key and value
#	
#		test_must_fail git -c "" rev-parse
#	
ok 142 - multiple git -c appends config
ok 143 - last one wins: two level vars
ok 144 - last one wins: three level vars
not ok 145 - old-fashioned settings are case insensitive
#	
#		test_when_finished "rm -f testConfig testConfig_expect testConfig_actual" &&
#	
#		cat >testConfig_actual <<-EOF &&
#		[V.A]
#		r = value1
#		EOF
#		q_to_tab >testConfig_expect <<-EOF &&
#		[V.A]
#		Qr = value2
#		EOF
#		git config -f testConfig_actual "v.a.r" value2 &&
#		test_cmp testConfig_expect testConfig_actual &&
#	
#		cat >testConfig_actual <<-EOF &&
#		[V.A]
#		r = value1
#		EOF
#		q_to_tab >testConfig_expect <<-EOF &&
#		[V.A]
#		QR = value2
#		EOF
#		git config -f testConfig_actual "V.a.R" value2 &&
#		test_cmp testConfig_expect testConfig_actual &&
#	
#		cat >testConfig_actual <<-EOF &&
#		[V.A]
#		r = value1
#		EOF
#		q_to_tab >testConfig_expect <<-EOF &&
#		[V.A]
#		r = value1
#		Qr = value2
#		EOF
#		git config -f testConfig_actual "V.A.r" value2 &&
#		test_cmp testConfig_expect testConfig_actual &&
#	
#		cat >testConfig_actual <<-EOF &&
#		[V.A]
#		r = value1
#		EOF
#		q_to_tab >testConfig_expect <<-EOF &&
#		[V.A]
#		r = value1
#		Qr = value2
#		EOF
#		git config -f testConfig_actual "v.A.r" value2 &&
#		test_cmp testConfig_expect testConfig_actual
#	
ok 146 - setting different case sensitive subsections 
ok 147 - git -c a=VAL rejects invalid 'a'
ok 148 - git -c .a=VAL rejects invalid '.a'
ok 149 - git -c a.=VAL rejects invalid 'a.'
ok 150 - git -c a.0b=VAL rejects invalid 'a.0b'
ok 151 - git -c a.b c.=VAL rejects invalid 'a.b c.'
ok 152 - git -c a.b c.0d=VAL rejects invalid 'a.b c.0d'
ok 153 - git -c a.b=VAL works with valid 'a.b'
ok 154 - git -c a.b c.d=VAL works with valid 'a.b c.d'
ok 155 - git -c is not confused by empty environment
ok 156 - GIT_CONFIG_PARAMETERS handles old-style entries
not ok 157 - GIT_CONFIG_PARAMETERS handles new-style entries
#	
#		v="${SQ}key.one${SQ}=${SQ}foo${SQ}" &&
#		v="$v  ${SQ}key.two${SQ}=${SQ}bar${SQ}" &&
#		v="$v ${SQ}key.ambiguous=section.whatever${SQ}=${SQ}value${SQ}" &&
#		GIT_CONFIG_PARAMETERS=$v git config ${mode_get_regexp} "key.*" >actual &&
#		cat >expect <<-EOF &&
#		key.one foo
#		key.two bar
#		key.ambiguous=section.whatever value
#		EOF
#		test_cmp expect actual
#	
ok 158 - old and new-style entries can mix
not ok 159 - old and new bools with ambiguous subsection
#	
#		v="${SQ}key.with=equals.oldbool${SQ}" &&
#		v="$v ${SQ}key.with=equals.newbool${SQ}=" &&
#		GIT_CONFIG_PARAMETERS=$v git config ${mode_get_regexp} "key.*" >actual &&
#		cat >expect <<-EOF &&
#		key.with equals.oldbool
#		key.with=equals.newbool
#		EOF
#		test_cmp expect actual
#	
not ok 160 - detect bogus GIT_CONFIG_PARAMETERS
#	
#		cat >expect <<-\EOF &&
#		env.one one
#		env.two two
#		EOF
#		GIT_CONFIG_PARAMETERS="${SQ}env.one=one${SQ} ${SQ}env.two=two${SQ}" \
#			git config ${mode_get_regexp} "env.*" >actual &&
#		test_cmp expect actual &&
#	
#		cat >expect <<-EOF &&
#		env.one one${SQ}
#		env.two two
#		EOF
#		GIT_CONFIG_PARAMETERS="${SQ}env.one=one${SQ}\\$SQ$SQ$SQ ${SQ}env.two=two${SQ}" \
#			git config ${mode_get_regexp} "env.*" >actual &&
#		test_cmp expect actual &&
#	
#		test_must_fail env \
#			GIT_CONFIG_PARAMETERS="${SQ}env.one=one${SQ}\\$SQ ${SQ}env.two=two${SQ}" \
#			git config ${mode_get_regexp} "env.*"
#	
not ok 161 - git --config-env=key=envvar support
#	
#		cat >expect <<-\EOF &&
#		value
#		value
#		value
#		value
#		false
#		false
#		EOF
#		{
#			ENVVAR=value git --config-env=core.name=ENVVAR config core.name &&
#			ENVVAR=value git --config-env core.name=ENVVAR config core.name &&
#			ENVVAR=value git --config-env=foo.CamelCase=ENVVAR config foo.camelcase &&
#			ENVVAR=value git --config-env foo.CamelCase=ENVVAR config foo.camelcase &&
#			ENVVAR= git --config-env=foo.flag=ENVVAR config --bool foo.flag &&
#			ENVVAR= git --config-env foo.flag=ENVVAR config --bool foo.flag
#		} >actual &&
#		test_cmp expect actual
#	
ok 162 - git --config-env with missing value
ok 163 - git --config-env fails with invalid parameters
ok 164 - git -c and --config-env work together
ok 165 - git -c and --config-env override each other
ok 166 - --config-env handles keys with equals
ok 167 - git config handles environment config pairs
ok 168 - git config ignores pairs without count
ok 169 - git config ignores pairs exceeding count
ok 170 - git config ignores pairs with zero count
ok 171 - git config ignores pairs with empty count
not ok 172 - git config fails with invalid count
#	
#		test_must_fail env GIT_CONFIG_COUNT=10a git config ${mode_prefix}list 2>error &&
#		test_grep "bogus count" error &&
#		test_must_fail env GIT_CONFIG_COUNT=9999999999999999 git config ${mode_prefix}list 2>error &&
#		test_grep "too many entries" error
#	
not ok 173 - git config fails with missing config key
#	
#		test_must_fail env GIT_CONFIG_COUNT=1 GIT_CONFIG_VALUE_0="value" \
#			git config ${mode_prefix}list 2>error &&
#		test_grep "missing config key" error
#	
not ok 174 - git config fails with missing config value
#	
#		test_must_fail env GIT_CONFIG_COUNT=1 GIT_CONFIG_KEY_0="pair.one" \
#			git config ${mode_prefix}list 2>error &&
#		test_grep "missing config value" error
#	
not ok 175 - git config fails with invalid config pair key
#	
#		test_must_fail env GIT_CONFIG_COUNT=1 \
#			GIT_CONFIG_KEY_0= GIT_CONFIG_VALUE_0=value \
#			git config ${mode_prefix}list &&
#		test_must_fail env GIT_CONFIG_COUNT=1 \
#			GIT_CONFIG_KEY_0=missing-section GIT_CONFIG_VALUE_0=value \
#			git config ${mode_prefix}list
#	
ok 176 - environment overrides config file
ok 177 - GIT_CONFIG_PARAMETERS overrides environment config
ok 178 - command line overrides environment config
ok 179 - git config --edit works
not ok 180 - git config --edit respects core.editor
#	
#		git config -f tmp test.value no &&
#		echo test.value=yes >expect &&
#		test_config core.editor "echo [test]value=yes >" &&
#		git config ${mode_prefix}edit -f tmp &&
#		git config ${mode_prefix}list -f tmp >actual &&
#		test_cmp expect actual
#	
not ok 181 - barf on syntax error
#	
#		cat >.git/config <<-\EOF &&
#		# broken key=value
#		[section]
#		key garbage
#		EOF
#		test_must_fail git config --get section.key 2>error &&
#		test_grep " line 3 " error
#	
not ok 182 - barf on incomplete section header
#	
#		cat >.git/config <<-\EOF &&
#		# broken section line
#		[section
#		key = value
#		EOF
#		test_must_fail git config --get section.key 2>error &&
#		test_grep " line 2 " error
#	
ok 183 - barf on incomplete string
ok 184 - urlmatch
ok 185 - urlmatch with --show-scope
not ok 186 - urlmatch favors more specific URLs
#	
#		cat >.git/config <<-\EOF &&
#		[http "https://example.com/"]
#			cookieFile = /tmp/root.txt
#		[http "https://example.com/subdirectory"]
#			cookieFile = /tmp/subdirectory.txt
#		[http "https://user@example.com/"]
#			cookieFile = /tmp/user.txt
#		[http "https://averylonguser@example.com/"]
#			cookieFile = /tmp/averylonguser.txt
#		[http "https://preceding.example.com"]
#			cookieFile = /tmp/preceding.txt
#		[http "https://*.example.com"]
#			cookieFile = /tmp/wildcard.txt
#		[http "https://*.example.com/wildcardwithsubdomain"]
#			cookieFile = /tmp/wildcardwithsubdomain.txt
#		[http "https://*.example.*"]
#			cookieFile = /tmp/multiwildcard.txt
#		[http "https://trailing.example.com"]
#			cookieFile = /tmp/trailing.txt
#		[http "https://user@*.example.com/"]
#			cookieFile = /tmp/wildcardwithuser.txt
#		[http "https://sub.example.com/"]
#			cookieFile = /tmp/sub.txt
#		EOF
#	
#		echo http.cookiefile /tmp/root.txt >expect &&
#		git config --get-urlmatch HTTP https://example.com >actual &&
#		test_cmp expect actual &&
#		git config get --url=https://example.com HTTP >actual &&
#		test_cmp expect actual &&
#	
#		echo http.cookiefile /tmp/subdirectory.txt >expect &&
#		git config --get-urlmatch HTTP https://example.com/subdirectory >actual &&
#		test_cmp expect actual &&
#		git config get --url=https://example.com/subdirectory HTTP >actual &&
#		test_cmp expect actual &&
#	
#		echo http.cookiefile /tmp/subdirectory.txt >expect &&
#		git config --get-urlmatch HTTP https://example.com/subdirectory/nested >actual &&
#		test_cmp expect actual &&
#		git config get --url=https://example.com/subdirectory/nested HTTP >actual &&
#		test_cmp expect actual &&
#	
#		echo http.cookiefile /tmp/user.txt >expect &&
#		git config --get-urlmatch HTTP https://user@example.com/ >actual &&
#		test_cmp expect actual &&
#		git config get --url=https://user@example.com/ HTTP >actual &&
#		test_cmp expect actual &&
#	
#		echo http.cookiefile /tmp/subdirectory.txt >expect &&
#		git config --get-urlmatch HTTP https://averylonguser@example.com/subdirectory >actual &&
#		test_cmp expect actual &&
#		git config get --url=https://averylonguser@example.com/subdirectory HTTP >actual &&
#		test_cmp expect actual &&
#	
#		echo http.cookiefile /tmp/preceding.txt >expect &&
#		git config --get-urlmatch HTTP https://preceding.example.com >actual &&
#		test_cmp expect actual &&
#		git config get --url=https://preceding.example.com HTTP >actual &&
#		test_cmp expect actual &&
#	
#		echo http.cookiefile /tmp/wildcard.txt >expect &&
#		git config --get-urlmatch HTTP https://wildcard.example.com >actual &&
#		test_cmp expect actual &&
#		git config get --url=https://wildcard.example.com HTTP >actual &&
#		test_cmp expect actual &&
#	
#		echo http.cookiefile /tmp/sub.txt >expect &&
#		git config --get-urlmatch HTTP https://sub.example.com/wildcardwithsubdomain >actual &&
#		test_cmp expect actual &&
#		git config get --url=https://sub.example.com/wildcardwithsubdomain HTTP >actual &&
#		test_cmp expect actual &&
#	
#		echo http.cookiefile /tmp/trailing.txt >expect &&
#		git config --get-urlmatch HTTP https://trailing.example.com >actual &&
#		test_cmp expect actual &&
#		git config get --url=https://trailing.example.com HTTP >actual &&
#		test_cmp expect actual &&
#	
#		echo http.cookiefile /tmp/sub.txt >expect &&
#		git config --get-urlmatch HTTP https://user@sub.example.com >actual &&
#		test_cmp expect actual &&
#		git config get --url=https://user@sub.example.com HTTP >actual &&
#		test_cmp expect actual &&
#	
#		echo http.cookiefile /tmp/multiwildcard.txt >expect &&
#		git config --get-urlmatch HTTP https://wildcard.example.org >actual &&
#		test_cmp expect actual &&
#		git config get --url=https://wildcard.example.org HTTP >actual &&
#		test_cmp expect actual
#	
not ok 187 - urlmatch with wildcard
#	
#		cat >.git/config <<-\EOF &&
#		[http]
#			sslVerify
#		[http "https://*.example.com"]
#			sslVerify = false
#			cookieFile = /tmp/cookie.txt
#		EOF
#	
#		test_expect_code 1 git config --bool --get-urlmatch doesnt.exist https://good.example.com >actual &&
#		test_must_be_empty actual &&
#	
#		echo true >expect &&
#		git config --bool --get-urlmatch http.SSLverify https://example.com >actual &&
#		test_cmp expect actual &&
#	
#		echo true >expect &&
#		git config --bool --get-urlmatch http.SSLverify https://good-example.com >actual &&
#		test_cmp expect actual &&
#	
#		echo true >expect &&
#		git config --bool --get-urlmatch http.sslverify https://deep.nested.example.com >actual &&
#		test_cmp expect actual &&
#	
#		echo false >expect &&
#		git config --bool --get-urlmatch http.sslverify https://good.example.com >actual &&
#		test_cmp expect actual &&
#	
#		{
#			echo http.cookiefile /tmp/cookie.txt &&
#			echo http.sslverify false
#		} >expect &&
#		git config --get-urlmatch HTTP https://good.example.com >actual &&
#		test_cmp expect actual &&
#	
#		echo http.sslverify >expect &&
#		git config --get-urlmatch HTTP https://more.example.com.au >actual &&
#		test_cmp expect actual
#	
not ok 188 - --unset last key removes section (except if commented)
#	
#		cat >.git/config <<-\EOF &&
#		# some generic comment on the configuration file itself
#		# a comment specific to this "section" section.
#		[section]
#		# some intervening lines
#		# that should also be dropped
#	
#		key = value
#		# please be careful when you update the above variable
#		EOF
#	
#		cat >expect <<-\EOF &&
#		# some generic comment on the configuration file itself
#		# a comment specific to this "section" section.
#		[section]
#		# some intervening lines
#		# that should also be dropped
#	
#		# please be careful when you update the above variable
#		EOF
#	
#		git config ${mode_unset} section.key &&
#		test_cmp expect .git/config &&
#	
#		cat >.git/config <<-\EOF &&
#		[section]
#		key = value
#		[next-section]
#		EOF
#	
#		cat >expect <<-\EOF &&
#		[next-section]
#		EOF
#	
#		git config ${mode_unset} section.key &&
#		test_cmp expect .git/config &&
#	
#		q_to_tab >.git/config <<-\EOF &&
#		[one]
#		Qkey = "multiline \
#		QQ# with comment"
#		[two]
#		key = true
#		EOF
#		git config ${mode_unset} two.key &&
#		! grep two .git/config &&
#	
#		q_to_tab >.git/config <<-\EOF &&
#		[one]
#		Qkey = "multiline \
#		QQ# with comment"
#		[one]
#		key = true
#		EOF
#		git config ${mode_unset_all} one.key &&
#		test_line_count = 0 .git/config &&
#	
#		q_to_tab >.git/config <<-\EOF &&
#		[one]
#		Qkey = true
#		Q# a comment not at the start
#		[two]
#		Qkey = true
#		EOF
#		git config ${mode_unset} two.key &&
#		grep two .git/config &&
#	
#		q_to_tab >.git/config <<-\EOF &&
#		[one]
#		Qkey = not [two "subsection"]
#		[two "subsection"]
#		[two "subsection"]
#		Qkey = true
#		[TWO "subsection"]
#		[one]
#		EOF
#		git config ${mode_unset} two.subsection.key &&
#		test "not [two subsection]" = "$(git config ${mode_get} one.key)" &&
#		test_line_count = 3 .git/config
#	
ok 189 - --unset-all removes section if empty & uncommented
ok 190 - adding a key into an empty section reuses header
ok 191 - preserves existing permissions
ok 192 - set up --show-origin tests
ok 193 - --show-origin with --list
not ok 194 - --show-origin with --list --null
#	
#		cat >expect <<-EOF &&
#		file:$HOME/.gitconfigQuser.global
#		trueQfile:$HOME/.gitconfigQuser.override
#		globalQfile:$HOME/.gitconfigQinclude.path
#		$INCLUDE_DIR/absolute.includeQfile:$INCLUDE_DIR/absolute.includeQuser.absolute
#		includeQfile:.git/configQuser.local
#		trueQfile:.git/configQuser.override
#		localQfile:.git/configQinclude.path
#		../include/relative.includeQfile:.git/../include/relative.includeQuser.relative
#		includeQcommand line:Quser.cmdline
#		trueQ
#		EOF
#		git -c user.cmdline=true config ${mode_prefix}list --null --show-origin >output.raw &&
#		nul_to_q <output.raw >output &&
#		# The here-doc above adds a newline that the --null output would not
#		# include. Add it here to make the two comparable.
#		echo >>output &&
#		test_cmp expect output
#	
ok 195 - --show-origin with single file
not ok 196 - --show-origin with --get-regexp
#	
#		cat >expect <<-EOF &&
#		file:$HOME/.gitconfig	user.global true
#		file:.git/config	user.local true
#		EOF
#		git config ${mode_get_regexp} --show-origin "user\.[g|l].*" >output &&
#		test_cmp expect output
#	
ok 197 - --show-origin getting a single key
ok 198 - set up custom config file
ok 199 - set up custom config file with special name characters
ok 200 - --show-origin escape special file name characters
ok 201 - --show-origin stdin
not ok 202 - --show-origin stdin with file include
#	
#		cat >"$INCLUDE_DIR"/stdin.include <<-EOF &&
#		[user]
#			stdin = include
#		EOF
#		cat >expect <<-EOF &&
#		file:$INCLUDE_DIR/stdin.include	include
#		EOF
#		echo "[include]path=\"$INCLUDE_DIR\"/stdin.include" |
#		git config --show-origin --includes --file - user.stdin >output &&
#	
#		test_cmp expect output
#	
ok 203 - --show-origin blob
ok 204 - --show-origin blob ref
ok 205 - --show-origin with --default
not ok 206 - --show-scope with --list
#	
#		cat >expect <<-EOF &&
#		global	user.global=true
#		global	user.override=global
#		global	include.path=$INCLUDE_DIR/absolute.include
#		global	user.absolute=include
#		local	user.local=true
#		local	user.override=local
#		local	include.path=../include/relative.include
#		local	user.relative=include
#		local	core.repositoryformatversion=1
#		local	extensions.worktreeconfig=true
#		worktree	user.worktree=true
#		command	user.cmdline=true
#		EOF
#		test_when_finished "git worktree remove wt1" &&
#		git worktree add wt1 &&
#		# We need these to test for worktree scope, but outside of this
#		# test, this is just noise
#		test_config core.repositoryformatversion 1 &&
#		test_config extensions.worktreeConfig true &&
#		git config --worktree user.worktree true &&
#		git -c user.cmdline=true config ${mode_prefix}list --show-scope >output &&
#		test_cmp expect output
#	
ok 207 - --show-scope with --blob
ok 208 - --show-scope with --local
ok 209 - --show-scope getting a single value
ok 210 - --show-scope with --show-origin
ok 211 - --show-scope with --default
not ok 212 - override global and system config
#	
#		test_when_finished rm -f \"\$HOME\"/.gitconfig &&
#		cat >"$HOME"/.gitconfig <<-EOF &&
#		[home]
#			config = true
#		EOF
#	
#		test_when_finished rm -rf \"\$HOME\"/.config/git &&
#		mkdir -p "$HOME"/.config/git &&
#		cat >"$HOME"/.config/git/config <<-EOF &&
#		[xdg]
#			config = true
#		EOF
#		cat >.git/config <<-EOF &&
#		[local]
#			config = true
#		EOF
#		cat >custom-global-config <<-EOF &&
#		[global]
#			config = true
#		EOF
#		cat >custom-system-config <<-EOF &&
#		[system]
#			config = true
#		EOF
#	
#		cat >expect <<-EOF &&
#		global	xdg.config=true
#		global	home.config=true
#		local	local.config=true
#		EOF
#		git config ${mode_prefix}list --show-scope >output &&
#		test_cmp expect output &&
#	
#		cat >expect <<-EOF &&
#		system	system.config=true
#		global	global.config=true
#		local	local.config=true
#		EOF
#		GIT_CONFIG_NOSYSTEM=false GIT_CONFIG_SYSTEM=custom-system-config GIT_CONFIG_GLOBAL=custom-global-config \
#			git config ${mode_prefix}list --show-scope >output &&
#		test_cmp expect output &&
#	
#		cat >expect <<-EOF &&
#		local	local.config=true
#		EOF
#		GIT_CONFIG_NOSYSTEM=false GIT_CONFIG_SYSTEM=/dev/null GIT_CONFIG_GLOBAL=/dev/null \
#			git config ${mode_prefix}list --show-scope >output &&
#		test_cmp expect output
#	
ok 213 - override global and system config with missing file
not ok 214 - system override has no effect with GIT_CONFIG_NOSYSTEM
#	
#		# `git config --system` has different semantics compared to other
#		# commands as it ignores GIT_CONFIG_NOSYSTEM. We thus test whether the
#		# variable has an effect via a different proxy.
#		cat >alias-config <<-EOF &&
#		[alias]
#			hello-world = !echo "hello world"
#		EOF
#		test_must_fail env GIT_CONFIG_NOSYSTEM=true GIT_CONFIG_SYSTEM=alias-config \
#			git hello-world &&
#		GIT_CONFIG_NOSYSTEM=false GIT_CONFIG_SYSTEM=alias-config \
#			git hello-world >actual &&
#		echo "hello world" >expect &&
#		test_cmp expect actual
#	
ok 215 - write to overridden global and system config
ok 216 - --local requires a repo
ok 217 - --worktree requires a repo
not ok 218 - identical modern --type specifiers are allowed
#	
#		test_cmp_config 1048576 --type=int --type=int section.big
#	
not ok 219 - identical legacy --type specifiers are allowed
#	
#		test_cmp_config 1048576 --int --int section.big
#	
ok 220 - identical mixed --type specifiers are allowed
not ok 221 - non-identical modern --type specifiers are not allowed
#	
#		test_must_fail git config --type=int --type=bool section.big 2>error &&
#		test_grep "only one type at a time" error
#	
not ok 222 - non-identical legacy --type specifiers are not allowed
#	
#		test_must_fail git config --int --bool section.big 2>error &&
#		test_grep "only one type at a time" error
#	
not ok 223 - non-identical mixed --type specifiers are not allowed
#	
#		test_must_fail git config --type=int --bool section.big 2>error &&
#		test_grep "only one type at a time" error
#	
ok 224 - --type allows valid type specifiers
not ok 225 - --no-type unsets type specifiers
#	
#		test_cmp_config 10 --type=bool --no-type section.number
#	
not ok 226 - unset type specifiers may be reset to conflicting ones
#	
#		test_cmp_config 1048576 --type=bool --no-type --type=int section.big
#	
ok 227 - list --type=int shows only canonicalizable int values
not ok 228 - list --type=bool shows only canonicalizable bool values
#	
#		cat >expect <<-EOF &&
#		section.foo=true
#		section.number=true
#		section.big=true
#		EOF
#	
#		git config ${mode_prefix}list --type=bool >actual 2>err &&
#		test_cmp expect actual &&
#		test_must_be_empty err
#	
ok 229 - list --type=bool-or-int shows only canonicalizable values
ok 230 - list --type=path shows only canonicalizable path values
ok 231 - list --type=expiry-date shows only canonicalizable dates
ok 232 - list --type=color shows only canonicalizable color values
not ok 233 - --type rejects unknown specifiers
#	
#		test_must_fail git config --type=nonsense section.foo 2>error &&
#		test_grep "unrecognized --type argument" error
#	
ok 234 - --type=int requires at least one digit
not ok 235 - --replace-all does not invent newlines
#	
#		q_to_tab >.git/config <<-\EOF &&
#		[abc]key
#		QkeepSection
#		[xyz]
#		Qkey = 1
#		[abc]
#		Qkey = a
#		EOF
#		q_to_tab >expect <<-\EOF &&
#		[abc]
#		QkeepSection
#		[xyz]
#		Qkey = 1
#		[abc]
#		Qkey = b
#		EOF
#		git config ${mode_replace_all} abc.key b &&
#		test_cmp expect .git/config
#	
not ok 236 - set all config with value-pattern
#	
#		test_when_finished rm -f config initial &&
#		git config --file=initial abc.key one &&
#	
#		# no match => add new entry
#		cp initial config &&
#		git config --file=config abc.key two a+ &&
#		git config ${mode_prefix}list --file=config >actual &&
#		cat >expect <<-\EOF &&
#		abc.key=one
#		abc.key=two
#		EOF
#		test_cmp expect actual &&
#	
#		# multiple matches => failure
#		test_must_fail git config --file=config abc.key three o+ 2>err &&
#		test_grep "has multiple values" err &&
#	
#		# multiple values, no match => add
#		git config --file=config abc.key three a+ &&
#		git config ${mode_prefix}list --file=config >actual &&
#		cat >expect <<-\EOF &&
#		abc.key=one
#		abc.key=two
#		abc.key=three
#		EOF
#		test_cmp expect actual &&
#	
#		# single match => replace
#		git config --file=config abc.key four h+ &&
#		git config ${mode_prefix}list --file=config >actual &&
#		cat >expect <<-\EOF &&
#		abc.key=one
#		abc.key=two
#		abc.key=four
#		EOF
#		test_cmp expect actual
#	
not ok 237 - --replace-all and value-pattern
#	
#		test_when_finished rm -f config &&
#		git config --file=config --add abc.key one &&
#		git config --file=config --add abc.key two &&
#		git config --file=config --add abc.key three &&
#		git config --file=config --replace-all abc.key four "o+" &&
#		git config ${mode_prefix}list --file=config >actual &&
#		cat >expect <<-\EOF &&
#		abc.key=four
#		abc.key=three
#		EOF
#		test_cmp expect actual
#	
not ok 238 - refuse --fixed-value for incompatible actions
#	
#		test_when_finished rm -f config &&
#		git config --file=config dev.null bogus &&
#	
#		# These modes do not allow --fixed-value at all
#		test_must_fail git config --file=config --fixed-value --add dev.null bogus &&
#		test_must_fail git config --file=config --fixed-value --get-urlmatch dev.null bogus &&
#		test_must_fail git config --file=config --fixed-value --get-urlmatch dev.null bogus &&
#		test_must_fail git config ${mode_prefix}rename-section --file=config --fixed-value dev null &&
#		test_must_fail git config ${mode_prefix}remove-section --file=config --fixed-value dev &&
#		test_must_fail git config ${mode_prefix}list --file=config --fixed-value &&
#		test_must_fail git config --file=config --fixed-value --get-color dev.null &&
#		test_must_fail git config --file=config --fixed-value --get-colorbool dev.null &&
#	
#		# These modes complain when --fixed-value has no value-pattern
#		test_must_fail git config ${mode_set} --file=config --fixed-value dev.null bogus &&
#		test_must_fail git config ${mode_replace_all} --file=config --fixed-value dev.null bogus &&
#		test_must_fail git config ${mode_prefix}get --file=config --fixed-value dev.null &&
#		test_must_fail git config ${mode_get_all} --file=config --fixed-value dev.null &&
#		test_must_fail git config ${mode_get_regexp} --file=config --fixed-value "dev.*" &&
#		test_must_fail git config ${mode_unset} --file=config --fixed-value dev.null &&
#		test_must_fail git config ${mode_unset_all} --file=config --fixed-value dev.null
#	
not ok 239 - --fixed-value uses exact string matching
#	
#		test_when_finished rm -f config initial &&
#		META="a+b*c?d[e]f.g" &&
#		git config --file=initial fixed.test "$META" &&
#	
#		cp initial config &&
#		git config --file=config fixed.test bogus "$META" &&
#		git config ${mode_prefix}list --file=config >actual &&
#		cat >expect <<-EOF &&
#		fixed.test=$META
#		fixed.test=bogus
#		EOF
#		test_cmp expect actual &&
#	
#		cp initial config &&
#		git config --file=config --fixed-value fixed.test bogus "$META" &&
#		git config ${mode_prefix}list --file=config >actual &&
#		cat >expect <<-\EOF &&
#		fixed.test=bogus
#		EOF
#		test_cmp expect actual &&
#	
#		cp initial config &&
#		test_must_fail git config --file=config --unset fixed.test "$META" &&
#		git config --file=config --fixed-value --unset fixed.test "$META" &&
#		test_must_fail git config ${mode_get} --file=config fixed.test &&
#	
#		cp initial config &&
#		test_must_fail git config unset --file=config --value="$META" fixed.test &&
#		git config unset --file=config --fixed-value --value="$META" fixed.test &&
#		test_must_fail git config ${mode_get} --file=config fixed.test &&
#	
#		cp initial config &&
#		test_must_fail git config --file=config --unset-all fixed.test "$META" &&
#		git config --file=config --fixed-value --unset-all fixed.test "$META" &&
#		test_must_fail git config ${mode_get} --file=config fixed.test &&
#	
#		cp initial config &&
#		git config --file=config fixed.test bogus "$META" &&
#		git config ${mode_prefix}list --file=config >actual &&
#		cat >expect <<-EOF &&
#		fixed.test=$META
#		fixed.test=bogus
#		EOF
#		test_cmp expect actual &&
#	
#		git config --file=config --fixed-value --replace-all fixed.test bogus "$META" &&
#		git config ${mode_prefix}list --file=config >actual &&
#		cat >expect <<-EOF &&
#		fixed.test=bogus
#		fixed.test=bogus
#		EOF
#		test_cmp expect actual
#	
not ok 240 - --get and --get-all with --fixed-value
#	
#		test_when_finished rm -f config &&
#		META="a+b*c?d[e]f.g" &&
#		git config --file=config fixed.test bogus &&
#		git config --file=config --add fixed.test "$META" &&
#	
#		git config --file=config --get fixed.test bogus &&
#		git config get --file=config --value=bogus fixed.test &&
#		test_must_fail git config --file=config --get fixed.test "$META" &&
#		test_must_fail git config get --file=config --value="$META" fixed.test &&
#		git config --file=config --get --fixed-value fixed.test "$META" &&
#		git config get --file=config --fixed-value --value="$META" fixed.test &&
#		test_must_fail git config --file=config --get --fixed-value fixed.test non-existent &&
#	
#		git config --file=config --get-all fixed.test bogus &&
#		git config get --all --file=config --value=bogus fixed.test &&
#		test_must_fail git config --file=config --get-all fixed.test "$META" &&
#		test_must_fail git config get --all --file=config --value="$META" fixed.test &&
#		git config --file=config --get-all --fixed-value fixed.test "$META" &&
#		git config get --all --file=config --value="$META" --fixed-value fixed.test &&
#		test_must_fail git config --file=config --get-all --fixed-value fixed.test non-existent &&
#	
#		git config --file=config --get-regexp fixed+ bogus &&
#		git config get --regexp --file=config --value=bogus fixed+ &&
#		test_must_fail git config --file=config --get-regexp fixed+ "$META" &&
#		test_must_fail git config get --regexp --file=config --value="$META" fixed+ &&
#		git config --file=config --get-regexp --fixed-value fixed+ "$META" &&
#		git config get --regexp --file=config --fixed-value --value="$META" fixed+ &&
#		test_must_fail git config --file=config --get-regexp --fixed-value fixed+ non-existent
#	
ok 241 - --fixed-value with value-less configuration
not ok 242 - includeIf.hasconfig:remote.*.url
#	
#		git init hasremoteurlTest &&
#		test_when_finished "rm -rf hasremoteurlTest" &&
#	
#		cat >include-this <<-\EOF &&
#		[user]
#			this = this-is-included
#		EOF
#		cat >dont-include-that <<-\EOF &&
#		[user]
#			that = that-is-not-included
#		EOF
#		cat >>hasremoteurlTest/.git/config <<-EOF &&
#		[includeIf "hasconfig:remote.*.url:foourl"]
#			path = "$(pwd)/include-this"
#		[includeIf "hasconfig:remote.*.url:barurl"]
#			path = "$(pwd)/dont-include-that"
#		[remote "foo"]
#			url = foourl
#		EOF
#	
#		echo this-is-included >expect-this &&
#		git -C hasremoteurlTest config --get user.this >actual-this &&
#		test_cmp expect-this actual-this &&
#	
#		test_must_fail git -C hasremoteurlTest config --get user.that
#	
not ok 243 - includeIf.hasconfig:remote.*.url respects last-config-wins
#	
#		git init hasremoteurlTest &&
#		test_when_finished "rm -rf hasremoteurlTest" &&
#	
#		cat >include-two-three <<-\EOF &&
#		[user]
#			two = included-config
#			three = included-config
#		EOF
#		cat >>hasremoteurlTest/.git/config <<-EOF &&
#		[remote "foo"]
#			url = foourl
#		[user]
#			one = main-config
#			two = main-config
#		[includeIf "hasconfig:remote.*.url:foourl"]
#			path = "$(pwd)/include-two-three"
#		[user]
#			three = main-config
#		EOF
#	
#		echo main-config >expect-main-config &&
#		echo included-config >expect-included-config &&
#	
#		git -C hasremoteurlTest config --get user.one >actual &&
#		test_cmp expect-main-config actual &&
#	
#		git -C hasremoteurlTest config --get user.two >actual &&
#		test_cmp expect-included-config actual &&
#	
#		git -C hasremoteurlTest config --get user.three >actual &&
#		test_cmp expect-main-config actual
#	
not ok 244 - includeIf.hasconfig:remote.*.url globs
#	
#		git init hasremoteurlTest &&
#		test_when_finished "rm -rf hasremoteurlTest" &&
#	
#		printf "[user]\ndss = yes\n" >double-star-start &&
#		printf "[user]\ndse = yes\n" >double-star-end &&
#		printf "[user]\ndsm = yes\n" >double-star-middle &&
#		printf "[user]\nssm = yes\n" >single-star-middle &&
#		printf "[user]\nno = no\n" >no &&
#	
#		cat >>hasremoteurlTest/.git/config <<-EOF &&
#		[remote "foo"]
#			url = https://foo/bar/baz
#		[includeIf "hasconfig:remote.*.url:**/baz"]
#			path = "$(pwd)/double-star-start"
#		[includeIf "hasconfig:remote.*.url:**/nomatch"]
#			path = "$(pwd)/no"
#		[includeIf "hasconfig:remote.*.url:https:/**"]
#			path = "$(pwd)/double-star-end"
#		[includeIf "hasconfig:remote.*.url:nomatch:/**"]
#			path = "$(pwd)/no"
#		[includeIf "hasconfig:remote.*.url:https:/**/baz"]
#			path = "$(pwd)/double-star-middle"
#		[includeIf "hasconfig:remote.*.url:https:/**/nomatch"]
#			path = "$(pwd)/no"
#		[includeIf "hasconfig:remote.*.url:https://*/bar/baz"]
#			path = "$(pwd)/single-star-middle"
#		[includeIf "hasconfig:remote.*.url:https://*/baz"]
#			path = "$(pwd)/no"
#		EOF
#	
#		git -C hasremoteurlTest config --get user.dss &&
#		git -C hasremoteurlTest config --get user.dse &&
#		git -C hasremoteurlTest config --get user.dsm &&
#		git -C hasremoteurlTest config --get user.ssm &&
#		test_must_fail git -C hasremoteurlTest config --get user.no
#	
not ok 245 - includeIf.hasconfig:remote.*.url forbids remote url in such included files
#	
#		git init hasremoteurlTest &&
#		test_when_finished "rm -rf hasremoteurlTest" &&
#	
#		cat >include-with-url <<-\EOF &&
#		[remote "bar"]
#			url = barurl
#		EOF
#		cat >>hasremoteurlTest/.git/config <<-EOF &&
#		[includeIf "hasconfig:remote.*.url:foourl"]
#			path = "$(pwd)/include-with-url"
#		EOF
#	
#		# test with any Git command
#		test_must_fail git -C hasremoteurlTest status 2>err &&
#		grep "fatal: remote URLs cannot be configured in file directly or indirectly included by includeIf.hasconfig:remote.*.url" err
#	
not ok 246 - negated mode causes failure
#	
#		test_must_fail git config --no-get 2>err &&
#		grep "unknown option \`no-get${SQ}" err
#	
not ok 247 - specifying multiple modes causes failure
#	
#		cat >expect <<-EOF &&
#		error: options ${SQ}--get-all${SQ} and ${SQ}--get${SQ} cannot be used together
#		EOF
#		test_must_fail git config --get --get-all 2>err &&
#		test_cmp expect err
#	
ok 248 - writing to stdin is rejected
ok 249 - setup whitespace config
ok 250 - no internal whitespace
ok 251 - internal whitespace
ok 252 - internal and trailing whitespace
ok 253 - internal and trailing whitespace, all quoted
ok 254 - internal and more trailing whitespace
ok 255 - internal and more trailing whitespace, all quoted
ok 256 - internal and more trailing whitespace, not all quoted
ok 257 - leading and trailing whitespace
ok 258 - leading and trailing whitespace, all quoted
ok 259 - leading and trailing whitespace, not all quoted
ok 260 - inline comment
ok 261 - inline comment, quoted
ok 262 - clear default config
ok 263 - initial
ok 264 - mixed case
ok 265 - similar section
ok 266 - uppercase section
ok 267 - replace with non-match
ok 268 - replace with non-match (actually matching)
ok 269 - append comments
ok 270 - Prohibited LF in comment
ok 271 - non-match result
ok 272 - find mixed-case key by canonical name
ok 273 - find mixed-case key by non-canonical name
ok 274 - subsections are not canonicalized by git-config
ok 275 - value for missing section and missing key is not printed
ok 276 - value for missing section and existing key is not printed
ok 277 - value for existing section and missing key is not printed
ok 278 - value for missing subsection and missing key is not printed
ok 279 - value for existing subsection and missing key is not printed
ok 280 - value for missing subsection and existing key is not printed
ok 281 - unset with cont. lines
ok 282 - unset with cont. lines is correct
ok 283 - multiple unset
ok 284 - multiple unset is correct
ok 285 - --replace-all missing value
ok 286 - --replace-all
ok 287 - all replaced
ok 288 - really mean test
ok 289 - really really mean test
ok 290 - get value
ok 291 - unset
ok 292 - multivar
ok 293 - non-match
ok 294 - non-match value
ok 295 - multi-valued get returns final one
ok 296 - multi-valued get-all returns all
ok 297 - multivar replace
ok 298 - ambiguous unset
ok 299 - invalid unset
not ok 300 - multivar unset
#	
#		cat >expect <<EOF &&
#	[beta] ; silly comment # another comment
#	noIndent= sillyValue ; ${SQ}nother silly comment
#	
#	# empty line
#			; comment
#	[nextSection]
#		NoNewLine = wow2 for me
#	EOF
#		case "$mode" in
#		legacy)
#			git config --unset nextsection.nonewline "wow3$";;
#		subcommands)
#			git config unset --value="wow3$" nextsection.nonewline;;
#		esac &&
#		test_cmp expect .git/config
#	
ok 301 - invalid key
ok 302 - correct key
ok 303 - hierarchical section
not ok 304 - hierarchical section value
#	
#		cat >expect <<EOF &&
#	[beta] ; silly comment # another comment
#	noIndent= sillyValue ; ${SQ}nother silly comment
#	
#	# empty line
#			; comment
#	[nextSection]
#		NoNewLine = wow2 for me
#	[123456]
#		a123 = 987
#	[Version "1.2.3eX"]
#		Alpha = beta
#	EOF
#		test_cmp expect .git/config
#	
not ok 305 - working --list
#	
#		cat >expect <<-\EOF &&
#		beta.noindent=sillyValue
#		nextsection.nonewline=wow2 for me
#		123456.a123=987
#		version.1.2.3eX.alpha=beta
#		EOF
#		git config ${mode_prefix}list > output &&
#		test_cmp expect output
#	
ok 306 - --list without repo produces empty output
not ok 307 - --name-only --list
#	
#		cat >expect <<-\EOF &&
#		beta.noindent
#		nextsection.nonewline
#		123456.a123
#		version.1.2.3eX.alpha
#		EOF
#		git config ${mode_prefix}list --name-only >output &&
#		test_cmp expect output
#	
not ok 308 - --get-regexp
#	
#		cat >expect <<-\EOF &&
#		beta.noindent sillyValue
#		nextsection.nonewline wow2 for me
#		EOF
#		git config ${mode_get_regexp} in >output &&
#		test_cmp expect output
#	
not ok 309 - --name-only --get-regexp
#	
#		cat >expect <<-\EOF &&
#		beta.noindent
#		nextsection.nonewline
#		EOF
#		git config ${mode_get_regexp} --name-only in >output &&
#		test_cmp expect output
#	
not ok 310 - --add
#	
#		cat >expect <<-\EOF &&
#		wow2 for me
#		wow4 for you
#		EOF
#		git config --add nextsection.nonewline "wow4 for you" &&
#		git config ${mode_get_all} nextsection.nonewline > output &&
#		test_cmp expect output
#	
ok 311 - get variable with no value
ok 312 - get variable with empty value
ok 313 - get-regexp variable with no value
ok 314 - get-regexp --bool variable with no value
ok 315 - get-regexp variable with empty value
ok 316 - get bool variable with no value
not ok 317 - get bool variable with empty value
#	
#		echo false >expect &&
#		git config --bool emptyvalue.variable > output &&
#		test_cmp expect output
#	
ok 318 - no arguments, but no crash
ok 319 - new section is partial match of another
ok 320 - new variable inserts into proper section
ok 321 - alternative --file (non-existing file should fail)
ok 322 - alternative GIT_CONFIG
ok 323 - alternative GIT_CONFIG (--file)
ok 324 - alternative GIT_CONFIG (--file=-)
ok 325 - setting a value in stdin is an error
ok 326 - editing stdin is an error
ok 327 - refer config from subdirectory
ok 328 - --set in alternative file
ok 329 - rename section
not ok 330 - rename succeeded
#	
#		test_cmp expect .git/config
#	
ok 331 - rename non-existing section
not ok 332 - rename succeeded
#	
#		test_cmp expect .git/config
#	
ok 333 - rename another section
not ok 334 - rename succeeded
#	
#		cat >expect <<\EOF &&
#	# Hallo
#		#Bello
#	[branch "zwei"]
#		x = 1
#	[branch "zwei"]
#		y = 1
#	[branch "drei"]
#	weird
#	EOF
#		test_cmp expect .git/config
#	
ok 335 - rename a section with a var on the same line
not ok 336 - rename succeeded
#	
#		cat >expect <<\EOF &&
#	# Hallo
#		#Bello
#	[branch "zwei"]
#		x = 1
#	[branch "zwei"]
#		y = 1
#	[branch "drei"]
#	weird
#	[branch "zwei"]
#		z = 1
#	EOF
#		test_cmp expect .git/config
#	
ok 337 - renaming empty section name is rejected
not ok 338 - renaming to bogus section is rejected
#	
#		test_must_fail git config ${mode_prefix}rename-section branch.zwei "bogus name"
#	
ok 339 - renaming a section with a long line
ok 340 - renaming an embedded section with a long line
not ok 341 - renaming a section with an overly-long line
#	
#		{
#			printf "[b]\\n" &&
#			printf "  c = d %525000s e" " " &&
#			printf "[a] g = h\\n"
#		} >y &&
#		test_must_fail git config ${mode_prefix}rename-section -f y a xyz 2>err &&
#		grep "refusing to work with overly long line in .y. on line 2" err
#	
ok 342 - remove section
not ok 343 - section was removed properly
#	
#		cat >expect <<\EOF &&
#	# Hallo
#		#Bello
#	[branch "drei"]
#	weird
#	EOF
#		test_cmp expect .git/config
#	
ok 344 - section ending
ok 345 - numbers
ok 346 - --int is at least 64 bits
ok 347 - invalid unit
ok 348 - invalid unit boolean
ok 349 - line number is reported correctly
not ok 350 - invalid stdin config
#	
#		echo "[broken" | test_must_fail git config ${mode_prefix}list --file - >output 2>&1 &&
#		test_grep "bad config line 1 in standard input" output
#	
not ok 351 - bool
#	
#		cat >expect <<-\EOF &&
#		true
#		false
#		true
#		false
#		true
#		false
#		true
#		false
#		EOF
#		git config ${mode_set} bool.true1 01 &&
#		git config ${mode_set} bool.true2 -1 &&
#		git config ${mode_set} bool.true3 YeS &&
#		git config ${mode_set} bool.true4 true &&
#		git config ${mode_set} bool.false1 000 &&
#		git config ${mode_set} bool.false2 "" &&
#		git config ${mode_set} bool.false3 nO &&
#		git config ${mode_set} bool.false4 FALSE &&
#		rm -f result &&
#		for i in 1 2 3 4
#		do
#		    git config --bool --get bool.true$i >>result &&
#		    git config --bool --get bool.false$i >>result || return 1
#		done &&
#		test_cmp expect result
#	
ok 352 - invalid bool (--get)
ok 353 - invalid bool (set)
not ok 354 - set --bool
#	
#		cat >expect <<\EOF &&
#	[bool]
#		true1 = true
#		true2 = true
#		true3 = true
#		true4 = true
#		false1 = false
#		false2 = false
#		false3 = false
#		false4 = false
#	EOF
#		rm -f .git/config &&
#		git config --bool bool.true1 01 &&
#		git config --bool bool.true2 -1 &&
#		git config --bool bool.true3 YeS &&
#		git config --bool bool.true4 true &&
#		git config --bool bool.false1 000 &&
#		git config --bool bool.false2 "" &&
#		git config --bool bool.false3 nO &&
#		git config --bool bool.false4 FALSE &&
#		test_cmp expect .git/config
not ok 355 - set --int
#	
#		cat >expect <<\EOF &&
#	[int]
#		val1 = 1
#		val2 = -1
#		val3 = 5242880
#	EOF
#		rm -f .git/config &&
#		git config --int int.val1 01 &&
#		git config --int int.val2 -1 &&
#		git config --int int.val3 5m &&
#		test_cmp expect .git/config
#	
ok 356 - get --bool-or-int
not ok 357 - set --bool-or-int
#	
#		cat >expect <<\EOF &&
#	[bool]
#		true1 = true
#		false1 = false
#		true2 = true
#		false2 = false
#	[int]
#		int1 = 0
#		int2 = 1
#		int3 = -1
#	EOF
#		rm -f .git/config &&
#		git config --bool-or-int bool.true1 true &&
#		git config --bool-or-int bool.false1 false &&
#		git config --bool-or-int bool.true2 yes &&
#		git config --bool-or-int bool.false2 no &&
#		git config --bool-or-int int.int1 0 &&
#		git config --bool-or-int int.int2 1 &&
#		git config --bool-or-int int.int3 -1 &&
#		test_cmp expect .git/config
#	
ok 358 - set --path
ok 359 - get --path
ok 360 - get --path copes with unset $HOME
ok 361 - get --path barfs on boolean variable
not ok 362 - get --expiry-date
#	
#		rel="3.weeks.5.days.00:00" &&
#		rel_out="$rel ->" &&
#		cat >.git/config <<-\EOF &&
#		[date]
#		valid1 = "3.weeks.5.days 00:00"
#		valid2 = "Fri Jun 4 15:46:55 2010"
#		valid3 = "2017/11/11 11:11:11PM"
#		valid4 = "2017/11/10 09:08:07 PM"
#		valid5 = "never"
#		invalid1 = "abc"
#		EOF
#		cat >expect <<-EOF &&
#		$(test-tool date timestamp $rel)
#		1275666415
#		1510441871
#		1510348087
#		0
#		EOF
#		: "work around heredoc parsing bug fixed in dash 0.5.7 (in ec2c84d)" &&
#		{
#			echo "$rel_out $(git config --expiry-date date.valid1)" &&
#			git config --expiry-date date.valid2 &&
#			git config --expiry-date date.valid3 &&
#			git config --expiry-date date.valid4 &&
#			git config --expiry-date date.valid5
#		} >actual &&
#		test_cmp expect actual &&
#		test_must_fail git config --expiry-date date.invalid1
#	
ok 363 - get --type=color
ok 364 - get --type=color with default value only
ok 365 # skip get --type=color does not use a pager (missing TTY)
ok 366 - set --type=color
ok 367 - get --type=color barfs on non-color
ok 368 - set --type=color barfs on non-color
ok 369 - quoting
ok 370 - key with newline
ok 371 - value with newline
ok 372 - value continued on next line
not ok 373 - --null --list
#	
#		git config ${mode_prefix}list --null >result.raw &&
#		nul_to_q <result.raw >result &&
#		echo >>result &&
#		test_cmp expect result
#	
not ok 374 - --null --get-regexp
#	
#		git config ${mode_get_regexp} --null "val[0-9]" >result.raw &&
#		nul_to_q <result.raw >result &&
#		echo >>result &&
#		test_cmp expect result
#	
ok 375 - inner whitespace kept verbatim, spaces only
ok 376 - inner whitespace kept verbatim, horizontal tabs only
ok 377 - inner whitespace kept verbatim, horizontal tabs and spaces
ok 378 - symlinked configuration
ok 379 - symlink to nonexistent configuration
ok 380 - check split_cmdline return
ok 381 - git -c "key=value" support
ok 382 - git -c can represent empty string
ok 383 - key sanity-checking
not ok 384 - git -c works with aliases of builtins
#	
#		git config alias.checkconfig "-c foo.check=bar config foo.check" &&
#		echo bar >expect &&
#		git checkconfig >actual &&
#		test_cmp expect actual
#	
ok 385 - aliases can be CamelCased
ok 386 - git -c does not split values on equals
not ok 387 - git -c dies on bogus config
#	
#		test_must_fail git -c core.bare=foo rev-parse
#	
ok 388 - git -c complains about empty key
not ok 389 - git -c complains about empty key and value
#	
#		test_must_fail git -c "" rev-parse
#	
ok 390 - multiple git -c appends config
ok 391 - last one wins: two level vars
ok 392 - last one wins: three level vars
not ok 393 - old-fashioned settings are case insensitive
#	
#		test_when_finished "rm -f testConfig testConfig_expect testConfig_actual" &&
#	
#		cat >testConfig_actual <<-EOF &&
#		[V.A]
#		r = value1
#		EOF
#		q_to_tab >testConfig_expect <<-EOF &&
#		[V.A]
#		Qr = value2
#		EOF
#		git config -f testConfig_actual "v.a.r" value2 &&
#		test_cmp testConfig_expect testConfig_actual &&
#	
#		cat >testConfig_actual <<-EOF &&
#		[V.A]
#		r = value1
#		EOF
#		q_to_tab >testConfig_expect <<-EOF &&
#		[V.A]
#		QR = value2
#		EOF
#		git config -f testConfig_actual "V.a.R" value2 &&
#		test_cmp testConfig_expect testConfig_actual &&
#	
#		cat >testConfig_actual <<-EOF &&
#		[V.A]
#		r = value1
#		EOF
#		q_to_tab >testConfig_expect <<-EOF &&
#		[V.A]
#		r = value1
#		Qr = value2
#		EOF
#		git config -f testConfig_actual "V.A.r" value2 &&
#		test_cmp testConfig_expect testConfig_actual &&
#	
#		cat >testConfig_actual <<-EOF &&
#		[V.A]
#		r = value1
#		EOF
#		q_to_tab >testConfig_expect <<-EOF &&
#		[V.A]
#		r = value1
#		Qr = value2
#		EOF
#		git config -f testConfig_actual "v.A.r" value2 &&
#		test_cmp testConfig_expect testConfig_actual
#	
ok 394 - setting different case sensitive subsections 
ok 395 - git -c a=VAL rejects invalid 'a'
ok 396 - git -c .a=VAL rejects invalid '.a'
ok 397 - git -c a.=VAL rejects invalid 'a.'
ok 398 - git -c a.0b=VAL rejects invalid 'a.0b'
ok 399 - git -c a.b c.=VAL rejects invalid 'a.b c.'
ok 400 - git -c a.b c.0d=VAL rejects invalid 'a.b c.0d'
ok 401 - git -c a.b=VAL works with valid 'a.b'
ok 402 - git -c a.b c.d=VAL works with valid 'a.b c.d'
ok 403 - git -c is not confused by empty environment
ok 404 - GIT_CONFIG_PARAMETERS handles old-style entries
not ok 405 - GIT_CONFIG_PARAMETERS handles new-style entries
#	
#		v="${SQ}key.one${SQ}=${SQ}foo${SQ}" &&
#		v="$v  ${SQ}key.two${SQ}=${SQ}bar${SQ}" &&
#		v="$v ${SQ}key.ambiguous=section.whatever${SQ}=${SQ}value${SQ}" &&
#		GIT_CONFIG_PARAMETERS=$v git config ${mode_get_regexp} "key.*" >actual &&
#		cat >expect <<-EOF &&
#		key.one foo
#		key.two bar
#		key.ambiguous=section.whatever value
#		EOF
#		test_cmp expect actual
#	
ok 406 - old and new-style entries can mix
not ok 407 - old and new bools with ambiguous subsection
#	
#		v="${SQ}key.with=equals.oldbool${SQ}" &&
#		v="$v ${SQ}key.with=equals.newbool${SQ}=" &&
#		GIT_CONFIG_PARAMETERS=$v git config ${mode_get_regexp} "key.*" >actual &&
#		cat >expect <<-EOF &&
#		key.with equals.oldbool
#		key.with=equals.newbool
#		EOF
#		test_cmp expect actual
#	
not ok 408 - detect bogus GIT_CONFIG_PARAMETERS
#	
#		cat >expect <<-\EOF &&
#		env.one one
#		env.two two
#		EOF
#		GIT_CONFIG_PARAMETERS="${SQ}env.one=one${SQ} ${SQ}env.two=two${SQ}" \
#			git config ${mode_get_regexp} "env.*" >actual &&
#		test_cmp expect actual &&
#	
#		cat >expect <<-EOF &&
#		env.one one${SQ}
#		env.two two
#		EOF
#		GIT_CONFIG_PARAMETERS="${SQ}env.one=one${SQ}\\$SQ$SQ$SQ ${SQ}env.two=two${SQ}" \
#			git config ${mode_get_regexp} "env.*" >actual &&
#		test_cmp expect actual &&
#	
#		test_must_fail env \
#			GIT_CONFIG_PARAMETERS="${SQ}env.one=one${SQ}\\$SQ ${SQ}env.two=two${SQ}" \
#			git config ${mode_get_regexp} "env.*"
#	
not ok 409 - git --config-env=key=envvar support
#	
#		cat >expect <<-\EOF &&
#		value
#		value
#		value
#		value
#		false
#		false
#		EOF
#		{
#			ENVVAR=value git --config-env=core.name=ENVVAR config core.name &&
#			ENVVAR=value git --config-env core.name=ENVVAR config core.name &&
#			ENVVAR=value git --config-env=foo.CamelCase=ENVVAR config foo.camelcase &&
#			ENVVAR=value git --config-env foo.CamelCase=ENVVAR config foo.camelcase &&
#			ENVVAR= git --config-env=foo.flag=ENVVAR config --bool foo.flag &&
#			ENVVAR= git --config-env foo.flag=ENVVAR config --bool foo.flag
#		} >actual &&
#		test_cmp expect actual
#	
ok 410 - git --config-env with missing value
ok 411 - git --config-env fails with invalid parameters
ok 412 - git -c and --config-env work together
ok 413 - git -c and --config-env override each other
ok 414 - --config-env handles keys with equals
ok 415 - git config handles environment config pairs
ok 416 - git config ignores pairs without count
ok 417 - git config ignores pairs exceeding count
ok 418 - git config ignores pairs with zero count
ok 419 - git config ignores pairs with empty count
not ok 420 - git config fails with invalid count
#	
#		test_must_fail env GIT_CONFIG_COUNT=10a git config ${mode_prefix}list 2>error &&
#		test_grep "bogus count" error &&
#		test_must_fail env GIT_CONFIG_COUNT=9999999999999999 git config ${mode_prefix}list 2>error &&
#		test_grep "too many entries" error
#	
not ok 421 - git config fails with missing config key
#	
#		test_must_fail env GIT_CONFIG_COUNT=1 GIT_CONFIG_VALUE_0="value" \
#			git config ${mode_prefix}list 2>error &&
#		test_grep "missing config key" error
#	
not ok 422 - git config fails with missing config value
#	
#		test_must_fail env GIT_CONFIG_COUNT=1 GIT_CONFIG_KEY_0="pair.one" \
#			git config ${mode_prefix}list 2>error &&
#		test_grep "missing config value" error
#	
not ok 423 - git config fails with invalid config pair key
#	
#		test_must_fail env GIT_CONFIG_COUNT=1 \
#			GIT_CONFIG_KEY_0= GIT_CONFIG_VALUE_0=value \
#			git config ${mode_prefix}list &&
#		test_must_fail env GIT_CONFIG_COUNT=1 \
#			GIT_CONFIG_KEY_0=missing-section GIT_CONFIG_VALUE_0=value \
#			git config ${mode_prefix}list
#	
ok 424 - environment overrides config file
ok 425 - GIT_CONFIG_PARAMETERS overrides environment config
ok 426 - command line overrides environment config
ok 427 - git config --edit works
not ok 428 - git config --edit respects core.editor
#	
#		git config -f tmp test.value no &&
#		echo test.value=yes >expect &&
#		test_config core.editor "echo [test]value=yes >" &&
#		git config ${mode_prefix}edit -f tmp &&
#		git config ${mode_prefix}list -f tmp >actual &&
#		test_cmp expect actual
#	
not ok 429 - barf on syntax error
#	
#		cat >.git/config <<-\EOF &&
#		# broken key=value
#		[section]
#		key garbage
#		EOF
#		test_must_fail git config --get section.key 2>error &&
#		test_grep " line 3 " error
#	
not ok 430 - barf on incomplete section header
#	
#		cat >.git/config <<-\EOF &&
#		# broken section line
#		[section
#		key = value
#		EOF
#		test_must_fail git config --get section.key 2>error &&
#		test_grep " line 2 " error
#	
ok 431 - barf on incomplete string
ok 432 - urlmatch
ok 433 - urlmatch with --show-scope
not ok 434 - urlmatch favors more specific URLs
#	
#		cat >.git/config <<-\EOF &&
#		[http "https://example.com/"]
#			cookieFile = /tmp/root.txt
#		[http "https://example.com/subdirectory"]
#			cookieFile = /tmp/subdirectory.txt
#		[http "https://user@example.com/"]
#			cookieFile = /tmp/user.txt
#		[http "https://averylonguser@example.com/"]
#			cookieFile = /tmp/averylonguser.txt
#		[http "https://preceding.example.com"]
#			cookieFile = /tmp/preceding.txt
#		[http "https://*.example.com"]
#			cookieFile = /tmp/wildcard.txt
#		[http "https://*.example.com/wildcardwithsubdomain"]
#			cookieFile = /tmp/wildcardwithsubdomain.txt
#		[http "https://*.example.*"]
#			cookieFile = /tmp/multiwildcard.txt
#		[http "https://trailing.example.com"]
#			cookieFile = /tmp/trailing.txt
#		[http "https://user@*.example.com/"]
#			cookieFile = /tmp/wildcardwithuser.txt
#		[http "https://sub.example.com/"]
#			cookieFile = /tmp/sub.txt
#		EOF
#	
#		echo http.cookiefile /tmp/root.txt >expect &&
#		git config --get-urlmatch HTTP https://example.com >actual &&
#		test_cmp expect actual &&
#		git config get --url=https://example.com HTTP >actual &&
#		test_cmp expect actual &&
#	
#		echo http.cookiefile /tmp/subdirectory.txt >expect &&
#		git config --get-urlmatch HTTP https://example.com/subdirectory >actual &&
#		test_cmp expect actual &&
#		git config get --url=https://example.com/subdirectory HTTP >actual &&
#		test_cmp expect actual &&
#	
#		echo http.cookiefile /tmp/subdirectory.txt >expect &&
#		git config --get-urlmatch HTTP https://example.com/subdirectory/nested >actual &&
#		test_cmp expect actual &&
#		git config get --url=https://example.com/subdirectory/nested HTTP >actual &&
#		test_cmp expect actual &&
#	
#		echo http.cookiefile /tmp/user.txt >expect &&
#		git config --get-urlmatch HTTP https://user@example.com/ >actual &&
#		test_cmp expect actual &&
#		git config get --url=https://user@example.com/ HTTP >actual &&
#		test_cmp expect actual &&
#	
#		echo http.cookiefile /tmp/subdirectory.txt >expect &&
#		git config --get-urlmatch HTTP https://averylonguser@example.com/subdirectory >actual &&
#		test_cmp expect actual &&
#		git config get --url=https://averylonguser@example.com/subdirectory HTTP >actual &&
#		test_cmp expect actual &&
#	
#		echo http.cookiefile /tmp/preceding.txt >expect &&
#		git config --get-urlmatch HTTP https://preceding.example.com >actual &&
#		test_cmp expect actual &&
#		git config get --url=https://preceding.example.com HTTP >actual &&
#		test_cmp expect actual &&
#	
#		echo http.cookiefile /tmp/wildcard.txt >expect &&
#		git config --get-urlmatch HTTP https://wildcard.example.com >actual &&
#		test_cmp expect actual &&
#		git config get --url=https://wildcard.example.com HTTP >actual &&
#		test_cmp expect actual &&
#	
#		echo http.cookiefile /tmp/sub.txt >expect &&
#		git config --get-urlmatch HTTP https://sub.example.com/wildcardwithsubdomain >actual &&
#		test_cmp expect actual &&
#		git config get --url=https://sub.example.com/wildcardwithsubdomain HTTP >actual &&
#		test_cmp expect actual &&
#	
#		echo http.cookiefile /tmp/trailing.txt >expect &&
#		git config --get-urlmatch HTTP https://trailing.example.com >actual &&
#		test_cmp expect actual &&
#		git config get --url=https://trailing.example.com HTTP >actual &&
#		test_cmp expect actual &&
#	
#		echo http.cookiefile /tmp/sub.txt >expect &&
#		git config --get-urlmatch HTTP https://user@sub.example.com >actual &&
#		test_cmp expect actual &&
#		git config get --url=https://user@sub.example.com HTTP >actual &&
#		test_cmp expect actual &&
#	
#		echo http.cookiefile /tmp/multiwildcard.txt >expect &&
#		git config --get-urlmatch HTTP https://wildcard.example.org >actual &&
#		test_cmp expect actual &&
#		git config get --url=https://wildcard.example.org HTTP >actual &&
#		test_cmp expect actual
#	
not ok 435 - urlmatch with wildcard
#	
#		cat >.git/config <<-\EOF &&
#		[http]
#			sslVerify
#		[http "https://*.example.com"]
#			sslVerify = false
#			cookieFile = /tmp/cookie.txt
#		EOF
#	
#		test_expect_code 1 git config --bool --get-urlmatch doesnt.exist https://good.example.com >actual &&
#		test_must_be_empty actual &&
#	
#		echo true >expect &&
#		git config --bool --get-urlmatch http.SSLverify https://example.com >actual &&
#		test_cmp expect actual &&
#	
#		echo true >expect &&
#		git config --bool --get-urlmatch http.SSLverify https://good-example.com >actual &&
#		test_cmp expect actual &&
#	
#		echo true >expect &&
#		git config --bool --get-urlmatch http.sslverify https://deep.nested.example.com >actual &&
#		test_cmp expect actual &&
#	
#		echo false >expect &&
#		git config --bool --get-urlmatch http.sslverify https://good.example.com >actual &&
#		test_cmp expect actual &&
#	
#		{
#			echo http.cookiefile /tmp/cookie.txt &&
#			echo http.sslverify false
#		} >expect &&
#		git config --get-urlmatch HTTP https://good.example.com >actual &&
#		test_cmp expect actual &&
#	
#		echo http.sslverify >expect &&
#		git config --get-urlmatch HTTP https://more.example.com.au >actual &&
#		test_cmp expect actual
#	
not ok 436 - --unset last key removes section (except if commented)
#	
#		cat >.git/config <<-\EOF &&
#		# some generic comment on the configuration file itself
#		# a comment specific to this "section" section.
#		[section]
#		# some intervening lines
#		# that should also be dropped
#	
#		key = value
#		# please be careful when you update the above variable
#		EOF
#	
#		cat >expect <<-\EOF &&
#		# some generic comment on the configuration file itself
#		# a comment specific to this "section" section.
#		[section]
#		# some intervening lines
#		# that should also be dropped
#	
#		# please be careful when you update the above variable
#		EOF
#	
#		git config ${mode_unset} section.key &&
#		test_cmp expect .git/config &&
#	
#		cat >.git/config <<-\EOF &&
#		[section]
#		key = value
#		[next-section]
#		EOF
#	
#		cat >expect <<-\EOF &&
#		[next-section]
#		EOF
#	
#		git config ${mode_unset} section.key &&
#		test_cmp expect .git/config &&
#	
#		q_to_tab >.git/config <<-\EOF &&
#		[one]
#		Qkey = "multiline \
#		QQ# with comment"
#		[two]
#		key = true
#		EOF
#		git config ${mode_unset} two.key &&
#		! grep two .git/config &&
#	
#		q_to_tab >.git/config <<-\EOF &&
#		[one]
#		Qkey = "multiline \
#		QQ# with comment"
#		[one]
#		key = true
#		EOF
#		git config ${mode_unset_all} one.key &&
#		test_line_count = 0 .git/config &&
#	
#		q_to_tab >.git/config <<-\EOF &&
#		[one]
#		Qkey = true
#		Q# a comment not at the start
#		[two]
#		Qkey = true
#		EOF
#		git config ${mode_unset} two.key &&
#		grep two .git/config &&
#	
#		q_to_tab >.git/config <<-\EOF &&
#		[one]
#		Qkey = not [two "subsection"]
#		[two "subsection"]
#		[two "subsection"]
#		Qkey = true
#		[TWO "subsection"]
#		[one]
#		EOF
#		git config ${mode_unset} two.subsection.key &&
#		test "not [two subsection]" = "$(git config ${mode_get} one.key)" &&
#		test_line_count = 3 .git/config
#	
not ok 437 - --unset-all removes section if empty & uncommented
#	
#		cat >.git/config <<-\EOF &&
#		[section]
#		key = value1
#		key = value2
#		EOF
#	
#		git config ${mode_unset_all} section.key &&
#		test_line_count = 0 .git/config
#	
ok 438 - adding a key into an empty section reuses header
ok 439 - preserves existing permissions
ok 440 - set up --show-origin tests
ok 441 - --show-origin with --list
not ok 442 - --show-origin with --list --null
#	
#		cat >expect <<-EOF &&
#		file:$HOME/.gitconfigQuser.global
#		trueQfile:$HOME/.gitconfigQuser.override
#		globalQfile:$HOME/.gitconfigQinclude.path
#		$INCLUDE_DIR/absolute.includeQfile:$INCLUDE_DIR/absolute.includeQuser.absolute
#		includeQfile:.git/configQuser.local
#		trueQfile:.git/configQuser.override
#		localQfile:.git/configQinclude.path
#		../include/relative.includeQfile:.git/../include/relative.includeQuser.relative
#		includeQcommand line:Quser.cmdline
#		trueQ
#		EOF
#		git -c user.cmdline=true config ${mode_prefix}list --null --show-origin >output.raw &&
#		nul_to_q <output.raw >output &&
#		# The here-doc above adds a newline that the --null output would not
#		# include. Add it here to make the two comparable.
#		echo >>output &&
#		test_cmp expect output
#	
ok 443 - --show-origin with single file
not ok 444 - --show-origin with --get-regexp
#	
#		cat >expect <<-EOF &&
#		file:$HOME/.gitconfig	user.global true
#		file:.git/config	user.local true
#		EOF
#		git config ${mode_get_regexp} --show-origin "user\.[g|l].*" >output &&
#		test_cmp expect output
#	
ok 445 - --show-origin getting a single key
ok 446 - set up custom config file
ok 447 - set up custom config file with special name characters
ok 448 - --show-origin escape special file name characters
ok 449 - --show-origin stdin
not ok 450 - --show-origin stdin with file include
#	
#		cat >"$INCLUDE_DIR"/stdin.include <<-EOF &&
#		[user]
#			stdin = include
#		EOF
#		cat >expect <<-EOF &&
#		file:$INCLUDE_DIR/stdin.include	include
#		EOF
#		echo "[include]path=\"$INCLUDE_DIR\"/stdin.include" |
#		git config --show-origin --includes --file - user.stdin >output &&
#	
#		test_cmp expect output
#	
ok 451 - --show-origin blob
ok 452 - --show-origin blob ref
ok 453 - --show-origin with --default
not ok 454 - --show-scope with --list
#	
#		cat >expect <<-EOF &&
#		global	user.global=true
#		global	user.override=global
#		global	include.path=$INCLUDE_DIR/absolute.include
#		global	user.absolute=include
#		local	user.local=true
#		local	user.override=local
#		local	include.path=../include/relative.include
#		local	user.relative=include
#		local	core.repositoryformatversion=1
#		local	extensions.worktreeconfig=true
#		worktree	user.worktree=true
#		command	user.cmdline=true
#		EOF
#		test_when_finished "git worktree remove wt1" &&
#		git worktree add wt1 &&
#		# We need these to test for worktree scope, but outside of this
#		# test, this is just noise
#		test_config core.repositoryformatversion 1 &&
#		test_config extensions.worktreeConfig true &&
#		git config --worktree user.worktree true &&
#		git -c user.cmdline=true config ${mode_prefix}list --show-scope >output &&
#		test_cmp expect output
#	
ok 455 - --show-scope with --blob
ok 456 - --show-scope with --local
ok 457 - --show-scope getting a single value
ok 458 - --show-scope with --show-origin
ok 459 - --show-scope with --default
not ok 460 - override global and system config
#	
#		test_when_finished rm -f \"\$HOME\"/.gitconfig &&
#		cat >"$HOME"/.gitconfig <<-EOF &&
#		[home]
#			config = true
#		EOF
#	
#		test_when_finished rm -rf \"\$HOME\"/.config/git &&
#		mkdir -p "$HOME"/.config/git &&
#		cat >"$HOME"/.config/git/config <<-EOF &&
#		[xdg]
#			config = true
#		EOF
#		cat >.git/config <<-EOF &&
#		[local]
#			config = true
#		EOF
#		cat >custom-global-config <<-EOF &&
#		[global]
#			config = true
#		EOF
#		cat >custom-system-config <<-EOF &&
#		[system]
#			config = true
#		EOF
#	
#		cat >expect <<-EOF &&
#		global	xdg.config=true
#		global	home.config=true
#		local	local.config=true
#		EOF
#		git config ${mode_prefix}list --show-scope >output &&
#		test_cmp expect output &&
#	
#		cat >expect <<-EOF &&
#		system	system.config=true
#		global	global.config=true
#		local	local.config=true
#		EOF
#		GIT_CONFIG_NOSYSTEM=false GIT_CONFIG_SYSTEM=custom-system-config GIT_CONFIG_GLOBAL=custom-global-config \
#			git config ${mode_prefix}list --show-scope >output &&
#		test_cmp expect output &&
#	
#		cat >expect <<-EOF &&
#		local	local.config=true
#		EOF
#		GIT_CONFIG_NOSYSTEM=false GIT_CONFIG_SYSTEM=/dev/null GIT_CONFIG_GLOBAL=/dev/null \
#			git config ${mode_prefix}list --show-scope >output &&
#		test_cmp expect output
#	
ok 461 - override global and system config with missing file
not ok 462 - system override has no effect with GIT_CONFIG_NOSYSTEM
#	
#		# `git config --system` has different semantics compared to other
#		# commands as it ignores GIT_CONFIG_NOSYSTEM. We thus test whether the
#		# variable has an effect via a different proxy.
#		cat >alias-config <<-EOF &&
#		[alias]
#			hello-world = !echo "hello world"
#		EOF
#		test_must_fail env GIT_CONFIG_NOSYSTEM=true GIT_CONFIG_SYSTEM=alias-config \
#			git hello-world &&
#		GIT_CONFIG_NOSYSTEM=false GIT_CONFIG_SYSTEM=alias-config \
#			git hello-world >actual &&
#		echo "hello world" >expect &&
#		test_cmp expect actual
#	
ok 463 - write to overridden global and system config
ok 464 - --local requires a repo
ok 465 - --worktree requires a repo
not ok 466 - identical modern --type specifiers are allowed
#	
#		test_cmp_config 1048576 --type=int --type=int section.big
#	
not ok 467 - identical legacy --type specifiers are allowed
#	
#		test_cmp_config 1048576 --int --int section.big
#	
ok 468 - identical mixed --type specifiers are allowed
not ok 469 - non-identical modern --type specifiers are not allowed
#	
#		test_must_fail git config --type=int --type=bool section.big 2>error &&
#		test_grep "only one type at a time" error
#	
not ok 470 - non-identical legacy --type specifiers are not allowed
#	
#		test_must_fail git config --int --bool section.big 2>error &&
#		test_grep "only one type at a time" error
#	
not ok 471 - non-identical mixed --type specifiers are not allowed
#	
#		test_must_fail git config --type=int --bool section.big 2>error &&
#		test_grep "only one type at a time" error
#	
ok 472 - --type allows valid type specifiers
not ok 473 - --no-type unsets type specifiers
#	
#		test_cmp_config 10 --type=bool --no-type section.number
#	
not ok 474 - unset type specifiers may be reset to conflicting ones
#	
#		test_cmp_config 1048576 --type=bool --no-type --type=int section.big
#	
ok 475 - list --type=int shows only canonicalizable int values
not ok 476 - list --type=bool shows only canonicalizable bool values
#	
#		cat >expect <<-EOF &&
#		section.foo=true
#		section.number=true
#		section.big=true
#		EOF
#	
#		git config ${mode_prefix}list --type=bool >actual 2>err &&
#		test_cmp expect actual &&
#		test_must_be_empty err
#	
ok 477 - list --type=bool-or-int shows only canonicalizable values
ok 478 - list --type=path shows only canonicalizable path values
ok 479 - list --type=expiry-date shows only canonicalizable dates
ok 480 - list --type=color shows only canonicalizable color values
not ok 481 - --type rejects unknown specifiers
#	
#		test_must_fail git config --type=nonsense section.foo 2>error &&
#		test_grep "unrecognized --type argument" error
#	
ok 482 - --type=int requires at least one digit
not ok 483 - --replace-all does not invent newlines
#	
#		q_to_tab >.git/config <<-\EOF &&
#		[abc]key
#		QkeepSection
#		[xyz]
#		Qkey = 1
#		[abc]
#		Qkey = a
#		EOF
#		q_to_tab >expect <<-\EOF &&
#		[abc]
#		QkeepSection
#		[xyz]
#		Qkey = 1
#		[abc]
#		Qkey = b
#		EOF
#		git config ${mode_replace_all} abc.key b &&
#		test_cmp expect .git/config
#	
not ok 484 - set all config with value-pattern
#	
#		test_when_finished rm -f config initial &&
#		git config --file=initial abc.key one &&
#	
#		# no match => add new entry
#		cp initial config &&
#		git config --file=config abc.key two a+ &&
#		git config ${mode_prefix}list --file=config >actual &&
#		cat >expect <<-\EOF &&
#		abc.key=one
#		abc.key=two
#		EOF
#		test_cmp expect actual &&
#	
#		# multiple matches => failure
#		test_must_fail git config --file=config abc.key three o+ 2>err &&
#		test_grep "has multiple values" err &&
#	
#		# multiple values, no match => add
#		git config --file=config abc.key three a+ &&
#		git config ${mode_prefix}list --file=config >actual &&
#		cat >expect <<-\EOF &&
#		abc.key=one
#		abc.key=two
#		abc.key=three
#		EOF
#		test_cmp expect actual &&
#	
#		# single match => replace
#		git config --file=config abc.key four h+ &&
#		git config ${mode_prefix}list --file=config >actual &&
#		cat >expect <<-\EOF &&
#		abc.key=one
#		abc.key=two
#		abc.key=four
#		EOF
#		test_cmp expect actual
#	
not ok 485 - --replace-all and value-pattern
#	
#		test_when_finished rm -f config &&
#		git config --file=config --add abc.key one &&
#		git config --file=config --add abc.key two &&
#		git config --file=config --add abc.key three &&
#		git config --file=config --replace-all abc.key four "o+" &&
#		git config ${mode_prefix}list --file=config >actual &&
#		cat >expect <<-\EOF &&
#		abc.key=four
#		abc.key=three
#		EOF
#		test_cmp expect actual
#	
not ok 486 - refuse --fixed-value for incompatible actions
#	
#		test_when_finished rm -f config &&
#		git config --file=config dev.null bogus &&
#	
#		# These modes do not allow --fixed-value at all
#		test_must_fail git config --file=config --fixed-value --add dev.null bogus &&
#		test_must_fail git config --file=config --fixed-value --get-urlmatch dev.null bogus &&
#		test_must_fail git config --file=config --fixed-value --get-urlmatch dev.null bogus &&
#		test_must_fail git config ${mode_prefix}rename-section --file=config --fixed-value dev null &&
#		test_must_fail git config ${mode_prefix}remove-section --file=config --fixed-value dev &&
#		test_must_fail git config ${mode_prefix}list --file=config --fixed-value &&
#		test_must_fail git config --file=config --fixed-value --get-color dev.null &&
#		test_must_fail git config --file=config --fixed-value --get-colorbool dev.null &&
#	
#		# These modes complain when --fixed-value has no value-pattern
#		test_must_fail git config ${mode_set} --file=config --fixed-value dev.null bogus &&
#		test_must_fail git config ${mode_replace_all} --file=config --fixed-value dev.null bogus &&
#		test_must_fail git config ${mode_prefix}get --file=config --fixed-value dev.null &&
#		test_must_fail git config ${mode_get_all} --file=config --fixed-value dev.null &&
#		test_must_fail git config ${mode_get_regexp} --file=config --fixed-value "dev.*" &&
#		test_must_fail git config ${mode_unset} --file=config --fixed-value dev.null &&
#		test_must_fail git config ${mode_unset_all} --file=config --fixed-value dev.null
#	
not ok 487 - --fixed-value uses exact string matching
#	
#		test_when_finished rm -f config initial &&
#		META="a+b*c?d[e]f.g" &&
#		git config --file=initial fixed.test "$META" &&
#	
#		cp initial config &&
#		git config --file=config fixed.test bogus "$META" &&
#		git config ${mode_prefix}list --file=config >actual &&
#		cat >expect <<-EOF &&
#		fixed.test=$META
#		fixed.test=bogus
#		EOF
#		test_cmp expect actual &&
#	
#		cp initial config &&
#		git config --file=config --fixed-value fixed.test bogus "$META" &&
#		git config ${mode_prefix}list --file=config >actual &&
#		cat >expect <<-\EOF &&
#		fixed.test=bogus
#		EOF
#		test_cmp expect actual &&
#	
#		cp initial config &&
#		test_must_fail git config --file=config --unset fixed.test "$META" &&
#		git config --file=config --fixed-value --unset fixed.test "$META" &&
#		test_must_fail git config ${mode_get} --file=config fixed.test &&
#	
#		cp initial config &&
#		test_must_fail git config unset --file=config --value="$META" fixed.test &&
#		git config unset --file=config --fixed-value --value="$META" fixed.test &&
#		test_must_fail git config ${mode_get} --file=config fixed.test &&
#	
#		cp initial config &&
#		test_must_fail git config --file=config --unset-all fixed.test "$META" &&
#		git config --file=config --fixed-value --unset-all fixed.test "$META" &&
#		test_must_fail git config ${mode_get} --file=config fixed.test &&
#	
#		cp initial config &&
#		git config --file=config fixed.test bogus "$META" &&
#		git config ${mode_prefix}list --file=config >actual &&
#		cat >expect <<-EOF &&
#		fixed.test=$META
#		fixed.test=bogus
#		EOF
#		test_cmp expect actual &&
#	
#		git config --file=config --fixed-value --replace-all fixed.test bogus "$META" &&
#		git config ${mode_prefix}list --file=config >actual &&
#		cat >expect <<-EOF &&
#		fixed.test=bogus
#		fixed.test=bogus
#		EOF
#		test_cmp expect actual
#	
not ok 488 - --get and --get-all with --fixed-value
#	
#		test_when_finished rm -f config &&
#		META="a+b*c?d[e]f.g" &&
#		git config --file=config fixed.test bogus &&
#		git config --file=config --add fixed.test "$META" &&
#	
#		git config --file=config --get fixed.test bogus &&
#		git config get --file=config --value=bogus fixed.test &&
#		test_must_fail git config --file=config --get fixed.test "$META" &&
#		test_must_fail git config get --file=config --value="$META" fixed.test &&
#		git config --file=config --get --fixed-value fixed.test "$META" &&
#		git config get --file=config --fixed-value --value="$META" fixed.test &&
#		test_must_fail git config --file=config --get --fixed-value fixed.test non-existent &&
#	
#		git config --file=config --get-all fixed.test bogus &&
#		git config get --all --file=config --value=bogus fixed.test &&
#		test_must_fail git config --file=config --get-all fixed.test "$META" &&
#		test_must_fail git config get --all --file=config --value="$META" fixed.test &&
#		git config --file=config --get-all --fixed-value fixed.test "$META" &&
#		git config get --all --file=config --value="$META" --fixed-value fixed.test &&
#		test_must_fail git config --file=config --get-all --fixed-value fixed.test non-existent &&
#	
#		git config --file=config --get-regexp fixed+ bogus &&
#		git config get --regexp --file=config --value=bogus fixed+ &&
#		test_must_fail git config --file=config --get-regexp fixed+ "$META" &&
#		test_must_fail git config get --regexp --file=config --value="$META" fixed+ &&
#		git config --file=config --get-regexp --fixed-value fixed+ "$META" &&
#		git config get --regexp --file=config --fixed-value --value="$META" fixed+ &&
#		test_must_fail git config --file=config --get-regexp --fixed-value fixed+ non-existent
#	
ok 489 - --fixed-value with value-less configuration
not ok 490 - includeIf.hasconfig:remote.*.url
#	
#		git init hasremoteurlTest &&
#		test_when_finished "rm -rf hasremoteurlTest" &&
#	
#		cat >include-this <<-\EOF &&
#		[user]
#			this = this-is-included
#		EOF
#		cat >dont-include-that <<-\EOF &&
#		[user]
#			that = that-is-not-included
#		EOF
#		cat >>hasremoteurlTest/.git/config <<-EOF &&
#		[includeIf "hasconfig:remote.*.url:foourl"]
#			path = "$(pwd)/include-this"
#		[includeIf "hasconfig:remote.*.url:barurl"]
#			path = "$(pwd)/dont-include-that"
#		[remote "foo"]
#			url = foourl
#		EOF
#	
#		echo this-is-included >expect-this &&
#		git -C hasremoteurlTest config --get user.this >actual-this &&
#		test_cmp expect-this actual-this &&
#	
#		test_must_fail git -C hasremoteurlTest config --get user.that
#	
not ok 491 - includeIf.hasconfig:remote.*.url respects last-config-wins
#	
#		git init hasremoteurlTest &&
#		test_when_finished "rm -rf hasremoteurlTest" &&
#	
#		cat >include-two-three <<-\EOF &&
#		[user]
#			two = included-config
#			three = included-config
#		EOF
#		cat >>hasremoteurlTest/.git/config <<-EOF &&
#		[remote "foo"]
#			url = foourl
#		[user]
#			one = main-config
#			two = main-config
#		[includeIf "hasconfig:remote.*.url:foourl"]
#			path = "$(pwd)/include-two-three"
#		[user]
#			three = main-config
#		EOF
#	
#		echo main-config >expect-main-config &&
#		echo included-config >expect-included-config &&
#	
#		git -C hasremoteurlTest config --get user.one >actual &&
#		test_cmp expect-main-config actual &&
#	
#		git -C hasremoteurlTest config --get user.two >actual &&
#		test_cmp expect-included-config actual &&
#	
#		git -C hasremoteurlTest config --get user.three >actual &&
#		test_cmp expect-main-config actual
#	
not ok 492 - includeIf.hasconfig:remote.*.url globs
#	
#		git init hasremoteurlTest &&
#		test_when_finished "rm -rf hasremoteurlTest" &&
#	
#		printf "[user]\ndss = yes\n" >double-star-start &&
#		printf "[user]\ndse = yes\n" >double-star-end &&
#		printf "[user]\ndsm = yes\n" >double-star-middle &&
#		printf "[user]\nssm = yes\n" >single-star-middle &&
#		printf "[user]\nno = no\n" >no &&
#	
#		cat >>hasremoteurlTest/.git/config <<-EOF &&
#		[remote "foo"]
#			url = https://foo/bar/baz
#		[includeIf "hasconfig:remote.*.url:**/baz"]
#			path = "$(pwd)/double-star-start"
#		[includeIf "hasconfig:remote.*.url:**/nomatch"]
#			path = "$(pwd)/no"
#		[includeIf "hasconfig:remote.*.url:https:/**"]
#			path = "$(pwd)/double-star-end"
#		[includeIf "hasconfig:remote.*.url:nomatch:/**"]
#			path = "$(pwd)/no"
#		[includeIf "hasconfig:remote.*.url:https:/**/baz"]
#			path = "$(pwd)/double-star-middle"
#		[includeIf "hasconfig:remote.*.url:https:/**/nomatch"]
#			path = "$(pwd)/no"
#		[includeIf "hasconfig:remote.*.url:https://*/bar/baz"]
#			path = "$(pwd)/single-star-middle"
#		[includeIf "hasconfig:remote.*.url:https://*/baz"]
#			path = "$(pwd)/no"
#		EOF
#	
#		git -C hasremoteurlTest config --get user.dss &&
#		git -C hasremoteurlTest config --get user.dse &&
#		git -C hasremoteurlTest config --get user.dsm &&
#		git -C hasremoteurlTest config --get user.ssm &&
#		test_must_fail git -C hasremoteurlTest config --get user.no
#	
not ok 493 - includeIf.hasconfig:remote.*.url forbids remote url in such included files
#	
#		git init hasremoteurlTest &&
#		test_when_finished "rm -rf hasremoteurlTest" &&
#	
#		cat >include-with-url <<-\EOF &&
#		[remote "bar"]
#			url = barurl
#		EOF
#		cat >>hasremoteurlTest/.git/config <<-EOF &&
#		[includeIf "hasconfig:remote.*.url:foourl"]
#			path = "$(pwd)/include-with-url"
#		EOF
#	
#		# test with any Git command
#		test_must_fail git -C hasremoteurlTest status 2>err &&
#		grep "fatal: remote URLs cannot be configured in file directly or indirectly included by includeIf.hasconfig:remote.*.url" err
#	
not ok 494 - negated mode causes failure
#	
#		test_must_fail git config --no-get 2>err &&
#		grep "unknown option \`no-get${SQ}" err
#	
not ok 495 - specifying multiple modes causes failure
#	
#		cat >expect <<-EOF &&
#		error: options ${SQ}--get-all${SQ} and ${SQ}--get${SQ} cannot be used together
#		EOF
#		test_must_fail git config --get --get-all 2>err &&
#		test_cmp expect err
#	
ok 496 - writing to stdin is rejected
not ok 497 - writing value with trailing CR not stripped on read
#	
#		test_when_finished "rm -rf cr-test" &&
#	
#		printf "bar\r\n" >expect &&
#		git init cr-test &&
#		git -C cr-test config set core.foo $(printf "bar\r") &&
#		git -C cr-test config get core.foo >actual &&
#	
#		test_cmp expect actual
#	
# failed 129 among 497 test(s)
1..497
# Tests: 497  Pass: 368  Fail: 129  Skip: 2
