ok 1 - setup
ok 2 - log -g shows reflog headers
ok 3 - oneline reflog format
ok 4 - reflog default format
ok 5 - override reflog default format
ok 6 - using @{now} syntax shows reflog date (multiline)
ok 7 - using @{now} syntax shows reflog date (oneline)
ok 8 - using @{now} syntax shows reflog date (format=%gd)
ok 9 - using --date= shows reflog date (multiline)
ok 10 - using --date= shows reflog date (oneline)
ok 11 - using --date= shows reflog date (format=%gd)
ok 12 - log.date does not invoke "--date" magic (multiline)
ok 13 - log.date does not invoke "--date" magic (oneline)
ok 14 - log.date does not invoke "--date" magic (format=%gd)
ok 15 - --date magic does not override explicit @{0} syntax
ok 16 - empty reflog file
not ok 17 - git log -g -p shows diffs vs. parents
#	
#		test_commit two &&
#		git branch flipflop &&
#		git update-ref refs/heads/flipflop -m flip1 HEAD^ &&
#		git update-ref refs/heads/flipflop -m flop1 HEAD &&
#		git update-ref refs/heads/flipflop -m flip2 HEAD^ &&
#		git log -g -p flipflop >reflog &&
#		grep -v ^Reflog reflog >actual &&
#		git log -1 -p HEAD^ >log.one &&
#		git log -1 -p HEAD >log.two &&
#		(
#			cat log.one && echo &&
#			cat log.two && echo &&
#			cat log.one && echo &&
#			cat log.two
#		) >expect &&
#		test_cmp expect actual
#	
# failed 1 among 17 test(s)
1..17
# Tests: 17  Pass: 16  Fail: 1  Skip: 0
