ok 1 - setup
ok 2 - correct usage on sub-command -h
ok 3 - correct usage on "git reflog show -h"
ok 4 - pass through -- to sub-command
ok 5 - rewind
not ok 6 - reflog expire should not barf on an annotated tag
#	
#		test_when_finished "git tag -d v0.tag || :" &&
#		git -c core.logAllRefUpdates=always \
#			tag -a -m "tag name" v0.tag main &&
#		git reflog expire --dry-run refs/tags/v0.tag 2>err &&
#		test_grep ! "error: [Oo]bject .* not a commit" err
#	
not ok 7 - corrupt and check
#	
#	
#		corrupt $F &&
#		check_fsck "missing blob $F"
#	
#	
not ok 8 - reflog expire --dry-run should not touch reflog
#	
#	
#		git reflog expire --dry-run \
#			--expire=$(($test_tick - 10000)) \
#			--expire-unreachable=$(($test_tick - 10000)) \
#			--stale-fix \
#			--all &&
#	
#		git reflog refs/heads/main >output &&
#		test_line_count = 5 output &&
#	
#		check_fsck "missing blob $F"
#	
ok 9 - reflog expire
ok 10 - --stale-fix handles missing objects generously
ok 11 - prune and fsck
ok 12 - recover and check
not ok 13 - delete
#	
#		echo 1 > C &&
#		test_tick &&
#		git commit -m rat C &&
#	
#		echo 2 > C &&
#		test_tick &&
#		git commit -m ox C &&
#	
#		echo 3 > C &&
#		test_tick &&
#		git commit -m tiger C &&
#	
#		HEAD_entry_count=$(git reflog | wc -l) &&
#		main_entry_count=$(git reflog show main | wc -l) &&
#	
#		test $HEAD_entry_count = 5 &&
#		test $main_entry_count = 5 &&
#	
#	
#		git reflog delete main@{1} &&
#		git reflog show main > output &&
#		test_line_count = $(($main_entry_count - 1)) output &&
#		test $HEAD_entry_count = $(git reflog | wc -l) &&
#		! grep ox < output &&
#	
#		main_entry_count=$(wc -l < output) &&
#	
#		git reflog delete HEAD@{1} &&
#		test $(($HEAD_entry_count -1)) = $(git reflog | wc -l) &&
#		test $main_entry_count = $(git reflog show main | wc -l) &&
#	
#		HEAD_entry_count=$(git reflog | wc -l) &&
#	
#		git reflog delete main@{07.04.2005.15:15:00.-0700} &&
#		git reflog show main > output &&
#		test_line_count = $(($main_entry_count - 1)) output &&
#		! grep dragon < output
#	
#	
ok 14 - rewind2
not ok 15 - --expire=never
#	
#	
#		git reflog expire --verbose \
#			--expire=never \
#			--expire-unreachable=never \
#			--all &&
#		git reflog refs/heads/main >output &&
#		test_line_count = 4 output
#	
not ok 16 - gc.reflogexpire=never
#	
#		test_config gc.reflogexpire never &&
#		test_config gc.reflogexpireunreachable never &&
#	
#		git reflog expire --verbose --all >output &&
#		test_line_count = 9 output &&
#	
#		git reflog refs/heads/main >output &&
#		test_line_count = 4 output
#	
not ok 17 - gc.reflogexpire=false
#	
#		test_config gc.reflogexpire false &&
#		test_config gc.reflogexpireunreachable false &&
#	
#		git reflog expire --verbose --all &&
#		git reflog refs/heads/main >output &&
#		test_line_count = 4 output
#	
#	
not ok 18 - git reflog expire unknown reference
#	
#		test_config gc.reflogexpire never &&
#		test_config gc.reflogexpireunreachable never &&
#	
#		test_must_fail git reflog expire main@{123} 2>stderr &&
#		test_grep "error: reflog could not be found: ${SQ}main@{123}${SQ}" stderr &&
#		test_must_fail git reflog expire does-not-exist 2>stderr &&
#		test_grep "error: reflog could not be found: ${SQ}does-not-exist${SQ}" stderr
#	
not ok 19 - checkout should not delete log for packed ref
#	
#		test $(git reflog main | wc -l) = 4 &&
#		git branch foo &&
#		git pack-refs --all &&
#		git checkout foo &&
#		test $(git reflog main | wc -l) = 4
#	
ok 20 - stale dirs do not cause d/f conflicts (reflogs on)
ok 21 - stale dirs do not cause d/f conflicts (reflogs off)
ok 22 - no segfaults for reflog containing non-commit sha1s
not ok 23 - reflog with non-commit entries displays all entries
#	
#		git reflog refs/tests/tree-in-reflog >actual &&
#		test_line_count = 3 actual
#	
ok 24 - continue walking past root commits
not ok 25 - expire with multiple worktrees
#	
#		git init main-wt &&
#		(
#			cd main-wt &&
#			test_tick &&
#			test_commit foo &&
#			git  worktree add link-wt &&
#			test_tick &&
#			test_commit -C link-wt foobar &&
#			test_tick &&
#			git reflog expire --verbose --all --expire=$test_tick &&
#			test-tool ref-store worktree:link-wt for-each-reflog-ent HEAD >actual &&
#			test_must_be_empty actual
#		)
#	
ok 26 - expire one of multiple worktrees
ok 27 - empty reflog
ok 28 - list reflogs
not ok 29 - list reflogs with worktree
#	
#		test_when_finished "rm -rf repo" &&
#		git init repo &&
#		(
#			cd repo &&
#	
#			test_commit A &&
#			git worktree add wt &&
#			git -c core.logAllRefUpdates=always \
#				update-ref refs/worktree/main HEAD &&
#			git -c core.logAllRefUpdates=always \
#				update-ref refs/worktree/per-worktree HEAD &&
#			git -c core.logAllRefUpdates=always -C wt \
#				update-ref refs/worktree/per-worktree HEAD &&
#			git -c core.logAllRefUpdates=always -C wt \
#				update-ref refs/worktree/worktree HEAD &&
#	
#			cat >expect <<-EOF &&
#			HEAD
#			refs/heads/main
#			refs/heads/wt
#			refs/worktree/main
#			refs/worktree/per-worktree
#			EOF
#			git reflog list >actual &&
#			test_cmp expect actual &&
#	
#			cat >expect <<-EOF &&
#			HEAD
#			refs/heads/main
#			refs/heads/wt
#			refs/worktree/per-worktree
#			refs/worktree/worktree
#			EOF
#			git -C wt reflog list >actual &&
#			test_cmp expect actual
#		)
#	
not ok 30 - reflog list returns error with additional args
#	
#		cat >expect <<-EOF &&
#		error: list does not accept arguments: ${SQ}bogus${SQ}
#		EOF
#		test_must_fail git reflog list bogus 2>err &&
#		test_cmp expect err
#	
ok 31 - reflog for symref with unborn target can be listed
not ok 32 - reflog with invalid object ID can be listed
#	
#		test_when_finished "rm -rf repo" &&
#		git init repo &&
#		(
#			cd repo &&
#			test_commit A &&
#			test-tool ref-store main update-ref msg refs/heads/missing \
#				$(test_oid deadbeef) "$ZERO_OID" REF_SKIP_OID_VERIFICATION &&
#			cat >expect <<-EOF &&
#			HEAD
#			refs/heads/main
#			refs/heads/missing
#			EOF
#			git reflog list >actual &&
#			test_cmp expect actual
#		)
#	
ok 33 - reflog drop non-existent ref
ok 34 - reflog drop
ok 35 - reflog drop multiple references
not ok 36 - reflog drop multiple references some non-existent
#	
#		test_when_finished "rm -rf repo" &&
#		git init repo &&
#		(
#			cd repo &&
#			test_commit A &&
#			test_commit_bulk --ref=refs/heads/branch 1 &&
#			git reflog exists refs/heads/main &&
#			git reflog exists refs/heads/branch &&
#			test_must_fail git reflog exists refs/heads/non-existent &&
#			test_must_fail git reflog drop refs/heads/main refs/heads/non-existent refs/heads/branch 2>stderr &&
#			test_must_fail git reflog exists refs/heads/main &&
#			test_must_fail git reflog exists refs/heads/branch &&
#			test_must_fail git reflog exists refs/heads/non-existent &&
#			test_grep "error: reflog could not be found: ${SQ}refs/heads/non-existent${SQ}" stderr
#		)
#	
ok 37 - reflog drop --all
not ok 38 - reflog drop --all multiple worktrees
#	
#		test_when_finished "rm -rf repo" &&
#		test_when_finished "rm -rf wt" &&
#		git init repo &&
#		(
#			cd repo &&
#			test_commit A &&
#			git worktree add ../wt &&
#			test_commit_bulk -C ../wt --ref=refs/heads/branch 1 &&
#			git reflog exists refs/heads/main &&
#			git reflog exists refs/heads/branch &&
#			git reflog drop --all &&
#			test_must_fail git reflog exists refs/heads/main &&
#			test_must_fail git reflog exists refs/heads/branch
#		)
#	
ok 39 - reflog drop --all --single-worktree
ok 40 - reflog drop --all with reference
not ok 41 - expire with pattern config
#	
#		# Split refs/heads/ into two roots so we can apply config to each. Make
#		# two branches per root to verify that config is applied correctly
#		# multiple times.
#		git branch root1/branch1 &&
#		git branch root1/branch2 &&
#		git branch root2/branch1 &&
#		git branch root2/branch2 &&
#	
#		test_config "gc.reflogexpire" "never" &&
#		test_config "gc.refs/heads/root2/*.reflogExpire" "now" &&
#		git reflog expire \
#			root1/branch1 root1/branch2 \
#			root2/branch1 root2/branch2 &&
#	
#		cat >expect <<-\EOF &&
#		root1/branch1@{0}
#		root1/branch2@{0}
#		EOF
#		git log -g --branches="root*" --format=%gD >actual.raw &&
#		# The sole reflog entry of each branch points to the same commit, so
#		# the order in which they are shown is nondeterministic. We just care
#		# about the what was expired (and what was not), so sort to get a known
#		# order.
#		sort <actual.raw >actual.sorted &&
#		test_cmp expect actual.sorted
#	
# failed 17 among 41 test(s)
1..41
# Tests: 41  Pass: 24  Fail: 17  Skip: 0
