ok 1 - setup
ok 2 - fast-import: fail on invalid branch name ".badbranchname"
ok 3 - fast-import: fail on invalid branch name "bad[branch]name"
not ok 4 - git branch shows badly named ref as warning
#	
#		test-tool ref-store main update-ref msg "refs/heads/broken...ref" $main_sha1 $ZERO_OID REF_SKIP_REFNAME_VERIFICATION &&
#		test_when_finished "test-tool ref-store main delete-refs REF_NO_DEREF msg refs/heads/broken...ref" &&
#		git branch >output 2>error &&
#		test_grep -e "ignoring ref with broken name refs/heads/broken\.\.\.ref" error &&
#		! grep -e "broken\.\.\.ref" output
#	
ok 5 - branch -d can delete badly named ref
ok 6 - branch -D can delete badly named ref
ok 7 - branch -D cannot delete non-ref in .git dir
not ok 8 - branch -D cannot delete ref in .git dir
#	
#		git rev-parse HEAD >.git/my-private-file &&
#		git rev-parse HEAD >expect &&
#		git branch foo/legit &&
#		test_must_fail git branch -D foo////./././../../../my-private-file &&
#		test_cmp expect .git/my-private-file
#	
ok 9 - branch -D cannot delete absolute path
ok 10 - git branch cannot create a badly named ref
not ok 11 - branch -m cannot rename to a bad ref name
#	
#		test_when_finished "test-tool ref-store main delete-refs REF_NO_DEREF msg refs/heads/broken...ref" &&
#		test_might_fail git branch -D goodref &&
#		git branch goodref &&
#		test_must_fail git branch -m goodref broken...ref &&
#		test_cmp_rev main goodref &&
#		git branch >output 2>error &&
#		! grep -e "broken\.\.\.ref" error &&
#		! grep -e "broken\.\.\.ref" output
#	
ok 12 - branch -m can rename from a bad ref name # TODO known breakage vanished
ok 13 - push cannot create a badly named ref
ok 14 - push --mirror can delete badly named ref # TODO known breakage vanished
not ok 15 - rev-parse skips symref pointing to broken name
#	
#		test_when_finished "test-tool ref-store main delete-refs REF_NO_DEREF msg refs/heads/broken...ref" &&
#		git branch shadow one &&
#		test-tool ref-store main update-ref msg "refs/heads/broken...ref" $main_sha1 $ZERO_OID REF_SKIP_REFNAME_VERIFICATION &&
#		test-tool ref-store main create-symref refs/tags/shadow refs/heads/broken...ref msg &&
#		test_when_finished "test-tool ref-store main delete-refs REF_NO_DEREF msg refs/tags/shadow" &&
#		git rev-parse --verify one >expect &&
#		git rev-parse --verify shadow >actual 2>err &&
#		test_cmp expect actual &&
#		test_grep "ignoring dangling symref refs/tags/shadow" err
#	
not ok 16 - for-each-ref emits warnings for broken names
#	
#		test-tool ref-store main update-ref msg "refs/heads/broken...ref" $main_sha1 $ZERO_OID REF_SKIP_REFNAME_VERIFICATION &&
#		test_when_finished "test-tool ref-store main delete-refs REF_NO_DEREF msg refs/heads/broken...ref" &&
#		test-tool ref-store main create-symref refs/heads/badname refs/heads/broken...ref &&
#		test_when_finished "test-tool ref-store main delete-refs REF_NO_DEREF msg refs/heads/badname" &&
#		test-tool ref-store main create-symref refs/heads/broken...symref refs/heads/main &&
#		test_when_finished "test-tool ref-store main delete-refs REF_NO_DEREF msg refs/heads/broken...symref" &&
#		git for-each-ref >output 2>error &&
#		! grep -e "broken\.\.\.ref" output &&
#		! grep -e "badname" output &&
#		! grep -e "broken\.\.\.symref" output &&
#		test_grep "ignoring ref with broken name refs/heads/broken\.\.\.ref" error &&
#		test_grep ! "ignoring broken ref refs/heads/badname" error &&
#		test_grep "ignoring ref with broken name refs/heads/broken\.\.\.symref" error
#	
ok 17 - update-ref -d can delete broken name
not ok 18 - branch -d can delete broken name
#	
#		test-tool ref-store main update-ref msg "refs/heads/broken...ref" $main_sha1 $ZERO_OID REF_SKIP_REFNAME_VERIFICATION &&
#		test_when_finished "test-tool ref-store main delete-refs REF_NO_DEREF msg refs/heads/broken...ref" &&
#		git branch -d broken...ref >output 2>error &&
#		test_grep "Deleted branch broken...ref (was broken)" output &&
#		test_must_be_empty error &&
#		git branch >output 2>error &&
#		! grep -e "broken\.\.\.ref" error &&
#		! grep -e "broken\.\.\.ref" output
#	
ok 19 - update-ref --no-deref -d can delete symref to broken name
ok 20 - branch -d can delete symref to broken name
not ok 21 - update-ref --no-deref -d can delete dangling symref to broken name
#	
#		test-tool ref-store main create-symref refs/heads/badname refs/heads/broken...ref msg &&
#		test_when_finished "test-tool ref-store main delete-refs REF_NO_DEREF msg refs/heads/badname" &&
#		test_ref_exists refs/heads/badname &&
#		git update-ref --no-deref -d refs/heads/badname >output 2>error &&
#		test_ref_missing refs/heads/badname &&
#		test_must_be_empty output &&
#		test_must_be_empty error
#	
not ok 22 - branch -d can delete dangling symref to broken name
#	
#		test-tool ref-store main create-symref refs/heads/badname refs/heads/broken...ref msg &&
#		test_when_finished "test-tool ref-store main delete-refs REF_NO_DEREF msg refs/heads/badname" &&
#		test_ref_exists refs/heads/badname &&
#		git branch -d badname >output 2>error &&
#		test_ref_missing refs/heads/badname &&
#		test_grep "Deleted branch badname (was refs/heads/broken\.\.\.ref)" output &&
#		test_must_be_empty error
#	
not ok 23 - update-ref -d can delete broken name through symref
#	
#		test-tool ref-store main update-ref msg "refs/heads/broken...ref" $main_sha1 $ZERO_OID REF_SKIP_REFNAME_VERIFICATION &&
#		test_when_finished "test-tool ref-store main delete-refs REF_NO_DEREF msg refs/heads/broken...ref" &&
#		test-tool ref-store main create-symref refs/heads/badname refs/heads/broken...ref msg &&
#		test_when_finished "test-tool ref-store main delete-refs REF_NO_DEREF msg refs/heads/badname" &&
#		test_ref_exists refs/heads/broken...ref &&
#		git update-ref -d refs/heads/badname >output 2>error &&
#		test_ref_missing refs/heads/broken...ref &&
#		test_must_be_empty output &&
#		test_must_be_empty error
#	
not ok 24 - update-ref --no-deref -d can delete symref with broken name
#	
#		test-tool ref-store main create-symref refs/heads/broken...symref refs/heads/main &&
#		test_when_finished "test-tool ref-store main delete-refs REF_NO_DEREF msg refs/heads/broken...symref" &&
#		test_ref_exists refs/heads/broken...symref &&
#		git update-ref --no-deref -d refs/heads/broken...symref >output 2>error &&
#		test_ref_missing refs/heads/broken...symref &&
#		test_must_be_empty output &&
#		test_must_be_empty error
#	
not ok 25 - branch -d can delete symref with broken name
#	
#		test-tool ref-store main create-symref refs/heads/broken...symref refs/heads/main &&
#		test_when_finished "test-tool ref-store main delete-refs REF_NO_DEREF msg refs/heads/broken...symref" &&
#		test_ref_exists refs/heads/broken...symref &&
#		git branch -d broken...symref >output 2>error &&
#		test_ref_missing refs/heads/broken...symref &&
#		test_grep "Deleted branch broken...symref (was refs/heads/main)" output &&
#		test_must_be_empty error
#	
not ok 26 - update-ref --no-deref -d can delete dangling symref with broken name
#	
#		test-tool ref-store main create-symref refs/heads/broken...symref refs/heads/idonotexist &&
#		test_when_finished "test-tool ref-store main delete-refs REF_NO_DEREF msg refs/heads/broken...symref" &&
#		test_ref_exists refs/heads/broken...symref &&
#		git update-ref --no-deref -d refs/heads/broken...symref >output 2>error &&
#		test_ref_missing refs/heads/broken...symref &&
#		test_must_be_empty output &&
#		test_must_be_empty error
#	
not ok 27 - branch -d can delete dangling symref with broken name
#	
#		test-tool ref-store main create-symref refs/heads/broken...symref refs/heads/idonotexist &&
#		test_when_finished "test-tool ref-store main delete-refs REF_NO_DEREF msg refs/heads/broken...symref" &&
#		test_ref_exists refs/heads/broken...symref &&
#		git branch -d broken...symref >output 2>error &&
#		test_ref_missing refs/heads/broken...symref &&
#		test_grep "Deleted branch broken...symref (was refs/heads/idonotexist)" output &&
#		test_must_be_empty error
#	
not ok 28 - update-ref -d cannot delete non-ref in .git dir
#	
#		echo precious >.git/my-private-file &&
#		echo precious >expect &&
#		test_must_fail git update-ref -d my-private-file >output 2>error &&
#		test_must_be_empty output &&
#		test_grep -e "refusing to update ref with bad name" error &&
#		test_cmp expect .git/my-private-file
#	
ok 29 - update-ref -d cannot delete absolute path
not ok 30 - update-ref --stdin fails create with bad ref name
#	
#		echo "create ~a refs/heads/main" >stdin &&
#		test_must_fail git update-ref --stdin <stdin 2>err &&
#		grep "fatal: invalid ref format: ~a" err
#	
not ok 31 - update-ref --stdin fails update with bad ref name
#	
#		echo "update ~a refs/heads/main" >stdin &&
#		test_must_fail git update-ref --stdin <stdin 2>err &&
#		grep "fatal: invalid ref format: ~a" err
#	
not ok 32 - update-ref --stdin fails delete with bad ref name
#	
#		echo "delete ~a refs/heads/main" >stdin &&
#		test_must_fail git update-ref --stdin <stdin 2>err &&
#		grep "fatal: invalid ref format: ~a" err
#	
not ok 33 - update-ref --stdin -z fails create with bad ref name
#	
#		printf "%s\0" "create ~a " refs/heads/main >stdin &&
#		test_must_fail git update-ref -z --stdin <stdin 2>err &&
#		grep "fatal: invalid ref format: ~a " err
#	
not ok 34 - update-ref --stdin -z fails update with bad ref name
#	
#		printf "%s\0" "update ~a" refs/heads/main "" >stdin &&
#		test_must_fail git update-ref -z --stdin <stdin 2>err &&
#		grep "fatal: invalid ref format: ~a" err
#	
not ok 35 - update-ref --stdin -z fails delete with bad ref name
#	
#		printf "%s\0" "delete ~a" refs/heads/main >stdin &&
#		test_must_fail git update-ref -z --stdin <stdin 2>err &&
#		grep "fatal: invalid ref format: ~a" err
#	
ok 36 - branch rejects HEAD as a branch name
not ok 37 - checkout -b rejects HEAD as a branch name
#	
#		test_must_fail git checkout -B HEAD HEAD^ &&
#		test_must_fail git show-ref refs/heads/HEAD
#	
not ok 38 - update-ref can operate on refs/heads/HEAD
#	
#		git update-ref refs/heads/HEAD HEAD^ &&
#		git show-ref refs/heads/HEAD &&
#		git update-ref -d refs/heads/HEAD &&
#		test_must_fail git show-ref refs/heads/HEAD
#	
not ok 39 - branch -d can remove refs/heads/HEAD
#	
#		git update-ref refs/heads/HEAD HEAD^ &&
#		git branch -d HEAD &&
#		test_must_fail git show-ref refs/heads/HEAD
#	
not ok 40 - branch -m can rename refs/heads/HEAD
#	
#		git update-ref refs/heads/HEAD HEAD^ &&
#		git branch -m HEAD tail &&
#		test_must_fail git show-ref refs/heads/HEAD &&
#		git show-ref refs/heads/tail
#	
not ok 41 - branch -d can remove refs/heads/-dash
#	
#		git update-ref refs/heads/-dash HEAD^ &&
#		git branch -d -- -dash &&
#		test_must_fail git show-ref refs/heads/-dash
#	
not ok 42 - branch -m can rename refs/heads/-dash
#	
#		git update-ref refs/heads/-dash HEAD^ &&
#		git branch -m -- -dash dash &&
#		test_must_fail git show-ref refs/heads/-dash &&
#		git show-ref refs/heads/dash
#	
# 2 known breakage(s) vanished; please update test(s)
# failed 26 among remaining 40 test(s)
1..42
# Tests: 42  Pass: 14  Fail: 26  Skip: 0
