ok 1 - setup
ok 2 - HEAD = refs/heads/new-branch
ok 3 - @{1} = new-one
ok 4 - HEAD@{1} = new-one
ok 5 - @{now} = new-two
ok 6 - HEAD@{now} = new-two
ok 7 - @{-1} = refs/heads/old-branch
ok 8 - @{-1}@{0} = old-two
ok 9 - @{-1}@{1} = old-one
ok 10 - @{u} = refs/heads/upstream-branch
ok 11 - HEAD@{u} = refs/heads/upstream-branch
ok 12 - @{u}@{1} = upstream-one
ok 13 - @{-1}@{u} = refs/heads/main
ok 14 - @{-1}@{u}@{1} = main-one
ok 15 - @ = new-two
ok 16 - @@{u} = refs/heads/upstream-branch
ok 17 - @@/at-test = refs/heads/@@/at-test
ok 18 - @/at-test = refs/heads/@/at-test
ok 19 - @at-test = refs/heads/@at-test
ok 20 - @{u}@{-1} is nonsensical
ok 21 - @{0}@{0} is nonsensical
ok 22 - @{1}@{u} is nonsensical
ok 23 - HEAD@{-1} is nonsensical
ok 24 - @{-1}@{-1} is nonsensical
ok 25 - HEAD@{3} = old-two
ok 26 - @{3} is nonsensical
ok 27 - switch to old-branch
ok 28 - HEAD = refs/heads/old-branch
ok 29 - HEAD@{1} = new-two
ok 30 - @{1} = old-one
ok 31 - create path with @
ok 32 - @:normal = content
ok 33 - @:fun@ny = content
not ok 34 - @{1} works with only one reflog entry
#	
#		git checkout -B newbranch main &&
#		git reflog expire --expire=now refs/heads/newbranch &&
#		git commit --allow-empty -m "first after expiration" &&
#		test_cmp_rev newbranch~ newbranch@{1}
#	
not ok 35 - @{0} works with empty reflog
#	
#		git checkout -B newbranch main &&
#		git reflog expire --expire=now refs/heads/newbranch &&
#		test_cmp_rev newbranch newbranch@{0}
#	
# failed 2 among 35 test(s)
1..35
# Tests: 35  Pass: 33  Fail: 2  Skip: 0
