ok 1 - intent to add
ok 2 - git status
ok 3 - git status with porcelain v2
ok 4 - check result of "add -N"
ok 5 - intent to add is just an ordinary empty blob
ok 6 - intent to add does not clobber existing paths
ok 7 - i-t-a entry is simply ignored
ok 8 - can commit with an unrelated i-t-a entry in index
ok 9 - can "commit -a" with an i-t-a entry
ok 10 - cache-tree invalidates i-t-a paths
ok 11 - cache-tree does not ignore dir that has i-t-a entries
ok 12 - cache-tree does skip dir that becomes empty
ok 13 - commit: ita entries ignored in empty initial commit check
ok 14 - commit: ita entries ignored in empty commit check
ok 15 - rename detection finds the right names
ok 16 - double rename detection in status
ok 17 - i-t-a files shown as new for "diff", "diff-files"; not-new for "diff --cached"
ok 18 - "diff HEAD" includes ita as new files
ok 19 - apply --intent-to-add
# passed all 19 test(s)
1..19
# Tests: 19  Pass: 19  Fail: 0  Skip: 0
