ok 1 - setup
ok 2 - rebase --keep-empty
not ok 3 - rebase -i with empty todo list
#	
#		cat >expect <<-\EOF &&
#		error: nothing to do
#		EOF
#		(
#			set_fake_editor &&
#			test_must_fail env FAKE_LINES="#" \
#				git rebase -i HEAD^ >output 2>&1
#		) &&
#		tail -n 1 output >actual &&  # Ignore output about changing todo list
#		test_cmp expect actual
#	
not ok 4 - rebase -i with the exec command
#	
#		git checkout primary &&
#		(
#		set_fake_editor &&
#		FAKE_LINES="1 exec_>touch-one
#			2 exec_>touch-two exec_false exec_>touch-three
#			3 4 exec_>\"touch-file__name_with_spaces\";_>touch-after-semicolon 5" &&
#		export FAKE_LINES &&
#		test_must_fail git rebase -i A
#		) &&
#		test_path_is_file touch-one &&
#		test_path_is_file touch-two &&
#		# Missing because we should have stopped by now.
#		test_path_is_missing touch-three &&
#		test_cmp_rev C HEAD &&
#		git rebase --continue &&
#		test_path_is_file touch-three &&
#		test_path_is_file "touch-file  name with spaces" &&
#		test_path_is_file touch-after-semicolon &&
#		test_cmp_rev primary HEAD &&
#		rm -f touch-*
#	
not ok 5 - rebase -i with the exec command runs from tree root
#	
#		git checkout primary &&
#		mkdir subdir && (cd subdir &&
#		set_fake_editor &&
#		FAKE_LINES="1 exec_>touch-subdir" \
#			git rebase -i HEAD^
#		) &&
#		test_path_is_file touch-subdir &&
#		rm -fr subdir
#	
not ok 6 - rebase -i with exec allows git commands in subdirs
#	
#		test_when_finished "rm -rf subdir" &&
#		test_when_finished "git rebase --abort ||:" &&
#		git checkout primary &&
#		mkdir subdir && (cd subdir &&
#		set_fake_editor &&
#		FAKE_LINES="1 x_cd_subdir_&&_git_rev-parse_--is-inside-work-tree" \
#			git rebase -i HEAD^
#		)
#	
ok 7 - rebase -i sets work tree properly
not ok 8 - rebase -i with the exec command checks tree cleanness
#	
#		git checkout primary &&
#		(
#			set_fake_editor &&
#			test_must_fail env FAKE_LINES="exec_echo_foo_>file1 1" \
#				git rebase -i HEAD^
#		) &&
#		test_cmp_rev primary^ HEAD &&
#		git reset --hard &&
#		git rebase --continue
#	
ok 9 - cherry-pick works with rebase --exec
ok 10 - rebase -x with empty command fails
ok 11 - rebase -x with newline in command fails
not ok 12 - rebase -i with exec of inexistent command
#	
#		git checkout primary &&
#		test_when_finished "git rebase --abort" &&
#		(
#			set_fake_editor &&
#			test_must_fail env FAKE_LINES="exec_this-command-does-not-exist 1" \
#				git rebase -i HEAD^ >actual 2>&1
#		) &&
#		! grep "Maybe git-rebase is broken" actual
#	
ok 13 - implicit interactive rebase does not invoke sequence editor
ok 14 - no changes are a nop
ok 15 - test the [branch] option
ok 16 - test --onto <branch>
ok 17 - rebase on top of a non-conflicting commit
ok 18 - reflog for the branch shows state before rebase
ok 19 - reflog for the branch shows correct finish message
not ok 20 - exchange two commits
#	
#		(
#			set_fake_editor &&
#			FAKE_LINES="2 1" git rebase -i HEAD~2
#		) &&
#		test H = $(git cat-file commit HEAD^ | sed -ne \$p) &&
#		test G = $(git cat-file commit HEAD | sed -ne \$p) &&
#		blob1=$(git rev-parse --short HEAD^:file1) &&
#		blob2=$(git rev-parse --short HEAD:file1) &&
#		commit=$(git rev-parse --short HEAD)
#	
not ok 21 - stop on conflicting pick
#	
#		cat >expect <<-EOF &&
#		diff --git a/file1 b/file1
#		index $blob1..$blob2 100644
#		--- a/file1
#		+++ b/file1
#		@@ -1 +1 @@
#		-A
#		+G
#		EOF
#		cat >expect2 <<-EOF &&
#		<<<<<<< HEAD
#		D
#		=======
#		G
#		>>>>>>> $commit (G)
#		EOF
#		git tag new-branch1 &&
#		test_must_fail git rebase -i primary &&
#		test "$(git rev-parse HEAD~3)" = "$(git rev-parse primary)" &&
#		test_cmp expect .git/rebase-merge/patch &&
#		test_cmp expect2 file1 &&
#		test "$(git diff --name-status |
#			sed -n -e "/^U/s/^U[^a-z]*//p")" = file1 &&
#		grep -v "^#" <.git/rebase-merge/done >actual &&
#		test_line_count = 4 actual &&
#		test 0 = $(grep -c "^[^#]" <.git/rebase-merge/git-rebase-todo)
#	
ok 22 - show conflicted patch
ok 23 - abort
ok 24 - abort with error when new base cannot be checked out
ok 25 - retain authorship
ok 26 - retain authorship w/ conflicts
not ok 27 - squash
#	
#		git reset --hard twerp &&
#		echo B > file7 &&
#		test_tick &&
#		GIT_AUTHOR_NAME="Nitfol" git commit -m "nitfol" file7 &&
#		echo "******************************" &&
#		(
#			set_fake_editor &&
#			FAKE_LINES="1 squash 2" EXPECT_HEADER_COUNT=2 \
#				git rebase -i --onto primary HEAD~2
#		) &&
#		test B = $(cat file7) &&
#		test_cmp_rev HEAD^ primary
#	
not ok 28 - retain authorship when squashing
#	
#		git show HEAD >actual &&
#		grep "^Author: Twerp Snog" actual
#	
not ok 29 - --continue tries to commit
#	
#		git reset --hard D &&
#		test_tick &&
#		(
#			set_fake_editor &&
#			test_must_fail git rebase -i --onto new-branch1 HEAD^ &&
#			echo resolved > file1 &&
#			git add file1 &&
#			FAKE_COMMIT_MESSAGE="chouette!" git rebase --continue
#		) &&
#		test_cmp_rev HEAD^ new-branch1 &&
#		git show HEAD >actual &&
#		grep chouette actual
#	
ok 30 - verbose flag is heeded, even after --continue
not ok 31 - multi-squash only fires up editor once
#	
#		base=$(git rev-parse HEAD~4) &&
#		(
#			set_fake_editor &&
#			FAKE_COMMIT_AMEND="ONCE" \
#				FAKE_LINES="1 squash 2 squash 3 squash 4" \
#				EXPECT_HEADER_COUNT=4 \
#				git rebase -i $base
#		) &&
#		test $base = $(git rev-parse HEAD^) &&
#		git show >output &&
#		grep ONCE output >actual &&
#		test_line_count = 1 actual
#	
not ok 32 - multi-fixup does not fire up editor
#	
#		git checkout -b multi-fixup E &&
#		base=$(git rev-parse HEAD~4) &&
#		(
#			set_fake_editor &&
#			FAKE_COMMIT_AMEND="NEVER" \
#				FAKE_LINES="1 fixup 2 fixup 3 fixup 4" \
#				git rebase -i $base
#		) &&
#		test $base = $(git rev-parse HEAD^) &&
#		git show >output &&
#		! grep NEVER output &&
#		git checkout @{-1} &&
#		git branch -D multi-fixup
#	
not ok 33 - commit message used after conflict
#	
#		git checkout -b conflict-fixup conflict-branch &&
#		base=$(git rev-parse HEAD~4) &&
#		(
#			set_fake_editor &&
#			test_must_fail env FAKE_LINES="1 fixup 3 fixup 4" \
#				git rebase -i $base &&
#			echo three > conflict &&
#			git add conflict &&
#			FAKE_COMMIT_AMEND="ONCE" EXPECT_HEADER_COUNT=2 \
#				git rebase --continue
#		) &&
#		test $base = $(git rev-parse HEAD^) &&
#		git show >output &&
#		grep ONCE output >actual &&
#		test_line_count = 1 actual &&
#		git checkout @{-1} &&
#		git branch -D conflict-fixup
#	
not ok 34 - commit message retained after conflict
#	
#		git checkout -b conflict-squash conflict-branch &&
#		base=$(git rev-parse HEAD~4) &&
#		(
#			set_fake_editor &&
#			test_must_fail env FAKE_LINES="1 fixup 3 squash 4" \
#				git rebase -i $base &&
#			echo three > conflict &&
#			git add conflict &&
#			FAKE_COMMIT_AMEND="TWICE" EXPECT_HEADER_COUNT=2 \
#				git rebase --continue
#		) &&
#		test $base = $(git rev-parse HEAD^) &&
#		git show >output &&
#		grep TWICE output >actual &&
#		test_line_count = 2 actual &&
#		git checkout @{-1} &&
#		git branch -D conflict-squash
#	
not ok 35 - squash and fixup generate correct log messages
#	
#		cat >expect-squash-fixup <<-\EOF &&
#		B
#	
#		D
#	
#		ONCE
#		EOF
#		git checkout -b squash-fixup E &&
#		base=$(git rev-parse HEAD~4) &&
#		(
#			set_fake_editor &&
#			FAKE_COMMIT_AMEND="ONCE" \
#				FAKE_LINES="1 fixup 2 squash 3 fixup 4" \
#				EXPECT_HEADER_COUNT=4 \
#				git rebase -i $base
#		) &&
#		git cat-file commit HEAD | sed -e 1,/^\$/d > actual-squash-fixup &&
#		test_cmp expect-squash-fixup actual-squash-fixup &&
#		git cat-file commit HEAD@{2} >actual &&
#		grep "^# This is a combination of 3 commits\." actual &&
#		git cat-file commit HEAD@{3} >actual &&
#		grep "^# This is a combination of 2 commits\." actual  &&
#		git checkout @{-1} &&
#		git branch -D squash-fixup
#	
not ok 36 - squash ignores comments
#	
#		git checkout -b skip-comments E &&
#		base=$(git rev-parse HEAD~4) &&
#		(
#			set_fake_editor &&
#			FAKE_COMMIT_AMEND="ONCE" \
#				FAKE_LINES="# 1 # squash 2 # squash 3 # squash 4 #" \
#				EXPECT_HEADER_COUNT=4 \
#				git rebase -i $base
#		) &&
#		test $base = $(git rev-parse HEAD^) &&
#		git show >output &&
#		grep ONCE output >actual &&
#		test_line_count = 1 actual &&
#		git checkout @{-1} &&
#		git branch -D skip-comments
#	
not ok 37 - squash ignores blank lines
#	
#		git checkout -b skip-blank-lines E &&
#		base=$(git rev-parse HEAD~4) &&
#		(
#			set_fake_editor &&
#			FAKE_COMMIT_AMEND="ONCE" \
#				FAKE_LINES="> 1 > squash 2 > squash 3 > squash 4 >" \
#				EXPECT_HEADER_COUNT=4 \
#				git rebase -i $base
#		) &&
#		test $base = $(git rev-parse HEAD^) &&
#		git show >output &&
#		grep ONCE output >actual &&
#		test_line_count = 1 actual &&
#		git checkout @{-1} &&
#		git branch -D skip-blank-lines
#	
not ok 38 - squash works as expected
#	
#		git checkout -b squash-works no-conflict-branch &&
#		one=$(git rev-parse HEAD~3) &&
#		(
#			set_fake_editor &&
#			FAKE_LINES="1 s 3 2" EXPECT_HEADER_COUNT=2 git rebase -i HEAD~3
#		) &&
#		test $one = $(git rev-parse HEAD~2)
#	
not ok 39 - interrupted squash works as expected
#	
#		git checkout -b interrupted-squash conflict-branch &&
#		one=$(git rev-parse HEAD~3) &&
#		(
#			set_fake_editor &&
#			test_must_fail env FAKE_LINES="1 squash 3 2" \
#				git rebase -i HEAD~3
#		) &&
#		test_write_lines one two four > conflict &&
#		git add conflict &&
#		test_must_fail git rebase --continue &&
#		echo resolved > conflict &&
#		git add conflict &&
#		git rebase --continue &&
#		test $one = $(git rev-parse HEAD~2)
#	
not ok 40 - interrupted squash works as expected (case 2)
#	
#		git checkout -b interrupted-squash2 conflict-branch &&
#		one=$(git rev-parse HEAD~3) &&
#		(
#			set_fake_editor &&
#			test_must_fail env FAKE_LINES="3 squash 1 2" \
#				git rebase -i HEAD~3
#		) &&
#		test_write_lines one four > conflict &&
#		git add conflict &&
#		test_must_fail git rebase --continue &&
#		test_write_lines one two four > conflict &&
#		git add conflict &&
#		test_must_fail git rebase --continue &&
#		echo resolved > conflict &&
#		git add conflict &&
#		git rebase --continue &&
#		test $one = $(git rev-parse HEAD~2)
#	
not ok 41 - --continue tries to commit, even for "edit"
#	
#		echo unrelated > file7 &&
#		git add file7 &&
#		test_tick &&
#		git commit -m "unrelated change" &&
#		parent=$(git rev-parse HEAD^) &&
#		test_tick &&
#		(
#			set_fake_editor &&
#			FAKE_LINES="edit 1" git rebase -i HEAD^ &&
#			echo edited > file7 &&
#			git add file7 &&
#			FAKE_COMMIT_MESSAGE="chouette!" git rebase --continue
#		) &&
#		test edited = $(git show HEAD:file7) &&
#		git show HEAD >actual &&
#		grep chouette actual &&
#		test $parent = $(git rev-parse HEAD^)
#	
not ok 42 - aborted --continue does not squash commits after "edit"
#	
#		old=$(git rev-parse HEAD) &&
#		test_tick &&
#		(
#			set_fake_editor &&
#			FAKE_LINES="edit 1" git rebase -i HEAD^ &&
#			echo "edited again" > file7 &&
#			git add file7 &&
#			test_must_fail env FAKE_COMMIT_MESSAGE=" " git rebase --continue
#		) &&
#		test $old = $(git rev-parse HEAD) &&
#		git rebase --abort
#	
not ok 43 - auto-amend only edited commits after "edit"
#	
#		test_tick &&
#		(
#			set_fake_editor &&
#			FAKE_LINES="edit 1" git rebase -i HEAD^ &&
#			echo "edited again" > file7 &&
#			git add file7 &&
#			FAKE_COMMIT_MESSAGE="edited file7 again" git commit &&
#			echo "and again" > file7 &&
#			git add file7 &&
#			test_tick &&
#			test_must_fail env FAKE_COMMIT_MESSAGE="and again" \
#				git rebase --continue
#		) &&
#		git rebase --abort
#	
not ok 44 - clean error after failed "exec"
#	
#		test_tick &&
#		test_when_finished "git rebase --abort || :" &&
#		(
#			set_fake_editor &&
#			test_must_fail env FAKE_LINES="1 exec_false" git rebase -i HEAD^
#		) &&
#		echo "edited again" > file7 &&
#		git add file7 &&
#		test_must_fail git rebase --continue 2>error &&
#		test_grep "you have staged changes in your working tree" error &&
#		test_grep ! "could not open.*for reading" error
#	
not ok 45 - rebase a detached HEAD
#	
#		grandparent=$(git rev-parse HEAD~2) &&
#		git checkout $(git rev-parse HEAD) &&
#		test_tick &&
#		(
#			set_fake_editor &&
#			FAKE_LINES="2 1" git rebase -i HEAD~2
#		) &&
#		test $grandparent = $(git rev-parse HEAD~2)
#	
not ok 46 - rebase a commit violating pre-commit
#	
#		test_hook pre-commit <<-\EOF &&
#		test -z "$(git diff --cached --check)"
#		EOF
#		echo "monde! " >> file1 &&
#		test_tick &&
#		test_must_fail git commit -m doesnt-verify file1 &&
#		git commit -m doesnt-verify --no-verify file1 &&
#		test_tick &&
#		(
#			set_fake_editor &&
#			FAKE_LINES=2 git rebase -i HEAD~2
#		)
#	
ok 47 - rebase with a file named HEAD in worktree
ok 48 - do "noop" when there is nothing to cherry-pick
ok 49 - submodule rebase setup
ok 50 - submodule rebase -i
ok 51 - submodule conflict setup
ok 52 - rebase -i continue with only submodule staged
ok 53 - rebase -i continue with unstaged submodule
ok 54 - avoid unnecessary reset
not ok 55 - reword
#	
#		git checkout -b reword-branch primary &&
#		(
#			set_fake_editor &&
#			FAKE_LINES="1 2 3 reword 4" FAKE_COMMIT_MESSAGE="E changed" \
#				git rebase -i A &&
#			git show HEAD >actual &&
#			grep "E changed" actual &&
#			test $(git rev-parse primary) != $(git rev-parse HEAD) &&
#			test_cmp_rev primary^ HEAD^ &&
#			FAKE_LINES="1 2 reword 3 4" FAKE_COMMIT_MESSAGE="D changed" \
#				git rebase -i A &&
#			git show HEAD^ >actual &&
#			grep "D changed" actual &&
#			FAKE_LINES="reword 1 2 3 4" FAKE_COMMIT_MESSAGE="B changed" \
#				git rebase -i A &&
#			git show HEAD~3 >actual &&
#			grep "B changed" actual &&
#			FAKE_LINES="1 r 2 pick 3 p 4" FAKE_COMMIT_MESSAGE="C changed" \
#				git rebase -i A
#		) &&
#		git show HEAD~2 >actual &&
#		grep "C changed" actual
#	
not ok 56 - reword fast-forwarded empty commit
#	
#		git commit --allow-empty -m "empty commit" --only &&
#		(
#			set_fake_editor &&
#			FAKE_COMMIT_AMEND=edited FAKE_LINES="reword 1" \
#				git rebase -i HEAD^
#		) &&
#		test_commit_message HEAD <<-\EOF
#		empty commit
#	
#		edited
#		EOF
#	
not ok 57 - no uncommitted changes when rewording and the todo list is reloaded
#	
#		git checkout E &&
#		test_when_finished "git checkout @{-1}" &&
#		(
#			set_fake_editor &&
#			GIT_SEQUENCE_EDITOR="\"$PWD/fake-editor.sh\"" &&
#			export GIT_SEQUENCE_EDITOR &&
#			set_reword_editor &&
#			FAKE_LINES="reword 1 reword 2" git rebase -i C
#		) &&
#		check_reworded_commits D E
#	
ok 58 - rebase -i can copy notes
not ok 59 - rebase -i can copy notes over a fixup
#	
#		cat >expect <<-\EOF &&
#		an earlier note
#	
#		a note
#		EOF
#		git reset --hard n3 &&
#		git notes add -m"an earlier note" n2 &&
#		(
#			set_fake_editor &&
#			GIT_NOTES_REWRITE_MODE=concatenate FAKE_LINES="1 f 2" \
#				git rebase -i n1
#		) &&
#		git notes show > output &&
#		test_cmp expect output
#	
ok 60 - rebase while detaching HEAD
ok 61 - always cherry-pick with --no-ff
ok 62 - set up commits with funny messages
ok 63 - rebase-i history with funny messages
ok 64 - prepare for rebase -i --exec
not ok 65 - running "git rebase -i --exec git show HEAD"
#	
#		(
#			set_fake_editor &&
#			git rebase -i --exec "git show HEAD" HEAD~2 >actual &&
#			FAKE_LINES="1 exec_git_show_HEAD 2 exec_git_show_HEAD" &&
#			export FAKE_LINES &&
#			git rebase -i HEAD~2 >expect
#		) &&
#		sed -e "1,9d" expect >expected &&
#		test_cmp expected actual
#	
not ok 66 - running "git rebase --exec git show HEAD -i"
#	
#		git reset --hard execute &&
#		(
#			set_fake_editor &&
#			git rebase --exec "git show HEAD" -i HEAD~2 >actual &&
#			FAKE_LINES="1 exec_git_show_HEAD 2 exec_git_show_HEAD" &&
#			export FAKE_LINES &&
#			git rebase -i HEAD~2 >expect
#		) &&
#		sed -e "1,9d" expect >expected &&
#		test_cmp expected actual
#	
not ok 67 - running "git rebase -ix git show HEAD"
#	
#		git reset --hard execute &&
#		(
#			set_fake_editor &&
#			git rebase -ix "git show HEAD" HEAD~2 >actual &&
#			FAKE_LINES="1 exec_git_show_HEAD 2 exec_git_show_HEAD" &&
#			export FAKE_LINES &&
#			git rebase -i HEAD~2 >expect
#		) &&
#		sed -e "1,9d" expect >expected &&
#		test_cmp expected actual
#	
not ok 68 - rebase -ix with several <CMD>
#	
#		git reset --hard execute &&
#		(
#			set_fake_editor &&
#			git rebase -ix "git show HEAD; pwd" HEAD~2 >actual &&
#			FAKE_LINES="1 exec_git_show_HEAD;_pwd 2 exec_git_show_HEAD;_pwd" &&
#			export FAKE_LINES &&
#			git rebase -i HEAD~2 >expect
#		) &&
#		sed -e "1,9d" expect >expected &&
#		test_cmp expected actual
#	
not ok 69 - rebase -ix with several instances of --exec
#	
#		git reset --hard execute &&
#		(
#			set_fake_editor &&
#			git rebase -i --exec "git show HEAD" --exec "pwd" HEAD~2 >actual &&
#			FAKE_LINES="1 exec_git_show_HEAD exec_pwd 2
#					exec_git_show_HEAD exec_pwd" &&
#			export FAKE_LINES &&
#			git rebase -i HEAD~2 >expect
#		) &&
#		sed -e "1,11d" expect >expected &&
#		test_cmp expected actual
#	
not ok 70 - rebase -ix with --autosquash
#	
#		git reset --hard execute &&
#		git checkout -b autosquash &&
#		echo second >second.txt &&
#		git add second.txt &&
#		git commit -m "fixup! two_exec" &&
#		echo bis >bis.txt &&
#		git add bis.txt &&
#		git commit -m "fixup! two_exec" &&
#		git checkout -b autosquash_actual &&
#		git rebase -i --exec "git show HEAD" --autosquash HEAD~4 >actual &&
#		git checkout autosquash &&
#		(
#			set_fake_editor &&
#			git checkout -b autosquash_expected &&
#			FAKE_LINES="1 fixup 3 fixup 4 exec_git_show_HEAD 2 exec_git_show_HEAD" &&
#			export FAKE_LINES &&
#			git rebase -i HEAD~4 >expect
#		) &&
#		sed -e "1,13d" expect >expected &&
#		test_cmp expected actual
#	
ok 71 - rebase --exec works without -i 
not ok 72 - rebase -i --exec without <CMD>
#	
#		git reset --hard execute &&
#		test_must_fail git rebase -i --exec 2>actual &&
#		test_grep "requires a value" actual &&
#		git checkout primary
#	
not ok 73 - rebase -i --root re-order and drop commits
#	
#		git checkout E &&
#		(
#			set_fake_editor &&
#			FAKE_LINES="3 1 2 5" git rebase -i --root
#		) &&
#		test E = $(git cat-file commit HEAD | sed -ne \$p) &&
#		test B = $(git cat-file commit HEAD^ | sed -ne \$p) &&
#		test A = $(git cat-file commit HEAD^^ | sed -ne \$p) &&
#		test C = $(git cat-file commit HEAD^^^ | sed -ne \$p) &&
#		test 0 = $(git cat-file commit HEAD^^^ | grep -c ^parent\ )
#	
ok 74 - rebase -i --root retain root commit author and message
not ok 75 - rebase -i --root temporary sentinel commit
#	
#		git checkout B &&
#		(
#			set_fake_editor &&
#			test_must_fail env FAKE_LINES="2" git rebase -i --root
#		) &&
#		git cat-file commit HEAD >actual &&
#		grep "^tree $EMPTY_TREE" actual &&
#		git rebase --abort
#	
not ok 76 - rebase -i --root fixup root commit
#	
#		git checkout B &&
#		(
#			set_fake_editor &&
#			FAKE_LINES="1 fixup 2" git rebase -i --root
#		) &&
#		test A = $(git cat-file commit HEAD | sed -ne \$p) &&
#		test B = $(git show HEAD:file1) &&
#		test 0 = $(git cat-file commit HEAD | grep -c ^parent\ )
#	
not ok 77 - rebase -i --root reword original root commit
#	
#		test_when_finished "test_might_fail git rebase --abort" &&
#		git checkout -b reword-original-root-branch primary &&
#		(
#			set_fake_editor &&
#			FAKE_LINES="reword 1 2" FAKE_COMMIT_MESSAGE="A changed" \
#				git rebase -i --root
#		) &&
#		git show HEAD^ >actual &&
#		grep "A changed" actual &&
#		test -z "$(git show -s --format=%p HEAD^)"
#	
not ok 78 - rebase -i --root reword new root commit
#	
#		test_when_finished "test_might_fail git rebase --abort" &&
#		git checkout -b reword-now-root-branch primary &&
#		(
#			set_fake_editor &&
#			FAKE_LINES="reword 3 1" FAKE_COMMIT_MESSAGE="C changed" \
#			git rebase -i --root
#		) &&
#		git show HEAD^ >actual &&
#		grep "C changed" actual &&
#		test -z "$(git show -s --format=%p HEAD^)"
#	
not ok 79 - rebase -i --root when root has untracked file conflict
#	
#		test_when_finished "reset_rebase" &&
#		git checkout -b failing-root-pick A &&
#		echo x >file2 &&
#		git rm file1 &&
#		git commit -m "remove file 1 add file 2" &&
#		echo z >file1 &&
#		(
#			set_fake_editor &&
#			test_must_fail env FAKE_LINES="1 2" git rebase -i --root
#		) &&
#		rm file1 &&
#		git rebase --continue &&
#		test "$(git log -1 --format=%B)" = "remove file 1 add file 2" &&
#		test "$(git rev-list --count HEAD)" = 2
#	
not ok 80 - rebase -i --root reword root when root has untracked file conflict
#	
#		test_when_finished "reset_rebase" &&
#		echo z>file1 &&
#		(
#			set_fake_editor &&
#			test_must_fail env FAKE_LINES="reword 1 2" \
#				FAKE_COMMIT_MESSAGE="Modified A" git rebase -i --root &&
#			rm file1 &&
#			FAKE_COMMIT_MESSAGE="Reworded A" git rebase --continue
#		) &&
#		test "$(git log -1 --format=%B HEAD^)" = "Reworded A" &&
#		test "$(git rev-list --count HEAD)" = 2
#	
ok 81 - rebase --edit-todo does not work on non-interactive rebase
not ok 82 - rebase --edit-todo can be used to modify todo
#	
#		git reset --hard &&
#		git checkout no-conflict-branch^0 &&
#		(
#			set_fake_editor &&
#			FAKE_LINES="edit 1 2 3" git rebase -i HEAD~3 &&
#			FAKE_LINES="2 1" git rebase --edit-todo &&
#			git rebase --continue
#		) &&
#		test M = $(git cat-file commit HEAD^ | sed -ne \$p) &&
#		test L = $(git cat-file commit HEAD | sed -ne \$p)
#	
ok 83 - rebase -i produces readable reflog
not ok 84 - rebase -i respects core.commentchar
#	
#		git reset --hard &&
#		git checkout E^0 &&
#		test_config core.commentchar "\\" &&
#		write_script remove-all-but-first.sh <<-\EOF &&
#		sed -e "2,\$s/^/\\\\/" "$1" >"$1.tmp" &&
#		mv "$1.tmp" "$1"
#		EOF
#		(
#			test_set_editor "$(pwd)/remove-all-but-first.sh" &&
#			git rebase -i B
#		) &&
#		test B = $(git cat-file commit HEAD^ | sed -ne \$p)
#	
not ok 85 - rebase -i respects core.commentchar=auto
#	
#		test_config core.commentchar auto &&
#		write_script copy-edit-script.sh <<-\EOF &&
#		cp "$1" edit-script
#		EOF
#		test_when_finished "git rebase --abort || :" &&
#		(
#			test_set_editor "$(pwd)/copy-edit-script.sh" &&
#			git rebase -i HEAD^ 2>err
#		) &&
#		sed -n "s/^hint: *\$//p; s/^hint: //p; s/^warning: //p" err >actual &&
#		cat >expect <<-EOF &&
#		Support for ${SQ}core.commentChar=auto${SQ} is deprecated and will be removed in Git 3.0
#	
#		To use the default comment string (#) please run
#	
#		    git config unset core.commentChar
#	
#		To set a custom comment string please run
#	
#		    git config set core.commentChar <comment string>
#	
#		where ${SQ}<comment string>${SQ} is the string you wish to use.
#		EOF
#		test_cmp expect actual &&
#		test -z "$(grep -ve "^#" -e "^\$" -e "^pick" edit-script)"
#	
not ok 86 - rebase -i, with <onto> and <upstream> specified as :/quuxery
#	
#		test_when_finished "git branch -D torebase" &&
#		git checkout -b torebase branch1 &&
#		upstream=$(git rev-parse ":/J") &&
#		onto=$(git rev-parse ":/A") &&
#		git rebase --onto $onto $upstream &&
#		git reset --hard branch1 &&
#		git rebase --onto ":/A" ":/J" &&
#		git checkout branch1
#	
not ok 87 - rebase -i with --strategy and -X
#	
#		git checkout -b conflict-merge-use-theirs conflict-branch &&
#		git reset --hard HEAD^ &&
#		echo five >conflict &&
#		echo Z >file1 &&
#		git commit -a -m "one file conflict" &&
#		EDITOR=true git rebase -i --strategy=recursive -Xours conflict-branch &&
#		test $(git show conflict-branch:conflict) = $(cat conflict) &&
#		test $(cat file1) = Z
#	
not ok 88 - interrupted rebase -i with --strategy and -X
#	
#		git checkout -b conflict-merge-use-theirs-interrupted conflict-branch &&
#		git reset --hard HEAD^ &&
#		>breakpoint &&
#		git add breakpoint &&
#		git commit -m "breakpoint for interactive mode" &&
#		echo five >conflict &&
#		echo Z >file1 &&
#		git commit -a -m "one file conflict" &&
#		(
#			set_fake_editor &&
#			FAKE_LINES="edit 1 2" git rebase -i --strategy=recursive \
#				-Xours conflict-branch
#		) &&
#		git rebase --continue &&
#		test $(git show conflict-branch:conflict) = $(cat conflict) &&
#		test $(cat file1) = Z
#	
not ok 89 - rebase -i error on commits with \ in message
#	
#		current_head=$(git rev-parse HEAD) &&
#		test_when_finished "git rebase --abort; git reset --hard $current_head; rm -f error" &&
#		test_commit TO-REMOVE will-conflict old-content &&
#		test_commit "\temp" will-conflict new-content dummy &&
#		test_must_fail env EDITOR=true git rebase -i HEAD^ --onto HEAD^^ 2>error &&
#		test_expect_code 1 grep  "	emp" error
#	
ok 90 - short commit ID setup
not ok 91 - short commit ID collide
#	
#		test_oid_cache <<-EOF &&
#		# collision-related constants
#		t3404_collision	sha1:6bcd
#		t3404_collision	sha256:0161
#		t3404_collider	sha1:ac4f2ee
#		t3404_collider	sha256:16697
#		EOF
#		test_when_finished "reset_rebase && git checkout primary" &&
#		git checkout collide &&
#		colliding_id=$(test_oid t3404_collision) &&
#		hexsz=$(test_oid hexsz) &&
#		test $colliding_id = "$(git rev-parse HEAD | cut -c 1-4)" &&
#		test_config core.abbrev 4 &&
#		(
#			unset test_tick &&
#			test_tick &&
#			set_fake_editor &&
#			FAKE_COMMIT_MESSAGE="collide2 $(test_oid t3404_collider)" \
#			FAKE_LINES="reword 1 break 2" git rebase -i HEAD~2 &&
#			test $colliding_id = "$(git rev-parse HEAD | cut -c 1-4)" &&
#			grep "^pick $colliding_id " \
#				.git/rebase-merge/git-rebase-todo.tmp &&
#			grep -E "^pick [0-9a-f]{$hexsz}" \
#				.git/rebase-merge/git-rebase-todo &&
#			grep -E "^pick [0-9a-f]{$hexsz}" \
#				.git/rebase-merge/git-rebase-todo.backup &&
#			git rebase --continue
#		) &&
#		collide2="$(git rev-parse HEAD~1 | cut -c 1-4)" &&
#		collide3="$(git rev-parse collide3 | cut -c 1-4)" &&
#		test "$collide2" = "$collide3"
#	
not ok 92 - respect core.abbrev
#	
#		git config core.abbrev 12 &&
#		(
#			set_cat_todo_editor &&
#			test_must_fail git rebase -i HEAD~4 >todo-list
#		) &&
#		test 4 = $(grep -c -E "pick [0-9a-f]{12,}" todo-list)
#	
not ok 93 - todo count
#	
#		write_script dump-raw.sh <<-\EOF &&
#			cat "$1"
#		EOF
#		(
#			test_set_editor "$(pwd)/dump-raw.sh" &&
#			git rebase -i HEAD~4 >actual
#		) &&
#		test_grep "^# Rebase ..* onto ..* ([0-9]" actual
#	
not ok 94 - rebase -i commits that overwrite untracked files (pick)
#	
#		git checkout --force A &&
#		git clean -f &&
#		cat >todo <<-EOF &&
#		exec >file2
#		pick $(git rev-parse B) B
#		pick $(git rev-parse C) C
#		pick $(git rev-parse D) D
#		exec cat .git/rebase-merge/done >actual
#		EOF
#		(
#			set_replace_editor todo &&
#			test_must_fail git rebase -i A
#		) &&
#		test_cmp_rev HEAD B &&
#		test_cmp_rev REBASE_HEAD C &&
#		head -n3 todo >expect &&
#		test_cmp expect .git/rebase-merge/done &&
#		rm file2 &&
#		test_path_is_missing .git/rebase-merge/patch &&
#		echo changed >file1 &&
#		git add file1 &&
#		test_must_fail git rebase --continue 2>err &&
#		grep "error: you have staged changes in your working tree" err &&
#		git reset --hard HEAD &&
#		git rebase --continue &&
#		test_cmp_rev HEAD D &&
#		tail -n3 todo >>expect &&
#		test_cmp expect actual
#	
not ok 95 - rebase -i commits that overwrite untracked files (squash)
#	
#		git checkout --force branch2 &&
#		git clean -f &&
#		git tag original-branch2 &&
#		(
#			set_fake_editor &&
#			FAKE_LINES="edit 1 squash 2" git rebase -i A
#		) &&
#		test_cmp_rev HEAD F &&
#		test_path_is_missing file6 &&
#		>file6 &&
#		test_must_fail git rebase --continue &&
#		test_cmp_rev HEAD F &&
#		test_cmp_rev REBASE_HEAD I &&
#		rm file6 &&
#		test_path_is_missing .git/rebase-merge/patch &&
#		echo changed >file1 &&
#		git add file1 &&
#		test_must_fail git rebase --continue 2>err &&
#		grep "error: you have staged changes in your working tree" err &&
#		git reset --hard HEAD &&
#		git rebase --continue &&
#		test $(git cat-file commit HEAD | sed -ne \$p) = I &&
#		git reset --hard original-branch2
#	
not ok 96 - rebase -i commits that overwrite untracked files (no ff)
#	
#		git checkout --force branch2 &&
#		git clean -f &&
#		(
#			set_fake_editor &&
#			FAKE_LINES="edit 1 2" git rebase -i --no-ff A
#		) &&
#		test $(git cat-file commit HEAD | sed -ne \$p) = F &&
#		test_path_is_missing file6 &&
#		>file6 &&
#		test_must_fail git rebase --continue &&
#		test $(git cat-file commit HEAD | sed -ne \$p) = F &&
#		test_cmp_rev REBASE_HEAD I &&
#		rm file6 &&
#		test_path_is_missing .git/rebase-merge/patch &&
#		echo changed >file1 &&
#		git add file1 &&
#		test_must_fail git rebase --continue 2>err &&
#		grep "error: you have staged changes in your working tree" err &&
#		git reset --hard HEAD &&
#		git rebase --continue &&
#		test $(git cat-file commit HEAD | sed -ne \$p) = I
#	
not ok 97 - rebase --continue removes CHERRY_PICK_HEAD
#	
#		git checkout -b commit-to-skip &&
#		for double in X 3 1
#		do
#			test_seq 5 | sed "s/$double/&&/" >seq &&
#			git add seq &&
#			test_tick &&
#			git commit -m seq-$double || return 1
#		done &&
#		git tag seq-onto &&
#		git reset --hard HEAD~2 &&
#		git cherry-pick seq-onto &&
#		(
#			set_fake_editor &&
#			test_must_fail env FAKE_LINES= git rebase -i seq-onto
#		) &&
#		test -d .git/rebase-merge &&
#		git rebase --continue &&
#		git diff --exit-code seq-onto &&
#		test ! -d .git/rebase-merge &&
#		test ! -f .git/CHERRY_PICK_HEAD
#	
not ok 98 - drop
#	
#		rebase_setup_and_clean drop-test &&
#		(
#			set_fake_editor &&
#			FAKE_LINES="1 drop 2 3 d 4 5" git rebase -i --root
#		) &&
#		test E = $(git cat-file commit HEAD | sed -ne \$p) &&
#		test C = $(git cat-file commit HEAD^ | sed -ne \$p) &&
#		test A = $(git cat-file commit HEAD^^ | sed -ne \$p)
#	
not ok 99 - rebase -i respects rebase.missingCommitsCheck = ignore
#	
#		test_config rebase.missingCommitsCheck ignore &&
#		rebase_setup_and_clean missing-commit &&
#		(
#			set_fake_editor &&
#			FAKE_LINES="1 2 3 4" git rebase -i --root 2>actual
#		) &&
#		test D = $(git cat-file commit HEAD | sed -ne \$p) &&
#		test_grep \
#			"Successfully rebased and updated refs/heads/missing-commit" \
#			actual
#	
not ok 100 - rebase -i respects rebase.missingCommitsCheck = warn
#	
#		cat >expect <<-EOF &&
#		Warning: some commits may have been dropped accidentally.
#		Dropped commits (newer to older):
#		 - $(git log --format="%h # %s" -1 primary)
#		To avoid this message, use "drop" to explicitly remove a commit.
#		EOF
#		test_config rebase.missingCommitsCheck warn &&
#		rebase_setup_and_clean missing-commit &&
#		(
#			set_fake_editor &&
#			FAKE_LINES="1 2 3 4" git rebase -i --root 2>actual.2
#		) &&
#		head -n4 actual.2 >actual &&
#		test_cmp expect actual &&
#		test D = $(git cat-file commit HEAD | sed -ne \$p)
#	
not ok 101 - rebase -i respects rebase.missingCommitsCheck = error
#	
#		cat >expect <<-EOF &&
#		Warning: some commits may have been dropped accidentally.
#		Dropped commits (newer to older):
#		 - $(git log --format="%h # %s" -1 primary)
#		 - $(git log --format="%h # %s" -1 primary~2)
#		To avoid this message, use "drop" to explicitly remove a commit.
#	
#		Use 'git config rebase.missingCommitsCheck' to change the level of warnings.
#		The possible behaviours are: ignore, warn, error.
#	
#		You can fix this with 'git rebase --edit-todo' and then run 'git rebase --continue'.
#		Or you can abort the rebase with 'git rebase --abort'.
#		EOF
#		test_config rebase.missingCommitsCheck error &&
#		rebase_setup_and_clean missing-commit &&
#		(
#			set_fake_editor &&
#			test_must_fail env FAKE_LINES="1 2 4" \
#				git rebase -i --root 2>actual &&
#			test_cmp expect actual &&
#			cp .git/rebase-merge/git-rebase-todo.backup \
#				.git/rebase-merge/git-rebase-todo &&
#			FAKE_LINES="1 2 drop 3 4 drop 5" git rebase --edit-todo
#		) &&
#		git rebase --continue &&
#		test D = $(git cat-file commit HEAD | sed -ne \$p) &&
#		test B = $(git cat-file commit HEAD^ | sed -ne \$p)
#	
not ok 102 - rebase --edit-todo respects rebase.missingCommitsCheck = ignore
#	
#		test_config rebase.missingCommitsCheck ignore &&
#		rebase_setup_and_clean missing-commit &&
#		(
#			set_fake_editor &&
#			FAKE_LINES="break 1 2 3 4 5" git rebase -i --root &&
#			FAKE_LINES="1 2 3 4" git rebase --edit-todo &&
#			git rebase --continue 2>actual
#		) &&
#		test D = $(git cat-file commit HEAD | sed -ne \$p) &&
#		test_grep \
#			"Successfully rebased and updated refs/heads/missing-commit" \
#			actual
#	
not ok 103 - rebase --edit-todo respects rebase.missingCommitsCheck = warn
#	
#		cat >expect <<-EOF &&
#		error: invalid command 'pickled'
#		error: invalid line 1: pickled $(git log --format="%h # %s" -1 primary~4)
#		Warning: some commits may have been dropped accidentally.
#		Dropped commits (newer to older):
#		 - $(git log --format="%h # %s" -1 primary)
#		 - $(git log --format="%h # %s" -1 primary~4)
#		To avoid this message, use "drop" to explicitly remove a commit.
#		EOF
#		head -n5 expect >expect.2 &&
#		tail -n1 expect >>expect.2 &&
#		tail -n4 expect.2 >expect.3 &&
#		test_config rebase.missingCommitsCheck warn &&
#		rebase_setup_and_clean missing-commit &&
#		(
#			set_fake_editor &&
#			test_must_fail env FAKE_LINES="bad 1 2 3 4 5" \
#				git rebase -i --root &&
#			cp .git/rebase-merge/git-rebase-todo.backup orig &&
#			FAKE_LINES="2 3 4" git rebase --edit-todo 2>actual.2 &&
#			head -n7 actual.2 >actual &&
#			test_cmp expect actual &&
#			cp orig .git/rebase-merge/git-rebase-todo &&
#			FAKE_LINES="1 2 3 4" git rebase --edit-todo 2>actual.2 &&
#			head -n4 actual.2 >actual &&
#			test_cmp expect.3 actual &&
#			git rebase --continue 2>actual
#		) &&
#		test D = $(git cat-file commit HEAD | sed -ne \$p) &&
#		test_grep \
#			"Successfully rebased and updated refs/heads/missing-commit" \
#			actual
#	
not ok 104 - rebase --edit-todo respects rebase.missingCommitsCheck = error
#	
#		cat >expect <<-EOF &&
#		error: invalid command 'pickled'
#		error: invalid line 1: pickled $(git log --format="%h # %s" -1 primary~4)
#		Warning: some commits may have been dropped accidentally.
#		Dropped commits (newer to older):
#		 - $(git log --format="%h # %s" -1 primary)
#		 - $(git log --format="%h # %s" -1 primary~4)
#		To avoid this message, use "drop" to explicitly remove a commit.
#	
#		Use 'git config rebase.missingCommitsCheck' to change the level of warnings.
#		The possible behaviours are: ignore, warn, error.
#	
#		You can fix this with 'git rebase --edit-todo' and then run 'git rebase --continue'.
#		Or you can abort the rebase with 'git rebase --abort'.
#		EOF
#		tail -n11 expect >expect.2 &&
#		head -n3 expect.2 >expect.3 &&
#		tail -n7 expect.2 >>expect.3 &&
#		test_config rebase.missingCommitsCheck error &&
#		rebase_setup_and_clean missing-commit &&
#		(
#			set_fake_editor &&
#			test_must_fail env FAKE_LINES="bad 1 2 3 4 5" \
#				git rebase -i --root &&
#			cp .git/rebase-merge/git-rebase-todo.backup orig &&
#			test_must_fail env FAKE_LINES="2 3 4" \
#				git rebase --edit-todo 2>actual &&
#			test_cmp expect actual &&
#			test_must_fail git rebase --continue 2>actual &&
#			test_cmp expect.2 actual &&
#			test_must_fail git rebase --edit-todo &&
#			cp orig .git/rebase-merge/git-rebase-todo &&
#			test_must_fail env FAKE_LINES="1 2 3 4" \
#				git rebase --edit-todo 2>actual &&
#			test_cmp expect.3 actual &&
#			test_must_fail git rebase --continue 2>actual &&
#			test_cmp expect.3 actual &&
#			cp orig .git/rebase-merge/git-rebase-todo &&
#			FAKE_LINES="1 2 3 4 drop 5" git rebase --edit-todo &&
#			git rebase --continue 2>actual
#		) &&
#		test D = $(git cat-file commit HEAD | sed -ne \$p) &&
#		test_grep \
#			"Successfully rebased and updated refs/heads/missing-commit" \
#			actual
#	
not ok 105 - rebase.missingCommitsCheck = error after resolving conflicts
#	
#		test_config rebase.missingCommitsCheck error &&
#		(
#			set_fake_editor &&
#			FAKE_LINES="drop 1 break 2 3 4" git rebase -i A E
#		) &&
#		git rebase --edit-todo &&
#		test_must_fail git rebase --continue &&
#		echo x >file1 &&
#		git add file1 &&
#		git rebase --continue
#	
not ok 106 - rebase.missingCommitsCheck = error when editing for a second time
#	
#		test_config rebase.missingCommitsCheck error &&
#		(
#			set_fake_editor &&
#			FAKE_LINES="1 break 2 3" git rebase -i A D &&
#			cp .git/rebase-merge/git-rebase-todo todo &&
#			test_must_fail env FAKE_LINES=2 git rebase --edit-todo &&
#			GIT_SEQUENCE_EDITOR="cp todo" git rebase --edit-todo &&
#			git rebase --continue
#		)
#	
not ok 107 - respects rebase.abbreviateCommands with fixup, squash and exec
#	
#		rebase_setup_and_clean abbrevcmd &&
#		test_commit "first" file1.txt "first line" first &&
#		test_commit "second" file1.txt "another line" second &&
#		test_commit "fixup! first" file2.txt "first line again" first_fixup &&
#		test_commit "squash! second" file1.txt "another line here" second_squash &&
#		cat >expected <<-EOF &&
#		p $(git rev-list --abbrev-commit -1 first) # first
#		f $(git rev-list --abbrev-commit -1 first_fixup) # fixup! first
#		x git show HEAD
#		p $(git rev-list --abbrev-commit -1 second) # second
#		s $(git rev-list --abbrev-commit -1 second_squash) # squash! second
#		x git show HEAD
#		EOF
#		git checkout abbrevcmd &&
#		test_config rebase.abbreviateCommands true &&
#		(
#			set_cat_todo_editor &&
#			test_must_fail git rebase -i --exec "git show HEAD" \
#				--autosquash primary >actual
#		) &&
#		test_cmp expected actual
#	
not ok 108 - static check of bad command
#	
#		rebase_setup_and_clean bad-cmd &&
#		(
#			set_fake_editor &&
#			test_must_fail env FAKE_LINES="1 2 3 bad 4 5" \
#			git rebase -i --root 2>actual &&
#			test_grep "pickled $(git log --format="%h # %s" -1 primary~1)" \
#					actual &&
#			test_grep "You can fix this with .git rebase --edit-todo.." \
#					actual &&
#			FAKE_LINES="1 2 3 drop 4 5" git rebase --edit-todo
#		) &&
#		git rebase --continue &&
#		test E = $(git cat-file commit HEAD | sed -ne \$p) &&
#		test C = $(git cat-file commit HEAD^ | sed -ne \$p)
#	
not ok 109 - the first command cannot be a fixup
#	
#		rebase_setup_and_clean fixup-first &&
#	
#		cat >orig <<-EOF &&
#		fixup $(git log -1 --format="%h %s" B)
#		pick $(git log -1 --format="%h %s" C)
#		EOF
#	
#		(
#			set_replace_editor orig &&
#			test_must_fail git rebase -i A 2>actual
#		) &&
#		grep "cannot .fixup. without a previous commit" actual &&
#		grep "You can fix this with .git rebase --edit-todo.." actual &&
#		# verify that the todo list has not been truncated
#		grep -v "^#" .git/rebase-merge/git-rebase-todo >actual &&
#		test_cmp orig actual &&
#	
#		test_must_fail git rebase --edit-todo 2>actual &&
#		grep "cannot .fixup. without a previous commit" actual &&
#		grep "You can fix this with .git rebase --edit-todo.." actual &&
#		# verify that the todo list has not been truncated
#		grep -v "^#" .git/rebase-merge/git-rebase-todo >actual &&
#		test_cmp orig actual
#	
ok 110 - tabs and spaces are accepted in the todolist
not ok 111 - static check of bad SHA-1
#	
#		rebase_setup_and_clean bad-sha &&
#		(
#			set_fake_editor &&
#			test_must_fail env FAKE_LINES="1 2 edit fakesha 3 4 5 #" \
#				git rebase -i --root 2>actual &&
#				test_grep "edit XXXXXXX False commit" actual &&
#				test_grep "You can fix this with .git rebase --edit-todo.." \
#						actual &&
#			FAKE_LINES="1 2 4 5 6" git rebase --edit-todo
#		) &&
#		git rebase --continue &&
#		test E = $(git cat-file commit HEAD | sed -ne \$p)
#	
ok 112 - editor saves as CR/LF
not ok 113 - rebase -i --gpg-sign=<key-id>
#	
#		test_when_finished "test_might_fail git rebase --abort" &&
#		(
#			set_fake_editor &&
#			FAKE_LINES="edit 1" git rebase -i --gpg-sign="\"S I Gner\"" \
#				HEAD^ >out 2>err
#		) &&
#		test_grep "$SQ-S\"S I Gner\"$SQ" err
#	
not ok 114 - rebase -i --gpg-sign=<key-id> overrides commit.gpgSign
#	
#		test_when_finished "test_might_fail git rebase --abort" &&
#		test_config commit.gpgsign true &&
#		(
#			set_fake_editor &&
#			FAKE_LINES="edit 1" git rebase -i --gpg-sign="\"S I Gner\"" \
#				HEAD^ >out 2>err
#		) &&
#		test_grep "$SQ-S\"S I Gner\"$SQ" err
#	
not ok 115 - valid author header after --root swap
#	
#		rebase_setup_and_clean author-header no-conflict-branch &&
#		git commit --amend --author="Au ${SQ}thor <author@example.com>" --no-edit &&
#		git cat-file commit HEAD | grep ^author >expected &&
#		(
#			set_fake_editor &&
#			FAKE_LINES="5 1" git rebase -i --root
#		) &&
#		git cat-file commit HEAD^ | grep ^author >actual &&
#		test_cmp expected actual
#	
ok 116 - valid author header when author contains single quote
not ok 117 - post-commit hook is called
#	
#		>actual &&
#		test_hook post-commit <<-\EOS &&
#		git rev-parse HEAD >>actual
#		EOS
#		(
#			set_fake_editor &&
#			FAKE_LINES="edit 4 1 reword 2 fixup 3" git rebase -i A E &&
#			echo x>file3 &&
#			git add file3 &&
#			FAKE_COMMIT_MESSAGE=edited git rebase --continue
#		) &&
#		git rev-parse HEAD@{5} HEAD@{4} HEAD@{3} HEAD@{2} HEAD@{1} HEAD \
#			>expect &&
#		test_cmp expect actual
#	
not ok 118 - correct error message for partial commit after empty pick
#	
#		test_when_finished "git rebase --abort" &&
#		(
#			set_fake_editor &&
#			FAKE_LINES="2 1 1" &&
#			export FAKE_LINES &&
#			test_must_fail git rebase -i A D
#		) &&
#		echo x >file1 &&
#		test_must_fail git commit file1 2>err &&
#		test_grep "cannot do a partial commit during a rebase." err
#	
not ok 119 - correct error message for commit --amend after empty pick
#	
#		test_when_finished "git rebase --abort" &&
#		(
#			set_fake_editor &&
#			FAKE_LINES="1 1" &&
#			export FAKE_LINES &&
#			test_must_fail git rebase -i A D
#		) &&
#		echo x>file1 &&
#		test_must_fail git commit -a --amend 2>err &&
#		test_grep "middle of a rebase -- cannot amend." err
#	
not ok 120 - todo has correct onto hash
#	
#		GIT_SEQUENCE_EDITOR=cat git rebase -i no-conflict-branch~4 no-conflict-branch >actual &&
#		onto=$(git rev-parse --short HEAD~4) &&
#		test_grep "^# Rebase ..* onto $onto" actual
#	
ok 121 - ORIG_HEAD is updated correctly
not ok 122 - --update-refs adds label and update-ref commands
#	
#		git checkout -b update-refs no-conflict-branch &&
#		git branch -f base HEAD~4 &&
#		git branch -f first HEAD~3 &&
#		git branch -f second HEAD~3 &&
#		git branch -f third HEAD~1 &&
#		git commit --allow-empty --fixup=third &&
#		git branch -f is-not-reordered &&
#		git commit --allow-empty --fixup=HEAD~4 &&
#		git branch -f shared-tip &&
#		(
#			set_cat_todo_editor &&
#	
#			cat >expect <<-EOF &&
#			pick $(git log -1 --format=%h J) # J
#			fixup $(git log -1 --format=%h update-refs) # fixup! J # empty
#			update-ref refs/heads/second
#			update-ref refs/heads/first
#			pick $(git log -1 --format=%h K) # K
#			pick $(git log -1 --format=%h L) # L
#			fixup $(git log -1 --format=%h is-not-reordered) # fixup! L # empty
#			update-ref refs/heads/third
#			pick $(git log -1 --format=%h M) # M
#			update-ref refs/heads/no-conflict-branch
#			update-ref refs/heads/is-not-reordered
#			update-ref refs/heads/shared-tip
#			EOF
#	
#			test_must_fail git rebase -i --autosquash --update-refs primary >todo &&
#			test_cmp expect todo &&
#	
#			test_must_fail git -c rebase.autosquash=true \
#					   -c rebase.updaterefs=true \
#					   rebase -i primary >todo &&
#	
#			test_cmp expect todo
#		)
#	
not ok 123 - --update-refs adds commands with --rebase-merges
#	
#		git checkout -b update-refs-with-merge no-conflict-branch &&
#		git branch -f base HEAD~4 &&
#		git branch -f first HEAD~3 &&
#		git branch -f second HEAD~3 &&
#		git branch -f third HEAD~1 &&
#		git merge -m merge branch2 &&
#		git branch -f merge-branch &&
#		git commit --fixup=third --allow-empty &&
#		(
#			set_cat_todo_editor &&
#	
#			cat >expect <<-EOF &&
#			label onto
#			reset onto
#			pick $(git log -1 --format=%h branch2~1) # F
#			pick $(git log -1 --format=%h branch2) # I
#			update-ref refs/heads/branch2
#			label branch2
#			reset onto
#			pick $(git log -1 --format=%h refs/heads/second) # J
#			update-ref refs/heads/second
#			update-ref refs/heads/first
#			pick $(git log -1 --format=%h refs/heads/third~1) # K
#			pick $(git log -1 --format=%h refs/heads/third) # L
#			fixup $(git log -1 --format=%h update-refs-with-merge) # fixup! L # empty
#			update-ref refs/heads/third
#			pick $(git log -1 --format=%h HEAD~2) # M
#			update-ref refs/heads/no-conflict-branch
#			merge -C $(git log -1 --format=%h HEAD~1) branch2 # merge
#			update-ref refs/heads/merge-branch
#			EOF
#	
#			test_must_fail git rebase -i --autosquash \
#					   --rebase-merges=rebase-cousins \
#					   --update-refs primary >todo &&
#	
#			test_cmp expect todo &&
#	
#			test_must_fail git -c rebase.autosquash=true \
#					   -c rebase.updaterefs=true \
#					   rebase -i \
#					   --rebase-merges=rebase-cousins \
#					   primary >todo &&
#	
#			test_cmp expect todo
#		)
#	
not ok 124 - --update-refs updates refs correctly
#	
#		git checkout -B update-refs no-conflict-branch &&
#		git branch -f base HEAD~4 &&
#		git branch -f first HEAD~3 &&
#		git branch -f second HEAD~3 &&
#		git branch -f third HEAD~1 &&
#		test_commit extra2 fileX &&
#		git commit --amend --fixup=L &&
#	
#		git rebase -i --autosquash --update-refs primary 2>err &&
#	
#		test_cmp_rev HEAD~3 refs/heads/first &&
#		test_cmp_rev HEAD~3 refs/heads/second &&
#		test_cmp_rev HEAD~1 refs/heads/third &&
#		test_cmp_rev HEAD refs/heads/no-conflict-branch &&
#	
#		q_to_tab >expect <<-\EOF &&
#		Successfully rebased and updated refs/heads/update-refs.
#		Updated the following refs with --update-refs:
#		Qrefs/heads/first
#		Qrefs/heads/no-conflict-branch
#		Qrefs/heads/second
#		Qrefs/heads/third
#		EOF
#	
#		# Clear "Rebasing (X/Y)" progress lines and drop leading tabs.
#		sed "s/Rebasing.*Successfully/Successfully/g" <err >err.trimmed &&
#		test_cmp expect err.trimmed
#	
not ok 125 - respect user edits to update-ref steps
#	
#		git checkout -B update-refs-break no-conflict-branch &&
#		git branch -f base HEAD~4 &&
#		git branch -f first HEAD~3 &&
#		git branch -f second HEAD~3 &&
#		git branch -f third HEAD~1 &&
#		git branch -f unseen base &&
#	
#		# First, we will add breaks to the expected todo file
#		cat >fake-todo-1 <<-EOF &&
#		pick $(git rev-parse HEAD~3)
#		break
#		update-ref refs/heads/second
#		update-ref refs/heads/first
#	
#		pick $(git rev-parse HEAD~2)
#		pick $(git rev-parse HEAD~1)
#		update-ref refs/heads/third
#	
#		pick $(git rev-parse HEAD)
#		update-ref refs/heads/no-conflict-branch
#		EOF
#	
#		# Second, we will drop some update-refs commands (and move one)
#		cat >fake-todo-2 <<-EOF &&
#		update-ref refs/heads/second
#	
#		pick $(git rev-parse HEAD~2)
#		update-ref refs/heads/third
#		pick $(git rev-parse HEAD~1)
#		break
#	
#		pick $(git rev-parse HEAD)
#		EOF
#	
#		# Third, we will:
#		# * insert a new one (new-branch),
#		# * re-add an old one (first), and
#		# * add a second instance of a previously-stored one (second)
#		cat >fake-todo-3 <<-EOF &&
#		update-ref refs/heads/unseen
#		update-ref refs/heads/new-branch
#		pick $(git rev-parse HEAD)
#		update-ref refs/heads/first
#		update-ref refs/heads/second
#		EOF
#	
#		(
#			set_replace_editor fake-todo-1 &&
#			git rebase -i --update-refs primary &&
#	
#			# These branches are currently locked.
#			for b in first second third no-conflict-branch
#			do
#				test_must_fail git branch -f $b base || return 1
#			done &&
#	
#			set_replace_editor fake-todo-2 &&
#			git rebase --edit-todo &&
#	
#			# These branches are currently locked.
#			for b in second third
#			do
#				test_must_fail git branch -f $b base || return 1
#			done &&
#	
#			# These branches are currently unlocked for checkout.
#			for b in first no-conflict-branch
#			do
#				git worktree add wt-$b $b &&
#				git worktree remove wt-$b || return 1
#			done &&
#	
#			git rebase --continue &&
#	
#			set_replace_editor fake-todo-3 &&
#			git rebase --edit-todo &&
#	
#			# These branches are currently locked.
#			for b in second third first unseen
#			do
#				test_must_fail git branch -f $b base || return 1
#			done &&
#	
#			# These branches are currently unlocked for checkout.
#			for b in no-conflict-branch
#			do
#				git worktree add wt-$b $b &&
#				git worktree remove wt-$b || return 1
#			done &&
#	
#			git rebase --continue
#		) &&
#	
#		test_cmp_rev HEAD~2 refs/heads/third &&
#		test_cmp_rev HEAD~1 refs/heads/unseen &&
#		test_cmp_rev HEAD~1 refs/heads/new-branch &&
#		test_cmp_rev HEAD refs/heads/first &&
#		test_cmp_rev HEAD refs/heads/second &&
#		test_cmp_rev HEAD refs/heads/no-conflict-branch
#	
not ok 126 - --update-refs: all update-ref lines removed
#	
#		git checkout -b test-refs-not-removed no-conflict-branch &&
#		git branch -f base HEAD~4 &&
#		git branch -f first HEAD~3 &&
#		git branch -f second HEAD~3 &&
#		git branch -f third HEAD~1 &&
#		git branch -f tip &&
#	
#		test_commit test-refs-not-removed &&
#		git commit --amend --fixup first &&
#	
#		git rev-parse first second third tip no-conflict-branch >expect-oids &&
#	
#		(
#			set_cat_todo_editor &&
#			test_must_fail git rebase -i --update-refs base >todo.raw &&
#			sed -e "/^update-ref/d" <todo.raw >todo
#		) &&
#		(
#			set_replace_editor todo &&
#			git rebase -i --update-refs base
#		) &&
#	
#		# Ensure refs are not deleted and their OIDs have not changed
#		git rev-parse first second third tip no-conflict-branch >actual-oids &&
#		test_cmp expect-oids actual-oids
#	
not ok 127 - --update-refs: all update-ref lines removed, then some re-added
#	
#		git checkout -b test-refs-not-removed2 no-conflict-branch &&
#		git branch -f base HEAD~4 &&
#		git branch -f first HEAD~3 &&
#		git branch -f second HEAD~3 &&
#		git branch -f third HEAD~1 &&
#		git branch -f tip &&
#	
#		test_commit test-refs-not-removed2 &&
#		git commit --amend --fixup first &&
#	
#		git rev-parse first second third >expect-oids &&
#	
#		(
#			set_cat_todo_editor &&
#			test_must_fail git rebase -i \
#				--autosquash --update-refs \
#				base >todo.raw &&
#			sed -e "/^update-ref/d" <todo.raw >todo
#		) &&
#	
#		# Add a break to the end of the todo so we can edit later
#		echo "break" >>todo &&
#	
#		(
#			set_replace_editor todo &&
#			git rebase -i --autosquash --update-refs base &&
#			echo "update-ref refs/heads/tip" >todo &&
#			git rebase --edit-todo &&
#			git rebase --continue
#		) &&
#	
#		# Ensure first/second/third are unchanged, but tip is updated
#		git rev-parse first second third >actual-oids &&
#		test_cmp expect-oids actual-oids &&
#		test_cmp_rev HEAD tip
#	
not ok 128 - --update-refs: --edit-todo with no update-ref lines
#	
#		git checkout -b test-refs-not-removed3 no-conflict-branch &&
#		git branch -f base HEAD~4 &&
#		git branch -f first HEAD~3 &&
#		git branch -f second HEAD~3 &&
#		git branch -f third HEAD~1 &&
#		git branch -f tip &&
#	
#		test_commit test-refs-not-removed3 &&
#		git commit --amend --fixup first &&
#	
#		git rev-parse first second third tip no-conflict-branch >expect-oids &&
#	
#		(
#			set_cat_todo_editor &&
#			test_must_fail git rebase -i \
#				--autosquash --update-refs \
#				base >todo.raw &&
#			sed -e "/^update-ref/d" <todo.raw >todo
#		) &&
#	
#		# Add a break to the beginning of the todo so we can resume with no
#		# update-ref lines
#		echo "break" >todo.new &&
#		cat todo >>todo.new &&
#	
#		(
#			set_replace_editor todo.new &&
#			git rebase -i --autosquash --update-refs base &&
#	
#			# Make no changes when editing so update-refs is still empty
#			cat todo >todo.new &&
#			git rebase --edit-todo &&
#			git rebase --continue
#		) &&
#	
#		# Ensure refs are not deleted and their OIDs have not changed
#		git rev-parse first second third tip no-conflict-branch >actual-oids &&
#		test_cmp expect-oids actual-oids
#	
not ok 129 - --update-refs: check failed ref update
#	
#		test_when_finished "test_might_fail git rebase --abort" &&
#		git checkout -B update-refs-error no-conflict-branch &&
#		git branch -f base HEAD~4 &&
#		git branch -f first HEAD~3 &&
#		git branch -f second HEAD~2 &&
#		git branch -f third HEAD~1 &&
#	
#		cat >fake-todo <<-EOF &&
#		pick $(git rev-parse HEAD~3)
#		break
#		update-ref refs/heads/first
#	
#		pick $(git rev-parse HEAD~2)
#		update-ref refs/heads/second
#	
#		pick $(git rev-parse HEAD~1)
#		update-ref refs/heads/third
#	
#		pick $(git rev-parse HEAD)
#		update-ref refs/heads/no-conflict-branch
#		EOF
#	
#		(
#			set_replace_editor fake-todo &&
#			git rebase -i --update-refs base
#		) &&
#	
#		# At this point, the values of first, second, and third are
#		# recorded in the update-refs file. We will force-update the
#		# "second" ref, but "git branch -f" will not work because of
#		# the lock in the update-refs file.
#		git update-ref refs/heads/second third &&
#	
#		test_must_fail git rebase --continue 2>err &&
#		grep "update_ref failed for ref 'refs/heads/second'" err &&
#	
#		q_to_tab >expect <<-\EOF &&
#		Updated the following refs with --update-refs:
#		Qrefs/heads/first
#		Qrefs/heads/no-conflict-branch
#		Qrefs/heads/third
#		Failed to update the following refs with --update-refs:
#		Qrefs/heads/second
#		EOF
#	
#		# Clear "Rebasing (X/Y)" progress lines and drop leading tabs.
#		tail -n 6 err >err.last &&
#		sed "s/Rebasing.*Successfully/Successfully/g" <err.last >err.trimmed &&
#		test_cmp expect err.trimmed
#	
not ok 130 - bad labels and refs rejected when parsing todo list
#	
#		test_when_finished "test_might_fail git rebase --abort" &&
#		cat >todo <<-\EOF &&
#		exec >execed
#		label #
#		label :invalid
#		update-ref :bad
#		update-ref topic
#		EOF
#		rm -f execed &&
#		(
#			set_replace_editor todo &&
#			test_must_fail git rebase -i HEAD 2>err
#		) &&
#		grep "'#' is not a valid label" err &&
#		grep "':invalid' is not a valid label" err &&
#		grep "':bad' is not a valid refname" err &&
#		grep "update-ref requires a fully qualified refname e.g. refs/heads/topic" \
#			err &&
#		test_path_is_missing execed
#	
not ok 131 - non-merge commands reject merge commits
#	
#		test_when_finished "test_might_fail git rebase --abort" &&
#		git checkout E &&
#		git merge I &&
#		oid=$(git rev-parse HEAD) &&
#		cat >todo <<-EOF &&
#		pick $oid
#		reword $oid
#		edit $oid
#		fixup $oid
#		squash $oid
#		drop $oid # acceptable, no advice
#		EOF
#		(
#			set_replace_editor todo &&
#			test_must_fail git rebase -i HEAD 2>actual
#		) &&
#		cat >expect <<-EOF &&
#		error: ${SQ}pick${SQ} does not accept merge commits
#		hint: ${SQ}pick${SQ} does not take a merge commit. If you wanted to
#		hint: replay the merge, use ${SQ}merge -C${SQ} on the commit.
#		hint: Disable this message with "git config set advice.rebaseTodoError false"
#		error: invalid line 1: pick $oid
#		error: ${SQ}reword${SQ} does not accept merge commits
#		hint: ${SQ}reword${SQ} does not take a merge commit. If you wanted to
#		hint: replay the merge and reword the commit message, use
#		hint: ${SQ}merge -c${SQ} on the commit
#		hint: Disable this message with "git config set advice.rebaseTodoError false"
#		error: invalid line 2: reword $oid
#		error: ${SQ}edit${SQ} does not accept merge commits
#		hint: ${SQ}edit${SQ} does not take a merge commit. If you wanted to
#		hint: replay the merge, use ${SQ}merge -C${SQ} on the commit, and then
#		hint: ${SQ}break${SQ} to give the control back to you so that you can
#		hint: do ${SQ}git commit --amend && git rebase --continue${SQ}.
#		hint: Disable this message with "git config set advice.rebaseTodoError false"
#		error: invalid line 3: edit $oid
#		error: cannot squash merge commit into another commit
#		error: invalid line 4: fixup $oid
#		error: cannot squash merge commit into another commit
#		error: invalid line 5: squash $oid
#		You can fix this with ${SQ}git rebase --edit-todo${SQ} and then run ${SQ}git rebase --continue${SQ}.
#		Or you can abort the rebase with ${SQ}git rebase --abort${SQ}.
#		EOF
#		test_cmp expect actual
#	
not ok 132 - $EDITOR and friends are unchanged
#	
#		test_editor_unchanged
#	
# failed 90 among 132 test(s)
1..132
# Tests: 132  Pass: 42  Fail: 90  Skip: 0
