ok 1 - setup test repository
not ok 2 - rebase (apply-backend) # TODO known breakage
not ok 3 - rebase --merge --empty=drop
#	
#		git checkout -B testing localmods &&
#		git rebase --merge --empty=drop upstream &&
#	
#		test_write_lines D C B A >expect &&
#		git log --format=%s >actual &&
#		test_cmp expect actual
#	
not ok 4 - rebase --merge uses default of --empty=drop
#	
#		git checkout -B testing localmods &&
#		git rebase --merge upstream &&
#	
#		test_write_lines D C B A >expect &&
#		git log --format=%s >actual &&
#		test_cmp expect actual
#	
not ok 5 - rebase --merge --empty=keep
#	
#		git checkout -B testing localmods &&
#		git rebase --merge --empty=keep upstream &&
#	
#		test_write_lines D C2 C B A >expect &&
#		git log --format=%s >actual &&
#		test_cmp expect actual
#	
not ok 6 - rebase --merge --empty=stop
#	
#		git checkout -B testing localmods &&
#		test_must_fail git rebase --merge --empty=stop upstream &&
#	
#		git rebase --skip &&
#	
#		test_write_lines D C B A >expect &&
#		git log --format=%s >actual &&
#		test_cmp expect actual
#	
not ok 7 - rebase --merge --empty=ask
#	
#		git checkout -B testing localmods &&
#		test_must_fail git rebase --merge --empty=ask upstream &&
#	
#		git rebase --skip &&
#	
#		test_write_lines D C B A >expect &&
#		git log --format=%s >actual &&
#		test_cmp expect actual
#	
not ok 8 - rebase --interactive --empty=drop
#	
#		git checkout -B testing localmods &&
#		git rebase --interactive --empty=drop upstream &&
#	
#		test_write_lines D C B A >expect &&
#		git log --format=%s >actual &&
#		test_cmp expect actual
#	
not ok 9 - rebase --interactive --empty=keep
#	
#		git checkout -B testing localmods &&
#		git rebase --interactive --empty=keep upstream &&
#	
#		test_write_lines D C2 C B A >expect &&
#		git log --format=%s >actual &&
#		test_cmp expect actual
#	
not ok 10 - rebase --interactive --empty=stop
#	
#		git checkout -B testing localmods &&
#		test_must_fail git rebase --interactive --empty=stop upstream &&
#	
#		git rebase --skip &&
#	
#		test_write_lines D C B A >expect &&
#		git log --format=%s >actual &&
#		test_cmp expect actual
#	
not ok 11 - rebase --interactive uses default of --empty=stop
#	
#		git checkout -B testing localmods &&
#		test_must_fail git rebase --interactive upstream &&
#	
#		git rebase --skip &&
#	
#		test_write_lines D C B A >expect &&
#		git log --format=%s >actual &&
#		test_cmp expect actual
#	
not ok 12 - rebase --merge --empty=drop --keep-empty
#	
#		git checkout -B testing localmods &&
#		git rebase --merge --empty=drop --keep-empty upstream &&
#	
#		test_write_lines D C B A >expect &&
#		git log --format=%s >actual &&
#		test_cmp expect actual
#	
not ok 13 - rebase --merge --empty=drop --no-keep-empty
#	
#		git checkout -B testing localmods &&
#		git rebase --merge --empty=drop --no-keep-empty upstream &&
#	
#		test_write_lines C B A >expect &&
#		git log --format=%s >actual &&
#		test_cmp expect actual
#	
not ok 14 - rebase --merge --empty=keep --keep-empty
#	
#		git checkout -B testing localmods &&
#		git rebase --merge --empty=keep --keep-empty upstream &&
#	
#		test_write_lines D C2 C B A >expect &&
#		git log --format=%s >actual &&
#		test_cmp expect actual
#	
not ok 15 - rebase --merge --empty=keep --no-keep-empty
#	
#		git checkout -B testing localmods &&
#		git rebase --merge --empty=keep --no-keep-empty upstream &&
#	
#		test_write_lines C2 C B A >expect &&
#		git log --format=%s >actual &&
#		test_cmp expect actual
#	
not ok 16 - rebase --merge does not leave state laying around
#	
#		git checkout -B testing localmods~2 &&
#		git rebase --merge upstream &&
#	
#		test_path_is_missing .git/CHERRY_PICK_HEAD &&
#		test_path_is_missing .git/MERGE_MSG
#	
not ok 17 - rebase --exec --empty=drop
#	
#		git checkout -B testing localmods &&
#		git rebase --exec "true" --empty=drop upstream &&
#	
#		test_write_lines D C B A >expect &&
#		git log --format=%s >actual &&
#		test_cmp expect actual
#	
not ok 18 - rebase --exec --empty=keep
#	
#		git checkout -B testing localmods &&
#		git rebase --exec "true" --empty=keep upstream &&
#	
#		test_write_lines D C2 C B A >expect &&
#		git log --format=%s >actual &&
#		test_cmp expect actual
#	
not ok 19 - rebase --exec uses default of --empty=keep
#	
#		git checkout -B testing localmods &&
#		git rebase --exec "true" upstream &&
#	
#		test_write_lines D C2 C B A >expect &&
#		git log --format=%s >actual &&
#		test_cmp expect actual
#	
not ok 20 - rebase --exec --empty=stop
#	
#		git checkout -B testing localmods &&
#		test_must_fail git rebase --exec "true" --empty=stop upstream &&
#	
#		git rebase --skip &&
#	
#		test_write_lines D C B A >expect &&
#		git log --format=%s >actual &&
#		test_cmp expect actual
#	
# still have 1 known breakage(s)
# failed 18 among remaining 19 test(s)
1..20
# Tests: 20  Pass: 1  Fail: 18  Skip: 0
