ok 1 - setup
not ok 2 - Rebase -Xsubtree --empty=ask --onto commit
#	
#		reset_rebase &&
#		git checkout -b rebase-onto to-rebase &&
#		test_must_fail git rebase -Xsubtree=files_subtree --empty=ask --onto files-main main &&
#		: first pick results in no changes &&
#		git rebase --skip &&
#		test "$(commit_message HEAD~2)" = "topic_4" &&
#		test "$(commit_message HEAD~)" = "files_subtree/topic_5" &&
#		test "$(commit_message HEAD)" = "Empty commit"
#	
not ok 3 - Rebase -Xsubtree --empty=ask --rebase-merges --onto commit
#	
#		reset_rebase &&
#		git checkout -b rebase-merges-onto to-rebase &&
#		test_must_fail git rebase -Xsubtree=files_subtree --empty=ask --rebase-merges --onto files-main --root &&
#		: first pick results in no changes &&
#		git rebase --skip &&
#		test "$(commit_message HEAD~2)" = "topic_4" &&
#		test "$(commit_message HEAD~)" = "files_subtree/topic_5" &&
#		test "$(commit_message HEAD)" = "Empty commit"
#	
# failed 2 among 3 test(s)
1..3
# Tests: 3  Pass: 1  Fail: 2  Skip: 0
