ok 1 - setup
not ok 2 - rebase --apply --signoff adds a sign-off line
#	
#		test_must_fail git rbs --apply second third &&
#		git checkout --theirs file &&
#		git add file &&
#		git rebase --continue &&
#		git log --format=%B -n3 >actual &&
#		test_cmp expected-signed-conflict actual
#	
not ok 3 - rebase --no-signoff does not add a sign-off line
#	
#		git commit --amend -m "first" &&
#		git rbs --no-signoff HEAD^ &&
#		test_commit_message HEAD expected-unsigned
#	
not ok 4 - rebase --exec --signoff adds a sign-off line
#	
#		test_when_finished "rm exec" &&
#		git rebase --exec "touch exec" --signoff first^ first &&
#		test_path_is_file exec &&
#		test_commit_message HEAD expected-signed
#	
not ok 5 - rebase --root --signoff adds a sign-off line
#	
#		git checkout first &&
#		git rebase --root --keep-empty --signoff &&
#		test_commit_message HEAD^ expected-initial-signed &&
#		test_commit_message HEAD expected-signed
#	
not ok 6 - rebase -m --signoff adds a sign-off line
#	
#		test_must_fail git rebase -m --signoff second third &&
#		git checkout --theirs file &&
#		git add file &&
#		GIT_EDITOR="sed -n /Conflicts:/,/^\\\$/p >actual" \
#			git rebase --continue &&
#		cat >expect <<-\EOF &&
#		# Conflicts:
#		#	file
#	
#		EOF
#		test_cmp expect actual &&
#		git log --format=%B -n3 >actual &&
#		test_cmp expected-signed-conflict actual
#	
not ok 7 - rebase -i --signoff adds a sign-off line when editing commit
#	
#		(
#			set_fake_editor &&
#			FAKE_LINES="edit 1 edit 3 edit 2" \
#				git rebase -i --signoff first third
#		) &&
#		echo a >a &&
#		git add a &&
#		test_must_fail git rebase --continue &&
#		git checkout --ours file &&
#		echo b >a &&
#		git add a file &&
#		git rebase --continue &&
#		echo c >a &&
#		git add a &&
#		git log --format=%B -n3 >actual &&
#		cat >expect <<-EOF &&
#		conflict
#	
#		Signed-off-by: $ident
#	
#		third
#	
#		Signed-off-by: $ident
#	
#		file-2
#	
#		Signed-off-by: $ident
#	
#		EOF
#		test_cmp expect actual
#	
# failed 6 among 7 test(s)
1..7
# Tests: 7  Pass: 1  Fail: 6  Skip: 0
