ok 1 - setup
not ok 2 - --ignore-whitespace works with apply backend
#	
#		test_must_fail git rebase --apply main side &&
#		git rebase --abort &&
#		git rebase --apply --ignore-whitespace main side &&
#		git diff --exit-code side
#	
not ok 3 - --ignore-whitespace works with merge backend
#	
#		test_must_fail git rebase --merge main side &&
#		git rebase --abort &&
#		git rebase --merge --ignore-whitespace main side &&
#		git diff --exit-code side
#	
not ok 4 - --ignore-whitespace is remembered when continuing
#	
#		(
#			set_fake_editor &&
#			FAKE_LINES="break 1" git rebase -i --ignore-whitespace \
#				main side &&
#			git rebase --continue
#		) &&
#		git diff --exit-code side
#	
not ok 5 - --committer-date-is-author-date works with apply backend
#	
#		GIT_AUTHOR_DATE="@1234 +0300" git commit --amend --reset-author &&
#		git rebase --apply --committer-date-is-author-date HEAD^ &&
#		test_ctime_is_atime -1
#	
not ok 6 - --committer-date-is-author-date works with merge backend
#	
#		GIT_AUTHOR_DATE="@1234 +0300" git commit --amend --reset-author &&
#		git rebase -m --committer-date-is-author-date HEAD^ &&
#		test_ctime_is_atime -1
#	
not ok 7 - --committer-date-is-author-date works when rewording
#	
#		GIT_AUTHOR_DATE="@1234 +0300" git commit --amend --reset-author &&
#		(
#			set_fake_editor &&
#			FAKE_COMMIT_MESSAGE=edited \
#				FAKE_LINES="reword 1" \
#				git rebase -i --committer-date-is-author-date HEAD^
#		) &&
#		test_write_lines edited "" >expect &&
#		git log --format="%B" -1 >actual &&
#		test_cmp expect actual &&
#		test_ctime_is_atime -1
#	
not ok 8 - --committer-date-is-author-date works with rebase -r
#	
#		git checkout side &&
#		GIT_AUTHOR_DATE="@1234 +0300" git merge --no-ff commit3 &&
#		git rebase -r --root --committer-date-is-author-date &&
#		test_ctime_is_atime
#	
not ok 9 - --committer-date-is-author-date works when forking merge
#	
#		git checkout side &&
#		GIT_AUTHOR_DATE="@1234 +0300" git merge --no-ff commit3 &&
#		PATH="./test-bin:$PATH" git rebase -r --root --strategy=test \
#						--committer-date-is-author-date &&
#		test_ctime_is_atime
#	
not ok 10 - --committer-date-is-author-date works when committing conflict resolution
#	
#		git checkout commit2 &&
#		GIT_AUTHOR_DATE="@1980 +0000" git commit --amend --only --reset-author &&
#		test_must_fail git rebase -m --committer-date-is-author-date \
#			--onto HEAD^^ HEAD^ &&
#		echo resolved > foo &&
#		git add foo &&
#		git rebase --continue &&
#		test_ctime_is_atime -1
#	
not ok 11 - --reset-author-date works with apply backend
#	
#		git commit --amend --date="$GIT_AUTHOR_DATE" &&
#		git rebase --apply --reset-author-date HEAD^ &&
#		test_atime_is_ignored -1
#	
not ok 12 - --reset-author-date works with merge backend
#	
#		git commit --amend --date="$GIT_AUTHOR_DATE" &&
#		git rebase --reset-author-date -m HEAD^ &&
#		test_atime_is_ignored -1
#	
not ok 13 - --reset-author-date works after conflict resolution
#	
#		test_must_fail git rebase --reset-author-date -m \
#			--onto commit2^^ commit2^ commit2 &&
#		echo resolved >foo &&
#		git add foo &&
#		git rebase --continue &&
#		test_atime_is_ignored -1
#	
not ok 14 - --reset-author-date works with rebase -r
#	
#		git checkout side &&
#		git merge --no-ff commit3 &&
#		git rebase -r --root --reset-author-date &&
#		test_atime_is_ignored
#	
not ok 15 - --reset-author-date with --committer-date-is-author-date works
#	
#		test_must_fail git rebase -m --committer-date-is-author-date \
#			--reset-author-date --onto commit2^^ commit2^ commit3 &&
#		git checkout --theirs foo &&
#		git add foo &&
#		git rebase --continue &&
#		test_ctime_is_atime -2 &&
#		test_atime_is_ignored -2
#	
not ok 16 - reset-author-date with --committer-date-is-author-date works when rewording
#	
#		GIT_AUTHOR_DATE="@1234 +0300" git commit --amend --reset-author &&
#		(
#			set_fake_editor &&
#			FAKE_COMMIT_MESSAGE=edited \
#				FAKE_LINES="reword 1" \
#				git rebase -i --committer-date-is-author-date \
#					--reset-author-date HEAD^
#		) &&
#		test_write_lines edited "" >expect &&
#		git log --format="%B" -1 >actual &&
#		test_cmp expect actual &&
#		test_atime_is_ignored -1
#	
not ok 17 - --reset-author-date --committer-date-is-author-date works when forking merge
#	
#		GIT_SEQUENCE_EDITOR="echo \"merge -C $(git rev-parse HEAD) commit3\">" \
#			PATH="./test-bin:$PATH" git rebase -i --strategy=test \
#					--reset-author-date \
#					--committer-date-is-author-date side side &&
#		test_ctime_is_atime -1 &&
#		test_atime_is_ignored -1
#	 
not ok 18 - --ignore-date is an alias for --reset-author-date
#	
#		git commit --amend --date="$GIT_AUTHOR_DATE" &&
#		git rebase --apply --ignore-date HEAD^ &&
#		git commit --allow-empty -m empty --date="$GIT_AUTHOR_DATE" &&
#		git rebase -m --ignore-date HEAD^ &&
#		test_atime_is_ignored -2
#	
not ok 19 - $EDITOR and friends are unchanged
#	
#		test_editor_unchanged
#	
# failed 18 among 19 test(s)
1..19
# Tests: 19  Pass: 1  Fail: 18  Skip: 0
