ok 1 - Initialize test directory
ok 2 - add files with funny names
ok 3 - Pre-check that foo exists and is in index before git rm foo
ok 4 - Test that git rm foo succeeds
ok 5 - Test that git rm --cached foo succeeds if the index matches the file
ok 6 - Test that git rm --cached foo succeeds if the index matches the file
ok 7 - Test that git rm --cached foo fails if the index matches neither the file nor HEAD
ok 8 - Test that git rm --cached -f foo works in case where --cached only did not
ok 9 - Post-check that foo exists but is not in index after git rm foo
ok 10 - Pre-check that bar exists and is in index before "git rm bar"
ok 11 - Test that "git rm bar" succeeds
ok 12 - Post-check that bar does not exist and is not in index after "git rm -f bar"
ok 13 - Test that "git rm -- -q" succeeds (remove a file that looks like an option)
ok 14 - Test that "git rm -f" succeeds with embedded space, tab, or newline characters.
ok 15 - Test that "git rm -f" fails if its rm fails
ok 16 - When the rm in "git rm -f" fails, it should not remove the file from the index
ok 17 - Remove nonexistent file with --ignore-unmatch
ok 18 - "rm" command printed
ok 19 - "rm" command suppressed with --quiet
ok 20 - Re-add foo and baz
ok 21 - Modify foo -- rm should refuse
ok 22 - Modified foo -- rm -f should work
ok 23 - Re-add foo and baz for HEAD tests
ok 24 - foo is different in index from HEAD -- rm should refuse
ok 25 - but with -f it should work.
ok 26 - refuse to remove cached empty file with modifications
ok 27 - remove intent-to-add file without --force
ok 28 - Recursive test setup
ok 29 - Recursive without -r fails
ok 30 - Recursive with -r but dirty
ok 31 - Recursive with -r -f
ok 32 - Remove nonexistent file returns nonzero exit status
ok 33 - Call "rm" from outside the work tree
ok 34 - refresh index before checking if it is up-to-date
ok 35 - choking "git rm" should not let it die with cruft (induce SIGPIPE)
ok 36 - choking "git rm" should not let it die with cruft (induce and check SIGPIPE)
ok 37 - Resolving by removal is not a warning-worthy event
ok 38 - rm removes subdirectories recursively
ok 39 - rm removes empty submodules from work tree
ok 40 - rm removes removed submodule from index and .gitmodules
ok 41 - rm removes work tree of unmodified submodules
ok 42 - rm removes a submodule with a trailing /
ok 43 - rm fails when given a file with a trailing /
ok 44 - rm succeeds when given a directory with a trailing /
ok 45 - rm of a populated submodule with different HEAD fails unless forced
ok 46 - rm --cached leaves work tree of populated submodules and .gitmodules alone
ok 47 - rm --dry-run does not touch the submodule or .gitmodules
ok 48 - rm does not complain when no .gitmodules file is found
ok 49 - rm will error out on a modified .gitmodules file unless staged
ok 50 - rm will not error out on .gitmodules file with zero stat data
ok 51 - rm issues a warning when section is not found in .gitmodules
ok 52 - rm of a populated submodule with modifications fails unless forced
ok 53 - rm of a populated submodule with untracked files fails unless forced
ok 54 - setup submodule conflict
ok 55 - rm removes work tree of unmodified conflicted submodule
ok 56 - rm of a conflicted populated submodule with different HEAD fails unless forced
ok 57 - rm of a conflicted populated submodule with modifications fails unless forced
ok 58 - rm of a conflicted populated submodule with untracked files fails unless forced
not ok 59 - rm of a conflicted populated submodule with a .git directory fails even when forced
#	
#		git checkout conflict1 &&
#		git reset --hard &&
#		git submodule update &&
#		(
#			cd submod &&
#			rm .git &&
#			cp -R ../.git/modules/sub .git &&
#			GIT_WORK_TREE=. git config --unset core.worktree
#		) &&
#		test_must_fail git merge conflict2 &&
#		test_must_fail git rm submod &&
#		test_path_is_dir submod &&
#		test_path_is_dir submod/.git &&
#		git status -s -uno --ignore-submodules=none >actual &&
#		test_cmp expect.conflict actual &&
#		test_must_fail git rm -f submod &&
#		test_path_is_dir submod &&
#		test_path_is_dir submod/.git &&
#		git status -s -uno --ignore-submodules=none >actual &&
#		test_cmp expect.conflict actual &&
#		git merge --abort &&
#		rm -rf submod
#	
ok 60 - rm of a conflicted unpopulated submodule succeeds
not ok 61 - rm of a populated submodule with a .git directory migrates git dir
#	
#		git checkout -f main &&
#		git reset --hard &&
#		git submodule update &&
#		(
#			cd submod &&
#			rm .git &&
#			cp -R ../.git/modules/sub .git &&
#			GIT_WORK_TREE=. git config --unset core.worktree &&
#			rm -r ../.git/modules/sub
#		) &&
#		git rm submod 2>output.err &&
#		test_path_is_missing submod &&
#		test_path_is_missing submod/.git &&
#		git status -s -uno --ignore-submodules=none >actual &&
#		test_file_not_empty actual &&
#		test_grep Migrating output.err
#	
not ok 62 - setup subsubmodule
#	
#		test_config_global protocol.file.allow always &&
#		git reset --hard &&
#		git submodule update &&
#		(
#			cd submod &&
#			hash=$(git rev-parse HEAD) &&
#			git update-index --add --cacheinfo 160000 "$hash" subsubmod &&
#			git config -f .gitmodules submodule.sub.url ../. &&
#			git config -f .gitmodules submodule.sub.path subsubmod &&
#			git submodule init &&
#			git add .gitmodules &&
#			git commit -m "add subsubmodule" &&
#			git submodule update subsubmod
#		) &&
#		git commit -a -m "added deep submodule"
#	
not ok 63 - rm recursively removes work tree of unmodified submodules
#	
#		git rm submod &&
#		test_path_is_missing submod &&
#		git status -s -uno --ignore-submodules=none >actual &&
#		test_cmp expect actual
#	
not ok 64 - rm of a populated nested submodule with different nested HEAD fails unless forced
#	
#		git reset --hard &&
#		git submodule update --recursive &&
#		git -C submod/subsubmod checkout HEAD^ &&
#		test_must_fail git rm submod &&
#		test_path_is_dir submod &&
#		test_path_is_file submod/.git &&
#		git status -s -uno --ignore-submodules=none >actual &&
#		test_cmp expect.modified_inside actual &&
#		git rm -f submod &&
#		test_path_is_missing submod &&
#		git status -s -uno --ignore-submodules=none >actual &&
#		test_cmp expect actual
#	
not ok 65 - rm of a populated nested submodule with nested modifications fails unless forced
#	
#		git reset --hard &&
#		git submodule update --recursive &&
#		echo X >submod/subsubmod/empty &&
#		test_must_fail git rm submod &&
#		test_path_is_dir submod &&
#		test_path_is_file submod/.git &&
#		git status -s -uno --ignore-submodules=none >actual &&
#		test_cmp expect.modified_inside actual &&
#		git rm -f submod &&
#		test_path_is_missing submod &&
#		git status -s -uno --ignore-submodules=none >actual &&
#		test_cmp expect actual
#	
not ok 66 - rm of a populated nested submodule with nested untracked files fails unless forced
#	
#		git reset --hard &&
#		git submodule update --recursive &&
#		echo X >submod/subsubmod/untracked &&
#		test_must_fail git rm submod &&
#		test_path_is_dir submod &&
#		test_path_is_file submod/.git &&
#		git status -s -uno --ignore-submodules=none >actual &&
#		test_cmp expect.modified_untracked actual &&
#		git rm -f submod &&
#		test_path_is_missing submod &&
#		git status -s -uno --ignore-submodules=none >actual &&
#		test_cmp expect actual
#	
not ok 67 - rm absorbs submodule's nested .git directory
#	
#		git reset --hard &&
#		git submodule update --recursive &&
#		(
#			cd submod/subsubmod &&
#			rm .git &&
#			mv ../../.git/modules/sub/modules/sub .git &&
#			GIT_WORK_TREE=. git config --unset core.worktree
#		) &&
#		git rm submod 2>output.err &&
#		test_path_is_missing submod &&
#		test_path_is_missing submod/subsubmod/.git &&
#		git status -s -uno --ignore-submodules=none >actual &&
#		test_file_not_empty actual &&
#		test_grep Migrating output.err
#	
not ok 68 - checking out a commit after submodule removal needs manual updates
#	
#		git commit -m "submodule removal" submod .gitmodules &&
#		git checkout HEAD^ &&
#		git submodule update &&
#		git checkout -q HEAD^ &&
#		git checkout -q main 2>actual &&
#		test_grep "^warning: unable to rmdir 'submod':" actual &&
#		git status -s submod >actual &&
#		echo "?? submod/" >expected &&
#		test_cmp expected actual &&
#		rm -rf submod &&
#		git status -s -uno --ignore-submodules=none >actual &&
#		test_must_be_empty actual
#	
ok 69 - rm of d/f when d has become a non-directory
ok 70 - rm of d/f when d has become a dangling symlink
ok 71 - rm of file when it has become a directory
ok 72 - rm across a symlinked leading path (no index)
ok 73 - rm across a symlinked leading path (w/ index)
ok 74 - setup for testing rm messages
ok 75 - rm files with different staged content
ok 76 - rm files with different staged content without hints
ok 77 - rm file with local modification
ok 78 - rm file with local modification without hints
ok 79 - rm file with changes in the index
ok 80 - rm file with changes in the index without hints
ok 81 - rm files with two different errors
ok 82 - rm empty string should fail
# failed 9 among 82 test(s)
1..82
# Tests: 82  Pass: 73  Fail: 9  Skip: 0
