ok 1 - unknown command
ok 2 - setup (initial)
not ok 3 - status works (initial)
#	
#		git add -i </dev/null >output &&
#		test_grep "+1/-0 *+2/-0 file" output
#	
ok 4 - setup expected
not ok 5 - diff works (initial)
#	
#		test_write_lines d 1 | git add -i >output &&
#		sed -ne "/new file/,/content/p" <output >diff &&
#		diff_cmp expected diff
#	
not ok 6 - revert works (initial)
#	
#		git add file &&
#		test_write_lines r 1 | git add -i &&
#		git ls-files >output &&
#		test_grep ! . output
#	
not ok 7 - add untracked (multiple)
#	
#		test_when_finished "git reset && rm [1-9]" &&
#		touch $(test_seq 9) &&
#		test_write_lines a "2-5 8-" | git add -i -- [1-9] &&
#		test_write_lines 2 3 4 5 8 9 >expected &&
#		git ls-files [1-9] >output &&
#		test_cmp expected output
#	
ok 8 - setup (commit)
not ok 9 - status works (commit)
#	
#		git add -i </dev/null >output &&
#		test_grep "+1/-0 *+2/-0 file" output
#	
not ok 10 - update can stage deletions
#	
#		>to-delete &&
#		git add to-delete &&
#		rm to-delete &&
#		test_write_lines u t "" | git add -i &&
#		git ls-files to-delete >output &&
#		test_must_be_empty output
#	
ok 11 - setup expected
not ok 12 - diff works (commit)
#	
#		test_write_lines d 1 | git add -i >output &&
#		sed -ne "/^index/,/content/p" <output >diff &&
#		diff_cmp expected diff
#	
not ok 13 - revert works (commit)
#	
#		git add file &&
#		test_write_lines r 1 | git add -i &&
#		git add -i </dev/null >output &&
#		test_grep "unchanged *+3/-0 file" output
#	
ok 14 - reject multi-key input
ok 15 - setup expected
ok 16 - dummy edit works
ok 17 - setup patch
ok 18 - setup fake editor
not ok 19 - bad edit rejected
#	
#		git reset &&
#		test_write_lines e n d | git add -p >output &&
#		test_grep "hunk does not apply" output
#	
ok 20 - setup patch
not ok 21 - garbage edit rejected
#	
#		git reset &&
#		test_write_lines e n d | git add -p >output &&
#		test_grep "hunk does not apply" output
#	
ok 22 - setup patch
ok 23 - setup expected
not ok 24 - real edit works
#	
#		test_write_lines e n d | git add -p &&
#		git diff >output &&
#		diff_cmp expected output
#	
ok 25 - setup file
ok 26 - setup patch
ok 27 - setup expected
not ok 28 - edit can strip spaces from empty context lines
#	
#		test_write_lines e n q | git add -p 2>error &&
#		test_must_be_empty error &&
#		git diff >output &&
#		diff_cmp expected output
#	
ok 29 - skip files similarly as commit -a
ok 30 - patch does not affect mode
not ok 31 - stage mode but not hunk
#	
#		git reset --hard &&
#		echo content >>file &&
#		chmod +x file &&
#		printf "y\\nn\\n" | git add -p &&
#		git diff --cached file | grep "new mode" &&
#		git diff          file | grep "+content"
#	
ok 32 - stage mode and hunk
not ok 33 - different prompts for mode change/deleted
#	
#		git reset --hard &&
#		>file &&
#		>deleted &&
#		git add --chmod=+x file deleted &&
#		echo changed >file &&
#		rm deleted &&
#		test_write_lines n n n |
#		git -c core.filemode=true add -p >actual &&
#		sed -n "s/^\(([0-9/]*) Stage .*?\).*/\1/p" actual >actual.filtered &&
#		cat >expect <<-\EOF &&
#		(1/1) Stage deletion [y,n,q,a,d,p,P,?]?
#		(1/2) Stage mode change [y,n,q,a,d,k,K,j,J,g,/,p,P,?]?
#		(2/2) Stage this hunk [y,n,q,a,d,K,J,g,/,e,p,P,?]?
#		EOF
#		test_cmp expect actual.filtered
#	
ok 34 - correct message when there is nothing to do
ok 35 - setup again
ok 36 - setup patch
ok 37 - setup expected
not ok 38 - add first line works
#	
#		git commit -am "clear local changes" &&
#		git apply patch &&
#		test_write_lines s y y s y n y | git add -p 2>error >raw-output &&
#		sed -n -e "s/^([1-9]\/[1-9]) Stage this hunk[^@]*\(@@ .*\)/\1/" \
#		       -e "/^[-+@ \\\\]"/p raw-output >output &&
#		test_must_be_empty error &&
#		git diff --cached >diff &&
#		diff_cmp expected diff &&
#		test_cmp expected-output output
#	
ok 39 - setup expected
ok 40 - deleting a non-empty file
ok 41 - setup expected
not ok 42 - deleting an empty file
#	
#		git reset --hard &&
#		> empty &&
#		git add empty &&
#		git commit -m empty &&
#		rm empty &&
#		echo y | git add -p empty &&
#		git diff --cached >diff &&
#		diff_cmp expected diff
#	
not ok 43 - adding an empty file
#	
#		git init added &&
#		(
#			cd added &&
#			test_commit initial &&
#			>empty &&
#			git add empty &&
#			test_tick &&
#			git commit -m empty &&
#			git tag added-file &&
#			git reset --hard HEAD^ &&
#			test_path_is_missing empty &&
#	
#			echo y | git checkout -p added-file -- >actual &&
#			test_path_is_file empty &&
#			test_grep "Apply addition to index and worktree" actual
#		)
#	
ok 44 - split hunk setup
not ok 45 - goto hunk 1 with "g 1"
#	
#		test_when_finished "git reset" &&
#		tr _ " " >expect <<-EOF &&
#		(2/2) Stage this hunk [y,n,q,a,d,K,J,g,/,e,p,P,?]? + 1:  -1,2 +1,3          +15
#		_ 2:  -2,4 +3,8          +21
#		go to which hunk? @@ -1,2 +1,3 @@
#		_10
#		+15
#		_20
#		(1/2) Stage this hunk (was: y) [y,n,q,a,d,k,K,j,J,g,/,e,p,P,?]?_
#		EOF
#		test_write_lines s y g 1 | git add -p >actual &&
#		tail -n 7 <actual >actual.trimmed &&
#		test_cmp expect actual.trimmed
#	
not ok 46 - goto hunk 1 with "g1"
#	
#		test_when_finished "git reset" &&
#		tr _ " " >expect <<-EOF &&
#		_10
#		+15
#		_20
#		(1/2) Stage this hunk (was: y) [y,n,q,a,d,k,K,j,J,g,/,e,p,P,?]?_
#		EOF
#		test_write_lines s y g1 | git add -p >actual &&
#		tail -n 4 <actual >actual.trimmed &&
#		test_cmp expect actual.trimmed
#	
not ok 47 - navigate to hunk via regex /pattern
#	
#		test_when_finished "git reset" &&
#		tr _ " " >expect <<-EOF &&
#		(2/2) Stage this hunk [y,n,q,a,d,K,J,g,/,e,p,P,?]? @@ -1,2 +1,3 @@
#		_10
#		+15
#		_20
#		(1/2) Stage this hunk (was: y) [y,n,q,a,d,k,K,j,J,g,/,e,p,P,?]?_
#		EOF
#		test_write_lines s y /1,2 | git add -p >actual &&
#		tail -n 5 <actual >actual.trimmed &&
#		test_cmp expect actual.trimmed
#	
not ok 48 - navigate to hunk via regex / pattern
#	
#		test_when_finished "git reset" &&
#		tr _ " " >expect <<-EOF &&
#		_10
#		+15
#		_20
#		(1/2) Stage this hunk (was: y) [y,n,q,a,d,k,K,j,J,g,/,e,p,P,?]?_
#		EOF
#		test_write_lines s y / 1,2 | git add -p >actual &&
#		tail -n 4 <actual >actual.trimmed &&
#		test_cmp expect actual.trimmed
#	
not ok 49 - print again the hunk
#	
#		test_when_finished "git reset" &&
#		tr _ " " >expect <<-EOF &&
#		+15
#		 20
#		(1/2) Stage this hunk (was: y) [y,n,q,a,d,k,K,j,J,g,/,e,p,P,?]? @@ -1,2 +1,3 @@
#		 10
#		+15
#		 20
#		(1/2) Stage this hunk (was: y) [y,n,q,a,d,k,K,j,J,g,/,e,p,P,?]?_
#		EOF
#		test_write_lines s y g 1 p | git add -p >actual &&
#		tail -n 7 <actual >actual.trimmed &&
#		test_cmp expect actual.trimmed
#	
ok 50 # skip print again the hunk (PAGER) (missing TTY)
ok 51 # skip P handles SIGPIPE when writing to pager (missing TTY)
ok 52 - split hunk "add -p (edit)"
ok 53 - split hunk "add -p (no, yes, edit)"
ok 54 - split hunk with incomplete line at end
not ok 55 - edit, adding lines to the first hunk
#	
#		test_write_lines 10 11 20 30 40 50 51 60 >test &&
#		git reset &&
#		tr _ " " >patch <<-EOF &&
#		@@ -1,5 +1,6 @@
#		_10
#		+11
#		+12
#		_20
#		+21
#		+22
#		_30
#		EOF
#		# test sequence is s(plit), e(dit), n(o)
#		# q n q q is there to make sure we exit at the end.
#		printf "%s\n" s e n   q n q q |
#		EDITOR=./fake_editor.sh git add -p 2>error &&
#		test_must_be_empty error &&
#		git diff --cached >actual &&
#		test_grep "^+22" actual
#	
not ok 56 - patch mode ignores unmerged entries
#	
#		git reset --hard &&
#		test_commit conflict &&
#		test_commit non-conflict &&
#		git checkout -b side &&
#		test_commit side conflict.t &&
#		git checkout main &&
#		test_commit main conflict.t &&
#		test_must_fail git merge side &&
#		echo changed >non-conflict.t &&
#		echo y | git add -p >output &&
#		test_grep ! a/conflict.t output &&
#		cat >expected <<-\EOF &&
#		* Unmerged path conflict.t
#		diff --git a/non-conflict.t b/non-conflict.t
#		index f766221..5ea2ed4 100644
#		--- a/non-conflict.t
#		+++ b/non-conflict.t
#		@@ -1 +1 @@
#		-non-conflict
#		+changed
#		EOF
#		git diff --cached >diff &&
#		diff_cmp expected diff
#	
ok 57 - index is refreshed after applying patch
not ok 58 - diffs can be colorized
#	
#		git reset --hard &&
#	
#		echo content >test &&
#		printf y >y &&
#		force_color git add -p >output 2>&1 <y &&
#		git diff-files --exit-code &&
#	
#		# We do not want to depend on the exact coloring scheme
#		# git uses for diffs, so just check that we saw some kind of color.
#		test_grep "$(printf "\\033")" output
#	
not ok 59 - colors can be overridden
#	
#		git reset --hard &&
#		test_when_finished "git rm -f color-test" &&
#		test_write_lines context old more-context >color-test &&
#		git add color-test &&
#		test_write_lines context new more-context another-one >color-test &&
#	
#		echo trigger an error message >input &&
#		force_color git \
#			-c color.interactive.error=blue \
#			add -i 2>err.raw <input &&
#		test_decode_color <err.raw >err &&
#		test_grep "<BLUE>Huh (trigger)?<RESET>" err &&
#	
#		test_write_lines help quit >input &&
#		force_color git \
#			-c color.interactive.header=red \
#			-c color.interactive.help=green \
#			-c color.interactive.prompt=yellow \
#			add -i >actual.raw <input &&
#		test_decode_color <actual.raw >actual &&
#		cat >expect <<-\EOF &&
#		<RED>           staged     unstaged path<RESET>
#		  1:        +3/-0        +2/-1 color-test
#	
#		<RED>*** Commands ***<RESET>
#		  1: <YELLOW>s<RESET>tatus	  2: <YELLOW>u<RESET>pdate	  3: <YELLOW>r<RESET>evert	  4: <YELLOW>a<RESET>dd untracked
#		  5: <YELLOW>p<RESET>atch	  6: <YELLOW>d<RESET>iff	  7: <YELLOW>q<RESET>uit	  8: <YELLOW>h<RESET>elp
#		<YELLOW>What now<RESET>> <GREEN>status        - show paths with changes<RESET>
#		<GREEN>update        - add working tree state to the staged set of changes<RESET>
#		<GREEN>revert        - revert staged set of changes back to the HEAD version<RESET>
#		<GREEN>patch         - pick hunks and update selectively<RESET>
#		<GREEN>diff          - view diff between HEAD and index<RESET>
#		<GREEN>add untracked - add contents of untracked files to the staged set of changes<RESET>
#		<RED>*** Commands ***<RESET>
#		  1: <YELLOW>s<RESET>tatus	  2: <YELLOW>u<RESET>pdate	  3: <YELLOW>r<RESET>evert	  4: <YELLOW>a<RESET>dd untracked
#		  5: <YELLOW>p<RESET>atch	  6: <YELLOW>d<RESET>iff	  7: <YELLOW>q<RESET>uit	  8: <YELLOW>h<RESET>elp
#		<YELLOW>What now<RESET>> Bye.
#		EOF
#		test_cmp expect actual &&
#	
#		: exercise recolor_hunk by editing and then look at the hunk again &&
#		test_write_lines s e K q >input &&
#		force_color git \
#			-c color.interactive.prompt=yellow \
#			-c color.diff.meta=italic \
#			-c color.diff.frag=magenta \
#			-c color.diff.context=cyan \
#			-c color.diff.old=bold \
#			-c color.diff.new=blue \
#			-c core.editor=touch \
#			add -p >actual.raw <input &&
#		test_decode_color <actual.raw >actual.decoded &&
#		sed "s/index [0-9a-f]*\\.\\.[0-9a-f]* 100644/<INDEX-LINE>/" <actual.decoded >actual &&
#		cat >expect <<-\EOF &&
#		<ITALIC>diff --git a/color-test b/color-test<RESET>
#		<ITALIC><INDEX-LINE><RESET>
#		<ITALIC>--- a/color-test<RESET>
#		<ITALIC>+++ b/color-test<RESET>
#		<MAGENTA>@@ -1,3 +1,4 @@<RESET>
#		<CYAN> context<RESET>
#		<BOLD>-old<RESET>
#		<BLUE>+<RESET><BLUE>new<RESET>
#		<CYAN> more-context<RESET>
#		<BLUE>+<RESET><BLUE>another-one<RESET>
#		<YELLOW>(1/1) Stage this hunk [y,n,q,a,d,s,e,p,P,?]? <RESET><BOLD>Split into 2 hunks.<RESET>
#		<MAGENTA>@@ -1,3 +1,3 @@<RESET>
#		<CYAN> context<RESET>
#		<BOLD>-old<RESET>
#		<BLUE>+<RESET><BLUE>new<RESET>
#		<CYAN> more-context<RESET>
#		<YELLOW>(1/2) Stage this hunk [y,n,q,a,d,k,K,j,J,g,/,e,p,P,?]? <RESET><MAGENTA>@@ -3 +3,2 @@<RESET>
#		<CYAN> more-context<RESET>
#		<BLUE>+<RESET><BLUE>another-one<RESET>
#		<YELLOW>(2/2) Stage this hunk [y,n,q,a,d,K,J,g,/,e,p,P,?]? <RESET><MAGENTA>@@ -1,3 +1,3 @@<RESET>
#		<CYAN> context<RESET>
#		<BOLD>-old<RESET>
#		<BLUE>+new<RESET>
#		<CYAN> more-context<RESET>
#		<YELLOW>(1/2) Stage this hunk (was: y) [y,n,q,a,d,k,K,j,J,g,/,e,p,P,?]? <RESET>
#		EOF
#		test_cmp expect actual
#	
not ok 60 - brackets appear without color
#	
#		git reset --hard &&
#		test_when_finished "git rm -f bracket-test" &&
#		test_write_lines context old more-context >bracket-test &&
#		git add bracket-test &&
#		test_write_lines context new more-context another-one >bracket-test &&
#	
#		test_write_lines quit >input &&
#		git add -i >actual <input &&
#	
#		sed "s/^|//" >expect <<-\EOF &&
#		|           staged     unstaged path
#		|  1:        +3/-0        +2/-1 bracket-test
#		|
#		|*** Commands ***
#		|  1: [s]tatus	  2: [u]pdate	  3: [r]evert	  4: [a]dd untracked
#		|  5: [p]atch	  6: [d]iff	  7: [q]uit	  8: [h]elp
#		|What now> Bye.
#		EOF
#	
#		test_cmp expect actual
#	
ok 61 - colors can be skipped with color.ui=false
not ok 62 - colorized diffs respect diff.wsErrorHighlight
#	
#		git reset --hard &&
#	
#		echo "old " >test &&
#		git add test &&
#		echo "new " >test &&
#	
#		printf y >y &&
#		force_color git -c diff.wsErrorHighlight=all add -p >output.raw 2>&1 <y &&
#		test_decode_color <output.raw >output &&
#		test_grep "old<" output
#	
not ok 63 - diff color respects color.diff
#	
#		git reset --hard &&
#	
#		echo old >test &&
#		git add test &&
#		echo new >test &&
#	
#		printf n >n &&
#		force_color git \
#			-c color.interactive=auto \
#			-c color.interactive.prompt=blue \
#			-c color.diff=false \
#			-c color.diff.old=red \
#			add -p >output.raw 2>&1 <n &&
#		test_decode_color <output.raw >output &&
#		test_grep "BLUE.*Stage this hunk" output &&
#		test_grep ! "RED" output
#	
not ok 64 - re-coloring diff without color.interactive
#	
#		git reset --hard &&
#	
#		test_write_lines 1 2 3 >test &&
#		git add test &&
#		test_write_lines one 2 three >test &&
#	
#		test_write_lines s n n |
#		force_color git \
#			-c color.interactive=false \
#			-c color.interactive.prompt=blue \
#			-c color.diff=true \
#			-c color.diff.frag="bold magenta" \
#			add -p >output.raw 2>&1 &&
#		test_decode_color <output.raw >output &&
#		test_grep "<BOLD;MAGENTA>@@" output &&
#		test_grep ! "BLUE" output
#	
not ok 65 - diffFilter filters diff
#	
#		git reset --hard &&
#	
#		echo content >test &&
#		test_config interactive.diffFilter "sed s/^/foo:/" &&
#		printf y >y &&
#		force_color git add -p >output 2>&1 <y &&
#	
#		# avoid depending on the exact coloring or content of the prompts,
#		# and just make sure we saw our diff prefixed
#		test_grep foo:.*content output
#	
not ok 66 - detect bogus diffFilter output
#	
#		git reset --hard &&
#	
#		echo content >test &&
#		test_config interactive.diffFilter "sed 6d" &&
#		printf y >y &&
#		force_color test_must_fail git add -p <y >output 2>&1 &&
#		test_grep "mismatched output" output
#	
not ok 67 - handle iffy colored hunk headers
#	
#		git reset --hard &&
#	
#		echo content >test &&
#		printf n >n &&
#		force_color git -c interactive.diffFilter="sed s/.*@@.*/XX/" \
#			add -p >output 2>&1 <n &&
#		test_grep "^XX$" output
#	
ok 68 - handle very large filtered diff
not ok 69 - diff.algorithm is passed to `git diff-files`
#	
#		git reset --hard &&
#	
#		>file &&
#		git add file &&
#		echo changed >file &&
#		test_must_fail git -c diff.algorithm=bogus add -p 2>err &&
#		test_grep "error: option diff-algorithm accepts " err
#	
not ok 70 - patch-mode via -i prompts for files
#	
#		git reset --hard &&
#	
#		echo one >file &&
#		echo two >test &&
#		git add -i <<-\EOF &&
#		patch
#		test
#	
#		y
#		quit
#		EOF
#	
#		echo test >expect &&
#		git diff --cached --name-only >actual &&
#		diff_cmp expect actual
#	
not ok 71 - add -p handles globs
#	
#		git reset --hard &&
#	
#		mkdir -p subdir &&
#		echo base >one.c &&
#		echo base >subdir/two.c &&
#		git add "*.c" &&
#		git commit -m base &&
#	
#		echo change >one.c &&
#		echo change >subdir/two.c &&
#		git add -p "*.c" <<-\EOF &&
#		y
#		y
#		EOF
#	
#		cat >expect <<-\EOF &&
#		one.c
#		subdir/two.c
#		EOF
#		git diff --cached --name-only >actual &&
#		test_cmp expect actual
#	
ok 72 - add -p handles relative paths
ok 73 - add -p does not expand argument lists
ok 74 - hunk-editing handles custom comment char
ok 75 - add -p works even with color.ui=always
not ok 76 - setup different kinds of dirty submodules
#	
#		test_create_repo for-submodules &&
#		(
#			cd for-submodules &&
#			test_commit initial &&
#			test_create_repo dirty-head &&
#			(
#				cd dirty-head &&
#				test_commit initial
#			) &&
#			cp -R dirty-head dirty-otherwise &&
#			cp -R dirty-head dirty-both-ways &&
#			git add dirty-head &&
#			git add dirty-otherwise dirty-both-ways &&
#			git commit -m initial &&
#	
#			cd dirty-head &&
#			test_commit updated &&
#			cd ../dirty-both-ways &&
#			test_commit updated &&
#			echo dirty >>initial &&
#			: >untracked &&
#			cd ../dirty-otherwise &&
#			echo dirty >>initial &&
#			: >untracked
#		) &&
#		git -C for-submodules diff-files --name-only >actual &&
#		cat >expected <<-\EOF &&
#		dirty-both-ways
#		dirty-head
#		EOF
#		test_cmp expected actual &&
#		git -C for-submodules diff-files --name-only --ignore-submodules=none >actual &&
#		cat >expected <<-\EOF &&
#		dirty-both-ways
#		dirty-head
#		dirty-otherwise
#		EOF
#		test_cmp expected actual &&
#		git -C for-submodules diff-files --name-only --ignore-submodules=dirty >actual &&
#		cat >expected <<-\EOF &&
#		dirty-both-ways
#		dirty-head
#		EOF
#		test_cmp expected actual
#	
not ok 77 - status ignores dirty submodules (except HEAD)
#	
#		git -C for-submodules add -i </dev/null >output &&
#		test_grep dirty-head output &&
#		test_grep dirty-both-ways output &&
#		test_grep ! dirty-otherwise output
#	
not ok 78 - handle submodules
#	
#		echo 123 >>for-submodules/dirty-otherwise/initial.t &&
#	
#		force_color git -C for-submodules add -p dirty-otherwise >output 2>&1 &&
#		test_grep "No changes" output &&
#	
#		force_color git -C for-submodules add -p dirty-head >output 2>&1 <y &&
#		git -C for-submodules ls-files --stage dirty-head >actual &&
#		rev="$(git -C for-submodules/dirty-head rev-parse HEAD)" &&
#		test_grep "$rev" actual
#	
ok 79 - set up pathological context
not ok 80 - add -p works with pathological context lines
#	
#		git reset &&
#		printf "%s\n" n y |
#		git add -p &&
#		git cat-file blob :a >actual &&
#		test_cmp expected-1 actual
#	
not ok 81 - add -p patch editing works with pathological context lines
#	
#		git reset &&
#		# n q q below is in case edit fails
#		printf "%s\n" e y    n q q |
#		git add -p &&
#		git cat-file blob :a >actual &&
#		test_cmp expected-2 actual
#	
not ok 82 - checkout -p works with pathological context lines
#	
#		test_write_lines a a a a a a >a &&
#		git add a &&
#		test_write_lines a b a b a b a b a b a >a &&
#		test_write_lines s n n y q | git checkout -p &&
#		test_write_lines a b a b a a b a b a >expect &&
#		test_cmp expect a
#	
not ok 83 - add -N followed by add -p patch editing
#	
#		git reset --hard &&
#		(
#			setup_new_file &&
#			git add -N new-file &&
#			test_write_lines e n q | git add -p &&
#			git cat-file blob :new-file >actual &&
#			test_cmp new-file-expect actual &&
#			test_cmp patch-expect patch
#		)
#	
not ok 84 - checkout -p patch editing of added file
#	
#		git reset --hard &&
#		(
#			setup_new_file &&
#			git add new-file &&
#			git commit -m "add new file" &&
#			git rm new-file &&
#			git commit -m "remove new file" &&
#			test_write_lines e n q | git checkout -p HEAD^ &&
#			test_cmp new-file-expect new-file &&
#			test_cmp patch-expect patch
#		)
#	
not ok 85 - show help from add--helper
#	
#		git reset --hard &&
#		cat >expect <<-EOF &&
#	
#		<BOLD>*** Commands ***<RESET>
#		  1: <BOLD;BLUE>s<RESET>tatus	  2: <BOLD;BLUE>u<RESET>pdate	  3: <BOLD;BLUE>r<RESET>evert	  4: <BOLD;BLUE>a<RESET>dd untracked
#		  5: <BOLD;BLUE>p<RESET>atch	  6: <BOLD;BLUE>d<RESET>iff	  7: <BOLD;BLUE>q<RESET>uit	  8: <BOLD;BLUE>h<RESET>elp
#		<BOLD;BLUE>What now<RESET>> <BOLD;RED>status        - show paths with changes<RESET>
#		<BOLD;RED>update        - add working tree state to the staged set of changes<RESET>
#		<BOLD;RED>revert        - revert staged set of changes back to the HEAD version<RESET>
#		<BOLD;RED>patch         - pick hunks and update selectively<RESET>
#		<BOLD;RED>diff          - view diff between HEAD and index<RESET>
#		<BOLD;RED>add untracked - add contents of untracked files to the staged set of changes<RESET>
#		<BOLD>*** Commands ***<RESET>
#		  1: <BOLD;BLUE>s<RESET>tatus	  2: <BOLD;BLUE>u<RESET>pdate	  3: <BOLD;BLUE>r<RESET>evert	  4: <BOLD;BLUE>a<RESET>dd untracked
#		  5: <BOLD;BLUE>p<RESET>atch	  6: <BOLD;BLUE>d<RESET>iff	  7: <BOLD;BLUE>q<RESET>uit	  8: <BOLD;BLUE>h<RESET>elp
#		<BOLD;BLUE>What now<RESET>>$SP
#		Bye.
#		EOF
#		test_write_lines h | force_color git add -i >actual.colored &&
#		test_decode_color <actual.colored >actual &&
#		test_cmp expect actual
#	
not ok 86 - reset -p with unmerged files
#	
#		test_when_finished "git checkout --force main" &&
#		test_commit one conflict &&
#		git checkout -B side HEAD^ &&
#		test_commit two conflict &&
#		test_must_fail git merge one &&
#	
#		# this is a noop with only an unmerged entry
#		git reset -p &&
#	
#		# add files that sort before and after unmerged entry
#		echo a >a &&
#		echo z >z &&
#		git add a z &&
#	
#		# confirm that we can reset those files
#		printf "%s\n" y y | git reset -p &&
#		git diff-index --cached --diff-filter=u HEAD >staged &&
#		test_must_be_empty staged
#	
not ok 87 - hunk splitting works with diff.suppressBlankEmpty
#	
#		test_config diff.suppressBlankEmpty true &&
#		write_script fake-editor.sh <<-\EOF &&
#		tr F G <"$1" >"$1.tmp" &&
#		mv "$1.tmp" "$1"
#		EOF
#	
#		test_write_lines a b "" c d  "" e f "" >file &&
#		git add file &&
#		test_write_lines A b "" c D  "" e F "" >file &&
#		(
#			test_set_editor "$(pwd)/fake-editor.sh" &&
#			test_write_lines s n y e q | git add -p file
#		) &&
#		git cat-file blob :file >actual &&
#		test_write_lines a b "" c D "" e G "" >expect &&
#		test_cmp expect actual
#	
ok 88 - add -p respects diff.context
ok 89 - add -p respects diff.interHunkContext
ok 90 - add -p rejects negative diff.context
not ok 91 - add accepts -U and --inter-hunk-context
#	
#			test_write_lines a b c d e f g h i j k l m n o p q r s t u v >file &&
#			git add file &&
#			test_write_lines a b c d e F g h i j k l m n o p Q r s t u v >file &&
#			echo y | git -c diff.context=5 -c diff.interhunkcontext=1 \
#				$cmd -p -U 4 --inter-hunk-context 2 >actual &&
#			test_grep "@@ -2,20 +2,20 @@" actual
#		
not ok 92 - checkout accepts -U and --inter-hunk-context
#	
#			test_write_lines a b c d e f g h i j k l m n o p q r s t u v >file &&
#			git add file &&
#			test_write_lines a b c d e F g h i j k l m n o p Q r s t u v >file &&
#			echo y | git -c diff.context=5 -c diff.interhunkcontext=1 \
#				$cmd -p -U 4 --inter-hunk-context 2 >actual &&
#			test_grep "@@ -2,20 +2,20 @@" actual
#		
not ok 93 - restore accepts -U and --inter-hunk-context
#	
#			test_write_lines a b c d e f g h i j k l m n o p q r s t u v >file &&
#			git add file &&
#			test_write_lines a b c d e F g h i j k l m n o p Q r s t u v >file &&
#			echo y | git -c diff.context=5 -c diff.interhunkcontext=1 \
#				$cmd -p -U 4 --inter-hunk-context 2 >actual &&
#			test_grep "@@ -2,20 +2,20 @@" actual
#		
not ok 94 - commit accepts -U and --inter-hunk-context
#	
#			test_write_lines a b c d e f g h i j k l m n o p q r s t u v >file &&
#			git add file &&
#			test_write_lines a b c d e F g h i j k l m n o p Q r s t u v >file &&
#			echo y | git -c diff.context=5 -c diff.interhunkcontext=1 \
#				$cmd -p -U 4 --inter-hunk-context 2 >actual &&
#			test_grep "@@ -2,20 +2,20 @@" actual
#		
not ok 95 - reset accepts -U and --inter-hunk-context
#	
#		test_write_lines a b c d e f g h i j k l m n o p q r s t u v >file &&
#		git commit -m file file &&
#		test_write_lines a b c d e F g h i j k l m n o p Q r s t u v >file &&
#		git add file &&
#		echo y | git -c diff.context=5 -c diff.interhunkcontext=1 \
#			reset -p -U 4 --inter-hunk-context 2 >actual &&
#		test_grep "@@ -2,20 +2,20 @@" actual
#	
not ok 96 - stash accepts -U and --inter-hunk-context
#	
#		test_write_lines a b c d e F g h i j k l m n o p Q r s t u v >file &&
#		git commit -m file file &&
#		test_write_lines a b c d e f g h i j k l m n o p q r s t u v >file &&
#		echo y | git -c diff.context=5 -c diff.interhunkcontext=1 \
#			stash -p -U 4 --inter-hunk-context 2 >actual &&
#		test_grep "@@ -2,20 +2,20 @@" actual
#	
ok 97 - set up base for -p color tests
ok 98 - add rejects invalid context options
not ok 99 - add falls back to color.ui
#	
#			git reset --hard patch-base &&
#			echo working-tree >file &&
#			test_write_lines y |
#			force_color git -c color.ui=false $cmd -p >output.raw 2>&1 &&
#			test_decode_color <output.raw >output &&
#			test_cmp output.raw output
#		
not ok 100 - checkout rejects invalid context options
#	
#			test_must_fail git $cmd -p -U -3 2>actual &&
#			cat actual | echo &&
#			test_grep -e ".--unified. cannot be negative" actual &&
#	
#			test_must_fail git $cmd -p --inter-hunk-context -3 2>actual &&
#			test_grep -e ".--inter-hunk-context. cannot be negative" actual &&
#	
#			test_must_fail git $cmd -U 7 2>actual &&
#			test_grep -E ".--unified. requires .(--interactive/)?--patch." actual &&
#	
#			test_must_fail git $cmd --inter-hunk-context 2 2>actual &&
#			test_grep -E ".--inter-hunk-context. requires .(--interactive/)?--patch." actual
#		
not ok 101 - checkout falls back to color.ui
#	
#			git reset --hard patch-base &&
#			echo working-tree >file &&
#			test_write_lines y |
#			force_color git -c color.ui=false $cmd -p >output.raw 2>&1 &&
#			test_decode_color <output.raw >output &&
#			test_cmp output.raw output
#		
not ok 102 - commit rejects invalid context options
#	
#			test_must_fail git $cmd -p -U -3 2>actual &&
#			cat actual | echo &&
#			test_grep -e ".--unified. cannot be negative" actual &&
#	
#			test_must_fail git $cmd -p --inter-hunk-context -3 2>actual &&
#			test_grep -e ".--inter-hunk-context. cannot be negative" actual &&
#	
#			test_must_fail git $cmd -U 7 2>actual &&
#			test_grep -E ".--unified. requires .(--interactive/)?--patch." actual &&
#	
#			test_must_fail git $cmd --inter-hunk-context 2 2>actual &&
#			test_grep -E ".--inter-hunk-context. requires .(--interactive/)?--patch." actual
#		
not ok 103 - commit falls back to color.ui
#	
#			git reset --hard patch-base &&
#			echo working-tree >file &&
#			test_write_lines y |
#			force_color git -c color.ui=false $cmd -p >output.raw 2>&1 &&
#			test_decode_color <output.raw >output &&
#			test_cmp output.raw output
#		
not ok 104 - reset rejects invalid context options
#	
#			test_must_fail git $cmd -p -U -3 2>actual &&
#			cat actual | echo &&
#			test_grep -e ".--unified. cannot be negative" actual &&
#	
#			test_must_fail git $cmd -p --inter-hunk-context -3 2>actual &&
#			test_grep -e ".--inter-hunk-context. cannot be negative" actual &&
#	
#			test_must_fail git $cmd -U 7 2>actual &&
#			test_grep -E ".--unified. requires .(--interactive/)?--patch." actual &&
#	
#			test_must_fail git $cmd --inter-hunk-context 2 2>actual &&
#			test_grep -E ".--inter-hunk-context. requires .(--interactive/)?--patch." actual
#		
ok 105 - reset falls back to color.ui
not ok 106 - restore rejects invalid context options
#	
#			test_must_fail git $cmd -p -U -3 2>actual &&
#			cat actual | echo &&
#			test_grep -e ".--unified. cannot be negative" actual &&
#	
#			test_must_fail git $cmd -p --inter-hunk-context -3 2>actual &&
#			test_grep -e ".--inter-hunk-context. cannot be negative" actual &&
#	
#			test_must_fail git $cmd -U 7 2>actual &&
#			test_grep -E ".--unified. requires .(--interactive/)?--patch." actual &&
#	
#			test_must_fail git $cmd --inter-hunk-context 2 2>actual &&
#			test_grep -E ".--inter-hunk-context. requires .(--interactive/)?--patch." actual
#		
not ok 107 - restore falls back to color.ui
#	
#			git reset --hard patch-base &&
#			echo working-tree >file &&
#			test_write_lines y |
#			force_color git -c color.ui=false $cmd -p >output.raw 2>&1 &&
#			test_decode_color <output.raw >output &&
#			test_cmp output.raw output
#		
not ok 108 - stash save rejects invalid context options
#	
#			test_must_fail git $cmd -p -U -3 2>actual &&
#			cat actual | echo &&
#			test_grep -e ".--unified. cannot be negative" actual &&
#	
#			test_must_fail git $cmd -p --inter-hunk-context -3 2>actual &&
#			test_grep -e ".--inter-hunk-context. cannot be negative" actual &&
#	
#			test_must_fail git $cmd -U 7 2>actual &&
#			test_grep -E ".--unified. requires .(--interactive/)?--patch." actual &&
#	
#			test_must_fail git $cmd --inter-hunk-context 2 2>actual &&
#			test_grep -E ".--inter-hunk-context. requires .(--interactive/)?--patch." actual
#		
ok 109 - stash save falls back to color.ui
not ok 110 - stash push rejects invalid context options
#	
#			test_must_fail git $cmd -p -U -3 2>actual &&
#			cat actual | echo &&
#			test_grep -e ".--unified. cannot be negative" actual &&
#	
#			test_must_fail git $cmd -p --inter-hunk-context -3 2>actual &&
#			test_grep -e ".--inter-hunk-context. cannot be negative" actual &&
#	
#			test_must_fail git $cmd -U 7 2>actual &&
#			test_grep -E ".--unified. requires .(--interactive/)?--patch." actual &&
#	
#			test_must_fail git $cmd --inter-hunk-context 2 2>actual &&
#			test_grep -E ".--inter-hunk-context. requires .(--interactive/)?--patch." actual
#		
ok 111 - stash push falls back to color.ui
not ok 112 - splitting previous hunk marks split hunks as undecided
#	
#		test_write_lines a " " b c d e f g h i j k >file &&
#		git add file &&
#		test_write_lines x " " b y d e f g h i j x >file &&
#		test_write_lines n K s n y q | git add -p file &&
#		git cat-file blob :file >actual &&
#		test_write_lines a " " b y d e f g h i j k >expect &&
#		test_cmp expect actual
#	
not ok 113 - splitting edited hunk
#	
#		# Before the first hunk is edited it can be split into two
#		# hunks, after editing it can be split into three hunks.
#	
#		write_script fake-editor.sh <<-\EOF &&
#		sed "s/^ c/-c/" "$1" >"$1.tmp" &&
#		mv "$1.tmp" "$1"
#		EOF
#	
#		test_write_lines a b c d e f g h i j k l m n >file &&
#		git add file &&
#		test_write_lines A b c d E f g h i j k l M n >file &&
#		(
#			test_set_editor "$(pwd)/fake-editor.sh" &&
#			test_write_lines e K s j y n y q | git add -p file
#		) &&
#		git cat-file blob :file >actual &&
#		test_write_lines a b d e f g h i j k l M n >expect &&
#		test_cmp expect actual
#	
not ok 114 - options J, K roll over
#	
#		test_write_lines a b c d e f g h i >file &&
#		git add file &&
#		test_write_lines X b c d e f g h X >file &&
#		test_write_lines J J K q | git add -p >out &&
#		test_write_lines 1 2 1 2 >expect &&
#		sed -n -e "s-/.*--" -e "s/^(//p" <out >actual &&
#		test_cmp expect actual
#	
not ok 115 - options y, n, a, d, j, k, e roll over to next undecided (1)
#	
#		test_write_lines a b c d e f g h i j k l m n o p q >file &&
#		git add file &&
#		test_write_lines X b c d e f g h X j k l m n o p X >file &&
#		test_set_editor : &&
#		test_write_lines g3 y g3 n g3 a g3 d g3 j g3 e k q | git add -p >out &&
#		test_write_lines 1  3 1  3 1  3 1  3 1  3 1  3 1 2 >expect &&
#		sed -n -e "s-/.*--" -e "s/^(//p" <out >actual &&
#		test_cmp expect actual
#	
not ok 116 - options y, n, a, d, j, k, e roll over to next undecided (2)
#	
#		test_write_lines a b c d e f g h i j k l m n o p q >file &&
#		git add file &&
#		test_write_lines X b c d e f g h X j k l m n o p X >file &&
#		test_set_editor : &&
#		test_write_lines y g3 y g3 n g3 a g3 d g3 j g3 e g1 k q | git add -p >out &&
#		test_write_lines 1 2  3 2  3 2  3 2  3 2  3 2  3 2  1 2 >expect &&
#		sed -n -e "s-/.*--" -e "s/^(//p" <out >actual &&
#		test_cmp expect actual
#	
not ok 117 - invalid option s is rejected
#	
#		test_write_lines a b c d e f g h i j k >file &&
#		git add file &&
#		test_write_lines X b X d e f g h i j X >file &&
#		test_write_lines j s q | git add -p >out &&
#		sed -ne "s/ @@.*//" -e "s/ \$//" -e "/^(/p" <out >actual &&
#		cat >expect <<-EOF &&
#		(1/2) Stage this hunk [y,n,q,a,d,k,K,j,J,g,/,s,e,p,P,?]?
#		(2/2) Stage this hunk [y,n,q,a,d,k,K,j,J,g,/,e,p,P,?]? Sorry, cannot split this hunk
#		(2/2) Stage this hunk [y,n,q,a,d,k,K,j,J,g,/,e,p,P,?]?
#		EOF
#		test_cmp expect actual
#	
ok 118 - EOF quits
ok 119 - add rejects invalid --no-auto-advance options
not ok 120 - checkout rejects invalid --no-auto-advance options
#	
#			test_must_fail git $cmd --no-auto-advance 2>actual &&
#			test_grep -E  "requires .*--(interactive|patch)" actual
#		
not ok 121 - reset rejects invalid --no-auto-advance options
#	
#			test_must_fail git $cmd --no-auto-advance 2>actual &&
#			test_grep -E  "requires .*--(interactive|patch)" actual
#		
not ok 122 - stash save rejects invalid --no-auto-advance options
#	
#			test_must_fail git $cmd --no-auto-advance 2>actual &&
#			test_grep -E  "requires .*--(interactive|patch)" actual
#		
not ok 123 - stash push rejects invalid --no-auto-advance options
#	
#			test_must_fail git $cmd --no-auto-advance 2>actual &&
#			test_grep -E  "requires .*--(interactive|patch)" actual
#		
not ok 124 - manual advance (">") moves to next file with --no-auto-advance
#	
#		git reset --hard &&
#		echo line1 >first-file &&
#		echo line2 >second-file &&
#		git add -A &&
#		git commit -m initial >/dev/null 2>&1 &&
#		echo change_first >>first-file &&
#		echo change_second >>second-file &&
#	
#		printf ">\nq\n" | git add -p --no-auto-advance >output.test 2>&1 &&
#		test_grep  -E "(a|b)/second-file" output.test
#	
ok 125 - select n on a hunk, go to another file, come back and change to y stages
not ok 126 - select y on a hunk, go to another file, come back and change to n does not stage
#	
#		git reset --hard &&
#		echo one >f1 &&
#		echo one >f2 &&
#		git add -A &&
#		git commit -m initial >/dev/null 2>&1 &&
#		echo change1 >>f1 &&
#		echo change2 >>f2 &&
#	
#		printf "y\n>\n<\nn\nq\n" | git add -p --no-auto-advance >output.unstaged 2>&1 &&
#		git diff --cached --name-only >staged &&
#		test_must_be_empty staged
#	
not ok 127 - deciding all hunks in a file does not auto advance
#	
#		git reset --hard &&
#		echo line >stay &&
#		echo line >other &&
#		git add -A &&
#		git commit -m initial >/dev/null 2>&1 &&
#		echo change >>stay &&
#		echo change >>other &&
#		test_write_lines y | git add -p --no-auto-advance >raw-output 2>&1 &&
#		test_grep "(1/1) Stage this hunk (was: y)" raw-output &&
#		test_grep ! "diff --git a/stay b/stay" raw-output
#	
ok 128 - HUNKS SUMMARY does not show in help text when there are undecided hunks
not ok 129 - help text shows HUNK SUMMARY when all hunks have been decided
#	
#		git reset --hard &&
#		test_write_lines 1 2 3 4 5 6 7 8 9 >f2 &&
#		git add f2 &&
#		git commit -m initial >/dev/null 2>&1 &&
#		test_write_lines 1 X 3 4 Y 6 7 Z 9 >f2 &&
#		printf "s\ny\nn\ny\n?\n" | git add -p --no-auto-advance >raw-stat 2>&1 &&
#		test_grep "HUNKS SUMMARY - Hunks: 3, USE: 2, SKIP: 1" raw-stat
#	
ok 130 - selective staging across multiple files with --no-advance
# failed 77 among 130 test(s)
1..130
# Tests: 130  Pass: 53  Fail: 77  Skip: 2
