ok 1 - setup
not ok 2 - format-patch output (ISO-8859-1)
#	
#		git config i18n.logoutputencoding ISO8859-1 &&
#	
#		git format-patch --stdout main..HEAD^ >out-l1 &&
#		git format-patch --stdout HEAD^ >out-l2 &&
#		grep "^Content-Type: text/plain; charset=ISO8859-1" out-l1 &&
#		grep "^From: =?ISO8859-1?q?=C1=E9=ED=20=F3=FA?=" out-l1 &&
#		grep "^Content-Type: text/plain; charset=ISO8859-1" out-l2 &&
#		grep "^From: =?ISO8859-1?q?=C1=E9=ED=20=F3=FA?=" out-l2
#	
ok 3 - format-patch output (UTF-8)
ok 4 - rebase (U/U)
ok 5 - rebase (U/L)
ok 6 - rebase (L/L)
ok 7 - rebase (L/U)
ok 8 - cherry-pick(U/U)
ok 9 - cherry-pick(L/L)
ok 10 - cherry-pick(U/L)
ok 11 - cherry-pick(L/U)
ok 12 - rebase --merge (U/U)
ok 13 - rebase --merge (U/L)
ok 14 - rebase --merge (L/L)
ok 15 - rebase --merge (L/U)
ok 16 - am (U/U)
not ok 17 - am (L/L)
#	
#		# Apply ISO-8859-1 patches with ISO-8859-1 commitencoding
#		git config i18n.commitencoding ISO8859-1 &&
#		. "$TEST_DIRECTORY"/t3901/8859-1.txt &&
#	
#		git reset --hard main &&
#		git am out-l1 out-l2 &&
#	
#		check_encoding 2 8859
#	
not ok 18 - am (U/L)
#	
#		# Apply ISO-8859-1 patches with UTF-8 commitencoding
#		git config i18n.commitencoding UTF-8 &&
#		. "$TEST_DIRECTORY"/t3901/utf8.txt &&
#		git reset --hard main &&
#	
#		# am specifies --utf8 by default.
#		git am out-l1 out-l2 &&
#	
#		check_encoding 2
#	
not ok 19 - am --no-utf8 (U/L)
#	
#		# Apply ISO-8859-1 patches with UTF-8 commitencoding
#		git config i18n.commitencoding UTF-8 &&
#		. "$TEST_DIRECTORY"/t3901/utf8.txt &&
#	
#		git reset --hard main &&
#		git am --no-utf8 out-l1 out-l2 2>err &&
#	
#		# commit-tree will warn that the commit message does not contain valid UTF-8
#		# as mailinfo did not convert it
#		test_grep "did not conform" err &&
#	
#		check_encoding 2
#	
not ok 20 - am (L/U)
#	
#		# Apply UTF-8 patches with ISO-8859-1 commitencoding
#		git config i18n.commitencoding ISO8859-1 &&
#		. "$TEST_DIRECTORY"/t3901/8859-1.txt &&
#	
#		git reset --hard main &&
#		# mailinfo will re-code the commit message to the charset specified by
#		# i18n.commitencoding
#		git am out-u1 out-u2 &&
#	
#		check_encoding 2 8859
#	
# failed 5 among 20 test(s)
1..20
# Tests: 20  Pass: 15  Fail: 5  Skip: 0
