ok 1 - update-index --add two files with and without +x.
ok 2 - git diff-files -p after editing work tree.
ok 3 - validate git diff-files -p output.
ok 4 - git diff-files -s after editing work tree
ok 5 - git diff-files --no-patch as synonym for -s
ok 6 - git diff-files --no-patch --patch shows the patch
ok 7 - git diff-files --no-patch --patch-with-raw shows the patch and raw data
ok 8 - git diff-files --patch --no-patch does not show the patch
ok 9 - --no-patch in 'git diff-files --no-patch --stat' is a no-op
ok 10 - --no-patch clears all previous ones
ok 11 - --no-patch in 'git diff --no-patch --stat' is a no-op
ok 12 - --no-patch in 'git diff-files --no-patch --raw' is a no-op
ok 13 - --no-patch clears all previous ones
ok 14 - --no-patch in 'git diff --no-patch --raw' is a no-op
ok 15 - --no-patch in 'git diff-files --no-patch --numstat' is a no-op
ok 16 - --no-patch clears all previous ones
ok 17 - --no-patch in 'git diff --no-patch --numstat' is a no-op
ok 18 - --no-patch in 'git diff-files --no-patch --shortstat' is a no-op
ok 19 - --no-patch clears all previous ones
ok 20 - --no-patch in 'git diff --no-patch --shortstat' is a no-op
ok 21 - --no-patch in 'git diff-files --no-patch --summary' is a no-op
ok 22 - --no-patch clears all previous ones
ok 23 - --no-patch in 'git diff --no-patch --summary' is a no-op
ok 24 - --no-patch in 'git diff-files --no-patch --dirstat' is a no-op
ok 25 - --no-patch clears all previous ones
ok 26 - --no-patch in 'git diff --no-patch --dirstat' is a no-op
ok 27 - --no-patch in 'git diff-files --no-patch --cumulative' is a no-op
ok 28 - --no-patch clears all previous ones
ok 29 - --no-patch in 'git diff --no-patch --cumulative' is a no-op
ok 30 - --no-patch in 'git diff-files --no-patch --dirstat-by-file' is a no-op
ok 31 - --no-patch clears all previous ones
ok 32 - --no-patch in 'git diff --no-patch --dirstat-by-file' is a no-op
ok 33 - --no-patch in 'git diff-files --no-patch --patch-with-raw' is a no-op
ok 34 - --no-patch clears all previous ones
not ok 35 - --no-patch in 'git diff --no-patch --patch-with-raw' is a no-op
#	
#			git diff --no-patch "--$format" >actual &&
#			git diff "--$format" >expect &&
#			test_cmp expect actual
#		
ok 36 - --no-patch in 'git diff-files --no-patch --patch-with-stat' is a no-op
ok 37 - --no-patch clears all previous ones
not ok 38 - --no-patch in 'git diff --no-patch --patch-with-stat' is a no-op
#	
#			git diff --no-patch "--$format" >actual &&
#			git diff "--$format" >expect &&
#			test_cmp expect actual
#		
ok 39 - --no-patch in 'git diff-files --no-patch --compact-summary' is a no-op
ok 40 - --no-patch clears all previous ones
ok 41 - --no-patch in 'git diff --no-patch --compact-summary' is a no-op
# failed 2 among 41 test(s)
1..41
# Tests: 41  Pass: 39  Fail: 2  Skip: 0
