ok 1 - status with --patch (different)
ok 2 - status with --patch (mode differs)
ok 3 - status with --patch (removing an empty file)
ok 4 - status with --patch (different but equivalent)
ok 5 - status with --quiet (different)
ok 6 - status with --quiet (mode differs)
ok 7 - status with --quiet (removing an empty file)
ok 8 - status with --quiet (different but equivalent)
ok 9 - status with -s (different)
ok 10 - status with -s (mode differs)
ok 11 - status with -s (removing an empty file)
ok 12 - status with -s (different but equivalent)
ok 13 - status with --stat (different)
ok 14 - status with --stat (mode differs)
ok 15 - status with --stat (removing an empty file)
ok 16 - status with --stat (different but equivalent)
ok 17 - status with --shortstat (different)
ok 18 - status with --shortstat (mode differs)
ok 19 - status with --shortstat (removing an empty file)
ok 20 - status with --shortstat (different but equivalent)
ok 21 - status with --dirstat=lines (different)
ok 22 - status with --dirstat=lines (mode differs)
ok 23 - status with --dirstat=lines (removing an empty file)
ok 24 - status with --dirstat=lines (different but equivalent)
ok 25 - status with --raw (different)
ok 26 - status with --raw (mode differs)
ok 27 - status with --raw (removing an empty file)
ok 28 - status with --raw (different but equivalent)
ok 29 - status with --name-only (different)
ok 30 - status with --name-only (mode differs)
ok 31 - status with --name-only (removing an empty file)
ok 32 - status with --name-only (different but equivalent)
ok 33 - status with --name-status (different)
ok 34 - status with --name-status (mode differs)
ok 35 - status with --name-status (removing an empty file)
ok 36 - status with --name-status (different but equivalent)
ok 37 - incomplete line in both pre- and post-image context
ok 38 - incomplete lines on both pre- and post-image
ok 39 - fix incomplete line in pre-image
ok 40 - new incomplete line in post-image
ok 41 - incomplete-line error is disabled for symlinks
ok 42 - Ray Lehtiniemi's example
ok 43 - another test, without options
ok 44 - ignore-blank-lines: only new lines
ok 45 - ignore-blank-lines: only new lines with space
not ok 46 - ignore-blank-lines: after change
#	
#		cat <<-\EOF >x &&
#		1
#		2
#	
#		3
#		4
#		5
#	
#		6
#		7
#		EOF
#		git update-index x &&
#		cat <<-\EOF >x &&
#		change
#	
#		1
#		2
#		3
#		4
#		5
#		6
#	
#		7
#		EOF
#		git diff --inter-hunk-context=100 --ignore-blank-lines >out.tmp &&
#		cat <<-\EOF >expected &&
#		diff --git a/x b/x
#		--- a/x
#		+++ b/x
#		@@ -1,6 +1,7 @@
#		+change
#		+
#		 1
#		 2
#		-
#		 3
#		 4
#		 5
#		EOF
#		compare_diff_patch expected out.tmp
#	
not ok 47 - ignore-blank-lines: before change
#	
#		cat <<-\EOF >x &&
#		1
#		2
#	
#		3
#		4
#		5
#		6
#		7
#		EOF
#		git update-index x &&
#		cat <<-\EOF >x &&
#	
#		1
#		2
#		3
#		4
#		5
#	
#		6
#		7
#		change
#		EOF
#		git diff --inter-hunk-context=100 --ignore-blank-lines >out.tmp &&
#		cat <<-\EOF >expected &&
#		diff --git a/x b/x
#		--- a/x
#		+++ b/x
#		@@ -4,5 +4,7 @@
#		 3
#		 4
#		 5
#		+
#		 6
#		 7
#		+change
#		EOF
#		compare_diff_patch expected out.tmp
#	
not ok 48 - ignore-blank-lines: between changes
#	
#		cat <<-\EOF >x &&
#		1
#		2
#		3
#		4
#		5
#	
#	
#		6
#		7
#		8
#		9
#		10
#		EOF
#		git update-index x &&
#		cat <<-\EOF >x &&
#		change
#		1
#		2
#	
#		3
#		4
#		5
#		6
#		7
#		8
#	
#		9
#		10
#		change
#		EOF
#		git diff --ignore-blank-lines >out.tmp &&
#		cat <<-\EOF >expected &&
#		diff --git a/x b/x
#		--- a/x
#		+++ b/x
#		@@ -1,5 +1,7 @@
#		+change
#		 1
#		 2
#		+
#		 3
#		 4
#		 5
#		@@ -8,5 +8,7 @@
#		 6
#		 7
#		 8
#		+
#		 9
#		 10
#		+change
#		EOF
#		compare_diff_patch expected out.tmp
#	
ok 49 - ignore-blank-lines: between changes (with interhunkctx)
not ok 50 - ignore-blank-lines: scattered spaces
#	
#		test_seq 10 >x &&
#		git update-index x &&
#		cat <<-\EOF >x &&
#		change
#		1
#		2
#		3
#	
#		4
#	
#		5
#	
#		6
#	
#	
#		7
#	
#		8
#		9
#		10
#		change
#		EOF
#		git diff --inter-hunk-context=4 --ignore-blank-lines >out.tmp &&
#		cat <<-\EOF >expected &&
#		diff --git a/x b/x
#		--- a/x
#		+++ b/x
#		@@ -1,3 +1,4 @@
#		+change
#		 1
#		 2
#		 3
#		@@ -8,3 +15,4 @@
#		 8
#		 9
#		 10
#		+change
#		EOF
#		compare_diff_patch expected out.tmp
#	
ok 51 - ignore-blank-lines: spaces coalesce
not ok 52 - ignore-blank-lines: mix changes and blank lines
#	
#		test_seq 16 >x &&
#		git update-index x &&
#		cat <<-\EOF >x &&
#		change
#		1
#		2
#	
#		3
#		4
#		5
#		change
#		6
#		7
#		8
#	
#		9
#		10
#		11
#		change
#		12
#		13
#		14
#	
#		15
#		16
#		change
#		EOF
#		git diff --ignore-blank-lines >out.tmp &&
#		cat <<-\EOF >expected &&
#		diff --git a/x b/x
#		--- a/x
#		+++ b/x
#		@@ -1,8 +1,11 @@
#		+change
#		 1
#		 2
#		+
#		 3
#		 4
#		 5
#		+change
#		 6
#		 7
#		 8
#		@@ -9,8 +13,11 @@
#		 9
#		 10
#		 11
#		+change
#		 12
#		 13
#		 14
#		+
#		 15
#		 16
#		+change
#		EOF
#		compare_diff_patch expected out.tmp
#	
ok 53 - check mixed spaces and tabs in indent
ok 54 - check mixed tabs and spaces in indent
ok 55 - check with no whitespace errors
ok 56 - check with trailing whitespace
ok 57 - check with space before tab in indent
ok 58 - --check and --exit-code are not exclusive
ok 59 - --check and --quiet are not exclusive
ok 60 - -w and --exit-code interact sensibly
ok 61 - -I and --exit-code interact sensibly
ok 62 - check staged with no whitespace errors
ok 63 - check staged with trailing whitespace
ok 64 - check staged with space before tab in indent
ok 65 - check with no whitespace errors (diff-index)
ok 66 - check with trailing whitespace (diff-index)
ok 67 - check with space before tab in indent (diff-index)
ok 68 - check staged with no whitespace errors (diff-index)
ok 69 - check staged with trailing whitespace (diff-index)
ok 70 - check staged with space before tab in indent (diff-index)
ok 71 - check with no whitespace errors (diff-tree)
ok 72 - check with trailing whitespace (diff-tree)
ok 73 - check with space before tab in indent (diff-tree)
ok 74 - check with ignored trailing whitespace attr (diff-tree)
ok 75 - check trailing whitespace (trailing-space: off)
ok 76 - check trailing whitespace (trailing-space: on)
ok 77 - check space before tab in indent (space-before-tab: off)
ok 78 - check space before tab in indent (space-before-tab: on)
ok 79 - check spaces as indentation (indent-with-non-tab: off)
ok 80 - check spaces as indentation (indent-with-non-tab: on)
ok 81 - ditto, but tabwidth=9
ok 82 - check tabs and spaces as indentation (indent-with-non-tab: on)
ok 83 - ditto, but tabwidth=10
ok 84 - ditto, but tabwidth=20
ok 85 - check tabs as indentation (tab-in-indent: off)
ok 86 - check tabs as indentation (tab-in-indent: on)
ok 87 - check tabs and spaces as indentation (tab-in-indent: on)
ok 88 - ditto, but tabwidth=1 (must be irrelevant)
ok 89 - check tab-in-indent and indent-with-non-tab conflict
ok 90 - check tab-in-indent excluded from wildcard whitespace attribute
ok 91 - line numbers in --check output are correct
ok 92 - checkdiff detects new trailing blank lines (1)
ok 93 - checkdiff detects new trailing blank lines (2)
ok 94 - checkdiff allows new blank lines
ok 95 - whitespace-only changes not reported (diff)
ok 96 - whitespace-only changes not reported (diffstat)
ok 97 - whitespace changes with modification reported (diffstat)
ok 98 - whitespace-only changes reported across renames (diffstat)
not ok 99 - whitespace-only changes reported across renames
#	
#		git reset --hard HEAD~1 &&
#		for i in 1 2 3 4 5 6 7 8 9; do echo "$i$i$i$i$i$i" || return 1; done >x &&
#		git add x &&
#		hash_x=$(git hash-object x) &&
#		before=$(git rev-parse --short "$hash_x") &&
#		git commit -m "base" &&
#		sed -e "5s/^/ /" x >z &&
#		git rm x &&
#		git add z &&
#		hash_z=$(git hash-object z) &&
#		after=$(git rev-parse --short "$hash_z") &&
#		git diff -w -M --cached >actual.raw &&
#		sed -e "/^similarity index /s/[0-9][0-9]*/NUM/" actual.raw >actual &&
#		cat <<-EOF >expect &&
#		diff --git a/x b/z
#		similarity index NUM%
#		rename from x
#		rename to z
#		index $before..$after 100644
#		EOF
#		test_cmp expect actual
#	
not ok 100 - rename empty
#	
#		git reset --hard &&
#		>empty &&
#		git add empty &&
#		git commit -m empty &&
#		git mv empty void &&
#		git diff -w --cached -M >current &&
#		test_cmp expected current
#	
ok 101 - combined diff with autocrlf conversion
ok 102 - setup diff colors
ok 103 - diff that introduces a line with only tabs
ok 104 - diff that introduces and removes ws breakages
ok 105 - ws-error-highlight test setup
ok 106 - test --ws-error-highlight option
ok 107 - test diff.wsErrorHighlight config
ok 108 - option overrides diff.wsErrorHighlight
not ok 109 - detect moved code, complete file
#	
#		git config core.whitespace blank-at-eol &&
#	
#		git reset --hard &&
#		cat <<-\EOF >test.c &&
#		#include<stdio.h>
#		main()
#		{
#		printf("Hello World");
#		}
#		EOF
#		git add test.c &&
#		git commit -m "add main function" &&
#		file=$(git rev-parse --short HEAD:test.c) &&
#		git mv test.c main.c &&
#		test_config color.diff.oldMoved "normal red" &&
#		test_config color.diff.newMoved "normal green" &&
#		git diff HEAD --color-moved=zebra --color --no-renames >actual.raw &&
#		test_decode_color <actual.raw >actual &&
#		cat >expected <<-EOF &&
#		<BOLD>diff --git a/main.c b/main.c<RESET>
#		<BOLD>new file mode 100644<RESET>
#		<BOLD>index 0000000..$file<RESET>
#		<BOLD>--- /dev/null<RESET>
#		<BOLD>+++ b/main.c<RESET>
#		<CYAN>@@ -0,0 +1,5 @@<RESET>
#		<BGREEN>+<RESET><BGREEN>#include<stdio.h><RESET>
#		<BGREEN>+<RESET><BGREEN>main()<RESET>
#		<BGREEN>+<RESET><BGREEN>{<RESET>
#		<BGREEN>+<RESET><BGREEN>printf("Hello World");<RESET>
#		<BGREEN>+<RESET><BGREEN>}<RESET>
#		<BOLD>diff --git a/test.c b/test.c<RESET>
#		<BOLD>deleted file mode 100644<RESET>
#		<BOLD>index $file..0000000<RESET>
#		<BOLD>--- a/test.c<RESET>
#		<BOLD>+++ /dev/null<RESET>
#		<CYAN>@@ -1,5 +0,0 @@<RESET>
#		<BRED>-#include<stdio.h><RESET>
#		<BRED>-main()<RESET>
#		<BRED>-{<RESET>
#		<BRED>-printf("Hello World");<RESET>
#		<BRED>-}<RESET>
#		EOF
#	
#		test_cmp expected actual
#	
ok 110 - --color-moved with --no-ext-diff
not ok 111 - detect malicious moved code, inside file
#	
#		test_config color.diff.oldMoved "normal red" &&
#		test_config color.diff.newMoved "normal green" &&
#		test_config color.diff.oldMovedAlternative "blue" &&
#		test_config color.diff.newMovedAlternative "yellow" &&
#		git reset --hard &&
#		cat <<-\EOF >main.c &&
#			#include<stdio.h>
#			int stuff()
#			{
#				printf("Hello ");
#				printf("World\n");
#			}
#	
#			int secure_foo(struct user *u)
#			{
#				if (!u->is_allowed_foo)
#					return;
#				foo(u);
#			}
#	
#			int main()
#			{
#				foo();
#			}
#		EOF
#		cat <<-\EOF >test.c &&
#			#include<stdio.h>
#			int bar()
#			{
#				printf("Hello World, but different\n");
#			}
#	
#			int another_function()
#			{
#				bar();
#			}
#		EOF
#		git add main.c test.c &&
#		git commit -m "add main and test file" &&
#		before_main=$(git rev-parse --short HEAD:main.c) &&
#		before_test=$(git rev-parse --short HEAD:test.c) &&
#		cat <<-\EOF >main.c &&
#			#include<stdio.h>
#			int stuff()
#			{
#				printf("Hello ");
#				printf("World\n");
#			}
#	
#			int main()
#			{
#				foo();
#			}
#		EOF
#		cat <<-\EOF >test.c &&
#			#include<stdio.h>
#			int bar()
#			{
#				printf("Hello World, but different\n");
#			}
#	
#			int secure_foo(struct user *u)
#			{
#				foo(u);
#				if (!u->is_allowed_foo)
#					return;
#			}
#	
#			int another_function()
#			{
#				bar();
#			}
#		EOF
#		hash_main=$(git hash-object main.c) &&
#		after_main=$(git rev-parse --short "$hash_main") &&
#		hash_test=$(git hash-object test.c) &&
#		after_test=$(git rev-parse --short "$hash_test") &&
#		git diff HEAD --no-renames --color-moved=zebra --color >actual.raw &&
#		test_decode_color <actual.raw >actual &&
#		cat <<-EOF >expected &&
#		<BOLD>diff --git a/main.c b/main.c<RESET>
#		<BOLD>index $before_main..$after_main 100644<RESET>
#		<BOLD>--- a/main.c<RESET>
#		<BOLD>+++ b/main.c<RESET>
#		<CYAN>@@ -5,13 +5,6 @@<RESET> <RESET>printf("Hello ");<RESET>
#		 printf("World\n");<RESET>
#		 }<RESET>
#		 <RESET>
#		<BRED>-int secure_foo(struct user *u)<RESET>
#		<BRED>-{<RESET>
#		<BLUE>-if (!u->is_allowed_foo)<RESET>
#		<BLUE>-return;<RESET>
#		<RED>-foo(u);<RESET>
#		<RED>-}<RESET>
#		<RED>-<RESET>
#		 int main()<RESET>
#		 {<RESET>
#		 foo();<RESET>
#		<BOLD>diff --git a/test.c b/test.c<RESET>
#		<BOLD>index $before_test..$after_test 100644<RESET>
#		<BOLD>--- a/test.c<RESET>
#		<BOLD>+++ b/test.c<RESET>
#		<CYAN>@@ -4,6 +4,13 @@<RESET> <RESET>int bar()<RESET>
#		 printf("Hello World, but different\n");<RESET>
#		 }<RESET>
#		 <RESET>
#		<BGREEN>+<RESET><BGREEN>int secure_foo(struct user *u)<RESET>
#		<BGREEN>+<RESET><BGREEN>{<RESET>
#		<GREEN>+<RESET><GREEN>foo(u);<RESET>
#		<BGREEN>+<RESET><BGREEN>if (!u->is_allowed_foo)<RESET>
#		<BGREEN>+<RESET><BGREEN>return;<RESET>
#		<GREEN>+<RESET><GREEN>}<RESET>
#		<GREEN>+<RESET>
#		 int another_function()<RESET>
#		 {<RESET>
#		 bar();<RESET>
#		EOF
#	
#		test_cmp expected actual
#	
not ok 112 - plain moved code, inside file
#	
#		test_config color.diff.oldMoved "normal red" &&
#		test_config color.diff.newMoved "normal green" &&
#		test_config color.diff.oldMovedAlternative "blue" &&
#		test_config color.diff.newMovedAlternative "yellow" &&
#		# needs previous test as setup
#		git diff HEAD --no-renames --color-moved=plain --color >actual.raw &&
#		test_decode_color <actual.raw >actual &&
#		cat <<-EOF >expected &&
#		<BOLD>diff --git a/main.c b/main.c<RESET>
#		<BOLD>index $before_main..$after_main 100644<RESET>
#		<BOLD>--- a/main.c<RESET>
#		<BOLD>+++ b/main.c<RESET>
#		<CYAN>@@ -5,13 +5,6 @@<RESET> <RESET>printf("Hello ");<RESET>
#		 printf("World\n");<RESET>
#		 }<RESET>
#		 <RESET>
#		<BRED>-int secure_foo(struct user *u)<RESET>
#		<BRED>-{<RESET>
#		<BRED>-if (!u->is_allowed_foo)<RESET>
#		<BRED>-return;<RESET>
#		<BRED>-foo(u);<RESET>
#		<BRED>-}<RESET>
#		<BRED>-<RESET>
#		 int main()<RESET>
#		 {<RESET>
#		 foo();<RESET>
#		<BOLD>diff --git a/test.c b/test.c<RESET>
#		<BOLD>index $before_test..$after_test 100644<RESET>
#		<BOLD>--- a/test.c<RESET>
#		<BOLD>+++ b/test.c<RESET>
#		<CYAN>@@ -4,6 +4,13 @@<RESET> <RESET>int bar()<RESET>
#		 printf("Hello World, but different\n");<RESET>
#		 }<RESET>
#		 <RESET>
#		<BGREEN>+<RESET><BGREEN>int secure_foo(struct user *u)<RESET>
#		<BGREEN>+<RESET><BGREEN>{<RESET>
#		<BGREEN>+<RESET><BGREEN>foo(u);<RESET>
#		<BGREEN>+<RESET><BGREEN>if (!u->is_allowed_foo)<RESET>
#		<BGREEN>+<RESET><BGREEN>return;<RESET>
#		<BGREEN>+<RESET><BGREEN>}<RESET>
#		<BGREEN>+<RESET>
#		 int another_function()<RESET>
#		 {<RESET>
#		 bar();<RESET>
#		EOF
#	
#		test_cmp expected actual
#	
not ok 113 - detect blocks of moved code
#	
#		git reset --hard &&
#		cat <<-\EOF >lines.txt &&
#			long line 1
#			long line 2
#			long line 3
#			line 4
#			line 5
#			line 6
#			line 7
#			line 8
#			line 9
#			line 10
#			line 11
#			line 12
#			line 13
#			long line 14
#			long line 15
#			long line 16
#		EOF
#		git add lines.txt &&
#		git commit -m "add poetry" &&
#		cat <<-\EOF >lines.txt &&
#			line 4
#			line 5
#			line 6
#			line 7
#			line 8
#			line 9
#			long line 1
#			long line 2
#			long line 3
#			long line 14
#			long line 15
#			long line 16
#			line 10
#			line 11
#			line 12
#			line 13
#		EOF
#		test_config color.diff.oldMoved "magenta" &&
#		test_config color.diff.newMoved "cyan" &&
#		test_config color.diff.oldMovedAlternative "blue" &&
#		test_config color.diff.newMovedAlternative "yellow" &&
#		test_config color.diff.oldMovedDimmed "normal magenta" &&
#		test_config color.diff.newMovedDimmed "normal cyan" &&
#		test_config color.diff.oldMovedAlternativeDimmed "normal blue" &&
#		test_config color.diff.newMovedAlternativeDimmed "normal yellow" &&
#		git diff HEAD --no-renames --color-moved=blocks --color >actual.raw &&
#		grep -v "index" actual.raw | test_decode_color >actual &&
#		cat <<-\EOF >expected &&
#		<BOLD>diff --git a/lines.txt b/lines.txt<RESET>
#		<BOLD>--- a/lines.txt<RESET>
#		<BOLD>+++ b/lines.txt<RESET>
#		<CYAN>@@ -1,16 +1,16 @@<RESET>
#		<MAGENTA>-long line 1<RESET>
#		<MAGENTA>-long line 2<RESET>
#		<MAGENTA>-long line 3<RESET>
#		 line 4<RESET>
#		 line 5<RESET>
#		 line 6<RESET>
#		 line 7<RESET>
#		 line 8<RESET>
#		 line 9<RESET>
#		<CYAN>+<RESET><CYAN>long line 1<RESET>
#		<CYAN>+<RESET><CYAN>long line 2<RESET>
#		<CYAN>+<RESET><CYAN>long line 3<RESET>
#		<CYAN>+<RESET><CYAN>long line 14<RESET>
#		<CYAN>+<RESET><CYAN>long line 15<RESET>
#		<CYAN>+<RESET><CYAN>long line 16<RESET>
#		 line 10<RESET>
#		 line 11<RESET>
#		 line 12<RESET>
#		 line 13<RESET>
#		<MAGENTA>-long line 14<RESET>
#		<MAGENTA>-long line 15<RESET>
#		<MAGENTA>-long line 16<RESET>
#		EOF
#		test_cmp expected actual
#	
#	
not ok 114 - detect permutations inside moved code -- dimmed-zebra
#	
#		# reuse setup from test before!
#		test_config color.diff.oldMoved "magenta" &&
#		test_config color.diff.newMoved "cyan" &&
#		test_config color.diff.oldMovedAlternative "blue" &&
#		test_config color.diff.newMovedAlternative "yellow" &&
#		test_config color.diff.oldMovedDimmed "normal magenta" &&
#		test_config color.diff.newMovedDimmed "normal cyan" &&
#		test_config color.diff.oldMovedAlternativeDimmed "normal blue" &&
#		test_config color.diff.newMovedAlternativeDimmed "normal yellow" &&
#		git diff HEAD --no-renames --color-moved=dimmed-zebra --color >actual.raw &&
#		grep -v "index" actual.raw | test_decode_color >actual &&
#		cat <<-\EOF >expected &&
#		<BOLD>diff --git a/lines.txt b/lines.txt<RESET>
#		<BOLD>--- a/lines.txt<RESET>
#		<BOLD>+++ b/lines.txt<RESET>
#		<CYAN>@@ -1,16 +1,16 @@<RESET>
#		<BMAGENTA>-long line 1<RESET>
#		<BMAGENTA>-long line 2<RESET>
#		<BMAGENTA>-long line 3<RESET>
#		 line 4<RESET>
#		 line 5<RESET>
#		 line 6<RESET>
#		 line 7<RESET>
#		 line 8<RESET>
#		 line 9<RESET>
#		<BCYAN>+<RESET><BCYAN>long line 1<RESET>
#		<BCYAN>+<RESET><BCYAN>long line 2<RESET>
#		<CYAN>+<RESET><CYAN>long line 3<RESET>
#		<YELLOW>+<RESET><YELLOW>long line 14<RESET>
#		<BYELLOW>+<RESET><BYELLOW>long line 15<RESET>
#		<BYELLOW>+<RESET><BYELLOW>long line 16<RESET>
#		 line 10<RESET>
#		 line 11<RESET>
#		 line 12<RESET>
#		 line 13<RESET>
#		<BMAGENTA>-long line 14<RESET>
#		<BMAGENTA>-long line 15<RESET>
#		<BMAGENTA>-long line 16<RESET>
#		EOF
#		test_cmp expected actual
#	
not ok 115 - zebra alternate color is only used when necessary
#	
#		cat >old.txt <<-\EOF &&
#		line 1A should be marked as oldMoved newMovedAlternate
#		line 1B should be marked as oldMoved newMovedAlternate
#		unchanged
#		line 2A should be marked as oldMoved newMovedAlternate
#		line 2B should be marked as oldMoved newMovedAlternate
#		line 3A should be marked as oldMovedAlternate newMoved
#		line 3B should be marked as oldMovedAlternate newMoved
#		unchanged
#		line 4A should be marked as oldMoved newMovedAlternate
#		line 4B should be marked as oldMoved newMovedAlternate
#		line 5A should be marked as oldMovedAlternate newMoved
#		line 5B should be marked as oldMovedAlternate newMoved
#		line 6A should be marked as oldMoved newMoved
#		line 6B should be marked as oldMoved newMoved
#		EOF
#		cat >new.txt <<-\EOF &&
#		  line 1A should be marked as oldMoved newMovedAlternate
#		  line 1B should be marked as oldMoved newMovedAlternate
#		unchanged
#		  line 3A should be marked as oldMovedAlternate newMoved
#		  line 3B should be marked as oldMovedAlternate newMoved
#		  line 2A should be marked as oldMoved newMovedAlternate
#		  line 2B should be marked as oldMoved newMovedAlternate
#		unchanged
#		  line 6A should be marked as oldMoved newMoved
#		  line 6B should be marked as oldMoved newMoved
#		    line 4A should be marked as oldMoved newMovedAlternate
#		    line 4B should be marked as oldMoved newMovedAlternate
#		  line 5A should be marked as oldMovedAlternate newMoved
#		  line 5B should be marked as oldMovedAlternate newMoved
#		EOF
#		test_expect_code 1 git diff --no-index --color --color-moved=zebra \
#			 --color-moved-ws=allow-indentation-change \
#			 old.txt new.txt >output &&
#		grep -v index output | test_decode_color >actual &&
#		cat >expected <<-\EOF &&
#		<BOLD>diff --git a/old.txt b/new.txt<RESET>
#		<BOLD>--- a/old.txt<RESET>
#		<BOLD>+++ b/new.txt<RESET>
#		<CYAN>@@ -1,14 +1,14 @@<RESET>
#		<BOLD;MAGENTA>-line 1A should be marked as oldMoved newMovedAlternate<RESET>
#		<BOLD;MAGENTA>-line 1B should be marked as oldMoved newMovedAlternate<RESET>
#		<BOLD;CYAN>+<RESET><BOLD;CYAN>  line 1A should be marked as oldMoved newMovedAlternate<RESET>
#		<BOLD;CYAN>+<RESET><BOLD;CYAN>  line 1B should be marked as oldMoved newMovedAlternate<RESET>
#		 unchanged<RESET>
#		<BOLD;MAGENTA>-line 2A should be marked as oldMoved newMovedAlternate<RESET>
#		<BOLD;MAGENTA>-line 2B should be marked as oldMoved newMovedAlternate<RESET>
#		<BOLD;BLUE>-line 3A should be marked as oldMovedAlternate newMoved<RESET>
#		<BOLD;BLUE>-line 3B should be marked as oldMovedAlternate newMoved<RESET>
#		<BOLD;CYAN>+<RESET><BOLD;CYAN>  line 3A should be marked as oldMovedAlternate newMoved<RESET>
#		<BOLD;CYAN>+<RESET><BOLD;CYAN>  line 3B should be marked as oldMovedAlternate newMoved<RESET>
#		<BOLD;YELLOW>+<RESET><BOLD;YELLOW>  line 2A should be marked as oldMoved newMovedAlternate<RESET>
#		<BOLD;YELLOW>+<RESET><BOLD;YELLOW>  line 2B should be marked as oldMoved newMovedAlternate<RESET>
#		 unchanged<RESET>
#		<BOLD;MAGENTA>-line 4A should be marked as oldMoved newMovedAlternate<RESET>
#		<BOLD;MAGENTA>-line 4B should be marked as oldMoved newMovedAlternate<RESET>
#		<BOLD;BLUE>-line 5A should be marked as oldMovedAlternate newMoved<RESET>
#		<BOLD;BLUE>-line 5B should be marked as oldMovedAlternate newMoved<RESET>
#		<BOLD;MAGENTA>-line 6A should be marked as oldMoved newMoved<RESET>
#		<BOLD;MAGENTA>-line 6B should be marked as oldMoved newMoved<RESET>
#		<BOLD;CYAN>+<RESET><BOLD;CYAN>  line 6A should be marked as oldMoved newMoved<RESET>
#		<BOLD;CYAN>+<RESET><BOLD;CYAN>  line 6B should be marked as oldMoved newMoved<RESET>
#		<BOLD;YELLOW>+<RESET><BOLD;YELLOW>    line 4A should be marked as oldMoved newMovedAlternate<RESET>
#		<BOLD;YELLOW>+<RESET><BOLD;YELLOW>    line 4B should be marked as oldMoved newMovedAlternate<RESET>
#		<BOLD;CYAN>+<RESET><BOLD;CYAN>  line 5A should be marked as oldMovedAlternate newMoved<RESET>
#		<BOLD;CYAN>+<RESET><BOLD;CYAN>  line 5B should be marked as oldMovedAlternate newMoved<RESET>
#		EOF
#		test_cmp expected actual
#	
not ok 116 - short lines of opposite sign do not get marked as moved
#	
#		cat >old.txt <<-\EOF &&
#		this line should be marked as moved
#		unchanged
#		unchanged
#		unchanged
#		unchanged
#		too short
#		this line should be marked as oldMoved newMoved
#		this line should be marked as oldMovedAlternate newMoved
#		unchanged 1
#		unchanged 2
#		unchanged 3
#		unchanged 4
#		this line should be marked as oldMoved newMoved/newMovedAlternate
#		EOF
#		cat >new.txt <<-\EOF &&
#		too short
#		unchanged
#		unchanged
#		this line should be marked as moved
#		too short
#		unchanged
#		unchanged
#		this line should be marked as oldMoved newMoved/newMovedAlternate
#		unchanged 1
#		unchanged 2
#		this line should be marked as oldMovedAlternate newMoved
#		this line should be marked as oldMoved newMoved/newMovedAlternate
#		unchanged 3
#		this line should be marked as oldMoved newMoved
#		unchanged 4
#		EOF
#		test_expect_code 1 git diff --no-index --color --color-moved=zebra \
#			old.txt new.txt >output && cat output &&
#		grep -v index output | test_decode_color >actual &&
#		cat >expect <<-\EOF &&
#		<BOLD>diff --git a/old.txt b/new.txt<RESET>
#		<BOLD>--- a/old.txt<RESET>
#		<BOLD>+++ b/new.txt<RESET>
#		<CYAN>@@ -1,13 +1,15 @@<RESET>
#		<BOLD;MAGENTA>-this line should be marked as moved<RESET>
#		<GREEN>+<RESET><GREEN>too short<RESET>
#		 unchanged<RESET>
#		 unchanged<RESET>
#		<BOLD;CYAN>+<RESET><BOLD;CYAN>this line should be marked as moved<RESET>
#		<GREEN>+<RESET><GREEN>too short<RESET>
#		 unchanged<RESET>
#		 unchanged<RESET>
#		<RED>-too short<RESET>
#		<BOLD;MAGENTA>-this line should be marked as oldMoved newMoved<RESET>
#		<BOLD;BLUE>-this line should be marked as oldMovedAlternate newMoved<RESET>
#		<BOLD;CYAN>+<RESET><BOLD;CYAN>this line should be marked as oldMoved newMoved/newMovedAlternate<RESET>
#		 unchanged 1<RESET>
#		 unchanged 2<RESET>
#		<BOLD;CYAN>+<RESET><BOLD;CYAN>this line should be marked as oldMovedAlternate newMoved<RESET>
#		<BOLD;YELLOW>+<RESET><BOLD;YELLOW>this line should be marked as oldMoved newMoved/newMovedAlternate<RESET>
#		 unchanged 3<RESET>
#		<BOLD;CYAN>+<RESET><BOLD;CYAN>this line should be marked as oldMoved newMoved<RESET>
#		 unchanged 4<RESET>
#		<BOLD;MAGENTA>-this line should be marked as oldMoved newMoved/newMovedAlternate<RESET>
#		EOF
#		test_cmp expect actual
#	
not ok 117 - cmd option assumes configured colored-moved
#	
#		test_config color.diff.oldMoved "magenta" &&
#		test_config color.diff.newMoved "cyan" &&
#		test_config color.diff.oldMovedAlternative "blue" &&
#		test_config color.diff.newMovedAlternative "yellow" &&
#		test_config color.diff.oldMovedDimmed "normal magenta" &&
#		test_config color.diff.newMovedDimmed "normal cyan" &&
#		test_config color.diff.oldMovedAlternativeDimmed "normal blue" &&
#		test_config color.diff.newMovedAlternativeDimmed "normal yellow" &&
#		test_config diff.colorMoved zebra &&
#		git diff HEAD --no-renames --color-moved --color >actual.raw &&
#		grep -v "index" actual.raw | test_decode_color >actual &&
#		cat <<-\EOF >expected &&
#		<BOLD>diff --git a/lines.txt b/lines.txt<RESET>
#		<BOLD>--- a/lines.txt<RESET>
#		<BOLD>+++ b/lines.txt<RESET>
#		<CYAN>@@ -1,16 +1,16 @@<RESET>
#		<MAGENTA>-long line 1<RESET>
#		<MAGENTA>-long line 2<RESET>
#		<MAGENTA>-long line 3<RESET>
#		 line 4<RESET>
#		 line 5<RESET>
#		 line 6<RESET>
#		 line 7<RESET>
#		 line 8<RESET>
#		 line 9<RESET>
#		<CYAN>+<RESET><CYAN>long line 1<RESET>
#		<CYAN>+<RESET><CYAN>long line 2<RESET>
#		<CYAN>+<RESET><CYAN>long line 3<RESET>
#		<YELLOW>+<RESET><YELLOW>long line 14<RESET>
#		<YELLOW>+<RESET><YELLOW>long line 15<RESET>
#		<YELLOW>+<RESET><YELLOW>long line 16<RESET>
#		 line 10<RESET>
#		 line 11<RESET>
#		 line 12<RESET>
#		 line 13<RESET>
#		<MAGENTA>-long line 14<RESET>
#		<MAGENTA>-long line 15<RESET>
#		<MAGENTA>-long line 16<RESET>
#		EOF
#		test_cmp expected actual
#	
ok 118 - no effect on diff from --color-moved with --word-diff
ok 119 - no effect on show from --color-moved with --word-diff
ok 120 - set up whitespace tests
not ok 121 - move detection ignoring whitespace 
#	
#		q_to_tab <<-\EOF >lines.txt &&
#		Qlong line 6
#		Qlong line 7
#		Qlong line 8
#		Qchanged long line 9
#		line 1
#		line 2
#		line 3
#		line 4
#		line 5
#		EOF
#		git diff HEAD --no-renames --color-moved --color >actual.raw &&
#		grep -v "index" actual.raw | test_decode_color >actual &&
#		cat <<-\EOF >expected &&
#		<BOLD>diff --git a/lines.txt b/lines.txt<RESET>
#		<BOLD>--- a/lines.txt<RESET>
#		<BOLD>+++ b/lines.txt<RESET>
#		<CYAN>@@ -1,9 +1,9 @@<RESET>
#		<GREEN>+<RESET>	<GREEN>long line 6<RESET>
#		<GREEN>+<RESET>	<GREEN>long line 7<RESET>
#		<GREEN>+<RESET>	<GREEN>long line 8<RESET>
#		<GREEN>+<RESET>	<GREEN>changed long line 9<RESET>
#		 line 1<RESET>
#		 line 2<RESET>
#		 line 3<RESET>
#		 line 4<RESET>
#		 line 5<RESET>
#		<RED>-long line 6<RESET>
#		<RED>-long line 7<RESET>
#		<RED>-long line 8<RESET>
#		<RED>-long line 9<RESET>
#		EOF
#		test_cmp expected actual &&
#	
#		git diff HEAD --no-renames --color-moved --color \
#			--color-moved-ws=ignore-all-space >actual.raw &&
#		grep -v "index" actual.raw | test_decode_color >actual &&
#		cat <<-\EOF >expected &&
#		<BOLD>diff --git a/lines.txt b/lines.txt<RESET>
#		<BOLD>--- a/lines.txt<RESET>
#		<BOLD>+++ b/lines.txt<RESET>
#		<CYAN>@@ -1,9 +1,9 @@<RESET>
#		<CYAN>+<RESET>	<CYAN>long line 6<RESET>
#		<CYAN>+<RESET>	<CYAN>long line 7<RESET>
#		<CYAN>+<RESET>	<CYAN>long line 8<RESET>
#		<GREEN>+<RESET>	<GREEN>changed long line 9<RESET>
#		 line 1<RESET>
#		 line 2<RESET>
#		 line 3<RESET>
#		 line 4<RESET>
#		 line 5<RESET>
#		<MAGENTA>-long line 6<RESET>
#		<MAGENTA>-long line 7<RESET>
#		<MAGENTA>-long line 8<RESET>
#		<RED>-long line 9<RESET>
#		EOF
#		test_cmp expected actual
#	
not ok 122 - move detection ignoring whitespace changes
#	
#		git reset --hard &&
#		# Lines 6-8 have a space change, but 9 is new whitespace
#		q_to_tab <<-\EOF >lines.txt &&
#		longQline 6
#		longQline 7
#		longQline 8
#		long liQne 9
#		line 1
#		line 2
#		line 3
#		line 4
#		line 5
#		EOF
#	
#		git diff HEAD --no-renames --color-moved --color >actual.raw &&
#		grep -v "index" actual.raw | test_decode_color >actual &&
#		cat <<-\EOF >expected &&
#		<BOLD>diff --git a/lines.txt b/lines.txt<RESET>
#		<BOLD>--- a/lines.txt<RESET>
#		<BOLD>+++ b/lines.txt<RESET>
#		<CYAN>@@ -1,9 +1,9 @@<RESET>
#		<GREEN>+<RESET><GREEN>long	line 6<RESET>
#		<GREEN>+<RESET><GREEN>long	line 7<RESET>
#		<GREEN>+<RESET><GREEN>long	line 8<RESET>
#		<GREEN>+<RESET><GREEN>long li	ne 9<RESET>
#		 line 1<RESET>
#		 line 2<RESET>
#		 line 3<RESET>
#		 line 4<RESET>
#		 line 5<RESET>
#		<RED>-long line 6<RESET>
#		<RED>-long line 7<RESET>
#		<RED>-long line 8<RESET>
#		<RED>-long line 9<RESET>
#		EOF
#		test_cmp expected actual &&
#	
#		git diff HEAD --no-renames --color-moved --color \
#			--color-moved-ws=ignore-space-change >actual.raw &&
#		grep -v "index" actual.raw | test_decode_color >actual &&
#		cat <<-\EOF >expected &&
#		<BOLD>diff --git a/lines.txt b/lines.txt<RESET>
#		<BOLD>--- a/lines.txt<RESET>
#		<BOLD>+++ b/lines.txt<RESET>
#		<CYAN>@@ -1,9 +1,9 @@<RESET>
#		<CYAN>+<RESET><CYAN>long	line 6<RESET>
#		<CYAN>+<RESET><CYAN>long	line 7<RESET>
#		<CYAN>+<RESET><CYAN>long	line 8<RESET>
#		<GREEN>+<RESET><GREEN>long li	ne 9<RESET>
#		 line 1<RESET>
#		 line 2<RESET>
#		 line 3<RESET>
#		 line 4<RESET>
#		 line 5<RESET>
#		<MAGENTA>-long line 6<RESET>
#		<MAGENTA>-long line 7<RESET>
#		<MAGENTA>-long line 8<RESET>
#		<RED>-long line 9<RESET>
#		EOF
#		test_cmp expected actual
#	
not ok 123 - move detection ignoring whitespace at eol
#	
#		git reset --hard &&
#		# Lines 6-9 have new eol whitespace, but 9 also has it in the middle
#		q_to_tab <<-\EOF >lines.txt &&
#		long line 6Q
#		long line 7Q
#		long line 8Q
#		longQline 9Q
#		line 1
#		line 2
#		line 3
#		line 4
#		line 5
#		EOF
#	
#		# avoid cluttering the output with complaints about our eol whitespace
#		test_config core.whitespace -blank-at-eol &&
#	
#		git diff HEAD --no-renames --color-moved --color >actual.raw &&
#		grep -v "index" actual.raw | test_decode_color >actual &&
#		cat <<-\EOF >expected &&
#		<BOLD>diff --git a/lines.txt b/lines.txt<RESET>
#		<BOLD>--- a/lines.txt<RESET>
#		<BOLD>+++ b/lines.txt<RESET>
#		<CYAN>@@ -1,9 +1,9 @@<RESET>
#		<GREEN>+<RESET><GREEN>long line 6	<RESET>
#		<GREEN>+<RESET><GREEN>long line 7	<RESET>
#		<GREEN>+<RESET><GREEN>long line 8	<RESET>
#		<GREEN>+<RESET><GREEN>long	line 9	<RESET>
#		 line 1<RESET>
#		 line 2<RESET>
#		 line 3<RESET>
#		 line 4<RESET>
#		 line 5<RESET>
#		<RED>-long line 6<RESET>
#		<RED>-long line 7<RESET>
#		<RED>-long line 8<RESET>
#		<RED>-long line 9<RESET>
#		EOF
#		test_cmp expected actual &&
#	
#		git diff HEAD --no-renames --color-moved --color \
#			--color-moved-ws=ignore-space-at-eol >actual.raw &&
#		grep -v "index" actual.raw | test_decode_color >actual &&
#		cat <<-\EOF >expected &&
#		<BOLD>diff --git a/lines.txt b/lines.txt<RESET>
#		<BOLD>--- a/lines.txt<RESET>
#		<BOLD>+++ b/lines.txt<RESET>
#		<CYAN>@@ -1,9 +1,9 @@<RESET>
#		<CYAN>+<RESET><CYAN>long line 6	<RESET>
#		<CYAN>+<RESET><CYAN>long line 7	<RESET>
#		<CYAN>+<RESET><CYAN>long line 8	<RESET>
#		<GREEN>+<RESET><GREEN>long	line 9	<RESET>
#		 line 1<RESET>
#		 line 2<RESET>
#		 line 3<RESET>
#		 line 4<RESET>
#		 line 5<RESET>
#		<MAGENTA>-long line 6<RESET>
#		<MAGENTA>-long line 7<RESET>
#		<MAGENTA>-long line 8<RESET>
#		<RED>-long line 9<RESET>
#		EOF
#		test_cmp expected actual
#	
ok 124 - clean up whitespace-test colors
not ok 125 - --color-moved block at end of diff output respects MIN_ALNUM_COUNT
#	
#		git reset --hard &&
#		>bar &&
#		cat <<-\EOF >foo &&
#		irrelevant_line
#		line1
#		EOF
#		git add foo bar &&
#		git commit -m x &&
#	
#		cat <<-\EOF >bar &&
#		line1
#		EOF
#		cat <<-\EOF >foo &&
#		irrelevant_line
#		EOF
#	
#		git diff HEAD --color-moved=zebra --color --no-renames >actual.raw &&
#		grep -v "index" actual.raw | test_decode_color >actual &&
#		cat >expected <<-\EOF &&
#		<BOLD>diff --git a/bar b/bar<RESET>
#		<BOLD>--- a/bar<RESET>
#		<BOLD>+++ b/bar<RESET>
#		<CYAN>@@ -0,0 +1 @@<RESET>
#		<GREEN>+<RESET><GREEN>line1<RESET>
#		<BOLD>diff --git a/foo b/foo<RESET>
#		<BOLD>--- a/foo<RESET>
#		<BOLD>+++ b/foo<RESET>
#		<CYAN>@@ -1,2 +1 @@<RESET>
#		 irrelevant_line<RESET>
#		<RED>-line1<RESET>
#		EOF
#	
#		test_cmp expected actual
#	
not ok 126 - --color-moved respects MIN_ALNUM_COUNT
#	
#		git reset --hard &&
#		cat <<-\EOF >foo &&
#		nineteen chars 456789
#		irrelevant_line
#		twenty chars 234567890
#		EOF
#		>bar &&
#		git add foo bar &&
#		git commit -m x &&
#	
#		cat <<-\EOF >foo &&
#		irrelevant_line
#		EOF
#		cat <<-\EOF >bar &&
#		twenty chars 234567890
#		nineteen chars 456789
#		EOF
#	
#		git diff HEAD --color-moved=zebra --color --no-renames >actual.raw &&
#		grep -v "index" actual.raw | test_decode_color >actual &&
#		cat >expected <<-\EOF &&
#		<BOLD>diff --git a/bar b/bar<RESET>
#		<BOLD>--- a/bar<RESET>
#		<BOLD>+++ b/bar<RESET>
#		<CYAN>@@ -0,0 +1,2 @@<RESET>
#		<BOLD;CYAN>+<RESET><BOLD;CYAN>twenty chars 234567890<RESET>
#		<GREEN>+<RESET><GREEN>nineteen chars 456789<RESET>
#		<BOLD>diff --git a/foo b/foo<RESET>
#		<BOLD>--- a/foo<RESET>
#		<BOLD>+++ b/foo<RESET>
#		<CYAN>@@ -1,3 +1 @@<RESET>
#		<RED>-nineteen chars 456789<RESET>
#		 irrelevant_line<RESET>
#		<BOLD;MAGENTA>-twenty chars 234567890<RESET>
#		EOF
#	
#		test_cmp expected actual
#	
not ok 127 - --color-moved treats adjacent blocks as separate for MIN_ALNUM_COUNT
#	
#		git reset --hard &&
#		cat <<-\EOF >foo &&
#		7charsA
#		irrelevant_line
#		7charsB
#		7charsC
#		EOF
#		>bar &&
#		git add foo bar &&
#		git commit -m x &&
#	
#		cat <<-\EOF >foo &&
#		irrelevant_line
#		EOF
#		cat <<-\EOF >bar &&
#		7charsB
#		7charsC
#		7charsA
#		EOF
#	
#		git diff HEAD --color-moved=zebra --color --no-renames >actual.raw &&
#		grep -v "index" actual.raw | test_decode_color >actual &&
#		cat >expected <<-\EOF &&
#		<BOLD>diff --git a/bar b/bar<RESET>
#		<BOLD>--- a/bar<RESET>
#		<BOLD>+++ b/bar<RESET>
#		<CYAN>@@ -0,0 +1,3 @@<RESET>
#		<GREEN>+<RESET><GREEN>7charsB<RESET>
#		<GREEN>+<RESET><GREEN>7charsC<RESET>
#		<GREEN>+<RESET><GREEN>7charsA<RESET>
#		<BOLD>diff --git a/foo b/foo<RESET>
#		<BOLD>--- a/foo<RESET>
#		<BOLD>+++ b/foo<RESET>
#		<CYAN>@@ -1,4 +1 @@<RESET>
#		<RED>-7charsA<RESET>
#		 irrelevant_line<RESET>
#		<RED>-7charsB<RESET>
#		<RED>-7charsC<RESET>
#		EOF
#	
#		test_cmp expected actual
#	
not ok 128 - --color-moved rewinds for MIN_ALNUM_COUNT
#	
#		git reset --hard &&
#		test_write_lines >file \
#			A B C one two three four five six seven D E F G H I J &&
#		git add file &&
#		test_write_lines >file \
#			one two A B C D E F G H I J two three four five six seven &&
#		git diff --color-moved=zebra -- file &&
#	
#		git diff --color-moved=zebra --color -- file >actual.raw &&
#		grep -v "index" actual.raw | test_decode_color >actual &&
#		cat >expected <<-\EOF &&
#		<BOLD>diff --git a/file b/file<RESET>
#		<BOLD>--- a/file<RESET>
#		<BOLD>+++ b/file<RESET>
#		<CYAN>@@ -1,13 +1,8 @@<RESET>
#		<GREEN>+<RESET><GREEN>one<RESET>
#		<GREEN>+<RESET><GREEN>two<RESET>
#		 A<RESET>
#		 B<RESET>
#		 C<RESET>
#		<RED>-one<RESET>
#		<BOLD;MAGENTA>-two<RESET>
#		<BOLD;MAGENTA>-three<RESET>
#		<BOLD;MAGENTA>-four<RESET>
#		<BOLD;MAGENTA>-five<RESET>
#		<BOLD;MAGENTA>-six<RESET>
#		<BOLD;MAGENTA>-seven<RESET>
#		 D<RESET>
#		 E<RESET>
#		 F<RESET>
#		<CYAN>@@ -15,3 +10,9 @@<RESET> <RESET>G<RESET>
#		 H<RESET>
#		 I<RESET>
#		 J<RESET>
#		<BOLD;CYAN>+<RESET><BOLD;CYAN>two<RESET>
#		<BOLD;CYAN>+<RESET><BOLD;CYAN>three<RESET>
#		<BOLD;CYAN>+<RESET><BOLD;CYAN>four<RESET>
#		<BOLD;CYAN>+<RESET><BOLD;CYAN>five<RESET>
#		<BOLD;CYAN>+<RESET><BOLD;CYAN>six<RESET>
#		<BOLD;CYAN>+<RESET><BOLD;CYAN>seven<RESET>
#		EOF
#	
#		test_cmp expected actual
#	
ok 129 - move detection with submodules
not ok 130 - only move detection ignores white spaces
#	
#		git reset --hard &&
#		q_to_tab <<-\EOF >text.txt &&
#			a long line to exceed per-line minimum
#			another long line to exceed per-line minimum
#			original file
#		EOF
#		git add text.txt &&
#		git commit -m "add text" &&
#		q_to_tab <<-\EOF >text.txt &&
#			Qa long line to exceed per-line minimum
#			Qanother long line to exceed per-line minimum
#			new file
#		EOF
#	
#		# Make sure we get a different diff using -w
#		git diff --color --color-moved -w >actual.raw &&
#		grep -v "index" actual.raw | test_decode_color >actual &&
#		q_to_tab <<-\EOF >expected &&
#		<BOLD>diff --git a/text.txt b/text.txt<RESET>
#		<BOLD>--- a/text.txt<RESET>
#		<BOLD>+++ b/text.txt<RESET>
#		<CYAN>@@ -1,3 +1,3 @@<RESET>
#		 Qa long line to exceed per-line minimum<RESET>
#		 Qanother long line to exceed per-line minimum<RESET>
#		<RED>-original file<RESET>
#		<GREEN>+<RESET><GREEN>new file<RESET>
#		EOF
#		test_cmp expected actual &&
#	
#		# And now ignoring white space only in the move detection
#		git diff --color --color-moved \
#			--color-moved-ws=ignore-all-space,ignore-space-change,ignore-space-at-eol >actual.raw &&
#		grep -v "index" actual.raw | test_decode_color >actual &&
#		q_to_tab <<-\EOF >expected &&
#		<BOLD>diff --git a/text.txt b/text.txt<RESET>
#		<BOLD>--- a/text.txt<RESET>
#		<BOLD>+++ b/text.txt<RESET>
#		<CYAN>@@ -1,3 +1,3 @@<RESET>
#		<BOLD;MAGENTA>-a long line to exceed per-line minimum<RESET>
#		<BOLD;MAGENTA>-another long line to exceed per-line minimum<RESET>
#		<RED>-original file<RESET>
#		<BOLD;CYAN>+<RESET>Q<BOLD;CYAN>a long line to exceed per-line minimum<RESET>
#		<BOLD;CYAN>+<RESET>Q<BOLD;CYAN>another long line to exceed per-line minimum<RESET>
#		<GREEN>+<RESET><GREEN>new file<RESET>
#		EOF
#		test_cmp expected actual
#	
not ok 131 - compare whitespace delta across moved blocks
#	
#	
#		git reset --hard &&
#		q_to_tab <<-\EOF >text.txt &&
#		QIndented
#		QText across
#		Qsome lines
#		QBut! <- this stands out
#		QAdjusting with
#		QQdifferent starting
#		Qwhite spaces
#		QAnother outlier
#		QQQIndented
#		QQQText across
#		QQQfive lines
#		QQQthat has similar lines
#		QQQto previous blocks, but with different indent
#		QQQYetQAnotherQoutlierQ
#		QLine with internal w h i t e s p a c e change
#		EOF
#	
#		git add text.txt &&
#		git commit -m "add text.txt" &&
#	
#		q_to_tab <<-\EOF >text.txt &&
#		QQIndented
#		QQText across
#		QQsome lines
#		QQQBut! <- this stands out
#		Adjusting with
#		Qdifferent starting
#		white spaces
#		AnotherQoutlier
#		QQIndented
#		QQText across
#		QQfive lines
#		QQthat has similar lines
#		QQto previous blocks, but with different indent
#		QQYetQAnotherQoutlier
#		QLine with internal whitespace change
#		EOF
#	
#		git diff --color --color-moved --color-moved-ws=allow-indentation-change >actual.raw &&
#		grep -v "index" actual.raw | test_decode_color >actual &&
#	
#		q_to_tab <<-\EOF >expected &&
#			<BOLD>diff --git a/text.txt b/text.txt<RESET>
#			<BOLD>--- a/text.txt<RESET>
#			<BOLD>+++ b/text.txt<RESET>
#			<CYAN>@@ -1,15 +1,15 @@<RESET>
#			<BOLD;MAGENTA>-QIndented<RESET>
#			<BOLD;MAGENTA>-QText across<RESET>
#			<BOLD;MAGENTA>-Qsome lines<RESET>
#			<RED>-QBut! <- this stands out<RESET>
#			<BOLD;MAGENTA>-QAdjusting with<RESET>
#			<BOLD;MAGENTA>-QQdifferent starting<RESET>
#			<BOLD;MAGENTA>-Qwhite spaces<RESET>
#			<RED>-QAnother outlier<RESET>
#			<BOLD;MAGENTA>-QQQIndented<RESET>
#			<BOLD;MAGENTA>-QQQText across<RESET>
#			<BOLD;MAGENTA>-QQQfive lines<RESET>
#			<BOLD;MAGENTA>-QQQthat has similar lines<RESET>
#			<BOLD;MAGENTA>-QQQto previous blocks, but with different indent<RESET>
#			<RED>-QQQYetQAnotherQoutlierQ<RESET>
#			<RED>-QLine with internal w h i t e s p a c e change<RESET>
#			<BOLD;CYAN>+<RESET>QQ<BOLD;CYAN>Indented<RESET>
#			<BOLD;CYAN>+<RESET>QQ<BOLD;CYAN>Text across<RESET>
#			<BOLD;CYAN>+<RESET>QQ<BOLD;CYAN>some lines<RESET>
#			<GREEN>+<RESET>QQQ<GREEN>But! <- this stands out<RESET>
#			<BOLD;CYAN>+<RESET><BOLD;CYAN>Adjusting with<RESET>
#			<BOLD;CYAN>+<RESET>Q<BOLD;CYAN>different starting<RESET>
#			<BOLD;CYAN>+<RESET><BOLD;CYAN>white spaces<RESET>
#			<GREEN>+<RESET><GREEN>AnotherQoutlier<RESET>
#			<BOLD;CYAN>+<RESET>QQ<BOLD;CYAN>Indented<RESET>
#			<BOLD;CYAN>+<RESET>QQ<BOLD;CYAN>Text across<RESET>
#			<BOLD;CYAN>+<RESET>QQ<BOLD;CYAN>five lines<RESET>
#			<BOLD;CYAN>+<RESET>QQ<BOLD;CYAN>that has similar lines<RESET>
#			<BOLD;CYAN>+<RESET>QQ<BOLD;CYAN>to previous blocks, but with different indent<RESET>
#			<GREEN>+<RESET>QQ<GREEN>YetQAnotherQoutlier<RESET>
#			<GREEN>+<RESET>Q<GREEN>Line with internal whitespace change<RESET>
#		EOF
#	
#		test_cmp expected actual
#	
not ok 132 - bogus settings in move detection erroring out
#	
#		test_must_fail git diff --color-moved=bogus 2>err &&
#		test_grep "must be one of" err &&
#		test_grep bogus err &&
#	
#		test_must_fail git -c diff.colormoved=bogus diff 2>err &&
#		test_grep "must be one of" err &&
#		test_grep "from command-line config" err &&
#	
#		test_must_fail git diff --color-moved-ws=bogus 2>err &&
#		test_grep "possible values" err &&
#		test_grep bogus err &&
#	
#		test_must_fail git -c diff.colormovedws=bogus diff 2>err &&
#		test_grep "possible values" err &&
#		test_grep "from command-line config" err
#	
not ok 133 - compare whitespace delta incompatible with other space options
#	
#		test_must_fail git diff \
#			--color-moved-ws=allow-indentation-change,ignore-all-space \
#			2>err &&
#		test_grep allow-indentation-change err
#	
not ok 134 - compare mixed whitespace delta across moved blocks
#	
#	
#		git reset --hard &&
#		tr "^|Q_" "\f\v\t " <<-EOF >text.txt &&
#		^__
#		|____too short without
#		^
#		___being grouped across blank line
#		${EMPTY}
#		context
#		lines
#		to
#		anchor
#		____Indented text to
#		_Q____be further indented by four spaces across
#		____Qseveral lines
#		QQ____These two lines have had their
#		____indentation reduced by four spaces
#		Qdifferent indentation change
#		____too short
#		EOF
#	
#		git add text.txt &&
#		git commit -m "add text.txt" &&
#	
#		tr "^|Q_" "\f\v\t " <<-EOF >text.txt &&
#		context
#		lines
#		to
#		anchor
#		QIndented text to
#		QQbe further indented by four spaces across
#		Q____several lines
#		${EMPTY}
#		QQtoo short without
#		${EMPTY}
#		^Q_______being grouped across blank line
#		${EMPTY}
#		Q_QThese two lines have had their
#		indentation reduced by four spaces
#		QQdifferent indentation change
#		__Qtoo short
#		EOF
#	
#		git -c color.diff.whitespace="normal red" \
#			-c core.whitespace=space-before-tab \
#			diff --color --color-moved --ws-error-highlight=all \
#			--color-moved-ws=allow-indentation-change >actual.raw &&
#		grep -v "index" actual.raw | tr "\f\v" "^|" | test_decode_color >actual &&
#	
#		cat <<-\EOF >expected &&
#		<BOLD>diff --git a/text.txt b/text.txt<RESET>
#		<BOLD>--- a/text.txt<RESET>
#		<BOLD>+++ b/text.txt<RESET>
#		<CYAN>@@ -1,16 +1,16 @@<RESET>
#		<BOLD;MAGENTA>-<RESET><BOLD;MAGENTA>^<RESET><BRED>  <RESET>
#		<BOLD;MAGENTA>-<RESET><BOLD;MAGENTA>|    too short without<RESET>
#		<BOLD;MAGENTA>-<RESET><BOLD;MAGENTA>^<RESET>
#		<BOLD;MAGENTA>-<RESET><BOLD;MAGENTA>   being grouped across blank line<RESET>
#		<BOLD;MAGENTA>-<RESET>
#		 <RESET>context<RESET>
#		 <RESET>lines<RESET>
#		 <RESET>to<RESET>
#		 <RESET>anchor<RESET>
#		<BOLD;MAGENTA>-<RESET><BOLD;MAGENTA>    Indented text to<RESET>
#		<BOLD;MAGENTA>-<RESET><BRED> <RESET>	<BOLD;MAGENTA>    be further indented by four spaces across<RESET>
#		<BOLD;MAGENTA>-<RESET><BRED>    <RESET>	<BOLD;MAGENTA>several lines<RESET>
#		<BOLD;BLUE>-<RESET>		<BOLD;BLUE>    These two lines have had their<RESET>
#		<BOLD;BLUE>-<RESET><BOLD;BLUE>    indentation reduced by four spaces<RESET>
#		<BOLD;MAGENTA>-<RESET>	<BOLD;MAGENTA>different indentation change<RESET>
#		<RED>-<RESET><RED>    too short<RESET>
#		<BOLD;CYAN>+<RESET>	<BOLD;CYAN>Indented text to<RESET>
#		<BOLD;CYAN>+<RESET>		<BOLD;CYAN>be further indented by four spaces across<RESET>
#		<BOLD;CYAN>+<RESET>	<BOLD;CYAN>    several lines<RESET>
#		<BOLD;YELLOW>+<RESET>
#		<BOLD;YELLOW>+<RESET>		<BOLD;YELLOW>too short without<RESET>
#		<BOLD;YELLOW>+<RESET>
#		<BOLD;YELLOW>+<RESET><BOLD;YELLOW>^	       being grouped across blank line<RESET>
#		<BOLD;YELLOW>+<RESET>
#		<BOLD;CYAN>+<RESET>	<BRED> <RESET>	<BOLD;CYAN>These two lines have had their<RESET>
#		<BOLD;CYAN>+<RESET><BOLD;CYAN>indentation reduced by four spaces<RESET>
#		<BOLD;YELLOW>+<RESET>		<BOLD;YELLOW>different indentation change<RESET>
#		<GREEN>+<RESET><BRED>  <RESET>	<GREEN>too short<RESET>
#		EOF
#	
#		test_cmp expected actual
#	
not ok 135 - combine --ignore-blank-lines with --function-context
#	
#		test_write_lines 1 "" 2 3 4 5 >a &&
#		test_write_lines 1    2 3 4   >b &&
#		test_must_fail git diff --no-index \
#			--ignore-blank-lines --function-context a b >actual.raw &&
#		sed -n "/@@/,\$p" <actual.raw >actual &&
#		cat <<-\EOF >expect &&
#		@@ -1,6 +1,4 @@
#		 1
#		-
#		 2
#		 3
#		 4
#		-5
#		EOF
#		test_cmp expect actual
#	
not ok 136 - combine --ignore-blank-lines with --function-context 2
#	
#		test_write_lines    a b c "" function 1 2 3 4 5 "" 6 7 8 9 >a &&
#		test_write_lines "" a b c "" function 1 2 3 4 5    6 7 8   >b &&
#		test_must_fail git diff --no-index \
#			--ignore-blank-lines --function-context a b >actual.raw &&
#		sed -n "/@@/,\$p" <actual.raw >actual &&
#		cat <<-\EOF >expect &&
#		@@ -5,11 +6,9 @@ c
#		 function
#		 1
#		 2
#		 3
#		 4
#		 5
#		-
#		 6
#		 7
#		 8
#		-9
#		EOF
#		test_cmp expect actual
#	
# failed 29 among 136 test(s)
1..136
# Tests: 136  Pass: 107  Fail: 29  Skip: 0
