ok 1 - create trees with duplicate entries
ok 2 - create tree without duplicate entries
ok 3 - diff-tree between duplicate trees
ok 4 - diff-tree with renames
ok 5 - diff-tree FROM duplicate tree
ok 6 - diff-tree FROM duplicate tree, with renames
ok 7 - create a few commits
not ok 8 - git read-tree does not segfault
#	
#		test_must_fail git read-tree --reset base 2>err &&
#		test_grep "error: corrupted cache-tree has entries not present in index" err
#	
not ok 9 - reset --hard does not segfault
#	
#		git checkout base &&
#		test_must_fail git reset --hard 2>err &&
#		test_grep "error: corrupted cache-tree has entries not present in index" err
#	
not ok 10 - git diff HEAD does not segfault
#	
#		git checkout base &&
#		GIT_TEST_CHECK_CACHE_TREE=false &&
#		git reset --hard &&
#		test_must_fail git diff HEAD 2>err &&
#		test_grep "error: corrupted cache-tree has entries not present in index" err
#	
not ok 11 - can switch to another branch when status is empty
#	
#		git clean -ffdqx &&
#		git status --porcelain -uno >actual &&
#		test_must_be_empty actual &&
#		git checkout update
#	
ok 12 - forcibly switch to another branch, verify status empty
ok 13 - fast-forward from non-duplicate entries to duplicate
not ok 14 - clean status, switch branches, status still clean
#	
#		git status --porcelain -uno >actual &&
#		test_must_be_empty actual &&
#		git checkout base &&
#		git status --porcelain -uno >actual &&
#		test_must_be_empty actual
#	
not ok 15 - switch to base branch and force status to be clean
#	
#		git checkout base &&
#		GIT_TEST_CHECK_CACHE_TREE=false git reset --hard &&
#		git status --porcelain -uno >actual &&
#		test_must_be_empty actual
#	
ok 16 - fast-forward from duplicate entries to non-duplicate
# failed 6 among 16 test(s)
1..16
# Tests: 16  Pass: 10  Fail: 6  Skip: 0
