ok 1 - set up basic repos
ok 2 - alias builtin format
ok 3 - alias masking builtin format
ok 4 - alias user-defined format
ok 5 - alias user-defined format is matched case-insensitively
ok 6 - alias user-defined tformat with %s (ISO8859-1 encoding)
ok 7 - alias user-defined tformat with %s (utf-8 encoding)
ok 8 - alias user-defined tformat
ok 9 - alias non-existent format
ok 10 - alias of an alias
ok 11 - alias masking an alias
ok 12 - alias loop
ok 13 - NUL separation
ok 14 - NUL termination
ok 15 - NUL separation with --stat
not ok 16 - NUL termination with --stat # TODO known breakage
not ok 17 - NUL termination with --reflog --pretty=short
#	
#			revs="$(git rev-list --reflog)" &&
#			for r in $revs
#			do
#				git show -s "$r" --pretty="$p" &&
#				printf "\0" || return 1
#			done >expect &&
#			{
#				git log -z --reflog --pretty="$p" &&
#				printf "\0"
#			} >actual &&
#			test_cmp expect actual
#		
not ok 18 - NUL termination with --reflog --pretty=medium
#	
#			revs="$(git rev-list --reflog)" &&
#			for r in $revs
#			do
#				git show -s "$r" --pretty="$p" &&
#				printf "\0" || return 1
#			done >expect &&
#			{
#				git log -z --reflog --pretty="$p" &&
#				printf "\0"
#			} >actual &&
#			test_cmp expect actual
#		
not ok 19 - NUL termination with --reflog --pretty=full
#	
#			revs="$(git rev-list --reflog)" &&
#			for r in $revs
#			do
#				git show -s "$r" --pretty="$p" &&
#				printf "\0" || return 1
#			done >expect &&
#			{
#				git log -z --reflog --pretty="$p" &&
#				printf "\0"
#			} >actual &&
#			test_cmp expect actual
#		
not ok 20 - NUL termination with --reflog --pretty=fuller
#	
#			revs="$(git rev-list --reflog)" &&
#			for r in $revs
#			do
#				git show -s "$r" --pretty="$p" &&
#				printf "\0" || return 1
#			done >expect &&
#			{
#				git log -z --reflog --pretty="$p" &&
#				printf "\0"
#			} >actual &&
#			test_cmp expect actual
#		
not ok 21 - NUL termination with --reflog --pretty=email
#	
#			revs="$(git rev-list --reflog)" &&
#			for r in $revs
#			do
#				git show -s "$r" --pretty="$p" &&
#				printf "\0" || return 1
#			done >expect &&
#			{
#				git log -z --reflog --pretty="$p" &&
#				printf "\0"
#			} >actual &&
#			test_cmp expect actual
#		
not ok 22 - NUL termination with --reflog --pretty=raw
#	
#			revs="$(git rev-list --reflog)" &&
#			for r in $revs
#			do
#				git show -s "$r" --pretty="$p" &&
#				printf "\0" || return 1
#			done >expect &&
#			{
#				git log -z --reflog --pretty="$p" &&
#				printf "\0"
#			} >actual &&
#			test_cmp expect actual
#		
not ok 23 - NUL termination with --reflog --pretty=oneline
#	
#		revs="$(git rev-list --reflog)" &&
#		for r in $revs
#		do
#			git show -s --pretty=oneline "$r" >raw &&
#			lf_to_nul <raw || return 1
#		done >expect &&
#		# the trailing NUL is already produced so we do not need to
#		# output another one
#		git log -z --pretty=oneline --reflog >actual &&
#		test_cmp expect actual
#	
ok 24 - setup more commits
ok 25 - left alignment formatting
ok 26 - left alignment formatting. i18n.logOutputEncoding
ok 27 - left alignment formatting at the nth column
ok 28 - left alignment formatting at the nth column
ok 29 - left alignment formatting at the nth column. i18n.logOutputEncoding
ok 30 - left alignment formatting with no padding
ok 31 - left alignment formatting with no padding. i18n.logOutputEncoding
ok 32 - left alignment formatting with trunc
ok 33 - left alignment formatting with trunc. i18n.logOutputEncoding
ok 34 - left alignment formatting with ltrunc
ok 35 - left alignment formatting with ltrunc. i18n.logOutputEncoding
ok 36 - left alignment formatting with mtrunc
ok 37 - left alignment formatting with mtrunc. i18n.logOutputEncoding
ok 38 - right alignment formatting
ok 39 - right alignment formatting. i18n.logOutputEncoding
ok 40 - right alignment formatting at the nth column
ok 41 - right alignment formatting at the nth column
ok 42 - right alignment formatting at the nth column. i18n.logOutputEncoding
not ok 43 - right alignment formatting at the nth column with --graph. i18n.logOutputEncoding
#	
#		git -c i18n.logOutputEncoding=$test_encoding log --graph --pretty="tformat:%h %>|(40)%s" >actual &&
#		iconv -f utf-8 -t $test_encoding >expected <<-EOF &&
#		* $head1                    message two
#		* $head2                    message one
#		* $head3                        add bar
#		* $head4            $(commit_msg)
#		EOF
#		test_cmp expected actual
#	
ok 44 - right alignment formatting with no padding
ok 45 - right alignment formatting with no padding and with --graph
ok 46 - right alignment formatting with no padding. i18n.logOutputEncoding
ok 47 - center alignment formatting
ok 48 - center alignment formatting. i18n.logOutputEncoding
ok 49 - center alignment formatting at the nth column
ok 50 - center alignment formatting at the nth column
ok 51 - center alignment formatting at the nth column. i18n.logOutputEncoding
ok 52 - center alignment formatting with no padding
ok 53 - center alignment formatting with no padding. i18n.logOutputEncoding
ok 54 - left/right alignment formatting with stealing
ok 55 - left/right alignment formatting with stealing. i18n.logOutputEncoding
ok 56 - strbuf_utf8_replace() not producing NUL
ok 57 - --date=iso-strict %ad%cd is the same as %aI%cI
ok 58 - --date=short %ad%cd is the same as %as%cs
ok 59 - --date=human %ad%cd is the same as %ah%ch
ok 60 - set up log decoration tests
ok 61 - log decoration properly follows tag chain
ok 62 - clean log decoration
ok 63 - pretty format %decorate
ok 64 - set up trailer tests
ok 65 - pretty format %(trailers) shows trailers
ok 66 - pretty format %(trailers:) enables no options
ok 67 - %(trailers:only) shows only "key: value" trailers
ok 68 - %(trailers:only=yes) shows only "key: value" trailers
ok 69 - %(trailers:only=no) shows all trailers
ok 70 - %(trailers:only=no,only=true) shows only "key: value" trailers
ok 71 - %(trailers:unfold) unfolds trailers
ok 72 - :only and :unfold work together
ok 73 - pretty format %(trailers:key=foo) shows that trailer
ok 74 - pretty format %(trailers:key=foo) is case insensitive
ok 75 - pretty format %(trailers:key=foo:) trailing colon also works
ok 76 - pretty format %(trailers:key=foo) multiple keys
ok 77 - %(trailers:key=nonexistent) becomes empty
ok 78 - %(trailers:key=foo) handles multiple lines even if folded
ok 79 - %(trailers:key=foo,unfold) properly unfolds
ok 80 - pretty format %(trailers:key=foo,only=no) also includes nontrailer lines
ok 81 - %(trailers:key) without value is error
ok 82 - %(trailers:keyonly) shows only keys
ok 83 - %(trailers:key=foo,keyonly) shows only key
ok 84 - %(trailers:key=foo,valueonly) shows only value
ok 85 - %(trailers:valueonly) shows only values
ok 86 - %(trailers:key=foo,keyonly,valueonly) shows nothing
ok 87 - pretty format %(trailers:separator) changes separator
ok 88 - pretty format %(trailers:separator=X,unfold) changes separator
ok 89 - pretty format %(trailers:key_value_separator) changes key-value separator
ok 90 - pretty format %(trailers:key_value_separator,unfold) changes key-value separator
ok 91 - pretty format %(trailers:separator,key_value_separator) changes both separators
ok 92 - pretty format %(trailers) combining separator/key/keyonly/valueonly
ok 93 - trailer parsing not fooled by --- line
ok 94 - set up %S tests
ok 95 - log --format=%S paints branch names
ok 96 - log --format=%S paints tag names
ok 97 - log --format=%S paints symmetric ranges
ok 98 - %S in git log --format works with other placeholders (part 1)
ok 99 - %S in git log --format works with other placeholders (part 2)
ok 100 - setup more commits for %S with --bisect
not ok 101 - %S with --bisect labels commits with refs/bisect/bad ref
#	
#		git update-ref refs/bisect/bad-$head1 $head1 &&
#		git update-ref refs/bisect/go $head1 &&
#		git update-ref refs/bisect/bad-$head2 $head2 &&
#		git update-ref refs/bisect/b $head3 &&
#		git update-ref refs/bisect/bad-$head4 $head4 &&
#		git update-ref refs/bisect/good-$head4 $head4 &&
#	
#		# We expect to see the range of commits betwee refs/bisect/good-$head4
#		# and refs/bisect/bad-$head1. The "source" ref is the nearest bisect ref
#		# from which the commit is reachable.
#		cat >expect <<-EOF &&
#		$head1 refs/bisect/bad-$head1
#		$head2 refs/bisect/bad-$head2
#		$head3 refs/bisect/bad-$head2
#		EOF
#		git log --bisect --format="%H %S" >actual &&
#		test_cmp expect actual
#	
ok 102 - log --pretty=reference
ok 103 - log --pretty=reference with log.date is overridden by short date
ok 104 - log --pretty=reference with explicit date overrides short date
ok 105 - log --pretty=reference is never unabbreviated
ok 106 - log --pretty=reference is never decorated
ok 107 - log --pretty=reference does not output reflog info
ok 108 - log --pretty=reference is colored appropriately
ok 109 - %(describe) vs git describe
ok 110 - %(describe:match=...) vs git describe --match ...
ok 111 - %(describe:exclude=...) vs git describe --exclude ...
ok 112 - %(describe:tags) vs git describe --tags
ok 113 - %(describe:abbrev=...) vs git describe --abbrev=...
ok 114 - log --pretty with space stealing
ok 115 - log --pretty with invalid padding format
not ok 116 - log --pretty with magical wrapping directives
#	
#		commit_id=$(git commit-tree HEAD^{tree} -m "describe me") &&
#		git tag describe-me $commit_id &&
#		printf "\n(tag:\ndescribe-me)%%+w(2)" >expect &&
#		git log -1 --pretty="format:%w(1)%+d%+w(2)" $commit_id >actual &&
#		test_cmp expect actual
#	
ok 117 # skip log --pretty with overflowing wrapping directive (missing SIZE_T_IS_64BIT)
ok 118 # skip log --pretty with overflowing padding directive (missing SIZE_T_IS_64BIT)
ok 119 - log --pretty with padding and preceding control chars
ok 120 - log --pretty truncation with control chars
ok 121 # skip log --pretty with huge commit message (missing EXPENSIVE of EXPENSIVE,SIZE_T_IS_64BIT)
ok 122 # skip set up huge commit (missing EXPENSIVE of EXPENSIVE,SIZE_T_IS_64BIT)
ok 123 # skip log --pretty with huge commit message (missing EXPENSIVE of EXPENSIVE,SIZE_T_IS_64BIT)
ok 124 # skip log --pretty with huge commit message does not cause allocation failure (missing EXPENSIVE of EXPENSIVE,SIZE_T_IS_64BIT)
not ok 125 - wide and decomposed characters column counting # TODO known breakage
# still have 2 known breakage(s)
# failed 10 among remaining 123 test(s)
1..125
# Tests: 125  Pass: 113  Fail: 10  Skip: 6
