ok 1 - setup
ok 2 - pretty
ok 3 - pretty (tformat)
ok 4 - pretty (shortcut)
ok 5 - format
not ok 6 - format %w(11,1,2)
#	
#	
#		git log -2 --format="%w(11,1,2)This is the %s commit." > actual &&
#		test_cmp expect actual
#	
not ok 7 - format %w(,1,2)
#	
#	
#		git log -2 --format="%w(,1,2)This is%nthe %s%ncommit." > actual &&
#		test_cmp expect actual
#	
ok 8 - oneline
ok 9 - diff-filter=A
ok 10 - diff-filter=M
ok 11 - diff-filter=D
ok 12 - all-negative filter
ok 13 - diff-filter=R
ok 14 - multiple --diff-filter bits
ok 15 - diff-filter=C
ok 16 - git log --follow
ok 17 - git config log.follow works like --follow
ok 18 - git config log.follow does not die with multiple paths
ok 19 - git config log.follow does not die with no paths
ok 20 - git log --follow rejects unsupported pathspec magic
ok 21 - log.follow disabled with unsupported pathspec magic
ok 22 - git config log.follow is overridden by --no-follow
ok 23 - git log --no-walk <commits> sorts by commit time
ok 24 - git log --no-walk=sorted <commits> sorts by commit time
ok 25 - git log --line-prefix="=== " --no-walk <commits> sorts by commit time
ok 26 - git log --no-walk=unsorted <commits> leaves list of commits as given
ok 27 - git show <commits> leaves list of commits as given
ok 28 - setup case sensitivity tests
ok 29 - log --grep
ok 30 - log --invert-grep without --grep is a NOOP
ok 31 - log --all-match without --grep is a NOOP
ok 32 - log --invert-grep --grep
ok 33 - log --invert-grep --grep -i
ok 34 - log --grep option parsing
ok 35 - log -i --grep
ok 36 - log --grep -i
ok 37 - log -F -E --grep=<ere> uses ere
ok 38 # skip log -F -E --perl-regexp --grep=<pcre> uses PCRE (missing PCRE)
ok 39 - log with grep.patternType configuration
ok 40 - log with grep.patternType configuration and command line
not ok 41 - log with various grep.patternType configurations & command-lines
#	
#		git init pattern-type &&
#		(
#			cd pattern-type &&
#			test_commit 1 file A &&
#	
#			# The tagname is overridden here because creating a
#			# tag called "(1|2)" as test_commit would otherwise
#			# implicitly do would fail on e.g. MINGW.
#			test_commit "(1|2)" file B 2 &&
#	
#			echo "(1|2)" >expect.fixed &&
#			cp expect.fixed expect.basic &&
#			cp expect.fixed expect.extended &&
#			cp expect.fixed expect.perl &&
#	
#			# A strcmp-like match with fixed.
#			git -c grep.patternType=fixed log --pretty=tformat:%s \
#				--grep="(1|2)" >actual.fixed &&
#	
#			# POSIX basic matches (, | and ) literally.
#			git -c grep.patternType=basic log --pretty=tformat:%s \
#				--grep="(.|.)" >actual.basic &&
#	
#			# POSIX extended needs to have | escaped to match it
#			# literally, whereas under basic this is the same as
#			# (|2), i.e. it would also match "1". This test checks
#			# for extended by asserting that it is not matching
#			# what basic would match.
#			git -c grep.patternType=extended log --pretty=tformat:%s \
#				--grep="\|2" >actual.extended &&
#			if test_have_prereq PCRE
#			then
#				# Only PCRE would match [\d]\| with only
#				# "(1|2)" due to [\d]. POSIX basic would match
#				# both it and "1" since similarly to the
#				# extended match above it is the same as
#				# \([\d]\|\). POSIX extended would
#				# match neither.
#				git -c grep.patternType=perl log --pretty=tformat:%s \
#					--grep="[\d]\|" >actual.perl &&
#				test_cmp expect.perl actual.perl
#			fi &&
#			test_cmp expect.fixed actual.fixed &&
#			test_cmp expect.basic actual.basic &&
#			test_cmp expect.extended actual.extended &&
#	
#			git log --pretty=tformat:%s -F \
#				--grep="(1|2)" >actual.fixed.short-arg &&
#			git log --pretty=tformat:%s -E \
#				--grep="\|2" >actual.extended.short-arg &&
#			if test_have_prereq PCRE
#			then
#				git log --pretty=tformat:%s -P \
#					--grep="[\d]\|" >actual.perl.short-arg
#			else
#				test_must_fail git log -P \
#					--grep="[\d]\|"
#			fi &&
#			test_cmp expect.fixed actual.fixed.short-arg &&
#			test_cmp expect.extended actual.extended.short-arg &&
#			if test_have_prereq PCRE
#			then
#				test_cmp expect.perl actual.perl.short-arg
#			fi &&
#	
#			git log --pretty=tformat:%s --fixed-strings \
#				--grep="(1|2)" >actual.fixed.long-arg &&
#			git log --pretty=tformat:%s --basic-regexp \
#				--grep="(.|.)" >actual.basic.long-arg &&
#			git log --pretty=tformat:%s --extended-regexp \
#				--grep="\|2" >actual.extended.long-arg &&
#			if test_have_prereq PCRE
#			then
#				git log --pretty=tformat:%s --perl-regexp \
#					--grep="[\d]\|" >actual.perl.long-arg &&
#				test_cmp expect.perl actual.perl.long-arg
#			else
#				test_must_fail git log --perl-regexp \
#					--grep="[\d]\|"
#			fi &&
#			test_cmp expect.fixed actual.fixed.long-arg &&
#			test_cmp expect.basic actual.basic.long-arg &&
#			test_cmp expect.extended actual.extended.long-arg
#		)
#	
not ok 42 - show: understands grep.patternType, like 'log'
#	
#			git init "pattern-type-$cmd" &&
#			(
#				cd "pattern-type-$cmd" &&
#				test_commit 1 file A &&
#				test_commit "(1|2)" file B 2 &&
#	
#				git -c grep.patternType=fixed $cmd --grep="..." $myarg >actual &&
#				test_must_be_empty actual &&
#	
#				git -c grep.patternType=basic $cmd --grep="..." $myarg >actual &&
#				test_file_not_empty actual
#			)
#		
not ok 43 - reflog: understands grep.patternType, like 'log'
#	
#			git init "pattern-type-$cmd" &&
#			(
#				cd "pattern-type-$cmd" &&
#				test_commit 1 file A &&
#				test_commit "(1|2)" file B 2 &&
#	
#				git -c grep.patternType=fixed $cmd --grep="..." $myarg >actual &&
#				test_must_be_empty actual &&
#	
#				git -c grep.patternType=basic $cmd --grep="..." $myarg >actual &&
#				test_file_not_empty actual
#			)
#		
not ok 44 - format-patch: understands grep.patternType, like 'log'
#	
#			git init "pattern-type-$cmd" &&
#			(
#				cd "pattern-type-$cmd" &&
#				test_commit 1 file A &&
#				test_commit "(1|2)" file B 2 &&
#	
#				git -c grep.patternType=fixed $cmd --grep="..." $myarg >actual &&
#				test_must_be_empty actual &&
#	
#				git -c grep.patternType=basic $cmd --grep="..." $myarg >actual &&
#				test_file_not_empty actual
#			)
#		
not ok 45 - whatchanged: understands grep.patternType, like 'log'
#	
#			git init "pattern-type-$cmd" &&
#			(
#				cd "pattern-type-$cmd" &&
#				test_commit 1 file A &&
#				test_commit "(1|2)" file B 2 &&
#	
#				git -c grep.patternType=fixed $cmd --grep="..." $myarg >actual &&
#				test_must_be_empty actual &&
#	
#				git -c grep.patternType=basic $cmd --grep="..." $myarg >actual &&
#				test_file_not_empty actual
#			)
#		
not ok 46 - log --author
#	
#		cat >expect <<-\EOF &&
#		Author: <BOLD;RED>A U<RESET> Thor <author@example.com>
#		EOF
#		git log -1 --color=always --author="A U" >log &&
#		grep Author log >actual.raw &&
#		test_decode_color <actual.raw >actual &&
#		test_cmp expect actual
#	
not ok 47 - log --committer
#	
#		cat >expect <<-\EOF &&
#		Commit:     C O Mitter <committer@<BOLD;RED>example<RESET>.com>
#		EOF
#		git log -1 --color=always --pretty=fuller --committer="example" >log &&
#		grep "Commit:" log >actual.raw &&
#		test_decode_color <actual.raw >actual &&
#		test_cmp expect actual
#	
not ok 48 - log -i --grep with color
#	
#		cat >expect <<-\EOF &&
#		    <BOLD;RED>Sec<RESET>ond
#		    <BOLD;RED>sec<RESET>ond
#		EOF
#		git log --color=always -i --grep=^sec >log &&
#		grep -i sec log >actual.raw &&
#		test_decode_color <actual.raw >actual &&
#		test_cmp expect actual
#	
not ok 49 - -c color.grep.selected log --grep
#	
#		cat >expect <<-\EOF &&
#		    <GREEN>th<RESET><BOLD;RED>ir<RESET><GREEN>d<RESET>
#		EOF
#		git -c color.grep.selected="green" log --color=always --grep=ir >log &&
#		grep ir log >actual.raw &&
#		test_decode_color <actual.raw >actual &&
#		test_cmp expect actual
#	
not ok 50 - -c color.grep.matchSelected log --grep
#	
#		cat >expect <<-\EOF &&
#		    <BLUE>i<RESET>n<BLUE>i<RESET>t<BLUE>i<RESET>al
#		EOF
#		git -c color.grep.matchSelected="blue" log --color=always --grep=i >log &&
#		grep al log >actual.raw &&
#		test_decode_color <actual.raw >actual &&
#		test_cmp expect actual
#	
ok 51 - simple log --graph
ok 52 - simple log --graph --line-prefix="123 "
ok 53 - set up merge history
ok 54 - log --graph with merge
ok 55 - log --graph --line-prefix="| | | " with merge
not ok 56 - log --graph with merge with log.graphColors
#	
#		test_config log.graphColors " blue,invalid-color, cyan, red  , " &&
#		lib_test_cmp_colored_graph --date-order --format=%s
#	
ok 57 - log --raw --graph -m with merge
not ok 58 - diff-tree --graph
#	
#		git diff-tree --graph main^ | head -n 500 >actual &&
#		grep "one" actual
#	
not ok 59 - log --graph with full output
#	
#		git log --graph --date-order --pretty=short |
#			git name-rev --name-only --annotate-stdin |
#			sed "s/Merge:.*/Merge: A B/;s/ *\$//" >actual &&
#		test_cmp expect actual
#	
ok 60 - set up more tangled history
ok 61 - log --graph with merge
ok 62 - log.decorate configuration
not ok 63 - parse log.excludeDecoration with no value
#	
#		cp .git/config .git/config.orig &&
#		test_when_finished mv .git/config.orig .git/config &&
#	
#		cat >>.git/config <<-\EOF &&
#		[log]
#			excludeDecoration
#		EOF
#		cat >expect <<-\EOF &&
#		error: missing value for 'log.excludeDecoration'
#		EOF
#		git log --decorate=short 2>actual &&
#		test_cmp expect actual
#	
ok 64 - decorate-refs with glob
ok 65 - decorate-refs without globs
ok 66 - multiple decorate-refs
ok 67 - decorate-refs-exclude with glob
ok 68 - decorate-refs-exclude without globs
ok 69 - multiple decorate-refs-exclude
ok 70 - decorate-refs and decorate-refs-exclude
ok 71 - deocrate-refs and log.excludeDecoration
not ok 72 - decorate-refs-exclude and simplify-by-decoration
#	
#		cat >expect.decorate <<-\EOF &&
#		Merge-tag-reach (HEAD -> main)
#		reach (tag: reach, reach)
#		seventh (tag: seventh)
#		Merge-branch-tangle (refs/hidden/tangle)
#		Merge-branch-side-early-part-into-tangle (refs/rewritten/merge, tangle)
#		Merge-branch-main-early-part-into-tangle (refs/prefetch/merge)
#		EOF
#		git log -n6 --decorate=short --pretty="tformat:%f%d" \
#			--decorate-refs-exclude="*octopus*" \
#			--simplify-by-decoration >actual &&
#		test_cmp expect.decorate actual &&
#		git -c log.excludeDecoration="*octopus*" log \
#			-n6 --decorate=short --pretty="tformat:%f%d" \
#			--simplify-by-decoration >actual &&
#		test_cmp expect.decorate actual
#	
ok 73 - decorate-refs with implied decorate from format
ok 74 - implied decorate does not override option
not ok 75 - decorate-refs and simplify-by-decoration without output
#	
#		cat >expect <<-\EOF &&
#		side-2
#		initial
#		EOF
#		# Do not just use a --format without %d here; we want to
#		# make sure that we did not accidentally turn on displaying
#		# the decorations, too. And that requires one of the regular
#		# formats.
#		git log --decorate-refs="*side-2" --oneline \
#			--simplify-by-decoration >actual.raw &&
#		sed "s/^[0-9a-f]* //" <actual.raw >actual &&
#		test_cmp expect actual
#	
ok 76 - decorate-refs-exclude HEAD
ok 77 - decorate-refs focus from default
not ok 78 - --clear-decorations overrides defaults
#	
#		cat >expect.default <<-\EOF &&
#		Merge-tag-reach (HEAD -> refs/heads/main)
#		Merge-tags-octopus-a-and-octopus-b
#		seventh (tag: refs/tags/seventh)
#		octopus-b (tag: refs/tags/octopus-b, refs/heads/octopus-b)
#		octopus-a (tag: refs/tags/octopus-a, refs/heads/octopus-a)
#		reach (tag: refs/tags/reach, refs/heads/reach)
#		Merge-branch-tangle
#		Merge-branch-side-early-part-into-tangle (refs/heads/tangle)
#		Merge-branch-main-early-part-into-tangle
#		tangle-a (tag: refs/tags/tangle-a)
#		Merge-branch-side
#		side-2 (tag: refs/tags/side-2, refs/heads/side)
#		side-1 (tag: refs/tags/side-1)
#		Second
#		sixth
#		fifth
#		fourth
#		third
#		second
#		initial
#		EOF
#		git log --decorate=full --pretty="tformat:%f%d" >actual &&
#		test_cmp expect.default actual &&
#	
#		cat >expect.all <<-\EOF &&
#		Merge-tag-reach (HEAD -> refs/heads/main)
#		Merge-tags-octopus-a-and-octopus-b
#		seventh (tag: refs/tags/seventh)
#		octopus-b (tag: refs/tags/octopus-b, refs/heads/octopus-b)
#		octopus-a (tag: refs/tags/octopus-a, refs/heads/octopus-a)
#		reach (tag: refs/tags/reach, refs/heads/reach)
#		Merge-branch-tangle (refs/hidden/tangle)
#		Merge-branch-side-early-part-into-tangle (refs/rewritten/merge, refs/heads/tangle)
#		Merge-branch-main-early-part-into-tangle (refs/prefetch/merge)
#		tangle-a (tag: refs/tags/tangle-a)
#		Merge-branch-side
#		side-2 (tag: refs/tags/side-2, refs/heads/side)
#		side-1 (tag: refs/tags/side-1)
#		Second
#		sixth
#		fifth
#		fourth
#		third
#		second
#		initial
#		EOF
#		git log --decorate=full --pretty="tformat:%f%d" \
#			--clear-decorations >actual &&
#		test_cmp expect.all actual &&
#		git -c log.initialDecorationSet=all log \
#			--decorate=full --pretty="tformat:%f%d" >actual &&
#		test_cmp expect.all actual
#	
not ok 79 - --clear-decorations clears previous exclusions
#	
#		cat >expect.all <<-\EOF &&
#		Merge-tag-reach (HEAD -> refs/heads/main)
#		reach (tag: refs/tags/reach, refs/heads/reach)
#		Merge-tags-octopus-a-and-octopus-b
#		octopus-b (tag: refs/tags/octopus-b, refs/heads/octopus-b)
#		octopus-a (tag: refs/tags/octopus-a, refs/heads/octopus-a)
#		seventh (tag: refs/tags/seventh)
#		Merge-branch-tangle (refs/hidden/tangle)
#		Merge-branch-side-early-part-into-tangle (refs/rewritten/merge, refs/heads/tangle)
#		Merge-branch-main-early-part-into-tangle (refs/prefetch/merge)
#		tangle-a (tag: refs/tags/tangle-a)
#		side-2 (tag: refs/tags/side-2, refs/heads/side)
#		side-1 (tag: refs/tags/side-1)
#		initial
#		EOF
#	
#		git log --decorate=full --pretty="tformat:%f%d" \
#			--simplify-by-decoration \
#			--decorate-refs-exclude="heads/octopus*" \
#			--decorate-refs="heads" \
#			--clear-decorations >actual &&
#		test_cmp expect.all actual &&
#	
#		cat >expect.filtered <<-\EOF &&
#		Merge-tags-octopus-a-and-octopus-b
#		octopus-b (refs/heads/octopus-b)
#		octopus-a (refs/heads/octopus-a)
#		initial
#		EOF
#	
#		git log --decorate=full --pretty="tformat:%f%d" \
#			--simplify-by-decoration \
#			--decorate-refs-exclude="heads/octopus" \
#			--decorate-refs="heads" \
#			--clear-decorations \
#			--decorate-refs-exclude="tags/" \
#			--decorate-refs="heads/octopus*" >actual &&
#		test_cmp expect.filtered actual
#	
ok 80 - log.decorate config parsing
ok 81 # skip log output on a TTY (missing TTY)
ok 82 - reflog is expected format
ok 83 - whatchanged is expected format
ok 84 - log.abbrevCommit configuration
ok 85 - --abbrev-commit with core.abbrev=false
ok 86 - --abbrev-commit with --no-abbrev
ok 87 - --abbrev-commit with core.abbrev=9000
ok 88 - --abbrev-commit with --abbrev=9000
ok 89 - show added path under "--follow -M"
ok 90 - git log -c --follow
not ok 91 - log --graph with diff and stats
#	
#		lib_test_cmp_short_graph --no-renames --stat -p
#	
not ok 92 - log --line-prefix="*** " --graph with diff and stats
#	
#		lib_test_cmp_short_graph --line-prefix="*** " --no-renames --stat -p
#	
not ok 93 - log --graph with --name-status
#	
#		test_cmp_graph --name-status tangle..reach
#	
not ok 94 - log --graph with --name-only
#	
#		test_cmp_graph --name-only tangle..reach
#	
ok 95 - --no-graph countermands --graph
ok 96 - --graph countermands --no-graph
ok 97 - --no-graph does not unset --topo-order
ok 98 - --no-graph does not unset --parents
ok 99 - --reverse and --graph conflict
ok 100 - --reverse --graph --no-graph works
ok 101 - --show-linear-break and --graph conflict
ok 102 - --show-linear-break --graph --no-graph works
ok 103 - --no-walk and --graph conflict
ok 104 - --no-walk --graph --no-graph works
ok 105 - --walk-reflogs and --graph conflict
ok 106 - --walk-reflogs --graph --no-graph works
not ok 107 - dotdot is a parent directory
#	
#		mkdir -p a/b &&
#		( echo sixth && echo fifth ) >expect &&
#		( cd a/b && git log --format=%s .. ) >actual &&
#		test_cmp expect actual
#	
gpg: keybox '/Users/schacon/grit/tests/trash.t4202-log/gpghome/pubring.kbx' created
gpg: can't open '/Users/schacon/grit/tests/lib-gpg/keyring.gpg': No such file or directory
gpg: Total number processed: 0
ok 108 # skip setup signed branch (missing GPG)
ok 109 # skip setup signed branch with subkey (missing GPG)
ok 110 # skip setup signed branch x509 (missing GPGSM)
Signing data on standard input
principal with number 1
Good "git" signature for principal with number 1 with ED25519 key SHA256:xo2TsFJJZ/fJN3hz5dmRXAtiHG25Mj3h5rM72F1arog
ok 111 - setup sshkey signed branch
Signing data on standard input
Signature verification failed: incorrect signature
Could not verify signature.
ok 112 - create signed commits with keys having defined lifetimes
ok 113 # skip log x509 fingerprint (missing GPGSM)
ok 114 # skip log OpenPGP fingerprint (missing GPGSM)
ok 115 - log ssh key fingerprint
ok 116 # skip log --graph --show-signature (missing GPG)
ok 117 # skip log --graph --show-signature x509 (missing GPGSM)
not ok 118 - log --graph --show-signature ssh
#	
#		test_config gpg.ssh.allowedSignersFile "${GPGSSH_ALLOWED_SIGNERS}" &&
#		git log --graph --show-signature -n1 signed-ssh >actual &&
#		grep "${GPGSSH_GOOD_SIGNATURE_TRUSTED}" actual
#	
ok 119 - log shows failure on expired signature key
ok 120 - log shows failure on not yet valid signature key
not ok 121 - log show success with commit date and key validity matching
#	
#		test_config gpg.ssh.allowedSignersFile "${GPGSSH_ALLOWED_SIGNERS}" &&
#		git log --graph --show-signature -n1 timeboxedvalid-signed >actual &&
#		grep "${GPGSSH_GOOD_SIGNATURE_TRUSTED}" actual &&
#		! grep "${GPGSSH_BAD_SIGNATURE}" actual
#	
ok 122 - log shows failure with commit date outside of key validity
ok 123 # skip log --graph --show-signature for merged tag (missing GPG)
ok 124 # skip log --graph --show-signature for merged tag in shallow clone (missing GPG)
ok 125 # skip log --graph --show-signature for merged tag with missing key (missing GPG)
ok 126 # skip log --graph --show-signature for merged tag with bad signature (missing GPG)
ok 127 # skip log --show-signature for merged tag with GPG failure (missing GPG)
ok 128 # skip log --graph --show-signature for merged tag x509 (missing GPGSM)
ok 129 # skip log --graph --show-signature for merged tag x509 missing key (missing GPGSM)
ok 130 # skip log --graph --show-signature for merged tag x509 bad signature (missing GPGSM)
ok 131 # skip --no-show-signature overrides --show-signature (missing GPG)
ok 132 # skip log.showsignature=true behaves like --show-signature (missing GPG)
ok 133 # skip --no-show-signature overrides log.showsignature=true (missing GPG)
ok 134 # skip --show-signature overrides log.showsignature=false (missing GPG)
ok 135 - log --graph --no-walk is forbidden
ok 136 - log on empty repo fails
ok 137 - log does not default to HEAD when rev input is given
ok 138 - do not default to HEAD with ignored object on cmdline
ok 139 - do not default to HEAD with ignored object on stdin
ok 140 - set up --source tests
not ok 141 - log --source paints branch names
#	
#		cat >expect <<-EOF &&
#		$(git rev-parse --short :/three)	source-b three
#		$(git rev-parse --short :/two  )	source-a two
#		$(git rev-parse --short :/one  )	source-b one
#		EOF
#		git log --oneline --source source-a source-b >actual &&
#		test_cmp expect actual
#	
not ok 142 - log --source paints tag names
#	
#		git tag -m tagged source-tag &&
#		cat >expect <<-EOF &&
#		$(git rev-parse --short :/three)	source-tag three
#		$(git rev-parse --short :/two  )	source-a two
#		$(git rev-parse --short :/one  )	source-tag one
#		EOF
#		git log --oneline --source source-tag source-a >actual &&
#		test_cmp expect actual
#	
not ok 143 - log --source paints symmetric ranges
#	
#		cat >expect <<-EOF &&
#		$(git rev-parse --short :/three)	source-b three
#		$(git rev-parse --short :/two  )	source-a two
#		EOF
#		git log --oneline --source source-a...source-b >actual &&
#		test_cmp expect actual
#	
ok 144 - --exclude-promisor-objects does not BUG-crash
ok 145 - log --decorate includes all levels of tag annotated tags
ok 146 - log --decorate does not include things outside filter
ok 147 - log --end-of-options
ok 148 - set up commits with different authors
ok 149 - log --invert-grep --grep --author
# failed 30 among 149 test(s)
1..149
# Tests: 149  Pass: 119  Fail: 30  Skip: 21
