ok 1 - log --graph with merge fusing with its left and right neighbors
ok 2 - log --graph with left-skewed merge
ok 3 - log --graph with nested left-skewed merge
ok 4 - log --graph with nested left-skewed merge following normal merge
ok 5 - log --graph with nested right-skewed merge following left-skewed merge
ok 6 - log --graph with right-skewed merge following a left-skewed one
ok 7 - log --graph with octopus merge with column joining its penultimate parent
ok 8 - log --graph with multiple tips
not ok 9 - log --graph with multiple tips and colors
#	
#		test_config log.graphColors red,green,yellow,blue,magenta,cyan &&
#		cat >expect.colors <<-\EOF &&
#		*   6_I
#		<RED>|<RESET><GREEN>\<RESET>
#		<RED>|<RESET> <GREEN>|<RESET> *   6_H
#		<RED>|<RESET> <GREEN>|<RESET> <YELLOW>|<RESET><BLUE>\<RESET>
#		<RED>|<RESET> <GREEN>|<RESET> <YELLOW>|<RESET> * 6_G
#		<RED>|<RESET> <GREEN>|<RESET> <YELLOW>|<RESET> <BLUE>|<RESET> * 6_F
#		<RED>|<RESET> <GREEN>|<RESET><RED>_<RESET><YELLOW>|<RESET><RED>_<RESET><BLUE>|<RESET><RED>/<RESET><GREEN>|<RESET>
#		<RED>|<RESET><RED>/<RESET><GREEN>|<RESET> <YELLOW>|<RESET> <BLUE>|<RESET><GREEN>/<RESET>
#		<RED>|<RESET> <GREEN>|<RESET> <YELLOW>|<RESET><GREEN>/<RESET><BLUE>|<RESET>
#		<RED>|<RESET> <GREEN>|<RESET><GREEN>/<RESET><YELLOW>|<RESET> <BLUE>|<RESET>
#		<RED>|<RESET> <GREEN>|<RESET> * <BLUE>|<RESET> 6_E
#		<RED>|<RESET> * <CYAN>|<RESET> <BLUE>|<RESET> 6_D
#		<RED>|<RESET> <BLUE>|<RESET> <CYAN>|<RESET><BLUE>/<RESET>
#		<RED>|<RESET> <BLUE>|<RESET><BLUE>/<RESET><CYAN>|<RESET>
#		* <BLUE>|<RESET> <CYAN>|<RESET> 6_C
#		<CYAN>|<RESET> <BLUE>|<RESET><CYAN>/<RESET>
#		<CYAN>|<RESET><CYAN>/<RESET><BLUE>|<RESET>
#		* <BLUE>|<RESET> 6_B
#		<BLUE>|<RESET><BLUE>/<RESET>
#		* 6_A
#		EOF
#		lib_test_cmp_colored_graph --date-order --pretty=tformat:%s 6_1 6_3 6_5
#	
ok 10 - log --graph with multiple tips
# failed 1 among 10 test(s)
1..10
# Tests: 10  Pass: 9  Fail: 1  Skip: 0
