ok 1 - setup test - repo, commits, commit graph, log outputs
ok 2 - commit-graph write wrote out the bloom chunks
ok 3 - git log option:  for path: A
ok 4 - git log option: --all for path: A
ok 5 - git log option: --full-history for path: A
ok 6 - git log option: --full-history --simplify-merges for path: A
ok 7 - git log option: --simplify-merges for path: A
ok 8 - git log option: --simplify-by-decoration for path: A
ok 9 - git log option: --follow for path: A
ok 10 - git log option: --first-parent for path: A
ok 11 - git log option: --topo-order for path: A
ok 12 - git log option: --date-order for path: A
ok 13 - git log option: --author-date-order for path: A
ok 14 - git log option: --ancestry-path side..main for path: A
ok 15 - git log option:  for path: A/B
ok 16 - git log option: --all for path: A/B
ok 17 - git log option: --full-history for path: A/B
ok 18 - git log option: --full-history --simplify-merges for path: A/B
ok 19 - git log option: --simplify-merges for path: A/B
ok 20 - git log option: --simplify-by-decoration for path: A/B
ok 21 - git log option: --follow for path: A/B
ok 22 - git log option: --first-parent for path: A/B
ok 23 - git log option: --topo-order for path: A/B
ok 24 - git log option: --date-order for path: A/B
ok 25 - git log option: --author-date-order for path: A/B
ok 26 - git log option: --ancestry-path side..main for path: A/B
ok 27 - git log option:  for path: A/B/C
ok 28 - git log option: --all for path: A/B/C
ok 29 - git log option: --full-history for path: A/B/C
ok 30 - git log option: --full-history --simplify-merges for path: A/B/C
ok 31 - git log option: --simplify-merges for path: A/B/C
ok 32 - git log option: --simplify-by-decoration for path: A/B/C
ok 33 - git log option: --follow for path: A/B/C
ok 34 - git log option: --first-parent for path: A/B/C
ok 35 - git log option: --topo-order for path: A/B/C
ok 36 - git log option: --date-order for path: A/B/C
ok 37 - git log option: --author-date-order for path: A/B/C
ok 38 - git log option: --ancestry-path side..main for path: A/B/C
ok 39 - git log option:  for path: A/file1
ok 40 - git log option: --all for path: A/file1
ok 41 - git log option: --full-history for path: A/file1
ok 42 - git log option: --full-history --simplify-merges for path: A/file1
ok 43 - git log option: --simplify-merges for path: A/file1
ok 44 - git log option: --simplify-by-decoration for path: A/file1
ok 45 - git log option: --follow for path: A/file1
ok 46 - git log option: --first-parent for path: A/file1
ok 47 - git log option: --topo-order for path: A/file1
ok 48 - git log option: --date-order for path: A/file1
ok 49 - git log option: --author-date-order for path: A/file1
ok 50 - git log option: --ancestry-path side..main for path: A/file1
ok 51 - git log option:  for path: A/B/file2
ok 52 - git log option: --all for path: A/B/file2
ok 53 - git log option: --full-history for path: A/B/file2
ok 54 - git log option: --full-history --simplify-merges for path: A/B/file2
ok 55 - git log option: --simplify-merges for path: A/B/file2
ok 56 - git log option: --simplify-by-decoration for path: A/B/file2
ok 57 - git log option: --follow for path: A/B/file2
ok 58 - git log option: --first-parent for path: A/B/file2
ok 59 - git log option: --topo-order for path: A/B/file2
ok 60 - git log option: --date-order for path: A/B/file2
ok 61 - git log option: --author-date-order for path: A/B/file2
ok 62 - git log option: --ancestry-path side..main for path: A/B/file2
ok 63 - git log option:  for path: A/B/C/file3
ok 64 - git log option: --all for path: A/B/C/file3
ok 65 - git log option: --full-history for path: A/B/C/file3
ok 66 - git log option: --full-history --simplify-merges for path: A/B/C/file3
ok 67 - git log option: --simplify-merges for path: A/B/C/file3
ok 68 - git log option: --simplify-by-decoration for path: A/B/C/file3
ok 69 - git log option: --follow for path: A/B/C/file3
ok 70 - git log option: --first-parent for path: A/B/C/file3
ok 71 - git log option: --topo-order for path: A/B/C/file3
ok 72 - git log option: --date-order for path: A/B/C/file3
ok 73 - git log option: --author-date-order for path: A/B/C/file3
ok 74 - git log option: --ancestry-path side..main for path: A/B/C/file3
ok 75 - git log option:  for path: file4
ok 76 - git log option: --all for path: file4
ok 77 - git log option: --full-history for path: file4
ok 78 - git log option: --full-history --simplify-merges for path: file4
ok 79 - git log option: --simplify-merges for path: file4
ok 80 - git log option: --simplify-by-decoration for path: file4
ok 81 - git log option: --follow for path: file4
ok 82 - git log option: --first-parent for path: file4
ok 83 - git log option: --topo-order for path: file4
ok 84 - git log option: --date-order for path: file4
ok 85 - git log option: --author-date-order for path: file4
ok 86 - git log option: --ancestry-path side..main for path: file4
ok 87 - git log option:  for path: file5
ok 88 - git log option: --all for path: file5
ok 89 - git log option: --full-history for path: file5
ok 90 - git log option: --full-history --simplify-merges for path: file5
ok 91 - git log option: --simplify-merges for path: file5
ok 92 - git log option: --simplify-by-decoration for path: file5
ok 93 - git log option: --follow for path: file5
ok 94 - git log option: --first-parent for path: file5
ok 95 - git log option: --topo-order for path: file5
ok 96 - git log option: --date-order for path: file5
ok 97 - git log option: --author-date-order for path: file5
ok 98 - git log option: --ancestry-path side..main for path: file5
ok 99 - git log option:  for path: file5_renamed
ok 100 - git log option: --all for path: file5_renamed
ok 101 - git log option: --full-history for path: file5_renamed
ok 102 - git log option: --full-history --simplify-merges for path: file5_renamed
ok 103 - git log option: --simplify-merges for path: file5_renamed
ok 104 - git log option: --simplify-by-decoration for path: file5_renamed
ok 105 - git log option: --follow for path: file5_renamed
ok 106 - git log option: --first-parent for path: file5_renamed
ok 107 - git log option: --topo-order for path: file5_renamed
ok 108 - git log option: --date-order for path: file5_renamed
ok 109 - git log option: --author-date-order for path: file5_renamed
ok 110 - git log option: --ancestry-path side..main for path: file5_renamed
ok 111 - git log option:  for path: file_to_be_deleted
ok 112 - git log option: --all for path: file_to_be_deleted
ok 113 - git log option: --full-history for path: file_to_be_deleted
ok 114 - git log option: --full-history --simplify-merges for path: file_to_be_deleted
ok 115 - git log option: --simplify-merges for path: file_to_be_deleted
ok 116 - git log option: --simplify-by-decoration for path: file_to_be_deleted
ok 117 - git log option: --follow for path: file_to_be_deleted
ok 118 - git log option: --first-parent for path: file_to_be_deleted
ok 119 - git log option: --topo-order for path: file_to_be_deleted
ok 120 - git log option: --date-order for path: file_to_be_deleted
ok 121 - git log option: --author-date-order for path: file_to_be_deleted
ok 122 - git log option: --ancestry-path side..main for path: file_to_be_deleted
ok 123 - git log -- folder works with and without the trailing slash
ok 124 - git log for path that does not exist. 
ok 125 - git log with --walk-reflogs does not use Bloom filters
ok 126 - git log -- "." pathspec at root does not use Bloom filters
ok 127 - git log with wildcard that resolves to a single path uses Bloom filters
ok 128 - git log with multiple literal paths uses Bloom filter
ok 129 - git log with paths all contain non-wildcard part uses Bloom filter
ok 130 - git log with path only contains wildcard part does not use Bloom filter
ok 131 - git log with path contains various magic signatures
ok 132 - setup - add commit-graph to the chain without Bloom filters
not ok 133 - use Bloom filters even if the latest graph does not have Bloom filters
#	
#		# Ensure that the number of empty filters is equal to the number of
#		# filters in the latest graph layer to prove that they are loaded (and
#		# ignored).
#		test_bloom_filters_used "-- A/B" 3
#	
ok 134 - setup - add commit-graph to the chain with Bloom filters
not ok 135 - Use Bloom filters if they exist in the latest but not all commit graphs in the chain.
#	
#		test_bloom_filters_used_when_some_filters_are_missing "-- A/B"
#	
ok 136 - persist filter settings
ok 137 - correctly report changes over limit
ok 138 - correctly report commits with no changed paths
ok 139 - Bloom generation is limited by --max-new-filters
ok 140 - Bloom generation backfills previously-skipped filters
ok 141 - --max-new-filters overrides configuration
ok 142 - Bloom generation backfills empty commits
ok 143 - setup for mixed Bloom setting tests
ok 144 - ensure Bloom filters with incompatible settings are ignored
ok 145 - merge graph layers with incompatible Bloom settings
ok 146 - ensure Bloom filter with incompatible versions are ignored
ok 147 - set up repo with high bit path, version 1 changed-path
ok 148 - setup check value of version 1 changed-path
ok 149 - check value of version 1 changed-path
ok 150 - setup make another commit
ok 151 - version 1 changed-path used when version 1 requested
ok 152 - version 1 changed-path not used when version 2 requested
ok 153 - version 1 changed-path used when autodetect requested
ok 154 - when writing another commit graph, preserve existing version 1 of changed-path
ok 155 - set up repo with high bit path, version 2 changed-path
ok 156 - check value of version 2 changed-path
ok 157 - setup make another commit
ok 158 - version 2 changed-path used when version 2 requested
ok 159 - version 2 changed-path not used when version 1 requested
ok 160 - version 2 changed-path used when autodetect requested
ok 161 - when writing another commit graph, preserve existing version 2 of changed-path
ok 162 - when writing commit graph, do not reuse changed-path of another version
ok 163 - when writing commit graph, reuse changed-path of another version where possible
ok 164 - Bloom reader notices too-small data chunk
not ok 165 - Bloom reader notices out-of-bounds filter offsets
#	
#		check_corrupt_graph BIDX 12 FFFFFFFF &&
#		# use grep to avoid depending on exact chunk size
#		grep "warning: ignoring out-of-range offset (4294967295) for changed-path filter at pos 3 of .git/objects/info/commit-graph" err
#	
ok 166 - Bloom reader notices too-small index chunk
not ok 167 - Bloom reader notices out-of-order index offsets
#	
#		# we do not know any real offsets, but we can pick
#		# something plausible; we should not get to the point of
#		# actually reading from the bogus offsets anyway.
#		corrupt_graph BIDX 4 0000000c00000005 &&
#		echo "warning: ignoring decreasing changed-path index offsets" \
#			"(12 > 5) for positions 1 and 2 of .git/objects/info/commit-graph" >expect.err &&
#		git -c core.commitGraph=false log -- A/B/file2 >expect.out &&
#		git -c core.commitGraph=true log -- A/B/file2 >out 2>err &&
#		test_cmp expect.out out &&
#		test_cmp expect.err err
#	
# failed 4 among 167 test(s)
1..167
# Tests: 167  Pass: 163  Fail: 4  Skip: 0
