ok 1 - set up merge history
ok 2 - log --graph with tricky octopus merge, no color
not ok 3 - log --graph with tricky octopus merge with colors
#	
#		test_config log.graphColors red,green,yellow,blue,magenta,cyan &&
#		cat >expect.colors <<-\EOF &&
#		* left
#		<RED>|<RESET> *<MAGENTA>-<RESET><MAGENTA>.<RESET>   octopus-merge
#		<RED>|<RESET><RED>/<RESET><YELLOW>|<RESET><BLUE>\<RESET> <MAGENTA>\<RESET>
#		<RED>|<RESET> <YELLOW>|<RESET> <BLUE>|<RESET> * 4
#		<RED>|<RESET> <YELLOW>|<RESET> * <MAGENTA>|<RESET> 3
#		<RED>|<RESET> <YELLOW>|<RESET> <MAGENTA>|<RESET><MAGENTA>/<RESET>
#		<RED>|<RESET> * <MAGENTA>/<RESET> 2
#		<RED>|<RESET> <MAGENTA>|<RESET><MAGENTA>/<RESET>
#		* <MAGENTA>/<RESET> 1
#		<MAGENTA>|<RESET><MAGENTA>/<RESET>
#		* initial
#		EOF
#		test_cmp_colored_graph left octopus-merge
#	
ok 4 - log --graph with normal octopus merge, no color
not ok 5 - log --graph with normal octopus merge with colors
#	
#		cat >expect.colors <<-\EOF &&
#		*<YELLOW>-<RESET><YELLOW>-<RESET><BLUE>-<RESET><BLUE>.<RESET>   octopus-merge
#		<RED>|<RESET><GREEN>\<RESET> <YELLOW>\<RESET> <BLUE>\<RESET>
#		<RED>|<RESET> <GREEN>|<RESET> <YELLOW>|<RESET> * 4
#		<RED>|<RESET> <GREEN>|<RESET> * <BLUE>|<RESET> 3
#		<RED>|<RESET> <GREEN>|<RESET> <BLUE>|<RESET><BLUE>/<RESET>
#		<RED>|<RESET> * <BLUE>/<RESET> 2
#		<RED>|<RESET> <BLUE>|<RESET><BLUE>/<RESET>
#		* <BLUE>/<RESET> 1
#		<BLUE>|<RESET><BLUE>/<RESET>
#		* initial
#		EOF
#		test_config log.graphColors red,green,yellow,blue,magenta,cyan &&
#		test_cmp_colored_graph octopus-merge
#	
ok 6 - log --graph with normal octopus merge and child, no color
not ok 7 - log --graph with normal octopus and child merge with colors
#	
#		cat >expect.colors <<-\EOF &&
#		* after-merge
#		*<BLUE>-<RESET><BLUE>-<RESET><MAGENTA>-<RESET><MAGENTA>.<RESET>   octopus-merge
#		<GREEN>|<RESET><YELLOW>\<RESET> <BLUE>\<RESET> <MAGENTA>\<RESET>
#		<GREEN>|<RESET> <YELLOW>|<RESET> <BLUE>|<RESET> * 4
#		<GREEN>|<RESET> <YELLOW>|<RESET> * <MAGENTA>|<RESET> 3
#		<GREEN>|<RESET> <YELLOW>|<RESET> <MAGENTA>|<RESET><MAGENTA>/<RESET>
#		<GREEN>|<RESET> * <MAGENTA>/<RESET> 2
#		<GREEN>|<RESET> <MAGENTA>|<RESET><MAGENTA>/<RESET>
#		* <MAGENTA>/<RESET> 1
#		<MAGENTA>|<RESET><MAGENTA>/<RESET>
#		* initial
#		EOF
#		test_config log.graphColors red,green,yellow,blue,magenta,cyan &&
#		test_cmp_colored_graph after-merge
#	
ok 8 - log --graph with tricky octopus merge and its child, no color
not ok 9 - log --graph with tricky octopus merge and its child with colors
#	
#		test_config log.graphColors red,green,yellow,blue,magenta,cyan &&
#		cat >expect.colors <<-\EOF &&
#		* left
#		<RED>|<RESET> * after-merge
#		<RED>|<RESET> *<CYAN>-<RESET><CYAN>.<RESET>   octopus-merge
#		<RED>|<RESET><RED>/<RESET><BLUE>|<RESET><MAGENTA>\<RESET> <CYAN>\<RESET>
#		<RED>|<RESET> <BLUE>|<RESET> <MAGENTA>|<RESET> * 4
#		<RED>|<RESET> <BLUE>|<RESET> * <CYAN>|<RESET> 3
#		<RED>|<RESET> <BLUE>|<RESET> <CYAN>|<RESET><CYAN>/<RESET>
#		<RED>|<RESET> * <CYAN>/<RESET> 2
#		<RED>|<RESET> <CYAN>|<RESET><CYAN>/<RESET>
#		* <CYAN>/<RESET> 1
#		<CYAN>|<RESET><CYAN>/<RESET>
#		* initial
#		EOF
#		test_cmp_colored_graph left after-merge
#	
ok 10 - log --graph with crossover in octopus merge, no color
not ok 11 - log --graph with crossover in octopus merge with colors
#	
#		test_config log.graphColors red,green,yellow,blue,magenta,cyan &&
#		cat >expect.colors <<-\EOF &&
#		* after-4
#		<RED>|<RESET> *<BLUE>-<RESET><BLUE>-<RESET><RED>-<RESET><RED>.<RESET>   octopus-merge
#		<RED>|<RESET> <GREEN>|<RESET><YELLOW>\<RESET> <BLUE>\<RESET> <RED>\<RESET>
#		<RED>|<RESET> <GREEN>|<RESET><RED>_<RESET><YELLOW>|<RESET><RED>_<RESET><BLUE>|<RESET><RED>/<RESET>
#		<RED>|<RESET><RED>/<RESET><GREEN>|<RESET> <YELLOW>|<RESET> <BLUE>|<RESET>
#		* <GREEN>|<RESET> <YELLOW>|<RESET> <BLUE>|<RESET> 4
#		<MAGENTA>|<RESET> <GREEN>|<RESET> <YELLOW>|<RESET> * 3
#		<MAGENTA>|<RESET> <GREEN>|<RESET><MAGENTA>_<RESET><YELLOW>|<RESET><MAGENTA>/<RESET>
#		<MAGENTA>|<RESET><MAGENTA>/<RESET><GREEN>|<RESET> <YELLOW>|<RESET>
#		<MAGENTA>|<RESET> <GREEN>|<RESET> * 2
#		<MAGENTA>|<RESET> <GREEN>|<RESET><MAGENTA>/<RESET>
#		<MAGENTA>|<RESET><MAGENTA>/<RESET><GREEN>|<RESET>
#		<MAGENTA>|<RESET> * 1
#		<MAGENTA>|<RESET><MAGENTA>/<RESET>
#		* initial
#		EOF
#		test_cmp_colored_graph after-4 octopus-merge
#	
ok 12 - log --graph with crossover in octopus merge and its child, no color
not ok 13 - log --graph with crossover in octopus merge and its child with colors
#	
#		test_config log.graphColors red,green,yellow,blue,magenta,cyan &&
#		cat >expect.colors <<-\EOF &&
#		* after-4
#		<RED>|<RESET> * after-merge
#		<RED>|<RESET> *<MAGENTA>-<RESET><MAGENTA>-<RESET><RED>-<RESET><RED>.<RESET>   octopus-merge
#		<RED>|<RESET> <YELLOW>|<RESET><BLUE>\<RESET> <MAGENTA>\<RESET> <RED>\<RESET>
#		<RED>|<RESET> <YELLOW>|<RESET><RED>_<RESET><BLUE>|<RESET><RED>_<RESET><MAGENTA>|<RESET><RED>/<RESET>
#		<RED>|<RESET><RED>/<RESET><YELLOW>|<RESET> <BLUE>|<RESET> <MAGENTA>|<RESET>
#		* <YELLOW>|<RESET> <BLUE>|<RESET> <MAGENTA>|<RESET> 4
#		<CYAN>|<RESET> <YELLOW>|<RESET> <BLUE>|<RESET> * 3
#		<CYAN>|<RESET> <YELLOW>|<RESET><CYAN>_<RESET><BLUE>|<RESET><CYAN>/<RESET>
#		<CYAN>|<RESET><CYAN>/<RESET><YELLOW>|<RESET> <BLUE>|<RESET>
#		<CYAN>|<RESET> <YELLOW>|<RESET> * 2
#		<CYAN>|<RESET> <YELLOW>|<RESET><CYAN>/<RESET>
#		<CYAN>|<RESET><CYAN>/<RESET><YELLOW>|<RESET>
#		<CYAN>|<RESET> * 1
#		<CYAN>|<RESET><CYAN>/<RESET>
#		* initial
#		EOF
#		test_cmp_colored_graph after-4 after-merge
#	
ok 14 - log --graph with unrelated commit and octopus tip, no color
not ok 15 - log --graph with unrelated commit and octopus tip with colors
#	
#		test_config log.graphColors red,green,yellow,blue,magenta,cyan &&
#		cat >expect.colors <<-\EOF &&
#		* after-initial
#		<RED>|<RESET> *<BLUE>-<RESET><BLUE>-<RESET><MAGENTA>-<RESET><MAGENTA>.<RESET>   octopus-merge
#		<RED>|<RESET> <GREEN>|<RESET><YELLOW>\<RESET> <BLUE>\<RESET> <MAGENTA>\<RESET>
#		<RED>|<RESET> <GREEN>|<RESET> <YELLOW>|<RESET> <BLUE>|<RESET> * 4
#		<RED>|<RESET> <GREEN>|<RESET><RED>_<RESET><YELLOW>|<RESET><RED>_<RESET><BLUE>|<RESET><RED>/<RESET>
#		<RED>|<RESET><RED>/<RESET><GREEN>|<RESET> <YELLOW>|<RESET> <BLUE>|<RESET>
#		<RED>|<RESET> <GREEN>|<RESET> <YELLOW>|<RESET> * 3
#		<RED>|<RESET> <GREEN>|<RESET><RED>_<RESET><YELLOW>|<RESET><RED>/<RESET>
#		<RED>|<RESET><RED>/<RESET><GREEN>|<RESET> <YELLOW>|<RESET>
#		<RED>|<RESET> <GREEN>|<RESET> * 2
#		<RED>|<RESET> <GREEN>|<RESET><RED>/<RESET>
#		<RED>|<RESET><RED>/<RESET><GREEN>|<RESET>
#		<RED>|<RESET> * 1
#		<RED>|<RESET><RED>/<RESET>
#		* initial
#		EOF
#		test_cmp_colored_graph after-initial octopus-merge
#	
ok 16 - log --graph with unrelated commit and octopus child, no color
not ok 17 - log --graph with unrelated commit and octopus child with colors
#	
#		test_config log.graphColors red,green,yellow,blue,magenta,cyan &&
#		cat >expect.colors <<-\EOF &&
#		* after-initial
#		<RED>|<RESET> * after-merge
#		<RED>|<RESET> *<MAGENTA>-<RESET><MAGENTA>-<RESET><CYAN>-<RESET><CYAN>.<RESET>   octopus-merge
#		<RED>|<RESET> <YELLOW>|<RESET><BLUE>\<RESET> <MAGENTA>\<RESET> <CYAN>\<RESET>
#		<RED>|<RESET> <YELLOW>|<RESET> <BLUE>|<RESET> <MAGENTA>|<RESET> * 4
#		<RED>|<RESET> <YELLOW>|<RESET><RED>_<RESET><BLUE>|<RESET><RED>_<RESET><MAGENTA>|<RESET><RED>/<RESET>
#		<RED>|<RESET><RED>/<RESET><YELLOW>|<RESET> <BLUE>|<RESET> <MAGENTA>|<RESET>
#		<RED>|<RESET> <YELLOW>|<RESET> <BLUE>|<RESET> * 3
#		<RED>|<RESET> <YELLOW>|<RESET><RED>_<RESET><BLUE>|<RESET><RED>/<RESET>
#		<RED>|<RESET><RED>/<RESET><YELLOW>|<RESET> <BLUE>|<RESET>
#		<RED>|<RESET> <YELLOW>|<RESET> * 2
#		<RED>|<RESET> <YELLOW>|<RESET><RED>/<RESET>
#		<RED>|<RESET><RED>/<RESET><YELLOW>|<RESET>
#		<RED>|<RESET> * 1
#		<RED>|<RESET><RED>/<RESET>
#		* initial
#		EOF
#		test_cmp_colored_graph after-initial after-merge
#	
# failed 8 among 17 test(s)
1..17
# Tests: 17  Pass: 9  Fail: 8  Skip: 0
