ok 1 - setup
ok 2 - --quiet on clean merge
ok 3 - Clean merge
ok 4 - Failed merge without rename detection
ok 5 - --quiet on conflicted merge
ok 6 - Content merge and a few conflicts
ok 7 - Auto resolve conflicts by "ours" strategy option
ok 8 - Barf on misspelled option, with exit code other than 0 or 1
ok 9 - Barf on too many arguments
ok 10 - test conflict notices and such
ok 11 - directory rename + content conflict
ok 12 - rename/delete handling
ok 13 - rename/add handling
ok 14 - rename/add, where add is a mode conflict
ok 15 - rename/rename + content conflict
ok 16 - rename/add/delete conflict
not ok 17 - rename/rename(2to1)/delete/delete conflict
#	
#		# Setup
#		git init rrdd &&
#		(
#			cd rrdd &&
#			echo foo >foo &&
#			echo bar >bar &&
#			git add foo bar &&
#			git commit -m O &&
#	
#			git branch O &&
#			git branch A &&
#			git branch B &&
#	
#			git checkout A &&
#			git mv foo baz &&
#			git rm bar &&
#			git commit -m "Rename foo, remove bar" &&
#	
#			git checkout B &&
#			git mv bar baz &&
#			git rm foo &&
#			git commit -m "Rename bar, remove foo"
#		) &&
#		# Testing
#		(
#			cd rrdd &&
#	
#			test_expect_code 1 \
#				git merge-tree -z A^0 B^0 >out &&
#			echo >>out &&
#			anonymize_hash out >actual &&
#	
#			q_to_tab <<-\EOF | lf_to_nul >expect &&
#			HASH
#			100644 HASH 2Qbaz
#			100644 HASH 3Qbaz
#	
#			EOF
#	
#			q_to_nul <<-EOF >>expect &&
#			2QbazQbarQCONFLICT (rename/delete)QCONFLICT (rename/delete): bar renamed to baz in B^0, but deleted in A^0.
#			Q2QbazQfooQCONFLICT (rename/delete)QCONFLICT (rename/delete): foo renamed to baz in A^0, but deleted in B^0.
#			Q1QbazQAuto-mergingQAuto-merging baz
#			Q1QbazQCONFLICT (contents)QCONFLICT (add/add): Merge conflict in baz
#			Q
#			EOF
#			test_cmp expect actual
#		)
#	
ok 18 - mod6: chains of rename/rename(1to2) and add/add via colliding renames
not ok 19 - directory rename + rename/delete + modify/delete + directory/file conflict
#	
#		# Setup
#		git init 4-stacked-conflict &&
#		(
#			cd 4-stacked-conflict &&
#			test_write_lines 1 2 3 4 5 >foo &&
#			mkdir olddir &&
#			for i in a b c; do echo $i >olddir/$i || exit 1; done &&
#			git add foo olddir &&
#			git commit -m "original" &&
#	
#			git branch O &&
#			git branch A &&
#			git branch B &&
#	
#			git checkout A &&
#			git rm foo &&
#			git mv olddir newdir &&
#			mkdir newdir/bar &&
#			>newdir/bar/file &&
#			git add newdir/bar/file &&
#			git commit -m "rm foo, olddir/ -> newdir/, + newdir/bar/file" &&
#	
#			git checkout B &&
#			test_write_lines 1 2 3 4 5 6 >foo &&
#			git add foo &&
#			git mv foo olddir/bar &&
#			git commit -m "Modify foo & rename foo -> olddir/bar"
#		) &&
#		# Testing
#		(
#			cd 4-stacked-conflict &&
#	
#			test_expect_code 1 \
#				git merge-tree -z A^0 B^0 >out &&
#			echo >>out &&
#			anonymize_hash out >actual &&
#	
#			q_to_tab <<-\EOF | lf_to_nul >expect &&
#			HASH
#			100644 HASH 1Qnewdir/bar~B^0
#			100644 HASH 3Qnewdir/bar~B^0
#			EOF
#	
#			q_to_nul <<-EOF >>expect &&
#			Q2Qnewdir/barQolddir/barQCONFLICT (directory rename suggested)QCONFLICT (file location): foo renamed to olddir/bar in B^0, inside a directory that was renamed in A^0, suggesting it should perhaps be moved to newdir/bar.
#			Q2Qnewdir/barQfooQCONFLICT (rename/delete)QCONFLICT (rename/delete): foo renamed to newdir/bar in B^0, but deleted in A^0.
#			Q2Qnewdir/bar~B^0Qnewdir/barQCONFLICT (file/directory)QCONFLICT (file/directory): directory in the way of newdir/bar from B^0; moving it to newdir/bar~B^0 instead.
#			Q1Qnewdir/bar~B^0QCONFLICT (modify/delete)QCONFLICT (modify/delete): newdir/bar~B^0 deleted in A^0 and modified in B^0.  Version B^0 of newdir/bar~B^0 left in tree.
#			Q
#			EOF
#			test_cmp expect actual
#		)
#	
ok 20 - usage: --trivial-merge is incompatible with --messages
ok 21 - usage: --trivial-merge is incompatible with --quiet
ok 22 - usage: --trivial-merge is incompatible with --name-only
ok 23 - usage: --trivial-merge is incompatible with --allow-unrelated-histories
ok 24 - usage: --trivial-merge is incompatible with --stdin
ok 25 - usage: --trivial-merge is incompatible with --merge-base=
ok 26 - usage: --trivial-merge is incompatible with --strategy-option=
ok 27 - usage: --trivial-merge is incompatible with --no-messages
ok 28 - usage: --trivial-merge is incompatible with --
ok 29 - usage: --trivial-merge is incompatible with --no-merge-base
ok 30 - usage: --trivial-merge is incompatible with --no-strategy-option
ok 31 - Just the conflicted files without the messages
ok 32 - Check conflicted oids and modes without messages
ok 33 - NUL terminated conflicted file "lines"
ok 34 - error out by default for unrelated histories
ok 35 - can override merge of unrelated histories
ok 36 - merge-ort fails gracefully in a read-only repository
ok 37 - --stdin with both a successful and a conflicted merge
ok 38 - --merge-base is incompatible with --stdin
ok 39 - specify merge-base as parent of branch2
ok 40 - check the input format when --stdin is passed
ok 41 - --merge-base with tree OIDs
ok 42 - error out on missing tree objects
ok 43 - error out on missing blob objects
ok 44 - error out on missing commits as well
# failed 2 among 44 test(s)
1..44
# Tests: 44  Pass: 42  Fail: 2  Skip: 0
