ok 1 - setup
ok 2 - don't write midx with no packs
ok 3 # skip warn if a midx contains no oid (missing SHA1)
ok 4 - create objects
not ok 5 - write midx with one v1 pack
#	
#		pack=$(git pack-objects --index-version=1 $objdir/pack/test <obj-list) &&
#		test_when_finished rm $objdir/pack/test-$pack.pack \
#			$objdir/pack/test-$pack.idx $objdir/pack/multi-pack-index &&
#		git multi-pack-index --object-dir=$objdir write &&
#		midx_read_expect 1 18 4 $objdir
#	
not ok 6 - write midx with one v2 pack
#	
#		git pack-objects --index-version=2,0x40 $objdir/pack/test <obj-list &&
#		git multi-pack-index --object-dir=$objdir write &&
#		midx_read_expect 1 18 4 $objdir
#	
ok 7 - check normal git operations: one v2 pack
not ok 8 - corrupt idx reports errors
#	
#		idx=$(test-tool read-midx $objdir | grep "\.idx\$") &&
#		mv $objdir/pack/$idx backup-$idx &&
#		test_when_finished "mv backup-\$idx \$objdir/pack/\$idx" &&
#	
#		# This is the minimum size for a sha-1 based .idx; this lets
#		# us pass perfunctory tests, but anything that actually opens and reads
#		# the idx file will complain.
#		test_copy_bytes 1064 <backup-$idx >$objdir/pack/$idx &&
#	
#		git -c core.multiPackIndex=true rev-list --objects --all 2>err &&
#		grep "index unavailable" err
#	
ok 9 - add more objects
not ok 10 - write midx with two packs
#	
#		git pack-objects --index-version=1 $objdir/pack/test-2 <obj-list &&
#		git multi-pack-index --object-dir=$objdir write &&
#		midx_read_expect 2 34 4 $objdir
#	
ok 11 - check normal git operations: two packs
ok 12 - write midx with --stdin-packs
ok 13 - check normal git operations: mixed mode (one pack + extra)
not ok 14 - write with no objects and preferred pack
#	
#		test_when_finished "rm -rf empty" &&
#		git init empty &&
#		test_must_fail git -C empty multi-pack-index write \
#			--stdin-packs --preferred-pack=does-not-exist </dev/null 2>err &&
#		cat >expect <<-EOF &&
#		warning: unknown preferred pack: ${SQ}does-not-exist${SQ}
#		error: no pack files to index.
#		EOF
#		test_cmp expect err
#	
ok 15 - write progress off for redirected stderr
not ok 16 - write force progress on for stderr
#	
#		GIT_PROGRESS_DELAY=0 git multi-pack-index --object-dir=$objdir write --progress 2>err &&
#		test_file_not_empty err
#	
ok 17 - write with the --no-progress option
ok 18 - add more packs
ok 19 - check normal git operations: mixed mode (two packs + extra)
not ok 20 - write midx with twelve packs
#	
#		git multi-pack-index --object-dir=$objdir write &&
#		midx_read_expect 12 74 4 $objdir
#	
ok 21 - check normal git operations: twelve packs
not ok 22 - multi-pack-index *.rev cleanup with --object-dir
#	
#		git init repo &&
#		git clone -s repo alternate &&
#	
#		test_when_finished "rm -rf repo alternate" &&
#	
#		(
#			cd repo &&
#			test_commit base &&
#			git repack -d
#		) &&
#	
#		ours="alternate/.git/objects/pack/multi-pack-index-123.rev" &&
#		theirs="repo/.git/objects/pack/multi-pack-index-abc.rev" &&
#		touch "$ours" "$theirs" &&
#	
#		(
#			cd alternate &&
#			git multi-pack-index --object-dir ../repo/.git/objects write
#		) &&
#	
#		# writing a midx in "repo" should not remove the .rev file in the
#		# alternate
#		test_path_is_file repo/.git/objects/pack/multi-pack-index &&
#		test_path_is_file $ours &&
#		test_path_is_missing $theirs
#	
not ok 23 - warn on improper hash version
#	
#		git init --object-format=sha1 sha1 &&
#		(
#			cd sha1 &&
#			git config core.multiPackIndex true &&
#			test_commit 1 &&
#			git repack -a &&
#			git multi-pack-index write &&
#			mv .git/objects/pack/multi-pack-index ../mpi-sha1
#		) &&
#		git init --object-format=sha256 sha256 &&
#		(
#			cd sha256 &&
#			git config core.multiPackIndex true &&
#			test_commit 1 &&
#			git repack -a &&
#			git multi-pack-index write &&
#			mv .git/objects/pack/multi-pack-index ../mpi-sha256
#		) &&
#		(
#			cd sha1 &&
#			mv ../mpi-sha256 .git/objects/pack/multi-pack-index &&
#			git log -1 2>err &&
#			test_grep "multi-pack-index hash version 2 does not match version 1" err
#		) &&
#		(
#			cd sha256 &&
#			mv ../mpi-sha1 .git/objects/pack/multi-pack-index &&
#			git log -1 2>err &&
#			test_grep "multi-pack-index hash version 1 does not match version 2" err
#		)
#	
not ok 24 - midx picks objects from preferred pack
#	
#		test_when_finished rm -rf preferred.git &&
#		git init --bare preferred.git &&
#		(
#			cd preferred.git &&
#	
#			a=$(echo "a" | git hash-object -w --stdin) &&
#			b=$(echo "b" | git hash-object -w --stdin) &&
#			c=$(echo "c" | git hash-object -w --stdin) &&
#	
#			# Set up two packs, duplicating the object "B" at different
#			# offsets.
#			#
#			# Note that the "BC" pack (the one we choose as preferred) sorts
#			# lexically after the "AB" pack, meaning that omitting the
#			# --preferred-pack argument would cause this test to fail (since
#			# the MIDX code would select the copy of "b" in the "AB" pack).
#			git pack-objects objects/pack/test-AB <<-EOF &&
#			$a
#			$b
#			EOF
#			bc=$(git pack-objects objects/pack/test-BC <<-EOF
#			$b
#			$c
#			EOF
#			) &&
#	
#			git multi-pack-index --object-dir=objects \
#				write --preferred-pack=test-BC-$bc.idx 2>err &&
#			test_must_be_empty err &&
#	
#			test-tool read-midx --show-objects objects >out &&
#	
#			ofs=$(git show-index <objects/pack/test-BC-$bc.idx | grep $b |
#				cut -d" " -f1) &&
#			printf "%s %s\t./objects/pack/test-BC-%s.pack\n" \
#				"$b" "$ofs" "$bc" >expect &&
#			grep ^$b out >actual &&
#	
#			test_cmp expect actual
#		)
#	
not ok 25 - preferred packs must be non-empty
#	
#		test_when_finished rm -rf preferred.git &&
#		git init preferred.git &&
#		(
#			cd preferred.git &&
#	
#			test_commit base &&
#			git repack -ad &&
#	
#			empty="$(git pack-objects $objdir/pack/pack </dev/null)" &&
#	
#			test_must_fail git multi-pack-index write \
#				--preferred-pack=pack-$empty.pack 2>err &&
#			grep "with no objects" err
#		)
#	
ok 26 - preferred pack from existing MIDX without bitmaps
not ok 27 - preferred pack cannot be determined without bitmap
#	
#		test_when_finished "rm -fr preferred-can-be-queried" &&
#		git init preferred-can-be-queried &&
#		(
#			cd preferred-can-be-queried &&
#			test_commit initial &&
#			git repack -Adl --write-midx --no-write-bitmap-index &&
#			test_must_fail test-tool read-midx --preferred-pack .git/objects 2>err &&
#			test_grep "could not determine MIDX preferred pack" err &&
#			git repack -Adl --write-midx --write-bitmap-index &&
#			test-tool read-midx --preferred-pack .git/objects
#		)
#	
not ok 28 - up-to-date multi-pack-index is retained
#	
#		test_when_finished "rm -fr midx-up-to-date" &&
#		git init midx-up-to-date &&
#		(
#			cd midx-up-to-date &&
#	
#			# Write the initial pack that contains the most objects.
#			test_commit first &&
#			test_commit second &&
#			git repack -Ad --write-midx &&
#			test_midx_is_retained &&
#	
#			# Writing a new bitmap index should cause us to regenerate the MIDX.
#			test_midx_is_rewritten --bitmap &&
#			test_midx_is_retained --bitmap &&
#	
#			# Ensure that writing a new packfile causes us to rewrite the index.
#			test_commit incremental &&
#			git repack -d &&
#			test_midx_is_rewritten &&
#			test_midx_is_retained &&
#	
#			for pack in .git/objects/pack/*.idx
#			do
#				basename "$pack" || exit 1
#			done >stdin &&
#			test_line_count = 2 stdin &&
#			test_midx_is_retained --stdin-packs <stdin &&
#			head -n1 stdin >stdin.trimmed &&
#			test_midx_is_rewritten --stdin-packs <stdin.trimmed
#		)
#	
ok 29 - verify multi-pack-index success
ok 30 - verify progress off for redirected stderr
not ok 31 - verify force progress on for stderr
#	
#		git multi-pack-index verify --object-dir=$objdir --progress 2>err &&
#		test_file_not_empty err
#	
ok 32 - verify with the --no-progress option
ok 33 - verify bad signature
ok 34 - verify bad version
ok 35 - verify bad OID version
not ok 36 - verify truncated chunk count
#	
#		corrupt_midx_and_verify $MIDX_BYTE_CHUNK_COUNT "\01" $objdir \
#			"final chunk has non-zero id"
#	
not ok 37 - verify extended chunk count
#	
#		corrupt_midx_and_verify $MIDX_BYTE_CHUNK_COUNT "\07" $objdir \
#			"terminating chunk id appears earlier than expected"
#	
not ok 38 - verify missing required chunk
#	
#		corrupt_midx_and_verify $MIDX_BYTE_CHUNK_ID "\01" $objdir \
#			"required pack-name chunk missing"
#	
not ok 39 - verify invalid chunk offset
#	
#		corrupt_midx_and_verify $MIDX_BYTE_CHUNK_OFFSET "\01" $objdir \
#			"improper chunk offset(s)"
#	
not ok 40 - verify missing pack
#	
#		corrupt_midx_and_verify $MIDX_BYTE_PACKNAME_ORDER "a" $objdir \
#			"failed to load pack"
#	
not ok 41 - verify oid fanout out of order
#	
#		corrupt_midx_and_verify $MIDX_BYTE_OID_FANOUT_ORDER "\01" $objdir \
#			"oid fanout out of order"
#	
not ok 42 - verify oid lookup out of order
#	
#		corrupt_midx_and_verify $MIDX_BYTE_OID_LOOKUP "\00" $objdir \
#			"oid lookup out of order"
#	
not ok 43 - verify incorrect pack-int-id
#	
#		corrupt_midx_and_verify $MIDX_BYTE_PACK_INT_ID "\07" $objdir \
#			"bad pack-int-id"
#	
not ok 44 - verify incorrect offset
#	
#		corrupt_midx_and_verify $MIDX_BYTE_OFFSET "\377" $objdir \
#			"incorrect object offset"
#	
not ok 45 - git-fsck incorrect offset
#	
#		corrupt_midx_and_verify $MIDX_BYTE_OFFSET "\377" $objdir \
#			"incorrect object offset" \
#			"git -c core.multiPackIndex=true fsck" &&
#		test_unconfig core.multiPackIndex &&
#		test_must_fail git fsck &&
#		git -c core.multiPackIndex=false fsck
#	
not ok 46 - git fsck shows MIDX output with --progress
#	
#		git fsck --progress 2>err &&
#		grep "Verifying OID order in multi-pack-index" err &&
#		grep "Verifying object offsets" err
#	
ok 47 - git fsck suppresses MIDX output with --no-progress
not ok 48 - corrupt MIDX is not reused
#	
#		corrupt_midx_and_verify $MIDX_BYTE_OFFSET "\377" $objdir \
#			"incorrect object offset" &&
#		git multi-pack-index write 2>err &&
#		test_grep checksum.mismatch err &&
#		git multi-pack-index verify
#	
not ok 49 - verify incorrect checksum
#	
#		pos=$(($(wc -c <$objdir/pack/multi-pack-index) - 10)) &&
#		corrupt_midx_and_verify $pos \
#			"\377\377\377\377\377\377\377\377\377\377" \
#			$objdir "incorrect checksum"
#	
ok 50 - setup for v1-specific fsck tests
not ok 51 - verify packnames out of order (v1)
#	
#		corrupt_midx_and_verify $MIDX_BYTE_PACKNAME_ORDER "z" $objdir \
#			"pack names out of order"
#	
ok 52 - repack progress off for redirected stderr
not ok 53 - repack force progress on for stderr
#	
#		GIT_PROGRESS_DELAY=0 git multi-pack-index --object-dir=$objdir repack --progress 2>err &&
#		test_file_not_empty err
#	
ok 54 - repack with the --no-progress option
ok 55 - repack removes multi-pack-index when deleting packs
not ok 56 - repack preserves multi-pack-index when creating packs
#	
#		git init preserve &&
#		test_when_finished "rm -fr preserve" &&
#		(
#			cd preserve &&
#			packdir=.git/objects/pack &&
#			midx=$packdir/multi-pack-index &&
#	
#			test_commit 1 &&
#			pack1=$(git pack-objects --all $packdir/pack) &&
#			touch $packdir/pack-$pack1.keep &&
#			test_commit 2 &&
#			pack2=$(git pack-objects --revs $packdir/pack) &&
#			touch $packdir/pack-$pack2.keep &&
#	
#			git multi-pack-index write &&
#			cp $midx $midx.bak &&
#	
#			cat >pack-input <<-EOF &&
#			HEAD
#			^HEAD~1
#			EOF
#			test_commit 3 &&
#			pack3=$(git pack-objects --revs $packdir/pack <pack-input) &&
#			test_commit 4 &&
#			pack4=$(git pack-objects --revs $packdir/pack <pack-input) &&
#	
#			GIT_TEST_MULTI_PACK_INDEX=0 git -c core.multiPackIndex repack -ad &&
#			ls -la $packdir &&
#			test_path_is_file $packdir/pack-$pack1.pack &&
#			test_path_is_file $packdir/pack-$pack2.pack &&
#			test_path_is_missing $packdir/pack-$pack3.pack &&
#			test_path_is_missing $packdir/pack-$pack4.pack &&
#			test_cmp_bin $midx.bak $midx
#		)
#	
ok 57 - check normal git operations: after repack
ok 58 - multi-pack-index and pack-bitmap
ok 59 - multi-pack-index and alternates
ok 60 - check normal git operations: with alternate (local midx)
not ok 61 - multi-pack-index in an alternate
#	
#		mv .git/objects/pack/* alt.git/objects/pack &&
#		test_commit add_local_objects &&
#		git repack --local &&
#		git multi-pack-index write &&
#		midx_read_expect 1 3 4 $objdir &&
#		git reset --hard HEAD~1 &&
#		rm -f .git/objects/pack/*
#	
ok 62 - check normal git operations: with alternate (remote midx)
not ok 63 - force some 64-bit offsets with pack-objects
#	
#		mkdir objects64 &&
#		mkdir objects64/pack &&
#		for i in $(test_seq 1 11)
#		do
#			generate_objects 11 || return 1
#		done &&
#		commit_and_list_objects &&
#		pack64=$(git pack-objects --index-version=2,0x40 objects64/pack/test-64 <obj-list) &&
#		idx64=objects64/pack/test-64-$pack64.idx &&
#		chmod u+w $idx64 &&
#		corrupt_data $idx64 $(test_oid idxoff) "\02" &&
#		# objects64 is not a real repository, but can serve as an alternate
#		# anyway so we can write a MIDX into it
#		git init repo &&
#		test_when_finished "rm -fr repo" &&
#		(
#			cd repo &&
#			( cd ../objects64 && pwd ) >.git/objects/info/alternates &&
#			midx64=$(git multi-pack-index --object-dir=../objects64 write)
#		) &&
#		midx_read_expect 1 63 5 "$(pwd)/objects64" " large-offsets"
#	
not ok 64 - verify multi-pack-index with 64-bit offsets
#	
#		git multi-pack-index verify --object-dir=objects64
#	
not ok 65 - verify incorrect 64-bit offset
#	
#		corrupt_midx_and_verify $MIDX_BYTE_LARGE_OFFSET "\07" objects64 \
#			"incorrect object offset"
#	
ok 66 - setup expire tests
ok 67 - expire does not remove any packs
ok 68 - expire progress off for redirected stderr
not ok 69 - expire force progress on for stderr
#	
#		(
#			cd dup &&
#			GIT_PROGRESS_DELAY=0 git multi-pack-index expire --progress 2>err &&
#			test_file_not_empty err
#		)
#	
ok 70 - expire with the --no-progress option
ok 71 - expire removes unreferenced packs
ok 72 - repack with minimum size does not alter existing packs
not ok 73 - repack respects repack.packKeptObjects=false
#	
#		test_when_finished rm -f dup/.git/objects/pack/*keep &&
#		(
#			cd dup &&
#			ls .git/objects/pack/*idx >idx-list &&
#			test_line_count = 5 idx-list &&
#			ls .git/objects/pack/*.pack | sed "s/\.pack/.keep/" >keep-list &&
#			test_line_count = 5 keep-list &&
#			for keep in $(cat keep-list)
#			do
#				touch $keep || return 1
#			done &&
#			git multi-pack-index repack --batch-size=0 &&
#			ls .git/objects/pack/*idx >idx-list &&
#			test_line_count = 5 idx-list &&
#			test-tool read-midx .git/objects | grep idx >midx-list &&
#			test_line_count = 5 midx-list &&
#			THIRD_SMALLEST_SIZE=$(test-tool path-utils file-size .git/objects/pack/*pack | sort -n | sed -n 3p) &&
#			BATCH_SIZE=$((THIRD_SMALLEST_SIZE + 1)) &&
#			git multi-pack-index repack --batch-size=$BATCH_SIZE &&
#			ls .git/objects/pack/*idx >idx-list &&
#			test_line_count = 5 idx-list &&
#			test-tool read-midx .git/objects | grep idx >midx-list &&
#			test_line_count = 5 midx-list
#		)
#	
not ok 74 - repack creates a new pack
#	
#		(
#			cd dup &&
#			ls .git/objects/pack/*idx >idx-list &&
#			test_line_count = 5 idx-list &&
#			THIRD_SMALLEST_SIZE=$(test-tool path-utils file-size .git/objects/pack/*pack | sort -n | head -n 3 | tail -n 1) &&
#			BATCH_SIZE=$(($THIRD_SMALLEST_SIZE + 1)) &&
#			git multi-pack-index repack --batch-size=$BATCH_SIZE &&
#			ls .git/objects/pack/*idx >idx-list &&
#			test_line_count = 6 idx-list &&
#			test-tool read-midx .git/objects | grep idx >midx-list &&
#			test_line_count = 6 midx-list
#		)
#	
ok 75 - repack (all) ignores cruft pack
not ok 76 - repack (--batch-size) ignores cruft pack
#	
#		git init repo &&
#		test_when_finished "rm -fr repo" &&
#		(
#			cd repo &&
#	
#			test_commit_bulk 5 &&
#			test_commit --no-tag unreachable &&
#	
#			git reset --hard HEAD^ &&
#			git reflog expire --all --expire=all &&
#			git repack --cruft -d &&
#	
#			test_commit four &&
#	
#			find $objdir/pack -type f -name "*.pack" | sort >before &&
#			git repack -d &&
#			find $objdir/pack -type f -name "*.pack" | sort >after &&
#	
#			pack="$(comm -13 before after)" &&
#			test_file_size "$pack" >sz &&
#			# Set --batch-size to twice the size of the pack created
#			# in the previous step, since this is enough to
#			# accommodate it and the cruft pack.
#			#
#			# This means that the MIDX machinery *could* combine the
#			# new and cruft packs together.
#			#
#			# We ensure that it does not below.
#			batch="$((($(cat sz) * 2)))" &&
#	
#			git multi-pack-index write &&
#	
#			find $objdir/pack | sort >before &&
#			git multi-pack-index repack --batch-size=$batch &&
#			find $objdir/pack | sort >after &&
#	
#			test_cmp before after
#		)
#	
not ok 77 - expire removes repacked packs
#	
#		(
#			cd dup &&
#			ls -al .git/objects/pack/*pack &&
#			ls -S .git/objects/pack/*pack | head -n 4 >expect &&
#			git multi-pack-index expire &&
#			ls -S .git/objects/pack/*pack >actual &&
#			test_cmp expect actual &&
#			test-tool read-midx .git/objects | grep idx >midx-list &&
#			test_line_count = 4 midx-list
#		)
#	
not ok 78 - expire works when adding new packs
#	
#		(
#			cd dup &&
#			git pack-objects --revs .git/objects/pack/pack-combined <<-EOF &&
#			refs/heads/A
#			^refs/heads/B
#			EOF
#			git pack-objects --revs .git/objects/pack/pack-combined <<-EOF &&
#			refs/heads/B
#			^refs/heads/C
#			EOF
#			git pack-objects --revs .git/objects/pack/pack-combined <<-EOF &&
#			refs/heads/C
#			^refs/heads/D
#			EOF
#			git multi-pack-index write &&
#			git pack-objects --revs .git/objects/pack/a-pack <<-EOF &&
#			refs/heads/D
#			^refs/heads/E
#			EOF
#			git multi-pack-index write &&
#			git pack-objects --revs .git/objects/pack/z-pack <<-EOF &&
#			refs/heads/E
#			EOF
#			git multi-pack-index expire &&
#			ls .git/objects/pack/ | grep idx >expect &&
#			test-tool read-midx .git/objects | grep idx >actual &&
#			test_cmp expect actual &&
#			git multi-pack-index verify
#		)
#	
not ok 79 - expire respects .keep files
#	
#		(
#			cd dup &&
#			git pack-objects --revs .git/objects/pack/pack-all <<-EOF &&
#			refs/heads/A
#			EOF
#			git multi-pack-index write &&
#			PACKA=$(ls .git/objects/pack/a-pack*\.pack | sed s/\.pack\$//) &&
#			touch $PACKA.keep &&
#			git multi-pack-index expire &&
#			test_path_is_file $PACKA.idx &&
#			test_path_is_file $PACKA.keep &&
#			test_path_is_file $PACKA.pack &&
#			test-tool read-midx .git/objects | grep idx >midx-list &&
#			test_line_count = 2 midx-list
#		)
#	
ok 80 - expiring unreferenced cruft pack retains pack
not ok 81 - repack --batch-size=0 repacks everything
#	
#		cp -r dup dup2 &&
#		(
#			cd dup &&
#			rm .git/objects/pack/*.keep &&
#			ls .git/objects/pack/*idx >idx-list &&
#			test_line_count = 2 idx-list &&
#			git multi-pack-index repack --batch-size=0 &&
#			ls .git/objects/pack/*idx >idx-list &&
#			test_line_count = 3 idx-list &&
#			test-tool read-midx .git/objects | grep idx >midx-list &&
#			test_line_count = 3 midx-list &&
#			git multi-pack-index expire &&
#			ls -al .git/objects/pack/*idx >idx-list &&
#			test_line_count = 1 idx-list &&
#			git multi-pack-index repack --batch-size=0 &&
#			ls -al .git/objects/pack/*idx >new-idx-list &&
#			test_cmp idx-list new-idx-list
#		)
#	
ok 82 # skip repack/expire with many packs (missing EXPENSIVE)
not ok 83 - repack --batch-size=<large> repacks everything
#	
#		(
#			cd dup2 &&
#			rm .git/objects/pack/*.keep &&
#			ls .git/objects/pack/*idx >idx-list &&
#			test_line_count = 2 idx-list &&
#			git multi-pack-index repack --batch-size=2000000 &&
#			ls .git/objects/pack/*idx >idx-list &&
#			test_line_count = 3 idx-list &&
#			test-tool read-midx .git/objects | grep idx >midx-list &&
#			test_line_count = 3 midx-list &&
#			git multi-pack-index expire &&
#			ls -al .git/objects/pack/*idx >idx-list &&
#			test_line_count = 1 idx-list
#		)
#	
ok 84 - repack/expire loop
not ok 85 - load reverse index when missing .idx, .pack
#	
#		git init repo &&
#		test_when_finished "rm -fr repo" &&
#		(
#			cd repo &&
#	
#			git config core.multiPackIndex true &&
#	
#			test_commit base &&
#			git repack -ad &&
#			git multi-pack-index write &&
#	
#			git rev-parse HEAD >tip &&
#			pack=$(ls .git/objects/pack/pack-*.pack) &&
#			idx=$(ls .git/objects/pack/pack-*.idx) &&
#	
#			mv $idx $idx.bak &&
#			git cat-file --batch-check="%(objectsize:disk)" <tip &&
#	
#			mv $idx.bak $idx &&
#	
#			mv $pack $pack.bak &&
#			git cat-file --batch-check="%(objectsize:disk)" <tip &&
#	
#			test_must_fail git multi-pack-index write 2>err &&
#			test_grep "could not load pack" err
#		)
#	
ok 86 - usage shown without sub-command
ok 87 - complains when run outside of a repository
ok 88 - repack with delta islands
not ok 89 - reader notices too-small oid fanout chunk
#	
#		corrupt_chunk OIDF clear 00000000 &&
#		test_must_fail git log 2>err &&
#		cat >expect <<-\EOF &&
#		error: multi-pack-index OID fanout is of the wrong size
#		fatal: multi-pack-index required OID fanout chunk missing or corrupted
#		EOF
#		test_cmp expect err
#	
not ok 90 - reader notices too-small oid lookup chunk
#	
#		corrupt_chunk OIDL clear 00000000 &&
#		test_must_fail git log 2>err &&
#		cat >expect <<-\EOF &&
#		error: multi-pack-index OID lookup chunk is the wrong size
#		fatal: multi-pack-index required OID lookup chunk missing or corrupted
#		EOF
#		test_cmp expect err
#	
not ok 91 - reader notices too-small pack names chunk
#	
#		# There is no NUL to terminate the name here, so the
#		# chunk is too short.
#		corrupt_chunk PNAM clear 70656666 &&
#		test_must_fail git log 2>err &&
#		cat >expect <<-\EOF &&
#		fatal: multi-pack-index pack-name chunk is too short
#		EOF
#		test_cmp expect err
#	
not ok 92 - reader handles unaligned chunks
#	
#		# A 9-byte PNAM means all of the subsequent chunks
#		# will no longer be 4-byte aligned, but it is still
#		# a valid one-pack chunk on its own (it is "foo.pack\0").
#		corrupt_chunk PNAM clear 666f6f2e7061636b00 &&
#		git -c core.multipackindex=false log >expect.out &&
#		git -c core.multipackindex=true log >out 2>err &&
#		test_cmp expect.out out &&
#		cat >expect.err <<-\EOF &&
#		error: chunk id 4f494446 not 4-byte aligned
#		EOF
#		test_cmp expect.err err
#	
not ok 93 - reader notices too-small object offset chunk
#	
#		corrupt_chunk OOFF clear 00000000 &&
#		test_must_fail git log 2>err &&
#		cat >expect <<-\EOF &&
#		error: multi-pack-index object offset chunk is the wrong size
#		fatal: multi-pack-index required object offsets chunk missing or corrupted
#		EOF
#		test_cmp expect err
#	
not ok 94 - reader bounds-checks large offset table
#	
#		# re-use the objects64 dir here to cheaply get access to a midx
#		# with large offsets.
#		git init repo &&
#		test_when_finished "rm -rf repo" &&
#		(
#			cd repo &&
#			(cd ../objects64 && pwd) >.git/objects/info/alternates &&
#			git multi-pack-index --object-dir=../objects64 write &&
#			midx=../objects64/pack/multi-pack-index &&
#			corrupt_chunk_file $midx LOFF clear &&
#			# using only %(objectsize) is important here; see the commit
#			# message for more details
#			test_must_fail git cat-file --batch-all-objects \
#				--batch-check="%(objectsize)" 2>err &&
#			cat >expect <<-\EOF &&
#			fatal: multi-pack-index large offset out of bounds
#			EOF
#			test_cmp expect err
#		)
#	
not ok 95 - reader notices too-small revindex chunk
#	
#		# We only get a revindex with bitmaps (and likewise only
#		# load it when they are asked for).
#		test_config repack.writeBitmaps true &&
#		corrupt_chunk RIDX clear 00000000 &&
#		git -c core.multipackIndex=false rev-list \
#			--all --use-bitmap-index >expect.out &&
#		git -c core.multipackIndex=true rev-list \
#			--all --use-bitmap-index >out 2>err &&
#		test_cmp expect.out out &&
#		cat >expect.err <<-\EOF &&
#		error: multi-pack-index reverse-index chunk is the wrong size
#		warning: multi-pack bitmap is missing required reverse index
#		EOF
#		test_cmp expect.err err
#	
not ok 96 - reader notices out-of-bounds fanout
#	
#		# This is similar to the out-of-bounds fanout test in t5318. The values
#		# in adjacent entries should be large but not identical (they
#		# are used as hi/lo starts for a binary search, which would then abort
#		# immediately).
#		corrupt_chunk OIDF 0 $(printf "%02x000000" $(test_seq 0 254)) &&
#		test_must_fail git log 2>err &&
#		cat >expect <<-\EOF &&
#		error: oid fanout out of order: fanout[254] = fe000000 > 5c = fanout[255]
#		fatal: multi-pack-index required OID fanout chunk missing or corrupted
#		EOF
#		test_cmp expect err
#	
not ok 97 - bitmapped packs are stored via the BTMP chunk
#	
#		test_when_finished "rm -fr repo" &&
#		git init repo &&
#		(
#			cd repo &&
#			git config set maintenance.auto false &&
#	
#			for i in 1 2 3 4 5
#			do
#				test_commit "$i" &&
#				git repack -d || return 1
#			done &&
#	
#			find $objdir/pack -type f -name "*.idx" | xargs -n 1 basename |
#			sort >packs &&
#	
#			git multi-pack-index write --stdin-packs <packs &&
#			test_must_fail test-tool read-midx --bitmap $objdir 2>err &&
#			cat >expect <<-\EOF &&
#			error: MIDX does not contain the BTMP chunk
#			EOF
#			test_cmp expect err &&
#	
#			git multi-pack-index write --stdin-packs --bitmap \
#				--preferred-pack="$(head -n1 <packs)" <packs  &&
#			test-tool read-midx --bitmap $objdir >actual &&
#			for i in $(test_seq $(wc -l <packs))
#			do
#				sed -ne "${i}s/\.idx$/\.pack/p" packs &&
#				echo "  bitmap_pos: $((($i - 1) * 3))" &&
#				echo "  bitmap_nr: 3" || return 1
#			done >expect &&
#			test_cmp expect actual
#		)
#	
not ok 98 - pack.preferBitmapTips interprets patterns as hierarchy
#	
#		git init repo &&
#		test_when_finished "rm -fr repo" &&
#		(
#			cd repo &&
#	
#			# Create enough commits that not all will receive bitmap
#			# coverage even if they are all at the tip of some reference.
#			test_commit_bulk --message="%s" 103 &&
#			git log --format="create refs/tags/%s %H" HEAD >refs &&
#			git update-ref --stdin <refs &&
#	
#			# Create the bitmap via the MIDX.
#			git repack -adb --write-midx &&
#			test-tool bitmap list-commits | sort >commits-with-bitmap &&
#	
#			# Verify that we have at least one commit that did not
#			# receive a bitmap.
#			git rev-list HEAD >commits.raw &&
#			sort <commits.raw >commits &&
#			comm -13 commits-with-bitmap commits >commits-wo-bitmap &&
#			test_file_not_empty commits-wo-bitmap &&
#			commit_id=$(head commits-wo-bitmap) &&
#			ref_without_bitmap=$(git for-each-ref --points-at="$commit_id" --format="%(refname)") &&
#	
#			# When passing the full refname we do not expect a bitmap to be
#			# generated, as it should be interpreted as if a slash was
#			# appended to the pattern.
#			rm .git/objects/pack/multi-pack-index* &&
#			git -c pack.preferBitmapTips="$ref_without_bitmap" repack -adb --write-midx &&
#			test-tool bitmap list-commits >after &&
#			test_grep ! "$commit_id" after &&
#	
#			# But if we pass the parent directory of the ref we should see
#			# a bitmap.
#			ref_namespace=$(dirname "$ref_without_bitmap") &&
#			rm .git/objects/pack/multi-pack-index* &&
#			git -c pack.preferBitmapTips="$ref_namespace" repack -adb --write-midx &&
#			test-tool bitmap list-commits >after &&
#			test_grep "$commit_id" after
#		)
#	
# failed 54 among 98 test(s)
1..98
# Tests: 98  Pass: 44  Fail: 54  Skip: 2
