ok 1 - setup
not ok 2 - pushing into a repository using a ref namespace
#	
#		(
#			cd original &&
#			git push pushee-namespaced main &&
#			git ls-remote pushee-namespaced >actual &&
#			printf "$commit1\trefs/heads/main\n" >expected &&
#			test_cmp expected actual &&
#			git push pushee-namespaced --tags &&
#			git ls-remote pushee-namespaced >actual &&
#			printf "$commit0\trefs/tags/0\n" >>expected &&
#			printf "$commit1\trefs/tags/1\n" >>expected &&
#			test_cmp expected actual &&
#			# Verify that the GIT_NAMESPACE environment variable works as well
#			GIT_NAMESPACE=namespace git ls-remote "ext::git %s ../pushee" >actual &&
#			test_cmp expected actual &&
#			# Verify that --namespace overrides GIT_NAMESPACE
#			GIT_NAMESPACE=garbage git ls-remote pushee-namespaced >actual &&
#			test_cmp expected actual &&
#			# Try a namespace with no content
#			git ls-remote "ext::git --namespace=garbage %s ../pushee" >actual &&
#			test_must_be_empty actual &&
#			git ls-remote pushee-unnamespaced >actual &&
#			sed -e "s|refs/|refs/namespaces/namespace/refs/|" expected >expected.unnamespaced &&
#			test_cmp expected.unnamespaced actual
#		)
#	
not ok 3 - pulling from a repository using a ref namespace
#	
#		(
#			cd puller &&
#			git remote add -f pushee-namespaced "ext::git --namespace=namespace %s ../pushee" &&
#			git for-each-ref refs/ >actual &&
#			printf "$commit1 commit\trefs/remotes/pushee-namespaced/main\n" >expected &&
#			printf "$commit0 commit\trefs/tags/0\n" >>expected &&
#			printf "$commit1 commit\trefs/tags/1\n" >>expected &&
#			test_cmp expected actual
#		)
#	
not ok 4 - mirroring a repository using a ref namespace
#	
#		git clone --mirror pushee mirror &&
#		(
#			cd mirror &&
#			git for-each-ref refs/ >actual &&
#			printf "$commit1 commit\trefs/namespaces/namespace/refs/heads/main\n" >expected &&
#			printf "$commit0 commit\trefs/namespaces/namespace/refs/tags/0\n" >>expected &&
#			printf "$commit1 commit\trefs/namespaces/namespace/refs/tags/1\n" >>expected &&
#			test_cmp expected actual
#		)
#	
not ok 5 - hide namespaced refs with transfer.hideRefs
#	
#		GIT_NAMESPACE=namespace \
#			git -C pushee -c transfer.hideRefs=refs/tags \
#			ls-remote "ext::git %s ." >actual &&
#		printf "$commit1\trefs/heads/main\n" >expected &&
#		test_cmp expected actual
#	
not ok 6 - check that transfer.hideRefs does not match unstripped refs
#	
#		git -C pushee pack-refs --all &&
#		GIT_NAMESPACE=namespace \
#			git -C pushee -c transfer.hideRefs=refs/namespaces/namespace/refs/tags \
#			ls-remote "ext::git %s ." >actual &&
#		printf "$commit1\trefs/heads/main\n" >expected &&
#		printf "$commit0\trefs/tags/0\n" >>expected &&
#		printf "$commit1\trefs/tags/1\n" >>expected &&
#		test_cmp expected actual
#	
not ok 7 - hide full refs with transfer.hideRefs
#	
#		GIT_NAMESPACE=namespace \
#			git -C pushee -c transfer.hideRefs="^refs/namespaces/namespace/refs/tags" \
#			ls-remote "ext::git %s ." >actual &&
#		printf "$commit1\trefs/heads/main\n" >expected &&
#		test_cmp expected actual
#	
ok 8 - try to update a hidden ref
not ok 9 - try to update a ref that is not hidden
#	
#		test_config -C pushee transfer.hideRefs refs/namespaces/namespace/refs/heads/main &&
#		git -C original push pushee-namespaced main
#	
not ok 10 - git-receive-pack(1) with transfer.hideRefs does not match unstripped refs during advertisement
#	
#		git -C pushee update-ref refs/namespaces/namespace/refs/heads/foo/1 refs/namespaces/namespace/refs/heads/main &&
#		git -C pushee pack-refs --all &&
#		test_config -C pushee transfer.hideRefs refs/namespaces/namespace/refs/heads/foo &&
#		GIT_TRACE_PACKET="$(pwd)/trace" git -C original push pushee-namespaced main &&
#		test_grep refs/heads/foo/1 trace
#	
ok 11 - try to update a hidden full ref
ok 12 - set up ambiguous HEAD
not ok 13 - clone chooses correct HEAD (v0)
#	
#		GIT_NAMESPACE=ns git -c protocol.version=0 \
#			clone ambiguous ambiguous-v0 &&
#		echo refs/heads/two >expect &&
#		git -C ambiguous-v0 symbolic-ref HEAD >actual &&
#		test_cmp expect actual
#	
not ok 14 - clone chooses correct HEAD (v2)
#	
#		GIT_NAMESPACE=ns git -c protocol.version=2 \
#			clone ambiguous ambiguous-v2 &&
#		echo refs/heads/two >expect &&
#		git -C ambiguous-v2 symbolic-ref HEAD >actual &&
#		test_cmp expect actual
#	
not ok 15 - denyCurrentBranch and unborn branch with ref namespace
#	
#		(
#			cd original &&
#			git init unborn &&
#			git remote add unborn-namespaced "ext::git --namespace=namespace %s unborn" &&
#			test_must_fail git push unborn-namespaced HEAD:main &&
#			git -C unborn config receive.denyCurrentBranch updateInstead &&
#			git push unborn-namespaced HEAD:main
#		)
#	
# failed 11 among 15 test(s)
1..15
# Tests: 15  Pass: 4  Fail: 11  Skip: 0
