not ok 1 - push  (invalid)
#	test_must_fail git ls-remote frotz
ok 2 - push :
not ok 3 - push :: (invalid)
#	test_must_fail git ls-remote frotz
ok 4 - push +:
ok 5 - fetch 
ok 6 - fetch :
not ok 7 - fetch :: (invalid)
#	test_must_fail git ls-remote frotz
ok 8 - push refs/heads/*:refs/remotes/frotz/*
not ok 9 - push refs/heads/*:refs/remotes/frotz (invalid)
#	test_must_fail git ls-remote frotz
not ok 10 - push refs/heads:refs/remotes/frotz/* (invalid)
#	test_must_fail git ls-remote frotz
ok 11 - push refs/heads/main:refs/remotes/frotz/xyzzy
ok 12 - fetch refs/heads/*:refs/remotes/frotz/*
not ok 13 - fetch refs/heads/*:refs/remotes/frotz (invalid)
#	test_must_fail git ls-remote frotz
not ok 14 - fetch refs/heads:refs/remotes/frotz/* (invalid)
#	test_must_fail git ls-remote frotz
ok 15 - fetch refs/heads/main:refs/remotes/frotz/xyzzy
not ok 16 - fetch refs/heads/main::refs/remotes/frotz/xyzzy (invalid)
#	test_must_fail git ls-remote frotz
not ok 17 - fetch refs/heads/maste :refs/remotes/frotz/xyzzy (invalid)
#	test_must_fail git ls-remote frotz
ok 18 - push main~1:refs/remotes/frotz/backup
not ok 19 - fetch main~1:refs/remotes/frotz/backup (invalid)
#	test_must_fail git ls-remote frotz
ok 20 - push HEAD~4:refs/remotes/frotz/new
not ok 21 - fetch HEAD~4:refs/remotes/frotz/new (invalid)
#	test_must_fail git ls-remote frotz
ok 22 - push HEAD
ok 23 - fetch HEAD
ok 24 - push @
ok 25 - fetch @
not ok 26 - push refs/heads/ nitfol (invalid)
#	test_must_fail git ls-remote frotz
not ok 27 - fetch refs/heads/ nitfol (invalid)
#	test_must_fail git ls-remote frotz
not ok 28 - push HEAD: (invalid)
#	test_must_fail git ls-remote frotz
ok 29 - fetch HEAD:
not ok 30 - push refs/heads/ nitfol: (invalid)
#	test_must_fail git ls-remote frotz
not ok 31 - fetch refs/heads/ nitfol: (invalid)
#	test_must_fail git ls-remote frotz
ok 32 - push :refs/remotes/frotz/deleteme
ok 33 - fetch :refs/remotes/frotz/HEAD-to-me
not ok 34 - push :refs/remotes/frotz/delete me (invalid)
#	test_must_fail git ls-remote frotz
not ok 35 - fetch :refs/remotes/frotz/HEAD to me (invalid)
#	test_must_fail git ls-remote frotz
ok 36 - fetch refs/heads/*/for-linus:refs/remotes/mine/*-blah
ok 37 - push refs/heads/*/for-linus:refs/remotes/mine/*-blah
ok 38 - fetch refs/heads*/for-linus:refs/remotes/mine/*
ok 39 - push refs/heads*/for-linus:refs/remotes/mine/*
not ok 40 - fetch refs/heads/*/*/for-linus:refs/remotes/mine/* (invalid)
#	test_must_fail git ls-remote frotz
not ok 41 - push refs/heads/*/*/for-linus:refs/remotes/mine/* (invalid)
#	test_must_fail git ls-remote frotz
not ok 42 - fetch refs/heads/*g*/for-linus:refs/remotes/mine/* (invalid)
#	test_must_fail git ls-remote frotz
not ok 43 - push refs/heads/*g*/for-linus:refs/remotes/mine/* (invalid)
#	test_must_fail git ls-remote frotz
ok 44 - fetch refs/heads/*/for-linus:refs/remotes/mine/*
ok 45 - push refs/heads/*/for-linus:refs/remotes/mine/*
ok 46 - fetch refs/heads/Ä
not ok 47 - fetch refs/heads/	tab (invalid)
#	test_must_fail git ls-remote frotz
# failed 23 among 47 test(s)
1..47
# Tests: 47  Pass: 24  Fail: 23  Skip: 0
