ok 1 - set up fake upload-pack
ok 2 - dies when no remote found
ok 3 - setup
ok 4 - ls-remote --tags .git
ok 5 - ls-remote .git
ok 6 - ls-remote --tags self
ok 7 - ls-remote self
not ok 8 - ls-remote --branches self
#	
#		git ls-remote --branches self >actual &&
#		test_cmp expected.branches actual &&
#		git ls-remote -b self >actual &&
#		test_cmp expected.branches actual
#	
not ok 9 - ls-remote -h is deprecated w/o warning
#	
#		git ls-remote -h self >actual 2>warning &&
#		test_cmp expected.branches actual &&
#		test_grep ! deprecated warning
#	
ok 10 - ls-remote --heads is deprecated and hidden w/o warning
not ok 11 - ls-remote --sort="version:refname" --tags self
#	
#		generate_references \
#			refs/tags/mark \
#			refs/tags/mark1.1 \
#			refs/tags/mark1.2 \
#			refs/tags/mark1.10 >expect &&
#		git ls-remote --sort="version:refname" --tags self >actual &&
#		test_cmp expect actual
#	
not ok 12 - ls-remote --sort="-version:refname" --tags self
#	
#		generate_references \
#			refs/tags/mark1.10 \
#			refs/tags/mark1.2 \
#			refs/tags/mark1.1 \
#			refs/tags/mark >expect &&
#		git ls-remote --sort="-version:refname" --tags self >actual &&
#		test_cmp expect actual
#	
not ok 13 - ls-remote --sort="-refname" --tags self
#	
#		generate_references \
#			refs/tags/mark1.2 \
#			refs/tags/mark1.10 \
#			refs/tags/mark1.1 \
#			refs/tags/mark >expect &&
#		git ls-remote --sort="-refname" --tags self >actual &&
#		test_cmp expect actual
#	
ok 14 - dies when no remote specified, multiple remotes found, and no default specified
not ok 15 - succeeds when no remote specified but only one found
#	
#		test_when_finished git remote add self2 "." &&
#		git remote remove self2 &&
#		git ls-remote
#	
not ok 16 - use "origin" when no remote specified and multiple found
#	
#		URL="$(pwd)/.git" &&
#		echo "From $URL" >exp_err &&
#	
#		git remote add origin "$URL" &&
#		git ls-remote 2>actual_err >actual &&
#	
#		test_cmp exp_err actual_err &&
#		test_cmp expected.all actual
#	
not ok 17 - suppress "From <url>" with -q
#	
#		git ls-remote -q 2>actual_err &&
#		! test_cmp exp_err actual_err
#	
not ok 18 - use branch.<name>.remote if possible
#	
#		#
#		# Test that we are indeed using branch.<name>.remote, not "origin", even
#		# though the "origin" remote has been set.
#		#
#	
#		# setup a new remote to differentiate from "origin"
#		git clone . other.git &&
#		(
#			cd other.git &&
#			echo "$(git rev-parse HEAD)	HEAD" &&
#			git show-ref	| sed -e "s/ /	/"
#		) >exp &&
#	
#		URL="other.git" &&
#		echo "From $URL" >exp_err &&
#	
#		git remote add other $URL &&
#		git config branch.main.remote other &&
#	
#		git ls-remote 2>actual_err >actual &&
#		test_cmp exp_err actual_err &&
#		test_cmp exp actual
#	
not ok 19 - confuses pattern as remote when no remote specified
#	
#		if test_have_prereq MINGW
#		then
#			# Windows does not like asterisks in pathname
#			does_not_exist=main
#		else
#			does_not_exist="refs*main"
#		fi &&
#		cat >exp <<-EOF &&
#		fatal: '$does_not_exist' does not appear to be a git repository
#		fatal: Could not read from remote repository.
#	
#		Please make sure you have the correct access rights
#		and the repository exists.
#		EOF
#		#
#		# Do not expect "git ls-remote <pattern>" to work; ls-remote needs
#		# <remote> if you want to feed <pattern>, just like you cannot say
#		# fetch <branch>.
#		# We could just as easily have used "main"; the "*" emphasizes its
#		# role as a pattern.
#		test_must_fail git ls-remote "$does_not_exist" >actual 2>&1 &&
#		test_cmp exp actual
#	
ok 20 - die with non-2 for wrong repository even with --exit-code
ok 21 - Report success even when nothing matches
not ok 22 - Report no-match with --exit-code
#	
#		test_expect_code 2 git ls-remote --exit-code other.git "refs/nsn/*" >actual &&
#		test_must_be_empty actual
#	
not ok 23 - Report match with --exit-code
#	
#		git ls-remote --exit-code other.git "refs/tags/*" >actual &&
#		git ls-remote . tags/mark* >expect &&
#		test_cmp expect actual
#	
ok 24 - set up some extra tags for ref hiding
not ok 25 - Hide some refs with transfer.hiderefs
#	
#			test_config $configsection.hiderefs refs/tags &&
#			git ls-remote . >actual &&
#			test_unconfig $configsection.hiderefs &&
#			git ls-remote . >expect.raw &&
#			sed -e "/	refs\/tags\//d" expect.raw >expect &&
#			test_cmp expect actual
#		
not ok 26 - Override hiding of transfer.hiderefs
#	
#			test_when_finished "test_unconfig $configsection.hiderefs" &&
#			git config --add $configsection.hiderefs refs/tags &&
#			git config --add $configsection.hiderefs "!refs/tags/magic" &&
#			git config --add $configsection.hiderefs refs/tags/magic/one &&
#			git ls-remote . >actual &&
#			grep refs/tags/magic/two actual &&
#			! grep refs/tags/magic/one actual
#		
not ok 27 - Hide some refs with uploadpack.hiderefs
#	
#			test_config $configsection.hiderefs refs/tags &&
#			git ls-remote . >actual &&
#			test_unconfig $configsection.hiderefs &&
#			git ls-remote . >expect.raw &&
#			sed -e "/	refs\/tags\//d" expect.raw >expect &&
#			test_cmp expect actual
#		
not ok 28 - Override hiding of uploadpack.hiderefs
#	
#			test_when_finished "test_unconfig $configsection.hiderefs" &&
#			git config --add $configsection.hiderefs refs/tags &&
#			git config --add $configsection.hiderefs "!refs/tags/magic" &&
#			git config --add $configsection.hiderefs refs/tags/magic/one &&
#			git ls-remote . >actual &&
#			grep refs/tags/magic/two actual &&
#			! grep refs/tags/magic/one actual
#		
ok 29 - overrides work between mixed transfer/upload-pack hideRefs
not ok 30 - protocol v2 supports hiderefs
#	
#		test_config uploadpack.hiderefs refs/tags &&
#		git -c protocol.version=2 ls-remote . >actual &&
#		! grep refs/tags actual
#	
not ok 31 - ls-remote --symref
#	
#		git fetch origin &&
#		echo "ref: refs/heads/main	HEAD" >expect.v2 &&
#		generate_references \
#			HEAD \
#			refs/heads/main >>expect.v2 &&
#		echo "ref: refs/remotes/origin/main	refs/remotes/origin/HEAD" >>expect.v2 &&
#		oid=$(git rev-parse HEAD) &&
#		echo "$oid	refs/remotes/origin/HEAD" >>expect.v2 &&
#		generate_references \
#			refs/remotes/origin/main \
#			refs/tags/mark \
#			refs/tags/mark1.1 \
#			refs/tags/mark1.10 \
#			refs/tags/mark1.2 >>expect.v2 &&
#		# v0 does not show non-HEAD symrefs
#		grep -v "ref: refs/remotes" <expect.v2 >expect.v0 &&
#		git -c protocol.version=0 ls-remote --symref >actual.v0 &&
#		test_cmp expect.v0 actual.v0 &&
#		git -c protocol.version=2 ls-remote --symref >actual.v2 &&
#		test_cmp expect.v2 actual.v2
#	
not ok 32 - ls-remote with filtered symref (refname)
#	
#		rev=$(git rev-parse HEAD) &&
#		cat >expect <<-EOF &&
#		ref: refs/heads/main	HEAD
#		$rev	HEAD
#		ref: refs/remotes/origin/main	refs/remotes/origin/HEAD
#		$rev	refs/remotes/origin/HEAD
#		EOF
#		git ls-remote --symref . HEAD >actual &&
#		test_cmp expect actual
#	
not ok 33 - ls-remote with filtered symref (--branches)
#	
#		git symbolic-ref refs/heads/foo refs/tags/mark &&
#		cat >expect.v2 <<-EOF &&
#		ref: refs/tags/mark	refs/heads/foo
#		$rev	refs/heads/foo
#		$rev	refs/heads/main
#		EOF
#		grep -v "^ref: refs/tags/" <expect.v2 >expect.v0 &&
#		git -c protocol.version=0 ls-remote --symref --branches . >actual.v0 &&
#		test_cmp expect.v0 actual.v0 &&
#		git -c protocol.version=2 ls-remote --symref --branches . >actual.v2 &&
#		test_cmp expect.v2 actual.v2
#	
not ok 34 - indicate no refs in v0 standards-compliant empty remote
#	
#		# Git does not produce an output like this, but it does match the
#		# standard and is produced by other implementations like JGit. So
#		# hard-code the case we care about.
#		#
#		# The actual capabilities do not matter; there are none that would
#		# change how ls-remote behaves.
#		oid=0000000000000000000000000000000000000000 &&
#		test-tool pkt-line pack >input.q <<-EOF &&
#		$oid capabilities^{}Qcaps-go-here
#		0000
#		EOF
#		q_to_nul <input.q >input &&
#	
#		# --exit-code asks the command to exit with 2 when no
#		# matching refs are found.
#		test_expect_code 2 git ls-remote --exit-code --upload-pack=./cat-input .
#	
ok 35 - ls-remote works outside repository
not ok 36 - ls-remote --sort fails gracefully outside repository
#	
#		# Use a sort key that requires access to the referenced objects.
#		nongit test_must_fail git ls-remote --sort=authordate "$TRASH_DIRECTORY" 2>err &&
#		test_grep "^fatal: not a git repository, but the field 'authordate' requires access to object data" err
#	
ok 37 - ls-remote patterns work with all protocol versions
not ok 38 - ls-remote prefixes work with all protocol versions
#	
#		git for-each-ref --format="%(objectname)	%(refname)" \
#			refs/heads/ refs/tags/ >expect &&
#		git -c protocol.version=0 ls-remote --branches --tags . >actual.v0 &&
#		test_cmp expect actual.v0 &&
#		git -c protocol.version=2 ls-remote --branches --tags . >actual.v2 &&
#		test_cmp expect actual.v2
#	
not ok 39 - v0 clients can handle multiple symrefs
#	
#		# Modern versions of Git will not return multiple symref capabilities
#		# for v0, so we have to hard-code the response. Note that we will
#		# always use both v0 and object-format=sha1 here, as the hard-coded
#		# response reflects a server that only supports those.
#		oid=1234567890123456789012345678901234567890 &&
#		symrefs="symref=refs/remotes/origin/HEAD:refs/remotes/origin/main" &&
#		symrefs="$symrefs symref=HEAD:refs/heads/main" &&
#	
#		# Likewise we want to make sure our parser is not fooled by the string
#		# "symref" appearing as part of an earlier cap. But there is no way to
#		# do that via upload-pack, as arbitrary strings can appear only in a
#		# "symref" value itself (where we skip past the values as a whole)
#		# and "agent" (which always appears after "symref", so putting our
#		# parser in a confused state is less interesting).
#		caps="some other caps including a-fake-symref-cap" &&
#	
#		test-tool pkt-line pack >input.q <<-EOF &&
#		$oid HEADQ$caps $symrefs
#		$oid refs/heads/main
#		$oid refs/remotes/origin/HEAD
#		$oid refs/remotes/origin/main
#		0000
#		EOF
#		q_to_nul <input.q >input &&
#	
#		cat >expect <<-EOF &&
#		ref: refs/heads/main	HEAD
#		$oid	HEAD
#		$oid	refs/heads/main
#		ref: refs/remotes/origin/main	refs/remotes/origin/HEAD
#		$oid	refs/remotes/origin/HEAD
#		$oid	refs/remotes/origin/main
#		EOF
#	
#		git ls-remote --symref --upload-pack=./cat-input . >actual &&
#		test_cmp expect actual
#	
ok 40 - helper with refspec capability fails gracefully
# failed 24 among 40 test(s)
1..40
# Tests: 40  Pass: 16  Fail: 24  Skip: 0
