ok 1 - setup
ok 2 - reject 'git push --no-ipv4'
ok 3 - reject 'git push --no-ipv6'
ok 4 - reject 'git fetch --no-ipv4'
ok 5 - reject 'git fetch --no-ipv6'
not ok 6 - fetch without wildcard
#	
#		mk_empty testrepo &&
#		(
#			cd testrepo &&
#			git fetch .. refs/heads/main:refs/remotes/origin/main &&
#	
#			echo "$the_commit commit	refs/remotes/origin/main" >expect &&
#			git for-each-ref refs/remotes/origin >actual &&
#			test_cmp expect actual
#		)
#	
not ok 7 - fetch with wildcard
#	
#		mk_empty testrepo &&
#		(
#			cd testrepo &&
#			git config remote.up.url .. &&
#			git config remote.up.fetch "refs/heads/*:refs/remotes/origin/*" &&
#			git fetch up &&
#	
#			echo "$the_commit commit	refs/remotes/origin/main" >expect &&
#			git for-each-ref refs/remotes/origin >actual &&
#			test_cmp expect actual
#		)
#	
not ok 8 - fetch with insteadOf
#	
#		mk_empty testrepo &&
#		(
#			TRASH=$(pwd)/ &&
#			cd testrepo &&
#			git config "url.$TRASH.insteadOf" trash/ &&
#			git config remote.up.url trash/. &&
#			git config remote.up.fetch "refs/heads/*:refs/remotes/origin/*" &&
#			git fetch up &&
#	
#			echo "$the_commit commit	refs/remotes/origin/main" >expect &&
#			git for-each-ref refs/remotes/origin >actual &&
#			test_cmp expect actual
#		)
#	
not ok 9 - fetch with pushInsteadOf (should not rewrite)
#	
#		mk_empty testrepo &&
#		(
#			TRASH=$(pwd)/ &&
#			cd testrepo &&
#			git config "url.trash/.pushInsteadOf" "$TRASH" &&
#			git config remote.up.url "$TRASH." &&
#			git config remote.up.fetch "refs/heads/*:refs/remotes/origin/*" &&
#			git fetch up &&
#	
#			echo "$the_commit commit	refs/remotes/origin/main" >expect &&
#			git for-each-ref refs/remotes/origin >actual &&
#			test_cmp expect actual
#		)
#	
not ok 10 - push without negotiation
#	
#		mk_empty testrepo &&
#		git push testrepo $the_first_commit:refs/remotes/origin/first_commit &&
#		test_commit -C testrepo unrelated_commit &&
#		git -C testrepo config receive.hideRefs refs/remotes/origin/first_commit &&
#		test_when_finished "rm event" &&
#		GIT_TRACE2_EVENT="$(pwd)/event" git -c protocol.version=2 push testrepo refs/heads/main:refs/remotes/origin/main &&
#		grep_wrote 5 event # 2 commits, 2 trees, 1 blob
#	
not ok 11 - push with negotiation
#	
#		mk_empty testrepo &&
#		git push testrepo $the_first_commit:refs/remotes/origin/first_commit &&
#		test_commit -C testrepo unrelated_commit &&
#		git -C testrepo config receive.hideRefs refs/remotes/origin/first_commit &&
#		test_when_finished "rm event" &&
#		GIT_TRACE2_EVENT="$(pwd)/event" \
#			git -c protocol.version=2 -c push.negotiate=1 \
#			push testrepo refs/heads/main:refs/remotes/origin/main &&
#		grep \"key\":\"total_rounds\",\"value\":\"1\" event &&
#		grep_wrote 2 event # 1 commit, 1 tree
#	
not ok 12 - push with negotiation proceeds anyway even if negotiation fails
#	
#		mk_empty testrepo &&
#		git push testrepo $the_first_commit:refs/remotes/origin/first_commit &&
#		test_commit -C testrepo unrelated_commit &&
#		git -C testrepo config receive.hideRefs refs/remotes/origin/first_commit &&
#		test_when_finished "rm event" &&
#		GIT_TEST_PROTOCOL_VERSION=0 GIT_TRACE2_EVENT="$(pwd)/event" \
#			git -c push.negotiate=1 push testrepo refs/heads/main:refs/remotes/origin/main 2>err &&
#		grep_wrote 5 event && # 2 commits, 2 trees, 1 blob
#		test_grep "push negotiation failed" err
#	
not ok 13 - push deletion with negotiation
#	
#		mk_empty testrepo &&
#		git push testrepo $the_first_commit:refs/heads/master &&
#		git -c push.negotiate=1 push testrepo \
#			:master $the_first_commit:refs/heads/next 2>errors-2 &&
#		test_grep ! "negotiate-only needs one or " errors-2 &&
#		git -c push.negotiate=1 push testrepo :next 2>errors-1 &&
#		test_grep ! "negotiate-only needs one or " errors-1
#	
not ok 14 - push with negotiation does not attempt to fetch submodules
#	
#		mk_empty submodule_upstream &&
#		test_commit -C submodule_upstream submodule_commit &&
#		test_config_global protocol.file.allow always &&
#		git submodule add ./submodule_upstream submodule &&
#		mk_empty testrepo &&
#		git push testrepo $the_first_commit:refs/remotes/origin/first_commit &&
#		test_commit -C testrepo unrelated_commit &&
#		git -C testrepo config receive.hideRefs refs/remotes/origin/first_commit &&
#		GIT_TRACE2_EVENT="$(pwd)/event"  git -c submodule.recurse=true \
#			-c protocol.version=2 -c push.negotiate=1 \
#			push testrepo refs/heads/main:refs/remotes/origin/main 2>err &&
#		grep \"key\":\"total_rounds\",\"value\":\"1\" event &&
#		! grep "Fetching submodule" err
#	
not ok 15 - push without wildcard
#	
#		mk_empty testrepo &&
#	
#		git push testrepo refs/heads/main:refs/remotes/origin/main &&
#		(
#			cd testrepo &&
#			echo "$the_commit commit	refs/remotes/origin/main" >expect &&
#			git for-each-ref refs/remotes/origin >actual &&
#			test_cmp expect actual
#		)
#	
not ok 16 - push with wildcard
#	
#		mk_empty testrepo &&
#	
#		git push testrepo "refs/heads/*:refs/remotes/origin/*" &&
#		(
#			cd testrepo &&
#			echo "$the_commit commit	refs/remotes/origin/main" >expect &&
#			git for-each-ref refs/remotes/origin >actual &&
#			test_cmp expect actual
#		)
#	
not ok 17 - push with insteadOf
#	
#		mk_empty testrepo &&
#		TRASH="$(pwd)/" &&
#		test_config "url.$TRASH.insteadOf" trash/ &&
#		git push trash/testrepo refs/heads/main:refs/remotes/origin/main &&
#		(
#			cd testrepo &&
#			echo "$the_commit commit	refs/remotes/origin/main" >expect &&
#			git for-each-ref refs/remotes/origin >actual &&
#			test_cmp expect actual
#		)
#	
not ok 18 - push with pushInsteadOf
#	
#		mk_empty testrepo &&
#		TRASH="$(pwd)/" &&
#		test_config "url.$TRASH.pushInsteadOf" trash/ &&
#		git push trash/testrepo refs/heads/main:refs/remotes/origin/main &&
#		(
#			cd testrepo &&
#			echo "$the_commit commit	refs/remotes/origin/main" >expect &&
#			git for-each-ref refs/remotes/origin >actual &&
#			test_cmp expect actual
#		)
#	
not ok 19 - push with pushInsteadOf and explicit pushurl (pushInsteadOf should not rewrite)
#	
#		mk_empty testrepo &&
#		test_config "url.trash2/.pushInsteadOf" testrepo/ &&
#		test_config "url.trash3/.pushInsteadOf" trash/wrong &&
#		test_config remote.r.url trash/wrong &&
#		test_config remote.r.pushurl "testrepo/" &&
#		git push r refs/heads/main:refs/remotes/origin/main &&
#		(
#			cd testrepo &&
#			echo "$the_commit commit	refs/remotes/origin/main" >expect &&
#			git for-each-ref refs/remotes/origin >actual &&
#			test_cmp expect actual
#		)
#	
not ok 20 - push with matching heads
#	
#		mk_test testrepo heads/main &&
#		git push testrepo : &&
#		check_push_result testrepo $the_commit heads/main
#	
not ok 21 - push with matching heads on the command line
#	
#		mk_test testrepo heads/main &&
#		git push testrepo : &&
#		check_push_result testrepo $the_commit heads/main
#	
not ok 22 - failed (non-fast-forward) push with matching heads
#	
#		mk_test testrepo heads/main &&
#		git push testrepo : &&
#		git commit --amend -massaged &&
#		test_must_fail git push testrepo &&
#		check_push_result testrepo $the_commit heads/main &&
#		git reset --hard $the_commit
#	
not ok 23 - push --force with matching heads
#	
#		mk_test testrepo heads/main &&
#		git push testrepo : &&
#		git commit --amend -massaged &&
#		git push --force testrepo : &&
#		! check_push_result testrepo $the_commit heads/main &&
#		git reset --hard $the_commit
#	
not ok 24 - push with matching heads and forced update
#	
#		mk_test testrepo heads/main &&
#		git push testrepo : &&
#		git commit --amend -massaged &&
#		git push testrepo +: &&
#		! check_push_result testrepo $the_commit heads/main &&
#		git reset --hard $the_commit
#	
not ok 25 - push with no ambiguity (1)
#	
#		mk_test testrepo heads/main &&
#		git push testrepo main:main &&
#		check_push_result testrepo $the_commit heads/main
#	
not ok 26 - push with no ambiguity (2)
#	
#		mk_test testrepo remotes/origin/main &&
#		git push testrepo main:origin/main &&
#		check_push_result testrepo $the_commit remotes/origin/main
#	
not ok 27 - push with colon-less refspec, no ambiguity
#	
#		mk_test testrepo heads/main heads/t/main &&
#		git branch -f t/main main &&
#		git push testrepo main &&
#		check_push_result testrepo $the_commit heads/main &&
#		check_push_result testrepo $the_first_commit heads/t/main
#	
not ok 28 - push with weak ambiguity (1)
#	
#		mk_test testrepo heads/main remotes/origin/main &&
#		git push testrepo main:main &&
#		check_push_result testrepo $the_commit heads/main &&
#		check_push_result testrepo $the_first_commit remotes/origin/main
#	
not ok 29 - push with weak ambiguity (2)
#	
#		mk_test testrepo heads/main remotes/origin/main remotes/another/main &&
#		git push testrepo main:main &&
#		check_push_result testrepo $the_commit heads/main &&
#		check_push_result testrepo $the_first_commit remotes/origin/main remotes/another/main
#	
not ok 30 - push with ambiguity
#	
#		mk_test testrepo heads/frotz tags/frotz &&
#		test_must_fail git push testrepo main:frotz &&
#		check_push_result testrepo $the_first_commit heads/frotz tags/frotz
#	
not ok 31 - push with onelevel ref
#	
#		mk_test testrepo heads/main &&
#		test_must_fail git push testrepo HEAD:refs/onelevel
#	
not ok 32 - push with colon-less refspec (1)
#	
#		mk_test testrepo heads/frotz tags/frotz &&
#		git branch -f frotz main &&
#		git push testrepo frotz &&
#		check_push_result testrepo $the_commit heads/frotz &&
#		check_push_result testrepo $the_first_commit tags/frotz
#	
not ok 33 - push with colon-less refspec (2)
#	
#		mk_test testrepo heads/frotz tags/frotz &&
#		if git show-ref --verify -q refs/heads/frotz
#		then
#			git branch -D frotz
#		fi &&
#		git tag -f frotz &&
#		git push -f testrepo frotz &&
#		check_push_result testrepo $the_commit tags/frotz &&
#		check_push_result testrepo $the_first_commit heads/frotz
#	
not ok 34 - push with colon-less refspec (3)
#	
#	
#		mk_test testrepo &&
#		if git show-ref --verify -q refs/tags/frotz
#		then
#			git tag -d frotz
#		fi &&
#		git branch -f frotz main &&
#		git push testrepo frotz &&
#		check_push_result testrepo $the_commit heads/frotz &&
#		test 1 = $( cd testrepo && git show-ref | wc -l )
#	
not ok 35 - push with colon-less refspec (4)
#	
#		mk_test testrepo &&
#		if git show-ref --verify -q refs/heads/frotz
#		then
#			git branch -D frotz
#		fi &&
#		git tag -f frotz &&
#		git push testrepo frotz &&
#		check_push_result testrepo $the_commit tags/frotz &&
#		test 1 = $( cd testrepo && git show-ref | wc -l )
#	
not ok 36 - push head with non-existent, incomplete dest
#	
#		mk_test testrepo &&
#		git push testrepo main:branch &&
#		check_push_result testrepo $the_commit heads/branch
#	
not ok 37 - push tag with non-existent, incomplete dest
#	
#		mk_test testrepo &&
#		git tag -f v1.0 &&
#		git push testrepo v1.0:tag &&
#		check_push_result testrepo $the_commit tags/tag
#	
not ok 38 - push oid with non-existent, incomplete dest
#	
#		mk_test testrepo &&
#		test_must_fail git push testrepo $(git rev-parse main):foo
#	
not ok 39 - push ref expression with non-existent, incomplete dest
#	
#		mk_test testrepo &&
#		test_must_fail git push testrepo main^:branch
#	
not ok 40 - push ref expression with non-existent oid src
#	
#		mk_test testrepo &&
#		test_must_fail git push testrepo $(test_oid 001):branch
#	
not ok 41 - push with HEAD
#	
#			mk_test testrepo heads/main &&
#			git checkout main &&
#			git push testrepo $head &&
#			check_push_result testrepo $the_commit heads/main
#		
not ok 42 - push with HEAD nonexisting at remote
#	
#			mk_test testrepo heads/main &&
#			git checkout -b local main &&
#			test_when_finished "git checkout main; git branch -D local" &&
#			git push testrepo $head &&
#			check_push_result testrepo $the_commit heads/local
#		
not ok 43 - push with +HEAD
#	
#			mk_test testrepo heads/main &&
#			git checkout -b local main &&
#			test_when_finished "git checkout main; git branch -D local" &&
#			git push testrepo main local &&
#			check_push_result testrepo $the_commit heads/main &&
#			check_push_result testrepo $the_commit heads/local &&
#	
#			# Without force rewinding should fail
#			git reset --hard $head^ &&
#			test_must_fail git push testrepo $head &&
#			check_push_result testrepo $the_commit heads/local &&
#	
#			# With force rewinding should succeed
#			git push testrepo +$head &&
#			check_push_result testrepo $the_first_commit heads/local
#		
not ok 44 - push HEAD with non-existent, incomplete dest
#	
#			mk_test testrepo &&
#			git checkout main &&
#			git push testrepo $head:branch &&
#			check_push_result testrepo $the_commit heads/branch
#		
not ok 45 - push with config remote.*.push = HEAD
#	
#			mk_test testrepo heads/local &&
#			git checkout main &&
#			git branch -f local $the_commit &&
#			test_when_finished "git branch -D local" &&
#			(
#				cd testrepo &&
#				git checkout local &&
#				git reset --hard $the_first_commit
#			) &&
#			test_config remote.there.url testrepo &&
#			test_config remote.there.push $head &&
#			test_config branch.main.remote there &&
#			git push &&
#			check_push_result testrepo $the_commit heads/main &&
#			check_push_result testrepo $the_first_commit heads/local
#		
not ok 46 - push with @
#	
#			mk_test testrepo heads/main &&
#			git checkout main &&
#			git push testrepo $head &&
#			check_push_result testrepo $the_commit heads/main
#		
not ok 47 - push with @ nonexisting at remote
#	
#			mk_test testrepo heads/main &&
#			git checkout -b local main &&
#			test_when_finished "git checkout main; git branch -D local" &&
#			git push testrepo $head &&
#			check_push_result testrepo $the_commit heads/local
#		
not ok 48 - push with +@
#	
#			mk_test testrepo heads/main &&
#			git checkout -b local main &&
#			test_when_finished "git checkout main; git branch -D local" &&
#			git push testrepo main local &&
#			check_push_result testrepo $the_commit heads/main &&
#			check_push_result testrepo $the_commit heads/local &&
#	
#			# Without force rewinding should fail
#			git reset --hard $head^ &&
#			test_must_fail git push testrepo $head &&
#			check_push_result testrepo $the_commit heads/local &&
#	
#			# With force rewinding should succeed
#			git push testrepo +$head &&
#			check_push_result testrepo $the_first_commit heads/local
#		
not ok 49 - push @ with non-existent, incomplete dest
#	
#			mk_test testrepo &&
#			git checkout main &&
#			git push testrepo $head:branch &&
#			check_push_result testrepo $the_commit heads/branch
#		
not ok 50 - push with config remote.*.push = @
#	
#			mk_test testrepo heads/local &&
#			git checkout main &&
#			git branch -f local $the_commit &&
#			test_when_finished "git branch -D local" &&
#			(
#				cd testrepo &&
#				git checkout local &&
#				git reset --hard $the_first_commit
#			) &&
#			test_config remote.there.url testrepo &&
#			test_config remote.there.push $head &&
#			test_config branch.main.remote there &&
#			git push &&
#			check_push_result testrepo $the_commit heads/main &&
#			check_push_result testrepo $the_first_commit heads/local
#		
not ok 51 - push to remote with no explicit refspec and config remote.*.push = src:dest
#	
#		mk_test testrepo heads/main &&
#		git checkout $the_first_commit &&
#		test_config remote.there.url testrepo &&
#		test_config remote.there.push refs/heads/main:refs/heads/main &&
#		git push there &&
#		check_push_result testrepo $the_commit heads/main
#	
not ok 52 - push with remote.pushdefault
#	
#		mk_test up_repo heads/main &&
#		mk_test down_repo heads/main &&
#		test_config remote.up.url up_repo &&
#		test_config remote.down.url down_repo &&
#		test_config branch.main.remote up &&
#		test_config remote.pushdefault down &&
#		test_config push.default matching &&
#		git push &&
#		check_push_result up_repo $the_first_commit heads/main &&
#		check_push_result down_repo $the_commit heads/main
#	
not ok 53 - push with config remote.*.pushurl
#	
#		mk_test testrepo heads/main &&
#		git checkout main &&
#		test_config remote.there.url test2repo &&
#		test_config remote.there.pushurl testrepo &&
#		git push there : &&
#		check_push_result testrepo $the_commit heads/main
#	
not ok 54 - push with config branch.*.pushremote
#	
#		mk_test up_repo heads/main &&
#		mk_test side_repo heads/main &&
#		mk_test down_repo heads/main &&
#		test_config remote.up.url up_repo &&
#		test_config remote.pushdefault side_repo &&
#		test_config remote.down.url down_repo &&
#		test_config branch.main.remote up &&
#		test_config branch.main.pushremote down &&
#		test_config push.default matching &&
#		git push &&
#		check_push_result up_repo $the_first_commit heads/main &&
#		check_push_result side_repo $the_first_commit heads/main &&
#		check_push_result down_repo $the_commit heads/main
#	
not ok 55 - branch.*.pushremote config order is irrelevant
#	
#		mk_test one_repo heads/main &&
#		mk_test two_repo heads/main &&
#		test_config remote.one.url one_repo &&
#		test_config remote.two.url two_repo &&
#		test_config branch.main.pushremote two_repo &&
#		test_config remote.pushdefault one_repo &&
#		test_config push.default matching &&
#		git push &&
#		check_push_result one_repo $the_first_commit heads/main &&
#		check_push_result two_repo $the_commit heads/main
#	
not ok 56 - push rejects empty branch name entries
#	
#		mk_test one_repo heads/main &&
#		test_config remote.one.url one_repo &&
#		test_config branch..remote one &&
#		test_config branch..merge refs/heads/ &&
#		test_config branch.main.remote one &&
#		test_config branch.main.merge refs/heads/main &&
#		test_must_fail git push 2>err &&
#		grep "bad config variable .branch\.\." err
#	
not ok 57 - push ignores "branch." config without subsection
#	
#		mk_test one_repo heads/main &&
#		test_config remote.one.url one_repo &&
#		test_config branch.autoSetupMerge true &&
#		test_config branch.main.remote one &&
#		test_config branch.main.merge refs/heads/main &&
#		git push
#	
not ok 58 - push with dry-run
#	
#		mk_test testrepo heads/main &&
#		old_commit=$(git -C testrepo show-ref -s --verify refs/heads/main) &&
#		git push --dry-run testrepo : &&
#		check_push_result testrepo $old_commit heads/main
#	
not ok 59 - push updates local refs
#	
#		mk_test testrepo heads/main &&
#		mk_child testrepo child &&
#		(
#			cd child &&
#			git pull .. main &&
#			git push &&
#			test $(git rev-parse main) = \
#				$(git rev-parse remotes/origin/main)
#		)
#	
not ok 60 - push updates up-to-date local refs
#	
#		mk_test testrepo heads/main &&
#		mk_child testrepo child1 &&
#		mk_child testrepo child2 &&
#		(cd child1 && git pull .. main && git push) &&
#		(
#			cd child2 &&
#			git pull ../child1 main &&
#			git push &&
#			test $(git rev-parse main) = \
#				$(git rev-parse remotes/origin/main)
#		)
#	
not ok 61 - push preserves up-to-date packed refs
#	
#		mk_test testrepo heads/main &&
#		mk_child testrepo child &&
#		(
#			cd child &&
#			git push &&
#			! test -f .git/refs/remotes/origin/main
#		)
#	
not ok 62 - push does not update local refs on failure
#	
#		mk_test testrepo heads/main &&
#		mk_child testrepo child &&
#		echo "#!/no/frobnication/today" >testrepo/.git/hooks/pre-receive &&
#		chmod +x testrepo/.git/hooks/pre-receive &&
#		(
#			cd child &&
#			git pull .. main &&
#			test_must_fail git push &&
#			test $(git rev-parse main) != \
#				$(git rev-parse remotes/origin/main)
#		)
#	
not ok 63 - allow deleting an invalid remote ref
#	
#		mk_test testrepo heads/branch &&
#		rm -f testrepo/.git/objects/??/* &&
#		git push testrepo :refs/heads/branch &&
#		(cd testrepo && test_must_fail git rev-parse --verify refs/heads/branch)
#	
not ok 64 - pushing valid refs triggers post-receive and post-update hooks
#	
#		mk_test_with_hooks testrepo heads/main heads/next &&
#		orgmain=$(cd testrepo && git show-ref -s --verify refs/heads/main) &&
#		newmain=$(git show-ref -s --verify refs/heads/main) &&
#		orgnext=$(cd testrepo && git show-ref -s --verify refs/heads/next) &&
#		newnext=$ZERO_OID &&
#		git push testrepo refs/heads/main:refs/heads/main :refs/heads/next &&
#		(
#			cd testrepo/.git &&
#			cat >pre-receive.expect <<-EOF &&
#			$orgmain $newmain refs/heads/main
#			$orgnext $newnext refs/heads/next
#			EOF
#	
#			cat >update.expect <<-EOF &&
#			refs/heads/next $orgnext $newnext
#			refs/heads/main $orgmain $newmain
#			EOF
#	
#			cat >post-receive.expect <<-EOF &&
#			$orgmain $newmain refs/heads/main
#			$orgnext $newnext refs/heads/next
#			EOF
#	
#			cat >post-update.expect <<-EOF &&
#			refs/heads/main
#			refs/heads/next
#			EOF
#	
#			test_cmp pre-receive.expect pre-receive.actual &&
#			test_cmp update.expect update.actual &&
#			test_cmp post-receive.expect post-receive.actual &&
#			test_cmp post-update.expect post-update.actual
#		)
#	
not ok 65 - deleting dangling ref triggers hooks with correct args
#	
#		mk_test_with_hooks testrepo heads/branch &&
#		orig=$(git -C testrepo rev-parse refs/heads/branch) &&
#		rm -f testrepo/.git/objects/??/* &&
#		git push testrepo :refs/heads/branch &&
#		(
#			cd testrepo/.git &&
#			cat >pre-receive.expect <<-EOF &&
#			$orig $ZERO_OID refs/heads/branch
#			EOF
#	
#			cat >update.expect <<-EOF &&
#			refs/heads/branch $orig $ZERO_OID
#			EOF
#	
#			cat >post-receive.expect <<-EOF &&
#			$orig $ZERO_OID refs/heads/branch
#			EOF
#	
#			cat >post-update.expect <<-EOF &&
#			refs/heads/branch
#			EOF
#	
#			test_cmp pre-receive.expect pre-receive.actual &&
#			test_cmp update.expect update.actual &&
#			test_cmp post-receive.expect post-receive.actual &&
#			test_cmp post-update.expect post-update.actual
#		)
#	
not ok 66 - deletion of a non-existent ref is not fed to post-receive and post-update hooks
#	
#		mk_test_with_hooks testrepo heads/main &&
#		orgmain=$(cd testrepo && git show-ref -s --verify refs/heads/main) &&
#		newmain=$(git show-ref -s --verify refs/heads/main) &&
#		git push testrepo main :refs/heads/nonexistent &&
#		(
#			cd testrepo/.git &&
#			cat >pre-receive.expect <<-EOF &&
#			$orgmain $newmain refs/heads/main
#			$ZERO_OID $ZERO_OID refs/heads/nonexistent
#			EOF
#	
#			cat >update.expect <<-EOF &&
#			refs/heads/nonexistent $ZERO_OID $ZERO_OID
#			refs/heads/main $orgmain $newmain
#			EOF
#	
#			cat >post-receive.expect <<-EOF &&
#			$orgmain $newmain refs/heads/main
#			EOF
#	
#			cat >post-update.expect <<-EOF &&
#			refs/heads/main
#			EOF
#	
#			test_cmp pre-receive.expect pre-receive.actual &&
#			test_cmp update.expect update.actual &&
#			test_cmp post-receive.expect post-receive.actual &&
#			test_cmp post-update.expect post-update.actual
#		)
#	
not ok 67 - deletion of a non-existent ref alone does trigger post-receive and post-update hooks
#	
#		mk_test_with_hooks testrepo heads/main &&
#		git push testrepo :refs/heads/nonexistent &&
#		(
#			cd testrepo/.git &&
#			cat >pre-receive.expect <<-EOF &&
#			$ZERO_OID $ZERO_OID refs/heads/nonexistent
#			EOF
#	
#			cat >update.expect <<-EOF &&
#			refs/heads/nonexistent $ZERO_OID $ZERO_OID
#			EOF
#	
#			test_cmp pre-receive.expect pre-receive.actual &&
#			test_cmp update.expect update.actual &&
#			test_path_is_missing post-receive.actual &&
#			test_path_is_missing post-update.actual
#		)
#	
not ok 68 - mixed ref updates, deletes, invalid deletes trigger hooks with correct input
#	
#		mk_test_with_hooks testrepo heads/main heads/next heads/seen &&
#		orgmain=$(cd testrepo && git show-ref -s --verify refs/heads/main) &&
#		newmain=$(git show-ref -s --verify refs/heads/main) &&
#		orgnext=$(cd testrepo && git show-ref -s --verify refs/heads/next) &&
#		newnext=$ZERO_OID &&
#		orgseen=$(cd testrepo && git show-ref -s --verify refs/heads/seen) &&
#		newseen=$(git show-ref -s --verify refs/heads/main) &&
#		git push testrepo refs/heads/main:refs/heads/main \
#		    refs/heads/main:refs/heads/seen :refs/heads/next \
#		    :refs/heads/nonexistent &&
#		(
#			cd testrepo/.git &&
#			cat >pre-receive.expect <<-EOF &&
#			$orgmain $newmain refs/heads/main
#			$orgnext $newnext refs/heads/next
#			$orgseen $newseen refs/heads/seen
#			$ZERO_OID $ZERO_OID refs/heads/nonexistent
#			EOF
#	
#			cat >update.expect <<-EOF &&
#			refs/heads/next $orgnext $newnext
#			refs/heads/nonexistent $ZERO_OID $ZERO_OID
#			refs/heads/main $orgmain $newmain
#			refs/heads/seen $orgseen $newseen
#			EOF
#	
#			cat >post-receive.expect <<-EOF &&
#			$orgmain $newmain refs/heads/main
#			$orgnext $newnext refs/heads/next
#			$orgseen $newseen refs/heads/seen
#			EOF
#	
#			cat >post-update.expect <<-EOF &&
#			refs/heads/main
#			refs/heads/next
#			refs/heads/seen
#			EOF
#	
#			test_cmp pre-receive.expect pre-receive.actual &&
#			test_cmp update.expect update.actual &&
#			test_cmp post-receive.expect post-receive.actual &&
#			test_cmp post-update.expect post-update.actual
#		)
#	
not ok 69 - allow deleting a ref using --delete
#	
#		mk_test testrepo heads/main &&
#		(cd testrepo && git config receive.denyDeleteCurrent warn) &&
#		git push testrepo --delete main &&
#		(cd testrepo && test_must_fail git rev-parse --verify refs/heads/main)
#	
not ok 70 - allow deleting a tag using --delete
#	
#		mk_test testrepo heads/main &&
#		git tag -a -m dummy_message deltag heads/main &&
#		git push testrepo --tags &&
#		(cd testrepo && git rev-parse --verify -q refs/tags/deltag) &&
#		git push testrepo --delete tag deltag &&
#		(cd testrepo && test_must_fail git rev-parse --verify refs/tags/deltag)
#	
not ok 71 - push --delete without args aborts
#	
#		mk_test testrepo heads/main &&
#		test_must_fail git push testrepo --delete
#	
not ok 72 - push --delete refuses src:dest refspecs
#	
#		mk_test testrepo heads/main &&
#		test_must_fail git push testrepo --delete main:foo
#	
not ok 73 - push --delete refuses empty string
#	
#		mk_test testrepo heads/master &&
#		test_must_fail git push testrepo --delete ""
#	
not ok 74 - push --delete onelevel refspecs
#	
#		mk_test testrepo heads/main &&
#		git -C testrepo update-ref refs/onelevel refs/heads/main &&
#		git push testrepo --delete refs/onelevel &&
#		test_must_fail git -C testrepo rev-parse --verify refs/onelevel
#	
not ok 75 - warn on push to HEAD of non-bare repository
#	
#		mk_test testrepo heads/main &&
#		(
#			cd testrepo &&
#			git checkout main &&
#			git config receive.denyCurrentBranch warn
#		) &&
#		git push testrepo main 2>stderr &&
#		grep "warning: updating the current branch" stderr
#	
not ok 76 - deny push to HEAD of non-bare repository
#	
#		mk_test testrepo heads/main &&
#		(
#			cd testrepo &&
#			git checkout main &&
#			git config receive.denyCurrentBranch true
#		) &&
#		test_must_fail git push testrepo main
#	
not ok 77 - allow push to HEAD of bare repository (bare)
#	
#		mk_test testrepo heads/main &&
#		(
#			cd testrepo &&
#			git checkout main &&
#			git config receive.denyCurrentBranch true &&
#			git config core.bare true
#		) &&
#		git push testrepo main 2>stderr &&
#		! grep "warning: updating the current branch" stderr
#	
not ok 78 - allow push to HEAD of non-bare repository (config)
#	
#		mk_test testrepo heads/main &&
#		(
#			cd testrepo &&
#			git checkout main &&
#			git config receive.denyCurrentBranch false
#		) &&
#		git push testrepo main 2>stderr &&
#		! grep "warning: updating the current branch" stderr
#	
not ok 79 - fetch with branches
#	
#		mk_empty testrepo &&
#		git branch second $the_first_commit &&
#		git checkout second &&
#		mkdir testrepo/.git/branches &&
#		echo ".." > testrepo/.git/branches/branch1 &&
#		(
#			cd testrepo &&
#			git fetch branch1 &&
#			echo "$the_commit commit	refs/heads/branch1" >expect &&
#			git for-each-ref refs/heads >actual &&
#			test_cmp expect actual
#		) &&
#		git checkout main
#	
not ok 80 - fetch with branches containing #
#	
#		mk_empty testrepo &&
#		mkdir testrepo/.git/branches &&
#		echo "..#second" > testrepo/.git/branches/branch2 &&
#		(
#			cd testrepo &&
#			git fetch branch2 &&
#			echo "$the_first_commit commit	refs/heads/branch2" >expect &&
#			git for-each-ref refs/heads >actual &&
#			test_cmp expect actual
#		) &&
#		git checkout main
#	
not ok 81 - push with branches
#	
#		mk_empty testrepo &&
#		git checkout second &&
#	
#		test_when_finished "rm -rf .git/branches" &&
#		mkdir .git/branches &&
#		echo "testrepo" > .git/branches/branch1 &&
#	
#		git push branch1 &&
#		(
#			cd testrepo &&
#			echo "$the_first_commit commit	refs/heads/main" >expect &&
#			git for-each-ref refs/heads >actual &&
#			test_cmp expect actual
#		)
#	
not ok 82 - push with branches containing #
#	
#		mk_empty testrepo &&
#	
#		test_when_finished "rm -rf .git/branches" &&
#		mkdir .git/branches &&
#		echo "testrepo#branch3" > .git/branches/branch2 &&
#	
#		git push branch2 &&
#		(
#			cd testrepo &&
#			echo "$the_first_commit commit	refs/heads/branch3" >expect &&
#			git for-each-ref refs/heads >actual &&
#			test_cmp expect actual
#		) &&
#		git checkout main
#	
not ok 83 - push into aliased refs (consistent)
#	
#		mk_test testrepo heads/main &&
#		mk_child testrepo child1 &&
#		mk_child testrepo child2 &&
#		(
#			cd child1 &&
#			git branch foo &&
#			git symbolic-ref refs/heads/bar refs/heads/foo &&
#			git config receive.denyCurrentBranch false
#		) &&
#		(
#			cd child2 &&
#			>path2 &&
#			git add path2 &&
#			test_tick &&
#			git commit -a -m child2 &&
#			git branch foo &&
#			git branch bar &&
#			git push ../child1 foo bar
#		)
#	
not ok 84 - push into aliased refs (inconsistent)
#	
#		mk_test testrepo heads/main &&
#		mk_child testrepo child1 &&
#		mk_child testrepo child2 &&
#		(
#			cd child1 &&
#			git branch foo &&
#			git symbolic-ref refs/heads/bar refs/heads/foo &&
#			git config receive.denyCurrentBranch false
#		) &&
#		(
#			cd child2 &&
#			>path2 &&
#			git add path2 &&
#			test_tick &&
#			git commit -a -m child2 &&
#			git branch foo &&
#			>path3 &&
#			git add path3 &&
#			test_tick &&
#			git commit -a -m child2 &&
#			git branch bar &&
#			test_must_fail git push ../child1 foo bar 2>stderr &&
#			grep "refusing inconsistent update" stderr
#		)
#	
not ok 85 - force pushing required to update lightweight tag
#	
#			mk_test testrepo heads/main &&
#			mk_child testrepo child1 &&
#			mk_child testrepo child2 &&
#			(
#				cd child1 &&
#				git tag testTag &&
#				git push ../child2 testTag &&
#				>file1 &&
#				git add file1 &&
#				git commit -m 'file1' &&
#				git tag -f testTag &&
#				test_must_fail git push ../child2 testTag &&
#				git push --force ../child2 testTag &&
#				git tag -f testTag HEAD~ &&
#				test_must_fail git push ../child2 testTag &&
#				git push --force ../child2 testTag &&
#	
#				# Clobbering without + in refspec needs --force
#				git tag -f testTag &&
#				test_must_fail git push ../child2 'refs/tags/*:refs/tags/*' &&
#				git push --force ../child2 'refs/tags/*:refs/tags/*' &&
#	
#				# Clobbering with + in refspec does not need --force
#				git tag -f testTag HEAD~ &&
#				git push ../child2 '+refs/tags/*:refs/tags/*' &&
#	
#				# Clobbering with --no-force still obeys + in refspec
#				git tag -f testTag &&
#				git push --no-force ../child2 '+refs/tags/*:refs/tags/*' &&
#	
#				# Clobbering with/without --force and 'tag <name>' format
#				git tag -f testTag HEAD~ &&
#				test_must_fail git push ../child2 tag testTag &&
#				git push --force ../child2 tag testTag
#			)
#		
not ok 86 - force pushing required to update annotated tag
#	
#			mk_test testrepo heads/main &&
#			mk_child testrepo child1 &&
#			mk_child testrepo child2 &&
#			(
#				cd child1 &&
#				git tag testTag &&
#				git push ../child2 testTag &&
#				>file1 &&
#				git add file1 &&
#				git commit -m 'file1' &&
#				git tag -f -a -m'tag message' testTag &&
#				test_must_fail git push ../child2 testTag &&
#				git push --force ../child2 testTag &&
#				git tag -f -a -m'tag message' testTag HEAD~ &&
#				test_must_fail git push ../child2 testTag &&
#				git push --force ../child2 testTag &&
#	
#				# Clobbering without + in refspec needs --force
#				git tag -f testTag &&
#				test_must_fail git push ../child2 'refs/tags/*:refs/tags/*' &&
#				git push --force ../child2 'refs/tags/*:refs/tags/*' &&
#	
#				# Clobbering with + in refspec does not need --force
#				git tag -f testTag HEAD~ &&
#				git push ../child2 '+refs/tags/*:refs/tags/*' &&
#	
#				# Clobbering with --no-force still obeys + in refspec
#				git tag -f testTag &&
#				git push --no-force ../child2 '+refs/tags/*:refs/tags/*' &&
#	
#				# Clobbering with/without --force and 'tag <name>' format
#				git tag -f testTag HEAD~ &&
#				test_must_fail git push ../child2 tag testTag &&
#				git push --force ../child2 tag testTag
#			)
#		
not ok 87 - fetch will not clobber an existing lightweight tag without --force
#	
#			mk_test testrepo heads/main &&
#			mk_child testrepo child1 &&
#			mk_child testrepo child2 &&
#			(
#				cd testrepo &&
#				git tag testTag &&
#				git -C ../child1 fetch origin tag testTag &&
#				>file1 &&
#				git add file1 &&
#				git commit -m 'file1' &&
#				git tag -f testTag &&
#				test_must_fail git -C ../child1 fetch origin tag testTag &&
#				git -C ../child1 fetch origin '+refs/tags/*:refs/tags/*'
#			)
#		
not ok 88 - fetch will not clobber an existing annotated tag without --force
#	
#			mk_test testrepo heads/main &&
#			mk_child testrepo child1 &&
#			mk_child testrepo child2 &&
#			(
#				cd testrepo &&
#				git tag testTag &&
#				git -C ../child1 fetch origin tag testTag &&
#				>file1 &&
#				git add file1 &&
#				git commit -m 'file1' &&
#				git tag -f -a -m'tag message' testTag &&
#				test_must_fail git -C ../child1 fetch origin tag testTag &&
#				git -C ../child1 fetch origin '+refs/tags/*:refs/tags/*'
#			)
#		
not ok 89 - push --porcelain
#	
#		mk_empty testrepo &&
#		echo >.git/foo  "To testrepo" &&
#		echo >>.git/foo "*	refs/heads/main:refs/remotes/origin/main	[new reference]"  &&
#		echo >>.git/foo "Done" &&
#		git push >.git/bar --porcelain  testrepo refs/heads/main:refs/remotes/origin/main &&
#		(
#			cd testrepo &&
#			echo "$the_commit commit	refs/remotes/origin/main" >expect &&
#			git for-each-ref refs/remotes/origin >actual &&
#			test_cmp expect actual
#		) &&
#		test_cmp .git/foo .git/bar
#	
not ok 90 - push --porcelain bad url
#	
#		mk_empty testrepo &&
#		test_must_fail git push >.git/bar --porcelain asdfasdfasd refs/heads/main:refs/remotes/origin/main &&
#		! grep -q Done .git/bar
#	
not ok 91 - push --porcelain rejected
#	
#		mk_empty testrepo &&
#		git push testrepo refs/heads/main:refs/remotes/origin/main &&
#		(cd testrepo &&
#			git reset --hard origin/main^ &&
#			git config receive.denyCurrentBranch true) &&
#	
#		echo >.git/foo  "To testrepo"  &&
#		echo >>.git/foo "!	refs/heads/main:refs/heads/main	[remote rejected] (branch is currently checked out)" &&
#		echo >>.git/foo "Done" &&
#	
#		test_must_fail git push >.git/bar --porcelain  testrepo refs/heads/main:refs/heads/main &&
#		test_cmp .git/foo .git/bar
#	
not ok 92 - push --porcelain --dry-run rejected
#	
#		mk_empty testrepo &&
#		git push testrepo refs/heads/main:refs/remotes/origin/main &&
#		(cd testrepo &&
#			git reset --hard origin/main &&
#			git config receive.denyCurrentBranch true) &&
#	
#		echo >.git/foo  "To testrepo"  &&
#		echo >>.git/foo "!	refs/heads/main^:refs/heads/main	[rejected] (non-fast-forward)" &&
#		echo >>.git/foo "Done" &&
#	
#		test_must_fail git push >.git/bar --porcelain  --dry-run testrepo refs/heads/main^:refs/heads/main &&
#		test_cmp .git/foo .git/bar
#	
not ok 93 - push --prune
#	
#		mk_test testrepo heads/main heads/foo heads/bar &&
#		git push --prune testrepo : &&
#		check_push_result testrepo $the_commit heads/main &&
#		! check_push_result testrepo $the_first_commit heads/foo heads/bar
#	
not ok 94 - push --prune refspec
#	
#		mk_test testrepo tmp/main tmp/foo tmp/bar &&
#		git push --prune testrepo "refs/heads/*:refs/tmp/*" &&
#		check_push_result testrepo $the_commit tmp/main &&
#		! check_push_result testrepo $the_first_commit tmp/foo tmp/bar
#	
not ok 95 - push to update a ref hidden by transfer.hiderefs
#	
#			mk_test testrepo heads/main hidden/one hidden/two hidden/three &&
#			(
#				cd testrepo &&
#				git config $configsection.hiderefs refs/hidden
#			) &&
#	
#			# push to unhidden ref succeeds normally
#			git push testrepo main:refs/heads/main &&
#			check_push_result testrepo $the_commit heads/main &&
#	
#			# push to update a hidden ref should fail
#			test_must_fail git push testrepo main:refs/hidden/one &&
#			check_push_result testrepo $the_first_commit hidden/one &&
#	
#			# push to delete a hidden ref should fail
#			test_must_fail git push testrepo :refs/hidden/two &&
#			check_push_result testrepo $the_first_commit hidden/two &&
#	
#			# idempotent push to update a hidden ref should fail
#			test_must_fail git push testrepo $the_first_commit:refs/hidden/three &&
#			check_push_result testrepo $the_first_commit hidden/three
#		
not ok 96 - push to update a ref hidden by receive.hiderefs
#	
#			mk_test testrepo heads/main hidden/one hidden/two hidden/three &&
#			(
#				cd testrepo &&
#				git config $configsection.hiderefs refs/hidden
#			) &&
#	
#			# push to unhidden ref succeeds normally
#			git push testrepo main:refs/heads/main &&
#			check_push_result testrepo $the_commit heads/main &&
#	
#			# push to update a hidden ref should fail
#			test_must_fail git push testrepo main:refs/hidden/one &&
#			check_push_result testrepo $the_first_commit hidden/one &&
#	
#			# push to delete a hidden ref should fail
#			test_must_fail git push testrepo :refs/hidden/two &&
#			check_push_result testrepo $the_first_commit hidden/two &&
#	
#			# idempotent push to update a hidden ref should fail
#			test_must_fail git push testrepo $the_first_commit:refs/hidden/three &&
#			check_push_result testrepo $the_first_commit hidden/three
#		
not ok 97 - fetch exact oid
#	
#		mk_test testrepo heads/main hidden/one &&
#		git push testrepo main:refs/hidden/one &&
#		(
#			cd testrepo &&
#			git config transfer.hiderefs refs/hidden
#		) &&
#		check_push_result testrepo $the_commit hidden/one &&
#	
#		mk_child testrepo child &&
#		(
#			cd child &&
#	
#			# make sure $the_commit does not exist here
#			git repack -a -d &&
#			git prune &&
#			test_must_fail git cat-file -t $the_commit &&
#	
#			# Some protocol versions (e.g. 2) support fetching
#			# unadvertised objects, so restrict this test to v0.
#	
#			# fetching the hidden object should fail by default
#			test_must_fail env GIT_TEST_PROTOCOL_VERSION=0 \
#				git fetch -v ../testrepo $the_commit:refs/heads/copy 2>err &&
#			test_grep "Server does not allow request for unadvertised object" err &&
#			test_must_fail git rev-parse --verify refs/heads/copy &&
#	
#			# the server side can allow it to succeed
#			(
#				cd ../testrepo &&
#				git config uploadpack.allowtipsha1inwant true
#			) &&
#	
#			git fetch -v ../testrepo $the_commit:refs/heads/copy main:refs/heads/extra &&
#			cat >expect <<-EOF &&
#			$the_commit
#			$the_first_commit
#			EOF
#			{
#				git rev-parse --verify refs/heads/copy &&
#				git rev-parse --verify refs/heads/extra
#			} >actual &&
#			test_cmp expect actual
#		)
#	
not ok 98 - fetch exact oid in protocol v2
#	
#		mk_test testrepo heads/main hidden/one &&
#		git push testrepo main:refs/hidden/one &&
#		git -C testrepo config transfer.hiderefs refs/hidden &&
#		check_push_result testrepo $the_commit hidden/one &&
#	
#		mk_child testrepo child &&
#		git -C child config protocol.version 2 &&
#	
#		# make sure $the_commit does not exist here
#		git -C child repack -a -d &&
#		git -C child prune &&
#		test_must_fail git -C child cat-file -t $the_commit &&
#	
#		# fetching the hidden object succeeds by default
#		GIT_TRACE_PACKET=$PWD/trace.out \
#		git -C child fetch -v ../testrepo $the_commit:refs/heads/copy &&
#	
#		test_grep ! "ref-prefix.*$the_commit" trace.out
#	
not ok 99 - shallow fetch reachable SHA1 (but not a ref), allowtipsha1inwant=true
#	
#			mk_empty testrepo &&
#			(
#				cd testrepo &&
#				git config uploadpack.allowtipsha1inwant $configallowtipsha1inwant &&
#				git commit --allow-empty -m foo &&
#				git commit --allow-empty -m bar
#			) &&
#			SHA1=$(git --git-dir=testrepo/.git rev-parse HEAD^) &&
#			mk_empty shallow &&
#			(
#				cd shallow &&
#				# Some protocol versions (e.g. 2) support fetching
#				# unadvertised objects, so restrict this test to v0.
#				test_must_fail env GIT_TEST_PROTOCOL_VERSION=0 \
#					git fetch --depth=1 ../testrepo/.git $SHA1 &&
#				git --git-dir=../testrepo/.git config uploadpack.allowreachablesha1inwant true &&
#				git fetch --depth=1 ../testrepo/.git $SHA1 &&
#				git cat-file commit $SHA1
#			)
#		
not ok 100 - deny fetch unreachable SHA1, allowtipsha1inwant=true
#	
#			mk_empty testrepo &&
#			(
#				cd testrepo &&
#				git config uploadpack.allowtipsha1inwant $configallowtipsha1inwant &&
#				git commit --allow-empty -m foo &&
#				git commit --allow-empty -m bar &&
#				git commit --allow-empty -m xyz
#			) &&
#			SHA1_1=$(git --git-dir=testrepo/.git rev-parse HEAD^^) &&
#			SHA1_2=$(git --git-dir=testrepo/.git rev-parse HEAD^) &&
#			SHA1_3=$(git --git-dir=testrepo/.git rev-parse HEAD) &&
#			(
#				cd testrepo &&
#				git reset --hard $SHA1_2 &&
#				git cat-file commit $SHA1_1 &&
#				git cat-file commit $SHA1_3
#			) &&
#			mk_empty shallow &&
#			(
#				cd shallow &&
#				# Some protocol versions (e.g. 2) support fetching
#				# unadvertised objects, so restrict this test to v0.
#				test_must_fail env GIT_TEST_PROTOCOL_VERSION=0 \
#					git fetch ../testrepo/.git $SHA1_3 &&
#				test_must_fail env GIT_TEST_PROTOCOL_VERSION=0 \
#					git fetch ../testrepo/.git $SHA1_1 &&
#				git --git-dir=../testrepo/.git config uploadpack.allowreachablesha1inwant true &&
#				git fetch ../testrepo/.git $SHA1_1 &&
#				git cat-file commit $SHA1_1 &&
#				test_must_fail git cat-file commit $SHA1_2 &&
#				git fetch ../testrepo/.git $SHA1_2 &&
#				git cat-file commit $SHA1_2 &&
#				test_must_fail env GIT_TEST_PROTOCOL_VERSION=0 \
#					git fetch ../testrepo/.git $SHA1_3 2>err &&
#				# ideally we would insist this be on a "remote error:"
#				# line, but it is racy; see the commit message
#				test_grep "not our ref.*$SHA1_3\$" err
#			)
#		
not ok 101 - shallow fetch reachable SHA1 (but not a ref), allowtipsha1inwant=false
#	
#			mk_empty testrepo &&
#			(
#				cd testrepo &&
#				git config uploadpack.allowtipsha1inwant $configallowtipsha1inwant &&
#				git commit --allow-empty -m foo &&
#				git commit --allow-empty -m bar
#			) &&
#			SHA1=$(git --git-dir=testrepo/.git rev-parse HEAD^) &&
#			mk_empty shallow &&
#			(
#				cd shallow &&
#				# Some protocol versions (e.g. 2) support fetching
#				# unadvertised objects, so restrict this test to v0.
#				test_must_fail env GIT_TEST_PROTOCOL_VERSION=0 \
#					git fetch --depth=1 ../testrepo/.git $SHA1 &&
#				git --git-dir=../testrepo/.git config uploadpack.allowreachablesha1inwant true &&
#				git fetch --depth=1 ../testrepo/.git $SHA1 &&
#				git cat-file commit $SHA1
#			)
#		
not ok 102 - deny fetch unreachable SHA1, allowtipsha1inwant=false
#	
#			mk_empty testrepo &&
#			(
#				cd testrepo &&
#				git config uploadpack.allowtipsha1inwant $configallowtipsha1inwant &&
#				git commit --allow-empty -m foo &&
#				git commit --allow-empty -m bar &&
#				git commit --allow-empty -m xyz
#			) &&
#			SHA1_1=$(git --git-dir=testrepo/.git rev-parse HEAD^^) &&
#			SHA1_2=$(git --git-dir=testrepo/.git rev-parse HEAD^) &&
#			SHA1_3=$(git --git-dir=testrepo/.git rev-parse HEAD) &&
#			(
#				cd testrepo &&
#				git reset --hard $SHA1_2 &&
#				git cat-file commit $SHA1_1 &&
#				git cat-file commit $SHA1_3
#			) &&
#			mk_empty shallow &&
#			(
#				cd shallow &&
#				# Some protocol versions (e.g. 2) support fetching
#				# unadvertised objects, so restrict this test to v0.
#				test_must_fail env GIT_TEST_PROTOCOL_VERSION=0 \
#					git fetch ../testrepo/.git $SHA1_3 &&
#				test_must_fail env GIT_TEST_PROTOCOL_VERSION=0 \
#					git fetch ../testrepo/.git $SHA1_1 &&
#				git --git-dir=../testrepo/.git config uploadpack.allowreachablesha1inwant true &&
#				git fetch ../testrepo/.git $SHA1_1 &&
#				git cat-file commit $SHA1_1 &&
#				test_must_fail git cat-file commit $SHA1_2 &&
#				git fetch ../testrepo/.git $SHA1_2 &&
#				git cat-file commit $SHA1_2 &&
#				test_must_fail env GIT_TEST_PROTOCOL_VERSION=0 \
#					git fetch ../testrepo/.git $SHA1_3 2>err &&
#				# ideally we would insist this be on a "remote error:"
#				# line, but it is racy; see the commit message
#				test_grep "not our ref.*$SHA1_3\$" err
#			)
#		
not ok 103 - fetch follows tags by default
#	
#		mk_test testrepo heads/main &&
#		test_when_finished "rm -rf src" &&
#		git init src &&
#		(
#			cd src &&
#			git pull ../testrepo main &&
#			git tag -m "annotated" tag &&
#			git for-each-ref >tmp1 &&
#			sed -n "p; s|refs/heads/main$|refs/remotes/origin/main|p" tmp1 |
#			sed -n "p; s|refs/heads/main$|refs/remotes/origin/HEAD|p"  |
#			sort -k 4 >../expect
#		) &&
#		test_when_finished "rm -rf dst" &&
#		git init dst &&
#		(
#			cd dst &&
#			git remote add origin ../src &&
#			git config branch.main.remote origin &&
#			git config branch.main.merge refs/heads/main &&
#			git pull &&
#			git for-each-ref >../actual
#		) &&
#		test_cmp expect actual
#	
not ok 104 - peeled advertisements are not considered ref tips
#	
#		mk_empty testrepo &&
#		git -C testrepo commit --allow-empty -m one &&
#		git -C testrepo commit --allow-empty -m two &&
#		git -C testrepo tag -m foo mytag HEAD^ &&
#		oid=$(git -C testrepo rev-parse mytag^{commit}) &&
#		test_must_fail env GIT_TEST_PROTOCOL_VERSION=0 \
#			git fetch testrepo $oid 2>err &&
#		test_grep "Server does not allow request for unadvertised object" err
#	
not ok 105 - pushing a specific ref applies remote.$name.push as refmap
#	
#		mk_test testrepo heads/main &&
#		test_when_finished "rm -rf src" &&
#		git init src &&
#		test_when_finished "rm -rf dst" &&
#		git init --bare dst &&
#		(
#			cd src &&
#			git pull ../testrepo main &&
#			git branch next &&
#			git config remote.dst.url ../dst &&
#			git config remote.dst.push "+refs/heads/*:refs/remotes/src/*" &&
#			git push dst main &&
#			git show-ref refs/heads/main |
#			sed -e "s|refs/heads/|refs/remotes/src/|" >../dst/expect
#		) &&
#		(
#			cd dst &&
#			test_must_fail git show-ref refs/heads/next &&
#			test_must_fail git show-ref refs/heads/main &&
#			git show-ref refs/remotes/src/main >actual
#		) &&
#		test_cmp dst/expect dst/actual
#	
not ok 106 - with no remote.$name.push, it is not used as refmap
#	
#		mk_test testrepo heads/main &&
#		test_when_finished "rm -rf src" &&
#		git init src &&
#		test_when_finished "rm -rf dst" &&
#		git init --bare dst &&
#		(
#			cd src &&
#			git pull ../testrepo main &&
#			git branch next &&
#			git config remote.dst.url ../dst &&
#			git config push.default matching &&
#			git push dst main &&
#			git show-ref refs/heads/main >../dst/expect
#		) &&
#		(
#			cd dst &&
#			test_must_fail git show-ref refs/heads/next &&
#			git show-ref refs/heads/main >actual
#		) &&
#		test_cmp dst/expect dst/actual
#	
not ok 107 - with no remote.$name.push, upstream mapping is used
#	
#		mk_test testrepo heads/main &&
#		test_when_finished "rm -rf src" &&
#		git init src &&
#		test_when_finished "rm -rf dst" &&
#		git init --bare dst &&
#		(
#			cd src &&
#			git pull ../testrepo main &&
#			git branch next &&
#			git config remote.dst.url ../dst &&
#			git config remote.dst.fetch "+refs/heads/*:refs/remotes/dst/*" &&
#			git config push.default upstream &&
#	
#			git config branch.main.merge refs/heads/trunk &&
#			git config branch.main.remote dst &&
#	
#			git push dst main &&
#			git show-ref refs/heads/main |
#			sed -e "s|refs/heads/main|refs/heads/trunk|" >../dst/expect
#		) &&
#		(
#			cd dst &&
#			test_must_fail git show-ref refs/heads/main &&
#			test_must_fail git show-ref refs/heads/next &&
#			git show-ref refs/heads/trunk >actual
#		) &&
#		test_cmp dst/expect dst/actual
#	
not ok 108 - push does not follow tags by default
#	
#		mk_test testrepo heads/main &&
#		test_when_finished "rm -rf src" &&
#		git init src &&
#		test_when_finished "rm -rf dst" &&
#		git init --bare dst &&
#		(
#			cd src &&
#			git pull ../testrepo main &&
#			git tag -m "annotated" tag &&
#			git checkout -b another &&
#			git commit --allow-empty -m "future commit" &&
#			git tag -m "future" future &&
#			git checkout main &&
#			git for-each-ref refs/heads/main >../expect &&
#			git push ../dst main
#		) &&
#		(
#			cd dst &&
#			git for-each-ref >../actual
#		) &&
#		test_cmp expect actual
#	
not ok 109 - push --follow-tags only pushes relevant tags
#	
#		mk_test testrepo heads/main &&
#		test_when_finished "rm -rf src" &&
#		git init src &&
#		test_when_finished "rm -rf dst" &&
#		git init --bare dst &&
#		(
#			cd src &&
#			git pull ../testrepo main &&
#			git tag -m "annotated" tag &&
#			git checkout -b another &&
#			git commit --allow-empty -m "future commit" &&
#			git tag -m "future" future &&
#			git checkout main &&
#			git for-each-ref refs/heads/main refs/tags/tag >../expect &&
#			git push --follow-tags ../dst main
#		) &&
#		(
#			cd dst &&
#			git for-each-ref >../actual
#		) &&
#		test_cmp expect actual
#	
not ok 110 - push --no-thin must produce non-thin pack
#	
#		cat >>path1 <<\EOF &&
#	keep base version of path1 big enough, compared to the new changes
#	later, in order to pass size heuristics in
#	builtin/pack-objects.c:try_delta()
#	EOF
#		git commit -am initial &&
#		git init no-thin &&
#		git --git-dir=no-thin/.git config receive.unpacklimit 0 &&
#		git push no-thin/.git refs/heads/main:refs/heads/foo &&
#		echo modified >> path1 &&
#		git commit -am modified &&
#		git repack -adf &&
#		rcvpck="git receive-pack --reject-thin-pack-for-testing" &&
#		git push --no-thin --receive-pack="$rcvpck" no-thin/.git refs/heads/main:refs/heads/foo
#	
ok 111 - pushing a tag pushes the tagged object
not ok 112 - push into bare respects core.logallrefupdates
#	
#		test_when_finished "rm -rf dst.git" &&
#		git init --bare dst.git &&
#		git -C dst.git config core.logallrefupdates true &&
#	
#		# double push to test both with and without
#		# the actual pack transfer
#		git push dst.git main:one &&
#		echo "one@{0} push" >expect &&
#		git -C dst.git log -g --format="%gd %gs" one >actual &&
#		test_cmp expect actual &&
#	
#		git push dst.git main:two &&
#		echo "two@{0} push" >expect &&
#		git -C dst.git log -g --format="%gd %gs" two >actual &&
#		test_cmp expect actual
#	
not ok 113 - fetch into bare respects core.logallrefupdates
#	
#		test_when_finished "rm -rf dst.git" &&
#		git init --bare dst.git &&
#		(
#			cd dst.git &&
#			git config core.logallrefupdates true &&
#	
#			# as above, we double-fetch to test both
#			# with and without pack transfer
#			git fetch .. main:one &&
#			echo "one@{0} fetch .. main:one: storing head" >expect &&
#			git log -g --format="%gd %gs" one >actual &&
#			test_cmp expect actual &&
#	
#			git fetch .. main:two &&
#			echo "two@{0} fetch .. main:two: storing head" >expect &&
#			git log -g --format="%gd %gs" two >actual &&
#			test_cmp expect actual
#		)
#	
not ok 114 - receive.denyCurrentBranch = updateInstead
#	
#		mk_empty testrepo &&
#		git push testrepo main &&
#		(
#			cd testrepo &&
#			git reset --hard &&
#			git config receive.denyCurrentBranch updateInstead
#		) &&
#		test_commit third path2 &&
#	
#		# Try pushing into a repository with pristine working tree
#		git push testrepo main &&
#		(
#			cd testrepo &&
#			git update-index -q --refresh &&
#			git diff-files --quiet -- &&
#			git diff-index --quiet --cached HEAD -- &&
#			test third = "$(cat path2)" &&
#			test $(git -C .. rev-parse HEAD) = $(git rev-parse HEAD)
#		) &&
#	
#		# Try pushing into a repository with working tree needing a refresh
#		(
#			cd testrepo &&
#			git reset --hard HEAD^ &&
#			test $(git -C .. rev-parse HEAD^) = $(git rev-parse HEAD) &&
#			test-tool chmtime +100 path1
#		) &&
#		git push testrepo main &&
#		(
#			cd testrepo &&
#			git update-index -q --refresh &&
#			git diff-files --quiet -- &&
#			git diff-index --quiet --cached HEAD -- &&
#			test_cmp ../path1 path1 &&
#			test third = "$(cat path2)" &&
#			test $(git -C .. rev-parse HEAD) = $(git rev-parse HEAD)
#		) &&
#	
#		# Update what is to be pushed
#		test_commit fourth path2 &&
#	
#		# Try pushing into a repository with a dirty working tree
#		# (1) the working tree updated
#		(
#			cd testrepo &&
#			echo changed >path1
#		) &&
#		test_must_fail git push testrepo main &&
#		(
#			cd testrepo &&
#			test $(git -C .. rev-parse HEAD^) = $(git rev-parse HEAD) &&
#			git diff --quiet --cached &&
#			test changed = "$(cat path1)"
#		) &&
#	
#		# (2) the index updated
#		(
#			cd testrepo &&
#			echo changed >path1 &&
#			git add path1
#		) &&
#		test_must_fail git push testrepo main &&
#		(
#			cd testrepo &&
#			test $(git -C .. rev-parse HEAD^) = $(git rev-parse HEAD) &&
#			git diff --quiet &&
#			test changed = "$(cat path1)"
#		) &&
#	
#		# Introduce a new file in the update
#		test_commit fifth path3 &&
#	
#		# (3) the working tree has an untracked file that would interfere
#		(
#			cd testrepo &&
#			git reset --hard &&
#			echo changed >path3
#		) &&
#		test_must_fail git push testrepo main &&
#		(
#			cd testrepo &&
#			test $(git -C .. rev-parse HEAD^^) = $(git rev-parse HEAD) &&
#			git diff --quiet &&
#			git diff --quiet --cached &&
#			test changed = "$(cat path3)"
#		) &&
#	
#		# (4) the target changes to what gets pushed but it still is a change
#		(
#			cd testrepo &&
#			git reset --hard &&
#			echo fifth >path3 &&
#			git add path3
#		) &&
#		test_must_fail git push testrepo main &&
#		(
#			cd testrepo &&
#			test $(git -C .. rev-parse HEAD^^) = $(git rev-parse HEAD) &&
#			git diff --quiet &&
#			test fifth = "$(cat path3)"
#		) &&
#	
#		# (5) push into void
#		test_when_finished "rm -rf void" &&
#		git init void &&
#		(
#			cd void &&
#			git config receive.denyCurrentBranch updateInstead
#		) &&
#		git push void main &&
#		(
#			cd void &&
#			test $(git -C .. rev-parse main) = $(git rev-parse HEAD) &&
#			git diff --quiet &&
#			git diff --cached --quiet
#		) &&
#	
#		# (6) updateInstead intervened by fast-forward check
#		test_must_fail git push void main^:main &&
#		test $(git -C void rev-parse HEAD) = $(git rev-parse main) &&
#		git -C void diff --quiet &&
#		git -C void diff --cached --quiet
#	
not ok 115 - updateInstead with push-to-checkout hook
#	
#		test_when_finished "rm -rf testrepo" &&
#		git init testrepo &&
#		git -C testrepo pull .. main &&
#		git -C testrepo reset --hard HEAD^^ &&
#		git -C testrepo tag initial &&
#		git -C testrepo config receive.denyCurrentBranch updateInstead &&
#		test_hook -C testrepo push-to-checkout <<-\EOF &&
#		echo >&2 updating from $(git rev-parse HEAD)
#		echo >&2 updating to "$1"
#	
#		git update-index -q --refresh &&
#		git read-tree -u -m HEAD "$1" || {
#			status=$?
#			echo >&2 read-tree failed
#			exit $status
#		}
#		EOF
#	
#		# Try pushing into a pristine
#		git push testrepo main &&
#		(
#			cd testrepo &&
#			git diff --quiet &&
#			git diff HEAD --quiet &&
#			test $(git -C .. rev-parse HEAD) = $(git rev-parse HEAD)
#		) &&
#	
#		# Try pushing into a repository with conflicting change
#		(
#			cd testrepo &&
#			git reset --hard initial &&
#			echo conflicting >path2
#		) &&
#		test_must_fail git push testrepo main &&
#		(
#			cd testrepo &&
#			test $(git rev-parse initial) = $(git rev-parse HEAD) &&
#			test conflicting = "$(cat path2)" &&
#			git diff-index --quiet --cached HEAD
#		) &&
#	
#		# Try pushing into a repository with unrelated change
#		(
#			cd testrepo &&
#			git reset --hard initial &&
#			echo unrelated >path1 &&
#			echo irrelevant >path5 &&
#			git add path5
#		) &&
#		git push testrepo main &&
#		(
#			cd testrepo &&
#			test "$(cat path1)" = unrelated &&
#			test "$(cat path5)" = irrelevant &&
#			test "$(git diff --name-only --cached HEAD)" = path5 &&
#			test $(git -C .. rev-parse HEAD) = $(git rev-parse HEAD)
#		) &&
#	
#		# push into void
#		test_when_finished "rm -rf void" &&
#		git init void &&
#		git -C void config receive.denyCurrentBranch updateInstead &&
#		test_hook -C void push-to-checkout <<-\EOF &&
#		if git rev-parse --quiet --verify HEAD
#		then
#			has_head=yes
#			echo >&2 updating from $(git rev-parse HEAD)
#		else
#			has_head=no
#			echo >&2 pushing into void
#		fi
#		echo >&2 updating to "$1"
#	
#		git update-index -q --refresh &&
#		case "$has_head" in
#		yes)
#			git read-tree -u -m HEAD "$1" ;;
#		no)
#			git read-tree -u -m "$1" ;;
#		esac || {
#			status=$?
#			echo >&2 read-tree failed
#			exit $status
#		}
#		EOF
#	
#		git push void main &&
#		(
#			cd void &&
#			git diff --quiet &&
#			git diff --cached --quiet &&
#			test $(git -C .. rev-parse HEAD) = $(git rev-parse HEAD)
#		)
#	
not ok 116 - denyCurrentBranch and worktrees
#	
#		git worktree add new-wt &&
#		git clone . cloned &&
#		test_commit -C cloned first &&
#		test_config receive.denyCurrentBranch refuse &&
#		test_must_fail git -C cloned push origin HEAD:new-wt &&
#		test_config receive.denyCurrentBranch updateInstead &&
#		git -C cloned push origin HEAD:new-wt &&
#		test_path_exists new-wt/first.t &&
#		test_must_fail git -C cloned push --delete origin new-wt
#	
not ok 117 - denyCurrentBranch and bare repository worktrees
#	
#		test_when_finished "rm -fr bare.git" &&
#		git clone --bare . bare.git &&
#		git -C bare.git worktree add wt &&
#		test_commit grape &&
#		git -C bare.git config receive.denyCurrentBranch refuse &&
#		test_must_fail git push bare.git HEAD:wt &&
#		git -C bare.git config receive.denyCurrentBranch updateInstead &&
#		git push bare.git HEAD:wt &&
#		test_path_exists bare.git/wt/grape.t &&
#		test_must_fail git push --delete bare.git wt
#	
not ok 118 - refuse fetch to current branch of worktree
#	
#		test_when_finished "git worktree remove --force wt && git branch -D wt" &&
#		git worktree add wt &&
#		test_commit apple &&
#		test_must_fail git fetch . HEAD:wt &&
#		git fetch -u . HEAD:wt
#	
not ok 119 - refuse fetch to current branch of bare repository worktree
#	
#		test_when_finished "rm -fr bare.git" &&
#		git clone --bare . bare.git &&
#		git -C bare.git worktree add wt &&
#		test_commit banana &&
#		test_must_fail git -C bare.git fetch .. HEAD:wt &&
#		git -C bare.git fetch -u .. HEAD:wt
#	
not ok 120 - refuse to push a hidden ref, and make sure do not pollute the repository
#	
#		mk_empty testrepo &&
#		git -C testrepo config receive.hiderefs refs/hidden &&
#		git -C testrepo config receive.unpackLimit 1 &&
#		test_must_fail git push testrepo HEAD:refs/hidden/foo &&
#		test_dir_is_empty testrepo/.git/objects/pack
#	
not ok 121 - push with config push.useBitmaps
#	
#		mk_test testrepo heads/main &&
#		git checkout main &&
#		test_unconfig push.useBitmaps &&
#		GIT_TRACE2_EVENT="$PWD/default" \
#		git push --quiet testrepo main:test &&
#		test_subcommand git pack-objects --all-progress-implied --revs --stdout \
#			--thin --delta-base-offset -q <default &&
#	
#		test_config push.useBitmaps true &&
#		GIT_TRACE2_EVENT="$PWD/true" \
#		git push --quiet testrepo main:test2 &&
#		test_subcommand git pack-objects --all-progress-implied --revs --stdout \
#			--thin --delta-base-offset -q <true &&
#	
#		test_config push.useBitmaps false &&
#		GIT_TRACE2_EVENT="$PWD/false" \
#		git push --quiet testrepo main:test3 &&
#		test_subcommand git pack-objects --all-progress-implied --revs --stdout \
#			--thin --delta-base-offset -q --no-use-bitmap-index <false
#	
not ok 122 - push with config pack.usePathWalk=true
#	
#		mk_test testrepo heads/main &&
#		git checkout main &&
#		test_config pack.usePathWalk true &&
#		GIT_TRACE2_EVENT="$(pwd)/path-walk.txt" \
#		git push --quiet testrepo main:test &&
#	
#		test_region pack-objects path-walk path-walk.txt
#	
not ok 123 - push with F/D conflict with deletion and creation
#	
#		test_when_finished "git branch -D branch" &&
#		git branch branch/conflict &&
#		mk_test testrepo heads/branch/conflict &&
#		git branch -D branch/conflict &&
#		git branch branch &&
#		git push testrepo :refs/heads/branch/conflict refs/heads/branch
#	
not ok 124 - pushing non-commit objects should report error
#	
#		test_when_finished "rm -rf dest repo" &&
#		git init dest &&
#		git init repo &&
#	
#		(
#			cd repo &&
#			test_commit --annotate test &&
#	
#			tagsha=$(git rev-parse test^{tag}) &&
#			test_must_fail git push ../dest "$tagsha:refs/heads/branch" 2>err &&
#			test_grep "! \[remote rejected\] $tagsha -> branch (invalid new value provided)" err &&
#			test_grep "trying to write non-commit object $tagsha to branch ${SQ}refs/heads/branch${SQ}" err
#		)
#	
# failed 118 among 124 test(s)
1..124
# Tests: 124  Pass: 6  Fail: 118  Skip: 0
