ok 1 - setup and corrupt repository
not ok 2 - upload-pack fails due to error in pack-objects packing
#	
#		head=$(git rev-parse HEAD) &&
#		hexsz=$(test_oid hexsz) &&
#		printf "%04xwant %s\n00000009done\n0000" \
#			$(($hexsz + 10)) $head >input &&
#		test_must_fail git upload-pack . <input >/dev/null 2>output.err &&
#		test_grep "unable to read" output.err &&
#		test_grep "pack-objects died" output.err
#	
ok 3 - corrupt repo differently
ok 4 - upload-pack fails due to error in rev-list
not ok 5 - upload-pack fails due to bad want (no object)
#	
#		printf "%04xwant %s multi_ack_detailed\n00000009done\n0000" \
#			$(($hexsz + 29)) $(test_oid deadbeef) >input &&
#		test_must_fail git upload-pack . <input >output 2>output.err &&
#		grep "not our ref" output.err &&
#		grep "ERR" output &&
#		! grep multi_ack_detailed output.err
#	
not ok 6 - upload-pack fails due to bad want (not tip)
#	
#		oid=$(echo an object we have | git hash-object -w --stdin) &&
#		printf "%04xwant %s multi_ack_detailed\n00000009done\n0000" \
#			$(($hexsz + 29)) "$oid" >input &&
#		test_must_fail git upload-pack . <input >output 2>output.err &&
#		grep "not our ref" output.err &&
#		grep "ERR" output &&
#		! grep multi_ack_detailed output.err
#	
not ok 7 - upload-pack fails due to error in pack-objects enumeration
#	
#		printf "%04xwant %s\n00000009done\n0000" \
#			$((hexsz + 10)) $(git rev-parse HEAD) >input &&
#		test_must_fail git upload-pack . <input >/dev/null 2>output.err &&
#		grep "bad tree object" output.err &&
#		grep "pack-objects died" output.err
#	
not ok 8 - upload-pack tolerates EOF just after stateless client wants
#	
#		test_commit initial &&
#		head=$(git rev-parse HEAD) &&
#	
#		{
#			packetize "want $head" &&
#			packetize "shallow $head" &&
#			packetize "deepen 1" &&
#			printf "0000"
#		} >request &&
#	
#		printf "0000" >expect &&
#	
#		git upload-pack --stateless-rpc . <request >actual &&
#		test_cmp expect actual
#	
ok 9 - fetch fails
not ok 10 - upload-pack ACKs repeated non-commit objects repeatedly (protocol v0)
#	
#		commit_id=$(git rev-parse HEAD) &&
#		tree_id=$(git rev-parse HEAD^{tree}) &&
#		test-tool pkt-line pack >request <<-EOF &&
#		want $commit_id
#		0000
#		have $tree_id
#		have $tree_id
#		0000
#		EOF
#		git upload-pack --stateless-rpc . <request >actual &&
#		depacketize <actual >actual.raw &&
#		grep ^ACK actual.raw >actual.acks &&
#		cat >expect <<-EOF &&
#		ACK $tree_id
#		ACK $tree_id
#		EOF
#		test_cmp expect actual.acks
#	
not ok 11 - upload-pack ACKs repeated non-commit objects once only (protocol v2)
#	
#		commit_id=$(git rev-parse HEAD) &&
#		tree_id=$(git rev-parse HEAD^{tree}) &&
#		test-tool pkt-line pack >request <<-EOF &&
#		command=fetch
#		object-format=$(test_oid algo)
#		0001
#		want $commit_id
#		have $tree_id
#		have $tree_id
#		0000
#		EOF
#		GIT_PROTOCOL=version=2 git upload-pack . <request >actual &&
#		depacketize <actual >actual.raw &&
#		grep ^ACK actual.raw >actual.acks &&
#		echo "ACK $tree_id" >expect &&
#		test_cmp expect actual.acks
#	
# failed 7 among 11 test(s)
1..11
# Tests: 11  Pass: 4  Fail: 7  Skip: 0
