ok 1 - setup upstream repository and workbench
not ok 2 - .. git-push --porcelain (builtin protocol)
#	
#			test_when_finished "setup_upstream \"$upstream\"" &&
#			test_must_fail git -C workbench push --porcelain origin \
#				main \
#				:refs/heads/foo \
#				$B:bar \
#				baz \
#				next >out &&
#			make_user_friendly_and_stable_output <out >actual &&
#			format_and_save_expect <<-\EOF &&
#			> To <URL/of/upstream.git>
#			> =	refs/heads/baz:refs/heads/baz	[up to date]
#			>  	<COMMIT-B>:refs/heads/bar	<COMMIT-A>..<COMMIT-B>
#			> -	:refs/heads/foo	[deleted]
#			> *	refs/heads/next:refs/heads/next	[new branch]
#			> !	refs/heads/main:refs/heads/main	[rejected] (non-fast-forward)
#			> Done
#			EOF
#			test_cmp expect actual &&
#	
#			git -C "$upstream" show-ref >out &&
#			make_user_friendly_and_stable_output <out >actual &&
#			cat >expect <<-EOF &&
#			<COMMIT-B> refs/heads/bar
#			<COMMIT-A> refs/heads/baz
#			<COMMIT-B> refs/heads/main
#			<COMMIT-A> refs/heads/next
#			EOF
#			test_cmp expect actual
#		
not ok 3 - .. git-push --porcelain --force (builtin protocol)
#	
#			test_when_finished "setup_upstream \"$upstream\"" &&
#			git -C workbench push --porcelain --force origin \
#				main \
#				:refs/heads/foo \
#				$B:bar \
#				baz \
#				next >out &&
#			make_user_friendly_and_stable_output <out >actual &&
#			format_and_save_expect <<-EOF &&
#			> To <URL/of/upstream.git>
#			> =	refs/heads/baz:refs/heads/baz	[up to date]
#			>  	<COMMIT-B>:refs/heads/bar	<COMMIT-A>..<COMMIT-B>
#			> -	:refs/heads/foo	[deleted]
#			> +	refs/heads/main:refs/heads/main	<COMMIT-B>...<COMMIT-A> (forced update)
#			> *	refs/heads/next:refs/heads/next	[new branch]
#			> Done
#			EOF
#			test_cmp expect actual &&
#	
#			git -C "$upstream" show-ref >out &&
#			make_user_friendly_and_stable_output <out >actual &&
#			cat >expect <<-EOF &&
#			<COMMIT-B> refs/heads/bar
#			<COMMIT-A> refs/heads/baz
#			<COMMIT-A> refs/heads/main
#			<COMMIT-A> refs/heads/next
#			EOF
#			test_cmp expect actual
#		
not ok 4 - .. git push --porcelain --atomic (builtin protocol)
#	
#			test_when_finished "setup_upstream \"$upstream\"" &&
#			test_must_fail git -C workbench push --porcelain --atomic origin \
#				main \
#				:refs/heads/foo \
#				$B:bar \
#				baz \
#				next >out &&
#			make_user_friendly_and_stable_output <out >actual &&
#			format_and_save_expect <<-EOF &&
#			> To <URL/of/upstream.git>
#			> =	refs/heads/baz:refs/heads/baz	[up to date]
#			> !	<COMMIT-B>:refs/heads/bar	[rejected] (atomic push failed)
#			> !	(delete):refs/heads/foo	[rejected] (atomic push failed)
#			> !	refs/heads/main:refs/heads/main	[rejected] (non-fast-forward)
#			> !	refs/heads/next:refs/heads/next	[rejected] (atomic push failed)
#			> Done
#			EOF
#			test_cmp expect actual &&
#	
#			git -C "$upstream" show-ref >out &&
#			make_user_friendly_and_stable_output <out >actual &&
#			cat >expect <<-EOF &&
#			<COMMIT-A> refs/heads/bar
#			<COMMIT-A> refs/heads/baz
#			<COMMIT-A> refs/heads/foo
#			<COMMIT-B> refs/heads/main
#			EOF
#			test_cmp expect actual
#		
not ok 5 - .. pre-receive hook declined (builtin protocol)
#	
#			test_when_finished "rm -f \"$upstream/hooks/pre-receive\" &&
#				setup_upstream \"$upstream\"" &&
#			test_hook --setup -C "$upstream" pre-receive <<-EOF &&
#				exit 1
#			EOF
#			test_must_fail git -C workbench push --porcelain --force origin \
#				main \
#				:refs/heads/foo \
#				$B:bar \
#				baz \
#				next >out &&
#			make_user_friendly_and_stable_output <out >actual &&
#			format_and_save_expect <<-EOF &&
#			> To <URL/of/upstream.git>
#			> =	refs/heads/baz:refs/heads/baz	[up to date]
#			> !	<COMMIT-B>:refs/heads/bar	[remote rejected] (pre-receive hook declined)
#			> !	:refs/heads/foo	[remote rejected] (pre-receive hook declined)
#			> !	refs/heads/main:refs/heads/main	[remote rejected] (pre-receive hook declined)
#			> !	refs/heads/next:refs/heads/next	[remote rejected] (pre-receive hook declined)
#			> Done
#			EOF
#			test_cmp expect actual &&
#	
#			git -C "$upstream" show-ref >out &&
#			make_user_friendly_and_stable_output <out >actual &&
#			cat >expect <<-EOF &&
#			<COMMIT-A> refs/heads/bar
#			<COMMIT-A> refs/heads/baz
#			<COMMIT-A> refs/heads/foo
#			<COMMIT-B> refs/heads/main
#			EOF
#			test_cmp expect actual
#		
not ok 6 - .. non-fastforward push (builtin protocol)
#	
#			test_when_finished "setup_upstream \"$upstream\"" &&
#			(
#				cd workbench &&
#				test_must_fail git push --porcelain origin \
#					main \
#					next
#			) >out &&
#			make_user_friendly_and_stable_output <out >actual &&
#			format_and_save_expect <<-EOF &&
#			> To <URL/of/upstream.git>
#			> *	refs/heads/next:refs/heads/next	[new branch]
#			> !	refs/heads/main:refs/heads/main	[rejected] (non-fast-forward)
#			> Done
#			EOF
#			test_cmp expect actual &&
#	
#			git -C "$upstream" show-ref >out &&
#			make_user_friendly_and_stable_output <out >actual &&
#			cat >expect <<-EOF &&
#			<COMMIT-A> refs/heads/bar
#			<COMMIT-A> refs/heads/baz
#			<COMMIT-A> refs/heads/foo
#			<COMMIT-B> refs/heads/main
#			<COMMIT-A> refs/heads/next
#			EOF
#			test_cmp expect actual
#		
not ok 7 - .. git push --porcelain --atomic --force (builtin protocol)
#	
#			git -C workbench push --porcelain --atomic --force origin \
#				main \
#				:refs/heads/foo \
#				$B:bar \
#				baz \
#				next >out &&
#			make_user_friendly_and_stable_output <out >actual &&
#			format_and_save_expect <<-\EOF &&
#			> To <URL/of/upstream.git>
#			> =	refs/heads/baz:refs/heads/baz	[up to date]
#			>  	<COMMIT-B>:refs/heads/bar	<COMMIT-A>..<COMMIT-B>
#			> -	:refs/heads/foo	[deleted]
#			> +	refs/heads/main:refs/heads/main	<COMMIT-B>...<COMMIT-A> (forced update)
#			> *	refs/heads/next:refs/heads/next	[new branch]
#			> Done
#			EOF
#			test_cmp expect actual &&
#	
#			git -C "$upstream" show-ref >out &&
#			make_user_friendly_and_stable_output <out >actual &&
#			cat >expect <<-EOF &&
#			<COMMIT-B> refs/heads/bar
#			<COMMIT-A> refs/heads/baz
#			<COMMIT-A> refs/heads/main
#			<COMMIT-A> refs/heads/next
#			EOF
#			test_cmp expect actual
#		
ok 8 - setup upstream repository and workbench
not ok 9 - .. git-push --porcelain --dry-run (builtin protocol)
#	
#			test_must_fail git -C workbench push --porcelain --dry-run origin \
#				main \
#				:refs/heads/foo \
#				$B:bar \
#				baz \
#				next >out &&
#			make_user_friendly_and_stable_output <out >actual &&
#			format_and_save_expect <<-EOF &&
#			> To <URL/of/upstream.git>
#			> =	refs/heads/baz:refs/heads/baz	[up to date]
#			>  	<COMMIT-B>:refs/heads/bar	<COMMIT-A>..<COMMIT-B>
#			> -	:refs/heads/foo	[deleted]
#			> *	refs/heads/next:refs/heads/next	[new branch]
#			> !	refs/heads/main:refs/heads/main	[rejected] (non-fast-forward)
#			> Done
#			EOF
#			test_cmp expect actual &&
#	
#			git -C "$upstream" show-ref >out &&
#			make_user_friendly_and_stable_output <out >actual &&
#			cat >expect <<-EOF &&
#			<COMMIT-A> refs/heads/bar
#			<COMMIT-A> refs/heads/baz
#			<COMMIT-A> refs/heads/foo
#			<COMMIT-B> refs/heads/main
#			EOF
#			test_cmp expect actual
#		
not ok 10 - .. git-push --porcelain --dry-run --force (builtin protocol)
#	
#			git -C workbench push --porcelain --dry-run --force origin \
#				main \
#				:refs/heads/foo \
#				$B:bar \
#				baz \
#				next >out &&
#			make_user_friendly_and_stable_output <out >actual &&
#			format_and_save_expect <<-EOF &&
#			> To <URL/of/upstream.git>
#			> =	refs/heads/baz:refs/heads/baz	[up to date]
#			>  	<COMMIT-B>:refs/heads/bar	<COMMIT-A>..<COMMIT-B>
#			> -	:refs/heads/foo	[deleted]
#			> +	refs/heads/main:refs/heads/main	<COMMIT-B>...<COMMIT-A> (forced update)
#			> *	refs/heads/next:refs/heads/next	[new branch]
#			> Done
#			EOF
#			test_cmp expect actual &&
#	
#			git -C "$upstream" show-ref >out &&
#			make_user_friendly_and_stable_output <out >actual &&
#			cat >expect <<-EOF &&
#			<COMMIT-A> refs/heads/bar
#			<COMMIT-A> refs/heads/baz
#			<COMMIT-A> refs/heads/foo
#			<COMMIT-B> refs/heads/main
#			EOF
#			test_cmp expect actual
#		
not ok 11 - .. git-push --porcelain --dry-run --atomic (builtin protocol)
#	
#			test_must_fail git -C workbench push --porcelain --dry-run --atomic origin \
#				main \
#				:refs/heads/foo \
#				$B:bar \
#				baz \
#				next >out &&
#			make_user_friendly_and_stable_output <out >actual &&
#			format_and_save_expect <<-EOF &&
#			> To <URL/of/upstream.git>
#			> =	refs/heads/baz:refs/heads/baz	[up to date]
#			> !	<COMMIT-B>:refs/heads/bar	[rejected] (atomic push failed)
#			> !	(delete):refs/heads/foo	[rejected] (atomic push failed)
#			> !	refs/heads/main:refs/heads/main	[rejected] (non-fast-forward)
#			> !	refs/heads/next:refs/heads/next	[rejected] (atomic push failed)
#			> Done
#			EOF
#			test_cmp expect actual &&
#	
#			git -C "$upstream" show-ref >out &&
#			make_user_friendly_and_stable_output <out >actual &&
#			cat >expect <<-EOF &&
#			<COMMIT-A> refs/heads/bar
#			<COMMIT-A> refs/heads/baz
#			<COMMIT-A> refs/heads/foo
#			<COMMIT-B> refs/heads/main
#			EOF
#			test_cmp expect actual
#		
not ok 12 - .. git-push --porcelain --dry-run --atomic --force (builtin protocol)
#	
#			git -C workbench push --porcelain --dry-run --atomic --force origin \
#				main \
#				:refs/heads/foo \
#				$B:bar \
#				baz \
#				next >out &&
#			make_user_friendly_and_stable_output <out >actual &&
#			format_and_save_expect <<-EOF &&
#			> To <URL/of/upstream.git>
#			> =	refs/heads/baz:refs/heads/baz	[up to date]
#			>  	<COMMIT-B>:refs/heads/bar	<COMMIT-A>..<COMMIT-B>
#			> -	:refs/heads/foo	[deleted]
#			> +	refs/heads/main:refs/heads/main	<COMMIT-B>...<COMMIT-A> (forced update)
#			> *	refs/heads/next:refs/heads/next	[new branch]
#			> Done
#			EOF
#			test_cmp expect actual &&
#	
#			git -C "$upstream" show-ref >out &&
#			make_user_friendly_and_stable_output <out >actual &&
#			cat >expect <<-EOF &&
#			<COMMIT-A> refs/heads/bar
#			<COMMIT-A> refs/heads/baz
#			<COMMIT-A> refs/heads/foo
#			<COMMIT-B> refs/heads/main
#			EOF
#			test_cmp expect actual
#		
ok 13 - setup askpass helper
ok 14 - setup upstream repository and workbench
not ok 15 - .. git-push --porcelain (HTTP protocol)
#	
#			test_when_finished "setup_upstream \"$upstream\"" &&
#			test_must_fail git -C workbench push --porcelain origin \
#				main \
#				:refs/heads/foo \
#				$B:bar \
#				baz \
#				next >out &&
#			make_user_friendly_and_stable_output <out >actual &&
#			format_and_save_expect <<-\EOF &&
#			> To <URL/of/upstream.git>
#			> =	refs/heads/baz:refs/heads/baz	[up to date]
#			>  	<COMMIT-B>:refs/heads/bar	<COMMIT-A>..<COMMIT-B>
#			> -	:refs/heads/foo	[deleted]
#			> *	refs/heads/next:refs/heads/next	[new branch]
#			> !	refs/heads/main:refs/heads/main	[rejected] (non-fast-forward)
#			> Done
#			EOF
#			test_cmp expect actual &&
#	
#			git -C "$upstream" show-ref >out &&
#			make_user_friendly_and_stable_output <out >actual &&
#			cat >expect <<-EOF &&
#			<COMMIT-B> refs/heads/bar
#			<COMMIT-A> refs/heads/baz
#			<COMMIT-B> refs/heads/main
#			<COMMIT-A> refs/heads/next
#			EOF
#			test_cmp expect actual
#		
not ok 16 - .. git-push --porcelain --force (HTTP protocol)
#	
#			test_when_finished "setup_upstream \"$upstream\"" &&
#			git -C workbench push --porcelain --force origin \
#				main \
#				:refs/heads/foo \
#				$B:bar \
#				baz \
#				next >out &&
#			make_user_friendly_and_stable_output <out >actual &&
#			format_and_save_expect <<-EOF &&
#			> To <URL/of/upstream.git>
#			> =	refs/heads/baz:refs/heads/baz	[up to date]
#			>  	<COMMIT-B>:refs/heads/bar	<COMMIT-A>..<COMMIT-B>
#			> -	:refs/heads/foo	[deleted]
#			> +	refs/heads/main:refs/heads/main	<COMMIT-B>...<COMMIT-A> (forced update)
#			> *	refs/heads/next:refs/heads/next	[new branch]
#			> Done
#			EOF
#			test_cmp expect actual &&
#	
#			git -C "$upstream" show-ref >out &&
#			make_user_friendly_and_stable_output <out >actual &&
#			cat >expect <<-EOF &&
#			<COMMIT-B> refs/heads/bar
#			<COMMIT-A> refs/heads/baz
#			<COMMIT-A> refs/heads/main
#			<COMMIT-A> refs/heads/next
#			EOF
#			test_cmp expect actual
#		
not ok 17 - .. git push --porcelain --atomic (HTTP protocol)
#	
#			test_when_finished "setup_upstream \"$upstream\"" &&
#			test_must_fail git -C workbench push --porcelain --atomic origin \
#				main \
#				:refs/heads/foo \
#				$B:bar \
#				baz \
#				next >out &&
#			make_user_friendly_and_stable_output <out >actual &&
#			format_and_save_expect <<-EOF &&
#			> To <URL/of/upstream.git>
#			> =	refs/heads/baz:refs/heads/baz	[up to date]
#			> !	<COMMIT-B>:refs/heads/bar	[rejected] (atomic push failed)
#			> !	(delete):refs/heads/foo	[rejected] (atomic push failed)
#			> !	refs/heads/main:refs/heads/main	[rejected] (non-fast-forward)
#			> !	refs/heads/next:refs/heads/next	[rejected] (atomic push failed)
#			> Done
#			EOF
#			test_cmp expect actual &&
#	
#			git -C "$upstream" show-ref >out &&
#			make_user_friendly_and_stable_output <out >actual &&
#			cat >expect <<-EOF &&
#			<COMMIT-A> refs/heads/bar
#			<COMMIT-A> refs/heads/baz
#			<COMMIT-A> refs/heads/foo
#			<COMMIT-B> refs/heads/main
#			EOF
#			test_cmp expect actual
#		
not ok 18 - .. pre-receive hook declined (HTTP protocol)
#	
#			test_when_finished "rm -f \"$upstream/hooks/pre-receive\" &&
#				setup_upstream \"$upstream\"" &&
#			test_hook --setup -C "$upstream" pre-receive <<-EOF &&
#				exit 1
#			EOF
#			test_must_fail git -C workbench push --porcelain --force origin \
#				main \
#				:refs/heads/foo \
#				$B:bar \
#				baz \
#				next >out &&
#			make_user_friendly_and_stable_output <out >actual &&
#			format_and_save_expect <<-EOF &&
#			> To <URL/of/upstream.git>
#			> =	refs/heads/baz:refs/heads/baz	[up to date]
#			> !	<COMMIT-B>:refs/heads/bar	[remote rejected] (pre-receive hook declined)
#			> !	:refs/heads/foo	[remote rejected] (pre-receive hook declined)
#			> !	refs/heads/main:refs/heads/main	[remote rejected] (pre-receive hook declined)
#			> !	refs/heads/next:refs/heads/next	[remote rejected] (pre-receive hook declined)
#			> Done
#			EOF
#			test_cmp expect actual &&
#	
#			git -C "$upstream" show-ref >out &&
#			make_user_friendly_and_stable_output <out >actual &&
#			cat >expect <<-EOF &&
#			<COMMIT-A> refs/heads/bar
#			<COMMIT-A> refs/heads/baz
#			<COMMIT-A> refs/heads/foo
#			<COMMIT-B> refs/heads/main
#			EOF
#			test_cmp expect actual
#		
not ok 19 - .. non-fastforward push (HTTP protocol)
#	
#			test_when_finished "setup_upstream \"$upstream\"" &&
#			(
#				cd workbench &&
#				test_must_fail git push --porcelain origin \
#					main \
#					next
#			) >out &&
#			make_user_friendly_and_stable_output <out >actual &&
#			format_and_save_expect <<-EOF &&
#			> To <URL/of/upstream.git>
#			> *	refs/heads/next:refs/heads/next	[new branch]
#			> !	refs/heads/main:refs/heads/main	[rejected] (non-fast-forward)
#			> Done
#			EOF
#			test_cmp expect actual &&
#	
#			git -C "$upstream" show-ref >out &&
#			make_user_friendly_and_stable_output <out >actual &&
#			cat >expect <<-EOF &&
#			<COMMIT-A> refs/heads/bar
#			<COMMIT-A> refs/heads/baz
#			<COMMIT-A> refs/heads/foo
#			<COMMIT-B> refs/heads/main
#			<COMMIT-A> refs/heads/next
#			EOF
#			test_cmp expect actual
#		
not ok 20 - .. git push --porcelain --atomic --force (HTTP protocol)
#	
#			git -C workbench push --porcelain --atomic --force origin \
#				main \
#				:refs/heads/foo \
#				$B:bar \
#				baz \
#				next >out &&
#			make_user_friendly_and_stable_output <out >actual &&
#			format_and_save_expect <<-\EOF &&
#			> To <URL/of/upstream.git>
#			> =	refs/heads/baz:refs/heads/baz	[up to date]
#			>  	<COMMIT-B>:refs/heads/bar	<COMMIT-A>..<COMMIT-B>
#			> -	:refs/heads/foo	[deleted]
#			> +	refs/heads/main:refs/heads/main	<COMMIT-B>...<COMMIT-A> (forced update)
#			> *	refs/heads/next:refs/heads/next	[new branch]
#			> Done
#			EOF
#			test_cmp expect actual &&
#	
#			git -C "$upstream" show-ref >out &&
#			make_user_friendly_and_stable_output <out >actual &&
#			cat >expect <<-EOF &&
#			<COMMIT-B> refs/heads/bar
#			<COMMIT-A> refs/heads/baz
#			<COMMIT-A> refs/heads/main
#			<COMMIT-A> refs/heads/next
#			EOF
#			test_cmp expect actual
#		
ok 21 - setup upstream repository and workbench
not ok 22 - .. git-push --porcelain --dry-run (HTTP protocol)
#	
#			test_must_fail git -C workbench push --porcelain --dry-run origin \
#				main \
#				:refs/heads/foo \
#				$B:bar \
#				baz \
#				next >out &&
#			make_user_friendly_and_stable_output <out >actual &&
#			format_and_save_expect <<-EOF &&
#			> To <URL/of/upstream.git>
#			> =	refs/heads/baz:refs/heads/baz	[up to date]
#			>  	<COMMIT-B>:refs/heads/bar	<COMMIT-A>..<COMMIT-B>
#			> -	:refs/heads/foo	[deleted]
#			> *	refs/heads/next:refs/heads/next	[new branch]
#			> !	refs/heads/main:refs/heads/main	[rejected] (non-fast-forward)
#			> Done
#			EOF
#			test_cmp expect actual &&
#	
#			git -C "$upstream" show-ref >out &&
#			make_user_friendly_and_stable_output <out >actual &&
#			cat >expect <<-EOF &&
#			<COMMIT-A> refs/heads/bar
#			<COMMIT-A> refs/heads/baz
#			<COMMIT-A> refs/heads/foo
#			<COMMIT-B> refs/heads/main
#			EOF
#			test_cmp expect actual
#		
not ok 23 - .. git-push --porcelain --dry-run --force (HTTP protocol)
#	
#			git -C workbench push --porcelain --dry-run --force origin \
#				main \
#				:refs/heads/foo \
#				$B:bar \
#				baz \
#				next >out &&
#			make_user_friendly_and_stable_output <out >actual &&
#			format_and_save_expect <<-EOF &&
#			> To <URL/of/upstream.git>
#			> =	refs/heads/baz:refs/heads/baz	[up to date]
#			>  	<COMMIT-B>:refs/heads/bar	<COMMIT-A>..<COMMIT-B>
#			> -	:refs/heads/foo	[deleted]
#			> +	refs/heads/main:refs/heads/main	<COMMIT-B>...<COMMIT-A> (forced update)
#			> *	refs/heads/next:refs/heads/next	[new branch]
#			> Done
#			EOF
#			test_cmp expect actual &&
#	
#			git -C "$upstream" show-ref >out &&
#			make_user_friendly_and_stable_output <out >actual &&
#			cat >expect <<-EOF &&
#			<COMMIT-A> refs/heads/bar
#			<COMMIT-A> refs/heads/baz
#			<COMMIT-A> refs/heads/foo
#			<COMMIT-B> refs/heads/main
#			EOF
#			test_cmp expect actual
#		
not ok 24 - .. git-push --porcelain --dry-run --atomic (HTTP protocol)
#	
#			test_must_fail git -C workbench push --porcelain --dry-run --atomic origin \
#				main \
#				:refs/heads/foo \
#				$B:bar \
#				baz \
#				next >out &&
#			make_user_friendly_and_stable_output <out >actual &&
#			format_and_save_expect <<-EOF &&
#			> To <URL/of/upstream.git>
#			> =	refs/heads/baz:refs/heads/baz	[up to date]
#			> !	<COMMIT-B>:refs/heads/bar	[rejected] (atomic push failed)
#			> !	(delete):refs/heads/foo	[rejected] (atomic push failed)
#			> !	refs/heads/main:refs/heads/main	[rejected] (non-fast-forward)
#			> !	refs/heads/next:refs/heads/next	[rejected] (atomic push failed)
#			> Done
#			EOF
#			test_cmp expect actual &&
#	
#			git -C "$upstream" show-ref >out &&
#			make_user_friendly_and_stable_output <out >actual &&
#			cat >expect <<-EOF &&
#			<COMMIT-A> refs/heads/bar
#			<COMMIT-A> refs/heads/baz
#			<COMMIT-A> refs/heads/foo
#			<COMMIT-B> refs/heads/main
#			EOF
#			test_cmp expect actual
#		
not ok 25 - .. git-push --porcelain --dry-run --atomic --force (HTTP protocol)
#	
#			git -C workbench push --porcelain --dry-run --atomic --force origin \
#				main \
#				:refs/heads/foo \
#				$B:bar \
#				baz \
#				next >out &&
#			make_user_friendly_and_stable_output <out >actual &&
#			format_and_save_expect <<-EOF &&
#			> To <URL/of/upstream.git>
#			> =	refs/heads/baz:refs/heads/baz	[up to date]
#			>  	<COMMIT-B>:refs/heads/bar	<COMMIT-A>..<COMMIT-B>
#			> -	:refs/heads/foo	[deleted]
#			> +	refs/heads/main:refs/heads/main	<COMMIT-B>...<COMMIT-A> (forced update)
#			> *	refs/heads/next:refs/heads/next	[new branch]
#			> Done
#			EOF
#			test_cmp expect actual &&
#	
#			git -C "$upstream" show-ref >out &&
#			make_user_friendly_and_stable_output <out >actual &&
#			cat >expect <<-EOF &&
#			<COMMIT-A> refs/heads/bar
#			<COMMIT-A> refs/heads/baz
#			<COMMIT-A> refs/heads/foo
#			<COMMIT-B> refs/heads/main
#			EOF
#			test_cmp expect actual
#		
# failed 20 among 25 test(s)
1..25
# Tests: 25  Pass: 5  Fail: 20  Skip: 0
