ok 1 - setup bare parent fetch
ok 2 - setup commit on main and other fetch
ok 3 - fetch --set-upstream does not set upstream w/o branch
ok 4 - fetch --set-upstream upstream main sets branch main but not other
not ok 5 - fetch --set-upstream upstream other sets branch other
#	
#		clear_config main other &&
#		git fetch --set-upstream upstream other &&
#		check_config main upstream refs/heads/other &&
#		check_config_missing other
#	
not ok 6 - fetch --set-upstream main:other does not set the branch other2
#	
#		clear_config other2 &&
#		git fetch --set-upstream upstream main:other2 &&
#		check_config_missing other2
#	
not ok 7 - fetch --set-upstream ./does-not-exist fails with invalid url
#	
#		# main explicitly not cleared, we check that it is not touched from previous value
#		clear_config other other2 &&
#		test_must_fail git fetch --set-upstream ./does-not-exist &&
#		check_config main upstream refs/heads/other &&
#		check_config_missing other &&
#		check_config_missing other2
#	
not ok 8 - fetch --set-upstream with valid URL sets upstream to URL
#	
#		clear_config other other2 &&
#		url="file://$PWD" &&
#		git fetch --set-upstream "$url" &&
#		check_config main "$url" HEAD &&
#		check_config_missing other &&
#		check_config_missing other2
#	
not ok 9 - fetch --set-upstream with a detached HEAD
#	
#		git checkout HEAD^0 &&
#		test_when_finished "git checkout -" &&
#		cat >expect <<-\EOF &&
#		warning: could not set upstream of HEAD to 'main' from 'upstream' when it does not point to any branch.
#		EOF
#		git fetch --set-upstream upstream main 2>actual.raw &&
#		grep ^warning: actual.raw >actual &&
#		test_cmp expect actual
#	
ok 10 - setup bare parent pull
ok 11 - setup commit on main and other pull
not ok 12 - pull --set-upstream upstream main sets branch main but not other
#	
#		clear_config main other &&
#		git pull --no-rebase --set-upstream upstream main &&
#		check_config main upstream refs/heads/main &&
#		check_config_missing other
#	
not ok 13 - pull --set-upstream main:other2 does not set the branch other2
#	
#		clear_config other2 &&
#		git pull --no-rebase --set-upstream upstream main:other2 &&
#		check_config_missing other2
#	
not ok 14 - pull --set-upstream upstream other sets branch main
#	
#		clear_config main other &&
#		git pull --no-rebase --set-upstream upstream other &&
#		check_config main upstream refs/heads/other &&
#		check_config_missing other
#	
not ok 15 - pull --set-upstream upstream tag does not set the tag
#	
#		clear_config three &&
#		git pull --no-rebase --tags --set-upstream upstream three &&
#		check_config_missing three
#	
not ok 16 - pull --set-upstream ./does-not-exist fails with invalid url
#	
#		# main explicitly not cleared, we check that it is not touched from previous value
#		clear_config other other2 three &&
#		test_must_fail git pull --set-upstream ./does-not-exist &&
#		check_config main upstream refs/heads/other &&
#		check_config_missing other &&
#		check_config_missing other2 &&
#		check_config_missing three
#	
not ok 17 - pull --set-upstream upstream HEAD sets branch HEAD
#	
#		clear_config main other &&
#		git pull --no-rebase --set-upstream upstream HEAD &&
#		check_config main upstream HEAD &&
#		git checkout other &&
#		git pull --no-rebase --set-upstream upstream HEAD &&
#		check_config other upstream HEAD
#	
not ok 18 - pull --set-upstream upstream with more than one branch does nothing
#	
#		clear_config main three &&
#		git pull --no-rebase --set-upstream upstream main three &&
#		check_config_missing main &&
#		check_config_missing three
#	
not ok 19 - pull --set-upstream with valid URL sets upstream to URL
#	
#		clear_config main other other2 &&
#		git checkout main &&
#		url="file://$PWD" &&
#		git pull --set-upstream "$url" &&
#		check_config main "$url" HEAD &&
#		check_config_missing other &&
#		check_config_missing other2
#	
not ok 20 - pull --set-upstream with valid URL and branch sets branch
#	
#		clear_config main other other2 &&
#		git checkout main &&
#		url="file://$PWD" &&
#		git pull --set-upstream "$url" main &&
#		check_config main "$url" refs/heads/main &&
#		check_config_missing other &&
#		check_config_missing other2
#	
not ok 21 - pull --set-upstream with a detached HEAD
#	
#		git checkout HEAD^0 &&
#		test_when_finished "git checkout -" &&
#		cat >expect <<-\EOF &&
#		warning: could not set upstream of HEAD to 'main' from 'upstream' when it does not point to any branch.
#		EOF
#		git pull --no-rebase --set-upstream upstream main 2>actual.raw &&
#		grep ^warning: actual.raw >actual &&
#		test_cmp expect actual
#	
# failed 15 among 21 test(s)
1..21
# Tests: 21  Pass: 6  Fail: 15  Skip: 0
