ok 1 - git_pull: added submodule creates empty directory
ok 2 - git_pull: added submodule leaves existing empty directory alone
ok 3 - git_pull: replace tracked file with submodule creates empty directory
ok 4 - git_pull: replace directory with submodule
ok 5 - git_pull: removed submodule leaves submodule directory and its contents in place
ok 6 - git_pull: removed submodule leaves submodule containing a .git directory alone
ok 7 - git_pull: replace submodule with a directory must fail
ok 8 - git_pull: replace submodule containing a .git directory with a directory must fail
ok 9 - git_pull: replace submodule with a file must fail
ok 10 - git_pull: replace submodule containing a .git directory with a file must fail
ok 11 - git_pull: modified submodule does not update submodule work tree
ok 12 - git_pull: modified submodule does not update submodule work tree to invalid commit
ok 13 - git_pull: modified submodule does not update submodule work tree from invalid commit
ok 14 - git_pull: added submodule doesn't remove untracked unignored file with same name
ok 15 - git_pull_ff: added submodule creates empty directory
ok 16 - git_pull_ff: added submodule leaves existing empty directory alone
ok 17 - git_pull_ff: replace tracked file with submodule creates empty directory
ok 18 - git_pull_ff: replace directory with submodule
ok 19 - git_pull_ff: removed submodule leaves submodule directory and its contents in place
ok 20 - git_pull_ff: removed submodule leaves submodule containing a .git directory alone
ok 21 - git_pull_ff: replace submodule with a directory must fail
ok 22 - git_pull_ff: replace submodule containing a .git directory with a directory must fail
ok 23 - git_pull_ff: replace submodule with a file must fail
ok 24 - git_pull_ff: replace submodule containing a .git directory with a file must fail
ok 25 - git_pull_ff: modified submodule does not update submodule work tree
ok 26 - git_pull_ff: modified submodule does not update submodule work tree to invalid commit
ok 27 - git_pull_ff: modified submodule does not update submodule work tree from invalid commit
ok 28 - git_pull_ff: added submodule doesn't remove untracked unignored file with same name
ok 29 - git_pull_ff_only: added submodule creates empty directory
ok 30 - git_pull_ff_only: added submodule leaves existing empty directory alone
ok 31 - git_pull_ff_only: replace tracked file with submodule creates empty directory
ok 32 - git_pull_ff_only: replace directory with submodule
ok 33 - git_pull_ff_only: removed submodule leaves submodule directory and its contents in place
ok 34 - git_pull_ff_only: removed submodule leaves submodule containing a .git directory alone
ok 35 - git_pull_ff_only: replace submodule with a directory must fail
ok 36 - git_pull_ff_only: replace submodule containing a .git directory with a directory must fail
ok 37 - git_pull_ff_only: replace submodule with a file must fail
ok 38 - git_pull_ff_only: replace submodule containing a .git directory with a file must fail
ok 39 - git_pull_ff_only: modified submodule does not update submodule work tree
ok 40 - git_pull_ff_only: modified submodule does not update submodule work tree to invalid commit
ok 41 - git_pull_ff_only: modified submodule does not update submodule work tree from invalid commit
ok 42 - git_pull_ff_only: added submodule doesn't remove untracked unignored file with same name
ok 43 - git_pull_noff: added submodule creates empty directory
ok 44 - git_pull_noff: added submodule leaves existing empty directory alone
ok 45 - git_pull_noff: replace tracked file with submodule creates empty directory
ok 46 - git_pull_noff: replace directory with submodule
ok 47 - git_pull_noff: removed submodule leaves submodule directory and its contents in place
ok 48 - git_pull_noff: removed submodule leaves submodule containing a .git directory alone
ok 49 - git_pull_noff: replace submodule with a directory must fail
ok 50 - git_pull_noff: replace submodule containing a .git directory with a directory must fail
ok 51 - git_pull_noff: replace submodule with a file must fail
ok 52 - git_pull_noff: replace submodule containing a .git directory with a file must fail
ok 53 - git_pull_noff: modified submodule does not update submodule work tree
ok 54 - git_pull_noff: modified submodule does not update submodule work tree to invalid commit
ok 55 - git_pull_noff: modified submodule does not update submodule work tree from invalid commit
ok 56 - git_pull_noff: added submodule doesn't remove untracked unignored file with same name
ok 57 - setup
ok 58 - pull --recurse-submodule setup
ok 59 - recursive pull updates working tree
ok 60 - submodule.recurse option triggers recursive pull
ok 61 -  --[no-]recurse-submodule and submodule.recurse
not ok 62 - fetch.recurseSubmodules option triggers recursive fetch (but not recursive update)
#	
#		test_commit -C child merge_strategy_5 &&
#		# Omit the parent commit, otherwise this passes with the
#		# default "pull" behavior.
#	
#		git -C super -c fetch.recursesubmodules=true pull --no-rebase &&
#		# Check that the submodule commit was fetched
#		sub_oid=$(git -C child rev-parse HEAD) &&
#		git -C super/sub cat-file -e $sub_oid &&
#		# Check that the submodule worktree did not update
#		test_path_is_missing super/sub/merge_strategy_5.t
#	
not ok 63 - fetch.recurseSubmodules takes precedence over submodule.recurse
#	
#		test_commit -C child merge_strategy_6 &&
#		# Omit the parent commit, otherwise this passes with the
#		# default "pull" behavior.
#	
#		git -C super -c submodule.recurse=false -c fetch.recursesubmodules=true pull --no-rebase &&
#		# Check that the submodule commit was fetched
#		sub_oid=$(git -C child rev-parse HEAD) &&
#		git -C super/sub cat-file -e $sub_oid &&
#		# Check that the submodule worktree did not update
#		test_path_is_missing super/sub/merge_strategy_6.t
#	
ok 64 - pull --rebase --recurse-submodules (remote superproject submodule changes, local submodule changes)
ok 65 - pull --rebase --recurse-submodules fails if both sides record submodule changes
ok 66 - pull --rebase --recurse-submodules (no submodule changes, no fork-point)
not ok 67 - branch has no merge base with remote-tracking counterpart
#	
#		rm -rf parent child &&
#	
#		test_create_repo a-submodule &&
#		test_commit -C a-submodule foo &&
#		test_commit -C a-submodule bar &&
#	
#		test_create_repo parent &&
#		git -C parent submodule add "$(pwd)/a-submodule" &&
#		git -C parent commit -m foo &&
#	
#		git clone parent child &&
#	
#		# Reset the current branch so that it has no merge base with
#		# the remote-tracking branch.
#		OTHER=$(git -C child commit-tree -m bar \
#			$(git -C child rev-parse HEAD^{tree})) &&
#		git -C child reset --hard "$OTHER" &&
#	
#		git -C child pull --recurse-submodules --rebase
#	
not ok 68 - fetch submodule remote of different name from superproject
#	
#		git -C child remote rename origin o1 &&
#		git -C child submodule update --init &&
#	
#		# Needs to create unreachable commit from current master branch.
#		git -C a-submodule checkout -b newmain HEAD^ &&
#		test_commit -C a-submodule echo &&
#		test_commit -C a-submodule moreecho &&
#		subc=$(git -C a-submodule rev-parse --short HEAD) &&
#	
#		git -C parent/a-submodule fetch &&
#		git -C parent/a-submodule checkout "$subc" &&
#		git -C parent commit -m "update submodule" a-submodule &&
#		git -C a-submodule reset --hard HEAD^^ &&
#	
#		git -C child pull --no-recurse-submodules &&
#		git -C child submodule update &&
#		test_path_is_file child/a-submodule/moreecho.t
#	
not ok 69 - fetch non-origin submodule remote named different from superproject
#	
#		git -C child/a-submodule remote rename origin o2 &&
#	
#		# Create commit that is unreachable from current master branch
#		# newmain is already reset in the previous test
#		test_commit -C a-submodule echo_o2 &&
#		test_commit -C a-submodule moreecho_o2 &&
#		subc=$(git -C a-submodule rev-parse --short HEAD) &&
#	
#		git -C parent/a-submodule fetch &&
#		git -C parent/a-submodule checkout "$subc" &&
#		git -C parent commit -m "update submodule o2" a-submodule &&
#		git -C a-submodule reset --hard HEAD^^ &&
#	
#		git -C child pull --recurse-submodules &&
#		test_path_is_file child/a-submodule/moreecho_o2.t
#	
# failed 5 among 69 test(s)
1..69
# Tests: 69  Pass: 64  Fail: 5  Skip: 0
