ok 1 - setup
not ok 2 - "verify" needs a worktree
#	
#		git bundle create tip.bundle -1 main &&
#		nongit test_must_fail git bundle verify ../tip.bundle 2>err &&
#		test_grep "need a repository" err
#	
not ok 3 - annotated tags can be excluded by rev-list options
#	
#		git bundle create bundle --all --since=7.Apr.2005.15:14:00.-0700 &&
#		cat >expect <<-EOF &&
#		$(git rev-parse HEAD)	HEAD
#		$(git rev-parse tag)	refs/tags/tag
#		$(git rev-parse main)	refs/heads/main
#		EOF
#		git ls-remote bundle >actual &&
#		test_cmp expect actual &&
#	
#		git bundle create bundle --all --since=7.Apr.2005.15:16:00.-0700 &&
#		cat >expect <<-EOF &&
#		$(git rev-parse HEAD)	HEAD
#		$(git rev-parse main)	refs/heads/main
#		EOF
#		git ls-remote bundle >actual &&
#		test_cmp expect actual
#	
ok 4 - die if bundle file cannot be created
ok 5 - bundle --stdin
ok 6 - bundle --stdin <rev-list options>
ok 7 - empty bundle file is rejected
not ok 8 - ridiculously long subject in boundary
#	
#		>file4 &&
#		test_tick &&
#		git add file4 &&
#		printf "%01200d\n" 0 | git commit -F - &&
#		test_commit fifth &&
#		git bundle create long-subject-bundle.bdl HEAD^..HEAD &&
#		cat >expect <<-EOF &&
#		$(git rev-parse main) HEAD
#		EOF
#		git bundle list-heads long-subject-bundle.bdl >actual &&
#		test_cmp expect actual &&
#	
#		git fetch long-subject-bundle.bdl &&
#	
#		algo=$(test_oid algo) &&
#		if test "$algo" != sha1
#		then
#			echo "@object-format=sha256"
#		fi >expect &&
#		cat >>expect <<-EOF &&
#		-$(git log --pretty=format:"%H %s" -1 HEAD^)
#		$(git rev-parse HEAD) HEAD
#		EOF
#	
#		if test "$algo" = sha1
#		then
#			head -n 3 long-subject-bundle.bdl
#		else
#			head -n 4 long-subject-bundle.bdl
#		fi | grep -v "^#" >actual &&
#	
#		test_cmp expect actual
#	
ok 9 - prerequisites with an empty commit message
not ok 10 - failed bundle creation does not leave cruft
#	
#		# This fails because the bundle would be empty.
#		test_must_fail git bundle create fail.bundle main..main &&
#		test_path_is_missing fail.bundle.lock
#	
ok 11 - fetch SHA-1 from bundle
not ok 12 - clone bundle with different fsckObjects configurations
#	
#		test_create_repo bundle-fsck &&
#		(
#			cd bundle-fsck &&
#			test_commit A &&
#			commit_a=$(git rev-parse A) &&
#			tree_a=$(git rev-parse A^{tree}) &&
#			cat >data <<-EOF &&
#			tree $tree_a
#			parent $commit_a
#			author A U Thor
#			committer A U Thor
#	
#			commit: this is a commit with bad emails
#	
#			EOF
#			bad_commit=$(git hash-object --literally -t commit -w --stdin <data) &&
#			git branch bad $bad_commit &&
#			git bundle create bad.bundle bad
#		) &&
#	
#		git clone bundle-fsck/bad.bundle bundle-no-fsck &&
#	
#		git -c fetch.fsckObjects=false -c transfer.fsckObjects=true \
#			clone bundle-fsck/bad.bundle bundle-fetch-no-fsck &&
#	
#		test_must_fail git -c fetch.fsckObjects=true \
#			clone bundle-fsck/bad.bundle bundle-fetch-fsck 2>err &&
#		test_grep "missingEmail" err &&
#	
#		test_must_fail git -c transfer.fsckObjects=true \
#			clone bundle-fsck/bad.bundle bundle-transfer-fsck 2>err &&
#		test_grep "missingEmail" err &&
#	
#		git -c fetch.fsckObjects=true -c fetch.fsck.missingEmail=ignore \
#			clone bundle-fsck/bad.bundle bundle-fsck-ignore &&
#	
#		test_must_fail git -c fetch.fsckObjects=true -c fetch.fsck.missingEmail=error \
#			clone bundle-fsck/bad.bundle bundle-fsck-error 2>err &&
#		test_grep "missingEmail" err
#	
ok 13 - git bundle uses expected default format
ok 14 - git bundle v3 has expected contents
not ok 15 - git bundle v3 rejects unknown capabilities
#	
#		cat >new <<-EOF &&
#		# v3 git bundle
#		@object-format=$(test_oid algo)
#		@unknown=silly
#		EOF
#		test_must_fail git bundle verify new 2>output &&
#		test_grep "unknown capability .unknown=silly." output
#	
ok 16 - cloning bundle suppresses default branch name advice
# failed 6 among 16 test(s)
1..16
# Tests: 16  Pass: 10  Fail: 6  Skip: 0
