ok 1 - setup: create "template" repository
not ok 2 - setup: create bare "server" repository
#	
#		git clone --bare --no-local template server &&
#		mv server/objects/pack/pack-* . &&
#		packfile=$(ls pack-*.pack) &&
#		git -C server unpack-objects --strict <"$packfile"
#	
ok 3 - setup for testing promisor remote advertisement
not ok 4 - clone with promisor.advertise set to 'true'
#	
#		git -C server config promisor.advertise true &&
#		test_when_finished "rm -rf client" &&
#	
#		# Clone from server to create a client
#		GIT_NO_LAZY_FETCH=0 git clone -c remote.lop.promisor=true \
#			-c remote.lop.fetch="+refs/heads/*:refs/remotes/lop/*" \
#			-c remote.lop.url="file://$(pwd)/lop" \
#			-c promisor.acceptfromserver=All \
#			--no-local --filter="blob:limit=5k" server client &&
#	
#		# Check that the largest object is still missing on the server
#		check_missing_objects server 1 "$oid"
#	
ok 5 - clone with promisor.advertise set to 'false'
ok 6 - clone with promisor.acceptfromserver set to 'None'
not ok 7 - init + fetch with promisor.advertise set to 'true'
#	
#		git -C server config promisor.advertise true &&
#		test_when_finished "rm -rf client" &&
#	
#		mkdir client &&
#		git -C client init &&
#		git -C client config remote.lop.promisor true &&
#		git -C client config remote.lop.fetch "+refs/heads/*:refs/remotes/lop/*" &&
#		git -C client config remote.lop.url "file://$(pwd)/lop" &&
#		git -C client config remote.server.url "file://$(pwd)/server" &&
#		git -C client config remote.server.fetch "+refs/heads/*:refs/remotes/server/*" &&
#		git -C client config promisor.acceptfromserver All &&
#		GIT_NO_LAZY_FETCH=0 git -C client fetch --filter="blob:limit=5k" server &&
#	
#		# Check that the largest object is still missing on the server
#		check_missing_objects server 1 "$oid"
#	
not ok 8 - clone with promisor.acceptfromserver set to 'KnownName'
#	
#		git -C server config promisor.advertise true &&
#		test_when_finished "rm -rf client" &&
#	
#		# Clone from server to create a client
#		GIT_NO_LAZY_FETCH=0 git clone -c remote.lop.promisor=true \
#			-c remote.lop.fetch="+refs/heads/*:refs/remotes/lop/*" \
#			-c remote.lop.url="file://$(pwd)/lop" \
#			-c promisor.acceptfromserver=KnownName \
#			--no-local --filter="blob:limit=5k" server client &&
#	
#		# Check that the largest object is still missing on the server
#		check_missing_objects server 1 "$oid"
#	
ok 9 - clone with 'KnownName' and different remote names
not ok 10 - clone with 'KnownName' and missing URL in the config
#	
#		git -C server config promisor.advertise true &&
#		test_when_finished "rm -rf client" &&
#	
#		# Clone from server to create a client
#		# Lazy fetching by the client from the LOP will fail because of the
#		# missing URL in the client config, so the server will have to lazy
#		# fetch from the LOP.
#		GIT_NO_LAZY_FETCH=0 git clone -c remote.lop.promisor=true \
#			-c promisor.acceptfromserver=KnownName \
#			--no-local --filter="blob:limit=5k" server client &&
#	
#		# Check that the largest object is not missing on the server
#		check_missing_objects server 0 "" &&
#	
#		# Reinitialize server so that the largest object is missing again
#		initialize_server 1 "$oid"
#	
not ok 11 - clone with promisor.acceptfromserver set to 'KnownUrl'
#	
#		git -C server config promisor.advertise true &&
#		test_when_finished "rm -rf client" &&
#	
#		# Clone from server to create a client
#		GIT_NO_LAZY_FETCH=0 git clone -c remote.lop.promisor=true \
#			-c remote.lop.fetch="+refs/heads/*:refs/remotes/lop/*" \
#			-c remote.lop.url="file://$(pwd)/lop" \
#			-c promisor.acceptfromserver=KnownUrl \
#			--no-local --filter="blob:limit=5k" server client &&
#	
#		# Check that the largest object is still missing on the server
#		check_missing_objects server 1 "$oid"
#	
ok 12 - clone with 'KnownUrl' and different remote urls
ok 13 - clone with 'KnownUrl' and url not configured on the server
ok 14 - clone with 'KnownUrl' and empty url, so not advertised
not ok 15 - clone with promisor.sendFields
#	
#		git -C server config promisor.advertise true &&
#		test_when_finished "rm -rf client" &&
#	
#		git -C server remote add otherLop "https://invalid.invalid"  &&
#		git -C server config remote.otherLop.token "fooBar" &&
#		git -C server config remote.otherLop.stuff "baz" &&
#		git -C server config remote.otherLop.partialCloneFilter "blob:limit=10k" &&
#		test_when_finished "git -C server remote remove otherLop" &&
#		test_config -C server promisor.sendFields "partialCloneFilter, token" &&
#		test_when_finished "rm trace" &&
#	
#		# Clone from server to create a client
#		GIT_TRACE_PACKET="$(pwd)/trace" GIT_NO_LAZY_FETCH=0 git clone \
#			-c remote.lop.promisor=true \
#			-c remote.lop.fetch="+refs/heads/*:refs/remotes/lop/*" \
#			-c remote.lop.url="file://$(pwd)/lop" \
#			-c promisor.acceptfromserver=All \
#			--no-local --filter="blob:limit=5k" server client &&
#	
#		# Check that fields are properly transmitted
#		ENCODED_URL=$(echo "file://$(pwd)/lop" | sed -e "s/ /%20/g") &&
#		PR1="name=lop,url=$ENCODED_URL,partialCloneFilter=blob:none" &&
#		PR2="name=otherLop,url=https://invalid.invalid,partialCloneFilter=blob:limit=10k,token=fooBar" &&
#		test_grep "clone< promisor-remote=$PR1;$PR2" trace &&
#		test_grep "clone> promisor-remote=lop;otherLop" trace &&
#	
#		# Check that the largest object is still missing on the server
#		check_missing_objects server 1 "$oid"
#	
not ok 16 - clone with promisor.checkFields
#	
#		git -C server config promisor.advertise true &&
#		test_when_finished "rm -rf client" &&
#	
#		git -C server remote add otherLop "https://invalid.invalid"  &&
#		git -C server config remote.otherLop.token "fooBar" &&
#		git -C server config remote.otherLop.stuff "baz" &&
#		git -C server config remote.otherLop.partialCloneFilter "blob:limit=10k" &&
#		test_when_finished "git -C server remote remove otherLop" &&
#		test_config -C server promisor.sendFields "partialCloneFilter, token" &&
#		test_when_finished "rm trace" &&
#	
#		# Clone from server to create a client
#		GIT_TRACE_PACKET="$(pwd)/trace" GIT_NO_LAZY_FETCH=0 git clone \
#			-c remote.lop.promisor=true \
#			-c remote.lop.fetch="+refs/heads/*:refs/remotes/lop/*" \
#			-c remote.lop.url="file://$(pwd)/lop" \
#			-c remote.lop.partialCloneFilter="blob:none" \
#			-c promisor.acceptfromserver=All \
#			-c promisor.checkFields=partialcloneFilter \
#			--no-local --filter="blob:limit=5k" server client &&
#	
#		# Check that fields are properly transmitted
#		ENCODED_URL=$(echo "file://$(pwd)/lop" | sed -e "s/ /%20/g") &&
#		PR1="name=lop,url=$ENCODED_URL,partialCloneFilter=blob:none" &&
#		PR2="name=otherLop,url=https://invalid.invalid,partialCloneFilter=blob:limit=10k,token=fooBar" &&
#		test_grep "clone< promisor-remote=$PR1;$PR2" trace &&
#		test_grep "clone> promisor-remote=lop" trace &&
#		test_grep ! "clone> promisor-remote=lop;otherLop" trace &&
#	
#		# Check that the largest object is still missing on the server
#		check_missing_objects server 1 "$oid"
#	
not ok 17 - clone with promisor.storeFields=partialCloneFilter
#	
#		git -C server config promisor.advertise true &&
#		test_when_finished "rm -rf client" &&
#	
#		git -C server remote add otherLop "https://invalid.invalid"  &&
#		git -C server config remote.otherLop.token "fooBar" &&
#		git -C server config remote.otherLop.stuff "baz" &&
#		git -C server config remote.otherLop.partialCloneFilter "blob:limit=10k" &&
#		test_when_finished "git -C server remote remove otherLop" &&
#	
#		git -C server config remote.lop.token "fooXXX" &&
#		git -C server config remote.lop.partialCloneFilter "blob:limit=8k" &&
#	
#		test_config -C server promisor.sendFields "partialCloneFilter, token" &&
#		test_when_finished "rm trace" &&
#	
#		# Clone from server to create a client
#		GIT_TRACE_PACKET="$(pwd)/trace" GIT_NO_LAZY_FETCH=0 git clone \
#			-c remote.lop.promisor=true \
#			-c remote.lop.fetch="+refs/heads/*:refs/remotes/lop/*" \
#			-c remote.lop.url="file://$(pwd)/lop" \
#			-c remote.lop.token="fooYYY" \
#			-c remote.lop.partialCloneFilter="blob:none" \
#			-c promisor.acceptfromserver=All \
#			-c promisor.storeFields=partialcloneFilter \
#			--no-local --filter="blob:limit=5k" server client 2>err &&
#	
#		# Check that the filter from the server is stored
#		echo "blob:limit=8k" >expected &&
#		git -C client config remote.lop.partialCloneFilter >actual &&
#		test_cmp expected actual &&
#	
#		# Check that user is notified when the filter is stored
#		test_grep "Storing new filter from server for remote 'lop'" err &&
#		test_grep "'blob:none' -> 'blob:limit=8k'" err &&
#	
#		# Check that the token from the server is NOT stored
#		echo "fooYYY" >expected &&
#		git -C client config remote.lop.token >actual &&
#		test_cmp expected actual &&
#		test_grep ! "Storing new token from server" err &&
#	
#		# Check that the filter for an unknown remote is NOT stored
#		test_must_fail git -C client config remote.otherLop.partialCloneFilter >actual &&
#	
#		# Check that the largest object is still missing on the server
#		check_missing_objects server 1 "$oid" &&
#	
#		# Change the configuration on the server and fetch from the client
#		git -C server config remote.lop.partialCloneFilter "blob:limit=7k" &&
#		GIT_NO_LAZY_FETCH=0 git -C client fetch \
#			--filter="blob:limit=5k" ../server 2>err &&
#	
#		# Check that the fetch updated the configuration on the client
#		echo "blob:limit=7k" >expected &&
#		git -C client config remote.lop.partialCloneFilter >actual &&
#		test_cmp expected actual &&
#	
#		# Check that user is notified when the new filter is stored
#		test_grep "Storing new filter from server for remote 'lop'" err &&
#		test_grep "'blob:limit=8k' -> 'blob:limit=7k'" err
#	
not ok 18 - clone and fetch with --filter=auto
#	
#		git -C server config promisor.advertise true &&
#		test_when_finished "rm -rf client trace" &&
#	
#		git -C server config remote.lop.partialCloneFilter "blob:limit=9500" &&
#		test_config -C server promisor.sendFields "partialCloneFilter" &&
#	
#		GIT_TRACE_PACKET="$(pwd)/trace" GIT_NO_LAZY_FETCH=0 git clone \
#			-c remote.lop.promisor=true \
#			-c remote.lop.url="file://$(pwd)/lop" \
#			-c promisor.acceptfromserver=All \
#			--no-local --filter=auto server client 2>err &&
#	
#		test_grep "filter blob:limit=9500" trace &&
#		test_grep ! "filter auto" trace &&
#	
#		# Verify "auto" is persisted in config
#		echo auto >expected &&
#		git -C client config remote.origin.partialCloneFilter >actual &&
#		test_cmp expected actual &&
#	
#		# Check that the largest object is still missing on the server
#		check_missing_objects server 1 "$oid" &&
#	
#		# Now change the filter on the server
#		git -C server config remote.lop.partialCloneFilter "blob:limit=5678" &&
#	
#		# Get a new commit on the server to ensure "git fetch" actually runs fetch-pack
#		test_commit -C template new-commit &&
#		git -C template push --all "$(pwd)/server" &&
#	
#		# Perform a fetch WITH --filter=auto
#		rm -rf trace &&
#		GIT_TRACE_PACKET="$(pwd)/trace" git -C client fetch --filter=auto &&
#	
#		# Verify that the new filter was used
#		test_grep "filter blob:limit=5678" trace &&
#	
#		# Check that the largest object is still missing on the server
#		check_missing_objects server 1 "$oid" &&
#	
#		# Change the filter on the server again
#		git -C server config remote.lop.partialCloneFilter "blob:limit=5432" &&
#	
#		# Get yet a new commit on the server to ensure fetch-pack runs
#		test_commit -C template yet-a-new-commit &&
#		git -C template push --all "$(pwd)/server" &&
#	
#		# Perform a fetch WITHOUT --filter=auto
#		# Relies on "auto" being persisted in the client config
#		rm -rf trace &&
#		GIT_TRACE_PACKET="$(pwd)/trace" git -C client fetch &&
#	
#		# Verify that the new filter was used
#		test_grep "filter blob:limit=5432" trace &&
#	
#		# Check that the largest object is still missing on the server
#		check_missing_objects server 1 "$oid"
#	
not ok 19 - clone with promisor.advertise set to 'true' but don't delete the client
#	
#		git -C server config promisor.advertise true &&
#	
#		# Clone from server to create a client
#		GIT_NO_LAZY_FETCH=0 git clone -c remote.lop.promisor=true \
#			-c remote.lop.fetch="+refs/heads/*:refs/remotes/lop/*" \
#			-c remote.lop.url="file://$(pwd)/lop" \
#			-c promisor.acceptfromserver=All \
#			--no-local --filter="blob:limit=5k" server client &&
#	
#		# Check that the largest object is still missing on the server
#		check_missing_objects server 1 "$oid"
#	
ok 20 - setup for subsequent fetches
ok 21 - subsequent fetch from a client when promisor.advertise is true
not ok 22 - subsequent fetch from a client when promisor.advertise is false
#	
#		git -C server config promisor.advertise false &&
#	
#		GIT_NO_LAZY_FETCH=0 git -C client2 pull origin &&
#	
#		git -C client2 rev-parse HEAD >actual &&
#		test_cmp expected_head actual &&
#	
#		cat client2/bar >/dev/null &&
#	
#		check_missing_objects server 1 "$oid"
#	
# failed 12 among 22 test(s)
1..22
# Tests: 22  Pass: 10  Fail: 12  Skip: 0
