ok 1 - setup a bare and non-bare repository
not ok 2 - log and ls-files in a bare repository
#	
#		(
#			cd bare &&
#			test_must_fail git log -- .. >out 2>err &&
#			test_must_be_empty out &&
#			test_grep "outside repository" err &&
#	
#			test_must_fail git ls-files -- .. >out 2>err &&
#			test_must_be_empty out &&
#			test_grep "outside repository" err
#		)
#	
not ok 3 - log and ls-files in .git directory
#	
#		(
#			cd .git &&
#			test_must_fail git log -- .. >out 2>err &&
#			test_must_be_empty out &&
#			test_grep "outside repository" err &&
#	
#			test_must_fail git ls-files -- .. >out 2>err &&
#			test_must_be_empty out &&
#			test_grep "outside repository" err
#		)
#	
# failed 2 among 3 test(s)
1..3
# Tests: 3  Pass: 1  Fail: 2  Skip: 0
