ok 1 - setup
ok 2 - set up fuzz_conflict() helper
ok 3 - Merge after setting text=auto
ok 4 - Merge addition of text=auto eol=LF
ok 5 - Merge addition of text=auto eol=CRLF
not ok 6 - Detect CRLF/LF conflict after setting text=auto
#	
#		git config core.eol native &&
#		echo "<<<<<<<" >expected &&
#		echo first line >>expected &&
#		echo same line >>expected &&
#		echo ======= >>expected &&
#		echo first line | append_cr >>expected &&
#		echo same line | append_cr >>expected &&
#		echo ">>>>>>>" >>expected &&
#		git config merge.renormalize false &&
#		rm -f .gitattributes &&
#		git reset --hard a &&
#		test_must_fail git merge b &&
#		fuzz_conflict file >file.fuzzy &&
#		compare_files expected file.fuzzy
#	
not ok 7 - Detect LF/CRLF conflict from addition of text=auto
#	
#		echo "<<<<<<<" >expected &&
#		echo first line | append_cr >>expected &&
#		echo same line | append_cr >>expected &&
#		echo ======= >>expected &&
#		echo first line >>expected &&
#		echo same line >>expected &&
#		echo ">>>>>>>" >>expected &&
#		git config merge.renormalize false &&
#		rm -f .gitattributes &&
#		git reset --hard b &&
#		test_must_fail git merge a &&
#		fuzz_conflict file >file.fuzzy &&
#		compare_files expected file.fuzzy
#	
not ok 8 - checkout -m after setting text=auto
#	
#		cat <<-\EOF >expected &&
#		first line
#		same line
#		EOF
#	
#		git config merge.renormalize true &&
#		git rm -fr . &&
#		rm -f .gitattributes &&
#		git reset --hard initial &&
#		git restore --source=a -- . &&
#		git checkout -m b &&
#		git diff --no-index --ignore-cr-at-eol expected file
#	
not ok 9 - checkout -m addition of text=auto
#	
#		cat <<-\EOF >expected &&
#		first line
#		same line
#		EOF
#	
#		git config merge.renormalize true &&
#		git rm -fr . &&
#		rm -f .gitattributes file &&
#		git reset --hard initial &&
#		git restore --source=b -- . &&
#		git checkout -m a &&
#		git diff --no-index --ignore-cr-at-eol expected file
#	
ok 10 - Test delete/normalize conflict
ok 11 - rename/delete vs. renormalization
# failed 4 among 11 test(s)
1..11
# Tests: 11  Pass: 7  Fail: 4  Skip: 0
