ok 1 - setup: simple merge scenario
not ok 2 - merge with non-overlapping changes
#	
#		cd merge-opts &&
#		git checkout modify-A &&
#		git merge modify-B -m "merge B" &&
#		test_grep "A change" file1 &&
#		test_grep "B change" file2
#	
not ok 3 - merge --no-commit stages but does not commit
#	
#		cd merge-opts &&
#		git reset --hard modify-A &&
#		git merge --no-commit modify-B &&
#		# HEAD should still be at modify-A
#		test "$(git rev-parse HEAD)" = "$(git rev-parse modify-A)" &&
#		# but file2 should be merged
#		test_grep "B change" file2
#	
# failed 2 among 3 test(s)
1..3
# Tests: 3  Pass: 1  Fail: 2  Skip: 0
