ok 1 - setup
ok 2 - git clean -i (c: clean hotkey)
ok 3 - git clean -i (cl: clean prefix)
ok 4 - git clean -i (quit)
ok 5 - git clean -i (Ctrl+D)
ok 6 - git clean -id (filter all)
not ok 7 - git clean -id (filter patterns)
#	
#	
#		mkdir -p build docs &&
#		touch a.out src/part3.c src/part3.h src/part4.c src/part4.h \
#		docs/manual.txt obj.o build/lib.so &&
#		test_write_lines f "part3.* *.out" "" c |
#		git clean -id &&
#		test_path_is_file Makefile &&
#		test_path_is_file README &&
#		test_path_is_file src/part1.c &&
#		test_path_is_file src/part2.c &&
#		test_path_is_file a.out &&
#		test_path_is_missing docs/manual.txt &&
#		test_path_is_file src/part3.c &&
#		test_path_is_file src/part3.h &&
#		test_path_is_missing src/part4.c &&
#		test_path_is_missing src/part4.h &&
#		test_path_is_file obj.o &&
#		test_path_is_file build/lib.so
#	
#	
not ok 8 - git clean -id (filter patterns 2)
#	
#	
#		mkdir -p build docs &&
#		touch a.out src/part3.c src/part3.h src/part4.c src/part4.h \
#		docs/manual.txt obj.o build/lib.so &&
#		test_write_lines f "* !*.out" "" c |
#		git clean -id &&
#		test_path_is_file Makefile &&
#		test_path_is_file README &&
#		test_path_is_file src/part1.c &&
#		test_path_is_file src/part2.c &&
#		test_path_is_missing a.out &&
#		test_path_is_file docs/manual.txt &&
#		test_path_is_file src/part3.c &&
#		test_path_is_file src/part3.h &&
#		test_path_is_file src/part4.c &&
#		test_path_is_file src/part4.h &&
#		test_path_is_file obj.o &&
#		test_path_is_file build/lib.so
#	
#	
not ok 9 - git clean -id (select - all)
#	
#	
#		mkdir -p build docs &&
#		touch a.out src/part3.c src/part3.h src/part4.c src/part4.h \
#		docs/manual.txt obj.o build/lib.so &&
#		test_write_lines s "*" "" c |
#		git clean -id &&
#		test_path_is_file Makefile &&
#		test_path_is_file README &&
#		test_path_is_file src/part1.c &&
#		test_path_is_file src/part2.c &&
#		test_path_is_missing a.out &&
#		test_path_is_missing docs/manual.txt &&
#		test_path_is_missing src/part3.c &&
#		test_path_is_missing src/part3.h &&
#		test_path_is_missing src/part4.c &&
#		test_path_is_missing src/part4.h &&
#		test_path_is_file obj.o &&
#		test_path_is_file build/lib.so
#	
#	
ok 10 - git clean -id (select - none)
not ok 11 - git clean -id (select - number)
#	
#	
#		mkdir -p build docs &&
#		touch a.out src/part3.c src/part3.h src/part4.c src/part4.h \
#		docs/manual.txt obj.o build/lib.so &&
#		test_write_lines s 3 "" c |
#		git clean -id &&
#		test_path_is_file Makefile &&
#		test_path_is_file README &&
#		test_path_is_file src/part1.c &&
#		test_path_is_file src/part2.c &&
#		test_path_is_file a.out &&
#		test_path_is_file docs/manual.txt &&
#		test_path_is_missing src/part3.c &&
#		test_path_is_file src/part3.h &&
#		test_path_is_file src/part4.c &&
#		test_path_is_file src/part4.h &&
#		test_path_is_file obj.o &&
#		test_path_is_file build/lib.so
#	
#	
not ok 12 - git clean -id (select - number 2)
#	
#	
#		mkdir -p build docs &&
#		touch a.out src/part3.c src/part3.h src/part4.c src/part4.h \
#		docs/manual.txt obj.o build/lib.so &&
#		test_write_lines s "2 3" 5 "" c |
#		git clean -id &&
#		test_path_is_file Makefile &&
#		test_path_is_file README &&
#		test_path_is_file src/part1.c &&
#		test_path_is_file src/part2.c &&
#		test_path_is_file a.out &&
#		test_path_is_missing docs/manual.txt &&
#		test_path_is_missing src/part3.c &&
#		test_path_is_file src/part3.h &&
#		test_path_is_missing src/part4.c &&
#		test_path_is_file src/part4.h &&
#		test_path_is_file obj.o &&
#		test_path_is_file build/lib.so
#	
#	
not ok 13 - git clean -id (select - number 3)
#	
#	
#		mkdir -p build docs &&
#		touch a.out src/part3.c src/part3.h src/part4.c src/part4.h \
#		docs/manual.txt obj.o build/lib.so &&
#		test_write_lines s "3,4 5" "" c |
#		git clean -id &&
#		test_path_is_file Makefile &&
#		test_path_is_file README &&
#		test_path_is_file src/part1.c &&
#		test_path_is_file src/part2.c &&
#		test_path_is_file a.out &&
#		test_path_is_file docs/manual.txt &&
#		test_path_is_missing src/part3.c &&
#		test_path_is_missing src/part3.h &&
#		test_path_is_missing src/part4.c &&
#		test_path_is_file src/part4.h &&
#		test_path_is_file obj.o &&
#		test_path_is_file build/lib.so
#	
#	
not ok 14 - git clean -id (select - filenames)
#	
#	
#		mkdir -p build docs &&
#		touch a.out foo.txt bar.txt baz.txt &&
#		test_write_lines s "a.out fo ba bar" "" c |
#		git clean -id &&
#		test_path_is_file Makefile &&
#		test_path_is_missing a.out &&
#		test_path_is_missing foo.txt &&
#		test_path_is_missing bar.txt &&
#		test_path_is_file baz.txt &&
#		rm baz.txt
#	
#	
not ok 15 - git clean -id (select - range)
#	
#	
#		mkdir -p build docs &&
#		touch a.out src/part3.c src/part3.h src/part4.c src/part4.h \
#		docs/manual.txt obj.o build/lib.so &&
#		test_write_lines s "1,3-4" 2 "" c |
#		git clean -id &&
#		test_path_is_file Makefile &&
#		test_path_is_file README &&
#		test_path_is_file src/part1.c &&
#		test_path_is_file src/part2.c &&
#		test_path_is_missing a.out &&
#		test_path_is_missing src/part3.c &&
#		test_path_is_missing src/part3.h &&
#		test_path_is_file src/part4.c &&
#		test_path_is_file src/part4.h &&
#		test_path_is_missing docs/manual.txt &&
#		test_path_is_file obj.o &&
#		test_path_is_file build/lib.so
#	
#	
not ok 16 - git clean -id (select - range 2)
#	
#	
#		mkdir -p build docs &&
#		touch a.out src/part3.c src/part3.h src/part4.c src/part4.h \
#		docs/manual.txt obj.o build/lib.so &&
#		test_write_lines s "4- 1" "" c |
#		git clean -id &&
#		test_path_is_file Makefile &&
#		test_path_is_file README &&
#		test_path_is_file src/part1.c &&
#		test_path_is_file src/part2.c &&
#		test_path_is_missing a.out &&
#		test_path_is_file docs/manual.txt &&
#		test_path_is_file src/part3.c &&
#		test_path_is_missing src/part3.h &&
#		test_path_is_missing src/part4.c &&
#		test_path_is_missing src/part4.h &&
#		test_path_is_file obj.o &&
#		test_path_is_file build/lib.so
#	
#	
not ok 17 - git clean -id (inverse select)
#	
#	
#		mkdir -p build docs &&
#		touch a.out src/part3.c src/part3.h src/part4.c src/part4.h \
#		docs/manual.txt obj.o build/lib.so &&
#		test_write_lines s "*" "-5- 1 -2" "" c |
#		git clean -id &&
#		test_path_is_file Makefile &&
#		test_path_is_file README &&
#		test_path_is_file src/part1.c &&
#		test_path_is_file src/part2.c &&
#		test_path_is_missing a.out &&
#		test_path_is_file docs/manual.txt &&
#		test_path_is_missing src/part3.c &&
#		test_path_is_missing src/part3.h &&
#		test_path_is_file src/part4.c &&
#		test_path_is_file src/part4.h &&
#		test_path_is_file obj.o &&
#		test_path_is_file build/lib.so
#	
#	
not ok 18 - git clean -id (ask)
#	
#	
#		mkdir -p build docs &&
#		touch a.out src/part3.c src/part3.h src/part4.c src/part4.h \
#		docs/manual.txt obj.o build/lib.so &&
#		test_write_lines a Y y no yes bad "" |
#		git clean -id &&
#		test_path_is_file Makefile &&
#		test_path_is_file README &&
#		test_path_is_file src/part1.c &&
#		test_path_is_file src/part2.c &&
#		test_path_is_missing a.out &&
#		test_path_is_missing docs/manual.txt &&
#		test_path_is_file src/part3.c &&
#		test_path_is_missing src/part3.h &&
#		test_path_is_file src/part4.c &&
#		test_path_is_file src/part4.h &&
#		test_path_is_file obj.o &&
#		test_path_is_file build/lib.so
#	
#	
not ok 19 - git clean -id (ask - Ctrl+D)
#	
#	
#		mkdir -p build docs &&
#		touch a.out src/part3.c src/part3.h src/part4.c src/part4.h \
#		docs/manual.txt obj.o build/lib.so &&
#		test_write_lines a Y no yes "\04" |
#		git clean -id &&
#		test_path_is_file Makefile &&
#		test_path_is_file README &&
#		test_path_is_file src/part1.c &&
#		test_path_is_file src/part2.c &&
#		test_path_is_missing a.out &&
#		test_path_is_file docs/manual.txt &&
#		test_path_is_missing src/part3.c &&
#		test_path_is_file src/part3.h &&
#		test_path_is_file src/part4.c &&
#		test_path_is_file src/part4.h &&
#		test_path_is_file obj.o &&
#		test_path_is_file build/lib.so
#	
#	
not ok 20 - git clean -id with prefix and path (filter)
#	
#	
#		mkdir -p build docs &&
#		touch a.out src/part3.c src/part3.h src/part4.c src/part4.h \
#		docs/manual.txt obj.o build/lib.so &&
#		(cd build/ &&
#		 test_write_lines f docs "*.h" "" c |
#		 git clean -id ..) &&
#		test_path_is_file Makefile &&
#		test_path_is_file README &&
#		test_path_is_file src/part1.c &&
#		test_path_is_file src/part2.c &&
#		test_path_is_missing a.out &&
#		test_path_is_file docs/manual.txt &&
#		test_path_is_missing src/part3.c &&
#		test_path_is_file src/part3.h &&
#		test_path_is_missing src/part4.c &&
#		test_path_is_file src/part4.h &&
#		test_path_is_file obj.o &&
#		test_path_is_file build/lib.so
#	
#	
not ok 21 - git clean -id with prefix and path (select by name)
#	
#	
#		mkdir -p build docs &&
#		touch a.out src/part3.c src/part3.h src/part4.c src/part4.h \
#		docs/manual.txt obj.o build/lib.so &&
#		(cd build/ &&
#		 test_write_lines s ../docs/ ../src/part3.c ../src/part4.c "" c |
#		 git clean -id ..) &&
#		test_path_is_file Makefile &&
#		test_path_is_file README &&
#		test_path_is_file src/part1.c &&
#		test_path_is_file src/part2.c &&
#		test_path_is_file a.out &&
#		test_path_is_missing docs/manual.txt &&
#		test_path_is_missing src/part3.c &&
#		test_path_is_file src/part3.h &&
#		test_path_is_missing src/part4.c &&
#		test_path_is_file src/part4.h &&
#		test_path_is_file obj.o &&
#		test_path_is_file build/lib.so
#	
#	
not ok 22 - git clean -id with prefix and path (ask)
#	
#	
#		mkdir -p build docs &&
#		touch a.out src/part3.c src/part3.h src/part4.c src/part4.h \
#		docs/manual.txt obj.o build/lib.so &&
#		(cd build/ &&
#		 test_write_lines a Y y no yes bad "" |
#		 git clean -id ..) &&
#		test_path_is_file Makefile &&
#		test_path_is_file README &&
#		test_path_is_file src/part1.c &&
#		test_path_is_file src/part2.c &&
#		test_path_is_missing a.out &&
#		test_path_is_missing docs/manual.txt &&
#		test_path_is_file src/part3.c &&
#		test_path_is_missing src/part3.h &&
#		test_path_is_file src/part4.c &&
#		test_path_is_file src/part4.h &&
#		test_path_is_file obj.o &&
#		test_path_is_file build/lib.so
#	
#	
ok 23 # skip git clean -i paints the header in HEADER color (missing TTY)
# failed 15 among 23 test(s)
1..23
# Tests: 23  Pass: 8  Fail: 15  Skip: 1
