ok 1 - -C option copies authorship and message
ok 2 - -C option copies only the message with --reset-author
not ok 3 - -c option copies authorship and message
#	
#		echo "Test 3" >>foo &&
#		test_tick &&
#		EDITOR=: VISUAL=: git commit -a -c Initial &&
#		author_header Initial >expect &&
#		author_header HEAD >actual &&
#		test_cmp expect actual
#	
not ok 4 - -c option copies only the message with --reset-author
#	
#		echo "Test 4" >>foo &&
#		test_tick &&
#		EDITOR=: VISUAL=: git commit -a -c Initial --reset-author &&
#		echo "author $GIT_AUTHOR_NAME <$GIT_AUTHOR_EMAIL> $GIT_AUTHOR_DATE" >expect &&
#		author_header HEAD >actual &&
#		test_cmp expect actual &&
#	
#		message_body Initial >expect &&
#		message_body HEAD >actual &&
#		test_cmp expect actual
#	
not ok 5 - --amend option copies authorship
#	
#		git checkout Initial &&
#		echo "Test 5" >>foo &&
#		test_tick &&
#		git commit -a --amend -m "amend test" &&
#		author_header Initial >expect &&
#		author_header HEAD >actual &&
#		test_cmp expect actual &&
#	
#		echo "amend test" >expect &&
#		message_body HEAD >actual &&
#		test_cmp expect actual
#	
not ok 6 - --amend option with empty author
#	
#		git cat-file commit Initial >tmp &&
#		sed "s/author [^<]* </author  </" tmp >empty-author &&
#		sha=$(git hash-object -t commit -w empty-author) &&
#		test_when_finished "remove_object $sha" &&
#		git checkout $sha &&
#		test_when_finished "git checkout Initial" &&
#		echo "Empty author test" >>foo &&
#		test_tick &&
#		test_must_fail git commit -a -m "empty author" --amend 2>err &&
#		test_grep "empty ident" err
#	
not ok 7 - --amend option with missing author
#	
#		git cat-file commit Initial >tmp &&
#		sed "s/author [^<]* </author </" tmp >malformed &&
#		sha=$(git hash-object --literally -t commit -w malformed) &&
#		test_when_finished "remove_object $sha" &&
#		git checkout $sha &&
#		test_when_finished "git checkout Initial" &&
#		echo "Missing author test" >>foo &&
#		test_tick &&
#		test_must_fail git commit -a -m "malformed author" --amend 2>err &&
#		test_grep "empty ident" err
#	
not ok 8 - --reset-author makes the commit ours even with --amend option
#	
#		git checkout Initial &&
#		echo "Test 6" >>foo &&
#		test_tick &&
#		git commit -a --reset-author -m "Changed again" --amend &&
#		echo "author $GIT_AUTHOR_NAME <$GIT_AUTHOR_EMAIL> $GIT_AUTHOR_DATE" >expect &&
#		author_header HEAD >actual &&
#		test_cmp expect actual &&
#	
#		echo "Changed again" >expect &&
#		message_body HEAD >actual &&
#		test_cmp expect actual
#	
not ok 9 - --reset-author and --author are mutually exclusive
#	
#		git checkout Initial &&
#		echo "Test 7" >>foo &&
#		test_tick &&
#		test_must_fail git commit -a --reset-author --author="Xyzzy <frotz@nitfol.xz>"
#	
not ok 10 - --reset-author should be rejected without -c/-C/--amend
#	
#		git checkout Initial &&
#		echo "Test 7" >>foo &&
#		test_tick &&
#		test_must_fail git commit -a --reset-author -m done
#	
ok 11 - commit respects CHERRY_PICK_HEAD and MERGE_MSG
ok 12 - --reset-author with CHERRY_PICK_HEAD
# failed 8 among 12 test(s)
1..12
# Tests: 12  Pass: 4  Fail: 8  Skip: 0
