ok 1 - prepare for conflicts
ok 2 - status when conflicts unresolved
ok 3 - status when conflicts resolved before commit
ok 4 - prepare for rebase conflicts
not ok 5 - status when rebase --apply in progress before resolving conflicts
#	
#		test_when_finished "git rebase --abort" &&
#		ONTO=$(git rev-parse --short HEAD^^) &&
#		test_must_fail git rebase --apply HEAD^ --onto HEAD^^ &&
#		cat >expected <<EOF &&
#	rebase in progress; onto $ONTO
#	You are currently rebasing branch 'rebase_conflicts' on '$ONTO'.
#	  (fix conflicts and then run "git rebase --continue")
#	  (use "git rebase --skip" to skip this patch)
#	  (use "git rebase --abort" to check out the original branch)
#	
#	Unmerged paths:
#	  (use "git restore --staged <file>..." to unstage)
#	  (use "git add <file>..." to mark resolution)
#		both modified:   main.txt
#	
#	no changes added to commit (use "git add" and/or "git commit -a")
#	EOF
#		git status --untracked-files=no >actual &&
#		test_cmp expected actual
#	
not ok 6 - status when rebase --apply in progress before rebase --continue
#	
#		git reset --hard rebase_conflicts &&
#		test_when_finished "git rebase --abort" &&
#		ONTO=$(git rev-parse --short HEAD^^) &&
#		test_must_fail git rebase --apply HEAD^ --onto HEAD^^ &&
#		echo three >main.txt &&
#		git add main.txt &&
#		cat >expected <<EOF &&
#	rebase in progress; onto $ONTO
#	You are currently rebasing branch 'rebase_conflicts' on '$ONTO'.
#	  (all conflicts fixed: run "git rebase --continue")
#	
#	Changes to be committed:
#	  (use "git restore --staged <file>..." to unstage)
#		modified:   main.txt
#	
#	Untracked files not listed (use -u option to show untracked files)
#	EOF
#		git status --untracked-files=no >actual &&
#		test_cmp expected actual
#	
ok 7 - prepare for rebase_i_conflicts
ok 8 - status during rebase -i when conflicts unresolved
ok 9 - status during rebase -i after resolving conflicts
not ok 10 - status when rebasing -i in edit mode
#	
#		git reset --hard main &&
#		git checkout -b rebase_i_edit &&
#		test_commit one_rebase_i main.txt one &&
#		test_commit two_rebase_i main.txt two &&
#		COMMIT2=$(git rev-parse --short rebase_i_edit) &&
#		test_commit three_rebase_i main.txt three &&
#		COMMIT3=$(git rev-parse --short rebase_i_edit) &&
#		FAKE_LINES="1 edit 2" &&
#		export FAKE_LINES &&
#		test_when_finished "git rebase --abort" &&
#		ONTO=$(git rev-parse --short HEAD~2) &&
#		git rebase -i HEAD~2 &&
#		cat >expected <<EOF &&
#	interactive rebase in progress; onto $ONTO
#	Last commands done (2 commands done):
#	   pick $COMMIT2 # two_rebase_i
#	   edit $COMMIT3 # three_rebase_i
#	No commands remaining.
#	You are currently editing a commit while rebasing branch 'rebase_i_edit' on '$ONTO'.
#	  (use "git commit --amend" to amend the current commit)
#	  (use "git rebase --continue" once you are satisfied with your changes)
#	
#	nothing to commit (use -u to show untracked files)
#	EOF
#		git status --untracked-files=no >actual &&
#		test_cmp expected actual
#	
not ok 11 - status when splitting a commit
#	
#		git reset --hard main &&
#		git checkout -b split_commit &&
#		test_commit one_split main.txt one &&
#		test_commit two_split main.txt two &&
#		COMMIT2=$(git rev-parse --short split_commit) &&
#		test_commit three_split main.txt three &&
#		COMMIT3=$(git rev-parse --short split_commit) &&
#		test_commit four_split main.txt four &&
#		COMMIT4=$(git rev-parse --short split_commit) &&
#		FAKE_LINES="1 edit 2 3" &&
#		export FAKE_LINES &&
#		test_when_finished "git rebase --abort" &&
#		ONTO=$(git rev-parse --short HEAD~3) &&
#		git rebase -i HEAD~3 &&
#		git reset HEAD^ &&
#		cat >expected <<EOF &&
#	interactive rebase in progress; onto $ONTO
#	Last commands done (2 commands done):
#	   pick $COMMIT2 # two_split
#	   edit $COMMIT3 # three_split
#	Next command to do (1 remaining command):
#	   pick $COMMIT4 # four_split
#	  (use "git rebase --edit-todo" to view and edit)
#	You are currently splitting a commit while rebasing branch 'split_commit' on '$ONTO'.
#	  (Once your working directory is clean, run "git rebase --continue")
#	
#	Changes not staged for commit:
#	  (use "git add <file>..." to update what will be committed)
#	  (use "git restore <file>..." to discard changes in working directory)
#		modified:   main.txt
#	
#	no changes added to commit (use "git add" and/or "git commit -a")
#	EOF
#		git status --untracked-files=no >actual &&
#		test_cmp expected actual
#	
not ok 12 - status after editing the last commit with --amend during a rebase -i
#	
#		git reset --hard main &&
#		git checkout -b amend_last &&
#		test_commit one_amend main.txt one &&
#		test_commit two_amend main.txt two &&
#		test_commit three_amend main.txt three &&
#		COMMIT3=$(git rev-parse --short amend_last) &&
#		test_commit four_amend main.txt four &&
#		COMMIT4=$(git rev-parse --short amend_last) &&
#		FAKE_LINES="1 2 edit 3" &&
#		export FAKE_LINES &&
#		test_when_finished "git rebase --abort" &&
#		ONTO=$(git rev-parse --short HEAD~3) &&
#		git rebase -i HEAD~3 &&
#		git commit --amend -m "foo" &&
#		cat >expected <<EOF &&
#	interactive rebase in progress; onto $ONTO
#	Last commands done (3 commands done):
#	   pick $COMMIT3 # three_amend
#	   edit $COMMIT4 # four_amend
#	  (see more in file .git/rebase-merge/done)
#	No commands remaining.
#	You are currently editing a commit while rebasing branch 'amend_last' on '$ONTO'.
#	  (use "git commit --amend" to amend the current commit)
#	  (use "git rebase --continue" once you are satisfied with your changes)
#	
#	nothing to commit (use -u to show untracked files)
#	EOF
#		git status --untracked-files=no >actual &&
#		test_cmp expected actual
#	
ok 13 - prepare for several edits
not ok 14 - status: (continue first edit) second edit
#	
#		FAKE_LINES="edit 1 edit 2 3" &&
#		export FAKE_LINES &&
#		test_when_finished "git rebase --abort" &&
#		COMMIT2=$(git rev-parse --short several_edits^^) &&
#		COMMIT3=$(git rev-parse --short several_edits^) &&
#		COMMIT4=$(git rev-parse --short several_edits) &&
#		ONTO=$(git rev-parse --short HEAD~3) &&
#		git rebase -i HEAD~3 &&
#		git rebase --continue &&
#		cat >expected <<EOF &&
#	interactive rebase in progress; onto $ONTO
#	Last commands done (2 commands done):
#	   edit $COMMIT2 # two_edits
#	   edit $COMMIT3 # three_edits
#	Next command to do (1 remaining command):
#	   pick $COMMIT4 # four_edits
#	  (use "git rebase --edit-todo" to view and edit)
#	You are currently editing a commit while rebasing branch 'several_edits' on '$ONTO'.
#	  (use "git commit --amend" to amend the current commit)
#	  (use "git rebase --continue" once you are satisfied with your changes)
#	
#	nothing to commit (use -u to show untracked files)
#	EOF
#		git status --untracked-files=no >actual &&
#		test_cmp expected actual
#	
not ok 15 - status: (continue first edit) second edit and split
#	
#		git reset --hard several_edits &&
#		FAKE_LINES="edit 1 edit 2 3" &&
#		export FAKE_LINES &&
#		test_when_finished "git rebase --abort" &&
#		COMMIT2=$(git rev-parse --short several_edits^^) &&
#		COMMIT3=$(git rev-parse --short several_edits^) &&
#		COMMIT4=$(git rev-parse --short several_edits) &&
#		ONTO=$(git rev-parse --short HEAD~3) &&
#		git rebase -i HEAD~3 &&
#		git rebase --continue &&
#		git reset HEAD^ &&
#		cat >expected <<EOF &&
#	interactive rebase in progress; onto $ONTO
#	Last commands done (2 commands done):
#	   edit $COMMIT2 # two_edits
#	   edit $COMMIT3 # three_edits
#	Next command to do (1 remaining command):
#	   pick $COMMIT4 # four_edits
#	  (use "git rebase --edit-todo" to view and edit)
#	You are currently splitting a commit while rebasing branch 'several_edits' on '$ONTO'.
#	  (Once your working directory is clean, run "git rebase --continue")
#	
#	Changes not staged for commit:
#	  (use "git add <file>..." to update what will be committed)
#	  (use "git restore <file>..." to discard changes in working directory)
#		modified:   main.txt
#	
#	no changes added to commit (use "git add" and/or "git commit -a")
#	EOF
#		git status --untracked-files=no >actual &&
#		test_cmp expected actual
#	
not ok 16 - status: (continue first edit) second edit and amend
#	
#		git reset --hard several_edits &&
#		FAKE_LINES="edit 1 edit 2 3" &&
#		export FAKE_LINES &&
#		test_when_finished "git rebase --abort" &&
#		COMMIT2=$(git rev-parse --short several_edits^^) &&
#		COMMIT3=$(git rev-parse --short several_edits^) &&
#		COMMIT4=$(git rev-parse --short several_edits) &&
#		ONTO=$(git rev-parse --short HEAD~3) &&
#		git rebase -i HEAD~3 &&
#		git rebase --continue &&
#		git commit --amend -m "foo" &&
#		cat >expected <<EOF &&
#	interactive rebase in progress; onto $ONTO
#	Last commands done (2 commands done):
#	   edit $COMMIT2 # two_edits
#	   edit $COMMIT3 # three_edits
#	Next command to do (1 remaining command):
#	   pick $COMMIT4 # four_edits
#	  (use "git rebase --edit-todo" to view and edit)
#	You are currently editing a commit while rebasing branch 'several_edits' on '$ONTO'.
#	  (use "git commit --amend" to amend the current commit)
#	  (use "git rebase --continue" once you are satisfied with your changes)
#	
#	nothing to commit (use -u to show untracked files)
#	EOF
#		git status --untracked-files=no >actual &&
#		test_cmp expected actual
#	
not ok 17 - status: (amend first edit) second edit
#	
#		git reset --hard several_edits &&
#		FAKE_LINES="edit 1 edit 2 3" &&
#		export FAKE_LINES &&
#		test_when_finished "git rebase --abort" &&
#		COMMIT2=$(git rev-parse --short several_edits^^) &&
#		COMMIT3=$(git rev-parse --short several_edits^) &&
#		COMMIT4=$(git rev-parse --short several_edits) &&
#		ONTO=$(git rev-parse --short HEAD~3) &&
#		git rebase -i HEAD~3 &&
#		git commit --amend -m "a" &&
#		git rebase --continue &&
#		cat >expected <<EOF &&
#	interactive rebase in progress; onto $ONTO
#	Last commands done (2 commands done):
#	   edit $COMMIT2 # two_edits
#	   edit $COMMIT3 # three_edits
#	Next command to do (1 remaining command):
#	   pick $COMMIT4 # four_edits
#	  (use "git rebase --edit-todo" to view and edit)
#	You are currently editing a commit while rebasing branch 'several_edits' on '$ONTO'.
#	  (use "git commit --amend" to amend the current commit)
#	  (use "git rebase --continue" once you are satisfied with your changes)
#	
#	nothing to commit (use -u to show untracked files)
#	EOF
#		git status --untracked-files=no >actual &&
#		test_cmp expected actual
#	
not ok 18 - status: (amend first edit) second edit and split
#	
#		git reset --hard several_edits &&
#		FAKE_LINES="edit 1 edit 2 3" &&
#		export FAKE_LINES &&
#		test_when_finished "git rebase --abort" &&
#		ONTO=$(git rev-parse --short HEAD~3) &&
#		COMMIT2=$(git rev-parse --short several_edits^^) &&
#		COMMIT3=$(git rev-parse --short several_edits^) &&
#		COMMIT4=$(git rev-parse --short several_edits) &&
#		git rebase -i HEAD~3 &&
#		git commit --amend -m "b" &&
#		git rebase --continue &&
#		git reset HEAD^ &&
#		cat >expected <<EOF &&
#	interactive rebase in progress; onto $ONTO
#	Last commands done (2 commands done):
#	   edit $COMMIT2 # two_edits
#	   edit $COMMIT3 # three_edits
#	Next command to do (1 remaining command):
#	   pick $COMMIT4 # four_edits
#	  (use "git rebase --edit-todo" to view and edit)
#	You are currently splitting a commit while rebasing branch 'several_edits' on '$ONTO'.
#	  (Once your working directory is clean, run "git rebase --continue")
#	
#	Changes not staged for commit:
#	  (use "git add <file>..." to update what will be committed)
#	  (use "git restore <file>..." to discard changes in working directory)
#		modified:   main.txt
#	
#	no changes added to commit (use "git add" and/or "git commit -a")
#	EOF
#		git status --untracked-files=no >actual &&
#		test_cmp expected actual
#	
not ok 19 - status: (amend first edit) second edit and amend
#	
#		git reset --hard several_edits &&
#		FAKE_LINES="edit 1 edit 2 3" &&
#		export FAKE_LINES &&
#		test_when_finished "git rebase --abort" &&
#		COMMIT2=$(git rev-parse --short several_edits^^) &&
#		COMMIT3=$(git rev-parse --short several_edits^) &&
#		COMMIT4=$(git rev-parse --short several_edits) &&
#		ONTO=$(git rev-parse --short HEAD~3) &&
#		git rebase -i HEAD~3 &&
#		git commit --amend -m "c" &&
#		git rebase --continue &&
#		git commit --amend -m "d" &&
#		cat >expected <<EOF &&
#	interactive rebase in progress; onto $ONTO
#	Last commands done (2 commands done):
#	   edit $COMMIT2 # two_edits
#	   edit $COMMIT3 # three_edits
#	Next command to do (1 remaining command):
#	   pick $COMMIT4 # four_edits
#	  (use "git rebase --edit-todo" to view and edit)
#	You are currently editing a commit while rebasing branch 'several_edits' on '$ONTO'.
#	  (use "git commit --amend" to amend the current commit)
#	  (use "git rebase --continue" once you are satisfied with your changes)
#	
#	nothing to commit (use -u to show untracked files)
#	EOF
#		git status --untracked-files=no >actual &&
#		test_cmp expected actual
#	
not ok 20 - status: (split first edit) second edit
#	
#		git reset --hard several_edits &&
#		FAKE_LINES="edit 1 edit 2 3" &&
#		export FAKE_LINES &&
#		test_when_finished "git rebase --abort" &&
#		COMMIT2=$(git rev-parse --short several_edits^^) &&
#		COMMIT3=$(git rev-parse --short several_edits^) &&
#		COMMIT4=$(git rev-parse --short several_edits) &&
#		ONTO=$(git rev-parse --short HEAD~3) &&
#		git rebase -i HEAD~3 &&
#		git reset HEAD^ &&
#		git add main.txt &&
#		git commit -m "e" &&
#		git rebase --continue &&
#		cat >expected <<EOF &&
#	interactive rebase in progress; onto $ONTO
#	Last commands done (2 commands done):
#	   edit $COMMIT2 # two_edits
#	   edit $COMMIT3 # three_edits
#	Next command to do (1 remaining command):
#	   pick $COMMIT4 # four_edits
#	  (use "git rebase --edit-todo" to view and edit)
#	You are currently editing a commit while rebasing branch 'several_edits' on '$ONTO'.
#	  (use "git commit --amend" to amend the current commit)
#	  (use "git rebase --continue" once you are satisfied with your changes)
#	
#	nothing to commit (use -u to show untracked files)
#	EOF
#		git status --untracked-files=no >actual &&
#		test_cmp expected actual
#	
not ok 21 - status: (split first edit) second edit and split
#	
#		git reset --hard several_edits &&
#		FAKE_LINES="edit 1 edit 2 3" &&
#		export FAKE_LINES &&
#		test_when_finished "git rebase --abort" &&
#		COMMIT2=$(git rev-parse --short several_edits^^) &&
#		COMMIT3=$(git rev-parse --short several_edits^) &&
#		COMMIT4=$(git rev-parse --short several_edits) &&
#		ONTO=$(git rev-parse --short HEAD~3) &&
#		git rebase -i HEAD~3 &&
#		git reset HEAD^ &&
#		git add main.txt &&
#		git commit --amend -m "f" &&
#		git rebase --continue &&
#		git reset HEAD^ &&
#		cat >expected <<EOF &&
#	interactive rebase in progress; onto $ONTO
#	Last commands done (2 commands done):
#	   edit $COMMIT2 # two_edits
#	   edit $COMMIT3 # three_edits
#	Next command to do (1 remaining command):
#	   pick $COMMIT4 # four_edits
#	  (use "git rebase --edit-todo" to view and edit)
#	You are currently splitting a commit while rebasing branch 'several_edits' on '$ONTO'.
#	  (Once your working directory is clean, run "git rebase --continue")
#	
#	Changes not staged for commit:
#	  (use "git add <file>..." to update what will be committed)
#	  (use "git restore <file>..." to discard changes in working directory)
#		modified:   main.txt
#	
#	no changes added to commit (use "git add" and/or "git commit -a")
#	EOF
#		git status --untracked-files=no >actual &&
#		test_cmp expected actual
#	
not ok 22 - status: (split first edit) second edit and amend
#	
#		git reset --hard several_edits &&
#		FAKE_LINES="edit 1 edit 2 3" &&
#		export FAKE_LINES &&
#		test_when_finished "git rebase --abort" &&
#		COMMIT2=$(git rev-parse --short several_edits^^) &&
#		COMMIT3=$(git rev-parse --short several_edits^) &&
#		COMMIT4=$(git rev-parse --short several_edits) &&
#		ONTO=$(git rev-parse --short HEAD~3) &&
#		git rebase -i HEAD~3 &&
#		git reset HEAD^ &&
#		git add main.txt &&
#		git commit --amend -m "g" &&
#		git rebase --continue &&
#		git commit --amend -m "h" &&
#		cat >expected <<EOF &&
#	interactive rebase in progress; onto $ONTO
#	Last commands done (2 commands done):
#	   edit $COMMIT2 # two_edits
#	   edit $COMMIT3 # three_edits
#	Next command to do (1 remaining command):
#	   pick $COMMIT4 # four_edits
#	  (use "git rebase --edit-todo" to view and edit)
#	You are currently editing a commit while rebasing branch 'several_edits' on '$ONTO'.
#	  (use "git commit --amend" to amend the current commit)
#	  (use "git rebase --continue" once you are satisfied with your changes)
#	
#	nothing to commit (use -u to show untracked files)
#	EOF
#		git status --untracked-files=no >actual &&
#		test_cmp expected actual
#	
ok 23 - rebase in a linked worktree
ok 24 - prepare am_session
ok 25 - status in an am session: file already exists
ok 26 - status in an am session: file does not exist
not ok 27 - status in an am session: empty patch
#	
#		git reset --hard am_session &&
#		git checkout -b am_empty &&
#		test_when_finished "rm Maildir/* && git am --abort" &&
#		git format-patch -3 -oMaildir &&
#		git rm one.txt two.txt three.txt &&
#		git commit -m "delete all am_empty" &&
#		echo error >Maildir/0002-two_am.patch &&
#		test_must_fail git am Maildir/*.patch &&
#		cat >expected <<\EOF &&
#	On branch am_empty
#	You are in the middle of an am session.
#	The current patch is empty.
#	  (use "git am --skip" to skip this patch)
#	  (use "git am --allow-empty" to record this patch as an empty commit)
#	  (use "git am --abort" to restore the original branch)
#	
#	nothing to commit (use -u to show untracked files)
#	EOF
#		git status --untracked-files=no >actual &&
#		test_cmp expected actual
#	
ok 28 - status when bisecting
not ok 29 - status when bisecting while rebasing
#	
#		git reset --hard main &&
#		test_when_finished "git rebase --abort" &&
#		ONTO=$(git rev-parse --short HEAD^) &&
#		FAKE_LINES="break" git rebase -i HEAD^ &&
#		test_when_finished "git checkout -" &&
#		git checkout -b bisect_while_rebasing &&
#		test_when_finished "git bisect reset" &&
#		git bisect start &&
#		cat >expected <<EOF &&
#	On branch bisect_while_rebasing
#	Last command done (1 command done):
#	   break
#	No commands remaining.
#	You are currently editing a commit while rebasing branch 'bisect' on '$ONTO'.
#	  (use "git commit --amend" to amend the current commit)
#	  (use "git rebase --continue" once you are satisfied with your changes)
#	
#	You are currently bisecting, started from branch 'bisect_while_rebasing'.
#	  (use "git bisect reset" to get back to the original branch)
#	
#	nothing to commit (use -u to show untracked files)
#	EOF
#		git status --untracked-files=no >actual &&
#		test_cmp expected actual
#	
not ok 30 - status when rebase --apply conflicts with statushints disabled
#	
#		git reset --hard main &&
#		git checkout -b statushints_disabled &&
#		test_when_finished "git config --local advice.statushints true" &&
#		git config --local advice.statushints false &&
#		test_commit one_statushints main.txt one &&
#		test_commit two_statushints main.txt two &&
#		test_commit three_statushints main.txt three &&
#		test_when_finished "git rebase --abort" &&
#		ONTO=$(git rev-parse --short HEAD^^) &&
#		test_must_fail git rebase --apply HEAD^ --onto HEAD^^ &&
#		cat >expected <<EOF &&
#	rebase in progress; onto $ONTO
#	You are currently rebasing branch 'statushints_disabled' on '$ONTO'.
#	
#	Unmerged paths:
#		both modified:   main.txt
#	
#	no changes added to commit
#	EOF
#		git status --untracked-files=no >actual &&
#		test_cmp expected actual
#	
ok 31 - prepare for cherry-pick conflicts
ok 32 - status when cherry-picking before resolving conflicts
ok 33 - status when cherry-picking after resolving conflicts
ok 34 - status when cherry-picking multiple commits
ok 35 - status when cherry-picking after committing conflict resolution
ok 36 - status shows cherry-pick with invalid oid
ok 37 - status does not show error if .git/sequencer is a file
not ok 38 - status showing detached at and from a tag
#	
#		test_commit atag tagging &&
#		git checkout atag &&
#		cat >expected <<\EOF &&
#	HEAD detached at atag
#	nothing to commit (use -u to show untracked files)
#	EOF
#		git status --untracked-files=no >actual &&
#		test_cmp expected actual &&
#	
#		git reset --hard HEAD^ &&
#		cat >expected <<\EOF &&
#	HEAD detached from atag
#	nothing to commit (use -u to show untracked files)
#	EOF
#		git status --untracked-files=no >actual &&
#		test_cmp expected actual
#	
ok 39 - status while reverting commit (conflicts)
ok 40 - status while reverting commit (conflicts resolved)
ok 41 - status after reverting commit
not ok 42 - status while reverting after committing conflict resolution
#	
#		test_when_finished "git revert --abort" &&
#		git reset --hard new &&
#		test_must_fail git revert old new &&
#		echo reverted >to-revert.txt &&
#		git commit -a &&
#		cat >expected <<EOF &&
#	On branch main
#	Revert currently in progress.
#	  (run "git revert --continue" to continue)
#	  (use "git revert --skip" to skip this patch)
#	  (use "git revert --abort" to cancel the revert operation)
#	
#	nothing to commit (use -u to show untracked files)
#	EOF
#		git status --untracked-files=no >actual &&
#		test_cmp expected actual
#	
ok 43 - prepare for different number of commits rebased
not ok 44 - status: one command done nothing remaining
#	
#		FAKE_LINES="exec_exit_15" &&
#		export FAKE_LINES &&
#		test_when_finished "git rebase --abort" &&
#		ONTO=$(git rev-parse --short HEAD~3) &&
#		test_must_fail git rebase -i HEAD~3 &&
#		cat >expected <<EOF &&
#	interactive rebase in progress; onto $ONTO
#	Last command done (1 command done):
#	   exec exit 15
#	No commands remaining.
#	You are currently editing a commit while rebasing branch 'several_commits' on '$ONTO'.
#	  (use "git commit --amend" to amend the current commit)
#	  (use "git rebase --continue" once you are satisfied with your changes)
#	
#	nothing to commit (use -u to show untracked files)
#	EOF
#		git status --untracked-files=no >actual &&
#		test_cmp expected actual
#	
not ok 45 - status: two commands done with some white lines in done file
#	
#		FAKE_LINES="1 > exec_exit_15  2 3" &&
#		export FAKE_LINES &&
#		test_when_finished "git rebase --abort" &&
#		ONTO=$(git rev-parse --short HEAD~3) &&
#		COMMIT4=$(git rev-parse --short HEAD) &&
#		COMMIT3=$(git rev-parse --short HEAD^) &&
#		COMMIT2=$(git rev-parse --short HEAD^^) &&
#		test_must_fail git rebase -i HEAD~3 &&
#		cat >expected <<EOF &&
#	interactive rebase in progress; onto $ONTO
#	Last commands done (2 commands done):
#	   pick $COMMIT2 # two_commit
#	   exec exit 15
#	Next commands to do (2 remaining commands):
#	   pick $COMMIT3 # three_commit
#	   pick $COMMIT4 # four_commit
#	  (use "git rebase --edit-todo" to view and edit)
#	You are currently editing a commit while rebasing branch 'several_commits' on '$ONTO'.
#	  (use "git commit --amend" to amend the current commit)
#	  (use "git rebase --continue" once you are satisfied with your changes)
#	
#	nothing to commit (use -u to show untracked files)
#	EOF
#		git status --untracked-files=no >actual &&
#		test_cmp expected actual
#	
not ok 46 - status: two remaining commands with some white lines in todo file
#	
#		FAKE_LINES="1 2 exec_exit_15 3 > 4" &&
#		export FAKE_LINES &&
#		test_when_finished "git rebase --abort" &&
#		ONTO=$(git rev-parse --short HEAD~4) &&
#		COMMIT4=$(git rev-parse --short HEAD) &&
#		COMMIT3=$(git rev-parse --short HEAD^) &&
#		COMMIT2=$(git rev-parse --short HEAD^^) &&
#		test_must_fail git rebase -i HEAD~4 &&
#		cat >expected <<EOF &&
#	interactive rebase in progress; onto $ONTO
#	Last commands done (3 commands done):
#	   pick $COMMIT2 # two_commit
#	   exec exit 15
#	  (see more in file .git/rebase-merge/done)
#	Next commands to do (2 remaining commands):
#	   pick $COMMIT3 # three_commit
#	   pick $COMMIT4 # four_commit
#	  (use "git rebase --edit-todo" to view and edit)
#	You are currently editing a commit while rebasing branch 'several_commits' on '$ONTO'.
#	  (use "git commit --amend" to amend the current commit)
#	  (use "git rebase --continue" once you are satisfied with your changes)
#	
#	nothing to commit (use -u to show untracked files)
#	EOF
#		git status --untracked-files=no >actual &&
#		test_cmp expected actual
#	
not ok 47 - status: handle not-yet-started rebase -i gracefully
#	
#		ONTO=$(git rev-parse --short HEAD^) &&
#		COMMIT=$(git rev-parse --short HEAD) &&
#		EDITOR="git status --untracked-files=no >actual" git rebase -i HEAD^ &&
#		cat >expected <<EOF &&
#	On branch several_commits
#	No commands done.
#	Next command to do (1 remaining command):
#	   pick $COMMIT # four_commit
#	  (use "git rebase --edit-todo" to view and edit)
#	You are currently editing a commit while rebasing branch 'several_commits' on '$ONTO'.
#	  (use "git commit --amend" to amend the current commit)
#	  (use "git rebase --continue" once you are satisfied with your changes)
#	
#	nothing to commit (use -u to show untracked files)
#	EOF
#		test_cmp expected actual
#	
# failed 23 among 47 test(s)
1..47
# Tests: 47  Pass: 24  Fail: 23  Skip: 0
