ok 1 - setup
ok 2 - merge c1 with c2, c3, c4, ... c29
not ok 3 - merge output uses pretty names
#	
#		git reset --hard c1 &&
#		git merge c2 c3 c4 >actual &&
#		test_cmp expected actual
#	
not ok 4 - merge reduces irrelevant remote heads
#	
#		mv expected expected.tmp &&
#		sed s/recursive/ort/ expected.tmp >expected &&
#		rm expected.tmp &&
#		GIT_MERGE_VERBOSITY=0 git merge c4 c5 >actual &&
#		test_cmp expected actual
#	
not ok 5 - merge fast-forward output uses pretty names
#	
#		git reset --hard c0 &&
#		git merge c1 c2 >actual &&
#		test_cmp expected actual
#	
# failed 3 among 5 test(s)
1..5
# Tests: 5  Pass: 2  Fail: 3  Skip: 0
