ok 1 - objects in packs marked .keep are not repacked
ok 2 - writing bitmaps via command-line can duplicate .keep objects
ok 3 - writing bitmaps via config can duplicate .keep objects
ok 4 - loose objects in alternate ODB are not repacked
ok 5 - --local keeps packs when alternate is objectdir 
ok 6 - --local disables writing bitmaps when connected to alternate ODB
ok 7 - packed obs in alt ODB are repacked even when local repo is packless
ok 8 - packed obs in alt ODB are repacked when local repo has packs
ok 9 - packed obs in alternate ODB kept pack are repacked
ok 10 - packed unreachable obs in alternate ODB are not loosened
ok 11 - local packed unreachable obs that exist in alternate ODB are not loosened
ok 12 - objects made unreachable by grafts only are kept
not ok 13 - repack --keep-pack
#	
#		test_create_repo keep-pack &&
#		(
#			cd keep-pack &&
#			# avoid producing different packs due to delta/base choices
#			git config pack.window 0 &&
#			git config maintenance.auto false &&
#			P1=$(commit_and_pack 1) &&
#			P2=$(commit_and_pack 2) &&
#			P3=$(commit_and_pack 3) &&
#			P4=$(commit_and_pack 4) &&
#			ls .git/objects/pack/*.pack >old-counts &&
#			test_line_count = 4 old-counts &&
#			git repack -a -d --keep-pack $P1 --keep-pack $P4 &&
#			ls .git/objects/pack/*.pack >new-counts &&
#			grep -q $P1 new-counts &&
#			grep -q $P4 new-counts &&
#			test_line_count = 3 new-counts &&
#			git fsck &&
#	
#			P5=$(commit_and_pack --no-tag 5) &&
#			git reset --hard HEAD^ &&
#			git reflog expire --all --expire=all &&
#			rm -f ".git/objects/pack/${P5%.pack}.idx" &&
#			rm -f ".git/objects/info/commit-graph" &&
#			for from in $(find .git/objects/pack -type f -name "${P5%.pack}.*")
#			do
#				to="$(dirname "$from")/.tmp-1234-$(basename "$from")" &&
#				mv "$from" "$to" || return 1
#			done &&
#	
#			# A .idx file without a .pack should not stop us from
#			# repacking what we can.
#			touch .git/objects/pack/pack-does-not-exist.idx &&
#	
#			git repack --cruft -d --keep-pack $P1 --keep-pack $P4 &&
#	
#			ls .git/objects/pack/*.pack >newer-counts &&
#			test_cmp new-counts newer-counts &&
#			git fsck
#		)
#	
not ok 14 - repacking fails when missing .pack actually means missing objects
#	
#		test_create_repo idx-without-pack &&
#		(
#			cd idx-without-pack &&
#	
#			# Avoid producing different packs due to delta/base choices
#			git config pack.window 0 &&
#			git config maintenance.auto false &&
#			P1=$(commit_and_pack 1) &&
#			P2=$(commit_and_pack 2) &&
#			P3=$(commit_and_pack 3) &&
#			P4=$(commit_and_pack 4) &&
#			ls .git/objects/pack/*.pack >old-counts &&
#			test_line_count = 4 old-counts &&
#	
#			# Remove one .pack file
#			rm .git/objects/pack/$P2 &&
#	
#			ls .git/objects/pack/*.pack >before-pack-dir &&
#	
#			test_must_fail git fsck &&
#			test_must_fail env GIT_COMMIT_GRAPH_PARANOIA=true git repack --cruft -d 2>err &&
#			grep "bad object" err &&
#	
#			# Before failing, the repack did not modify the
#			# pack directory.
#			ls .git/objects/pack/*.pack >after-pack-dir &&
#			test_cmp before-pack-dir after-pack-dir
#		)
#	
ok 15 - bitmaps are created by default in bare repos
ok 16 - incremental repack does not complain
ok 17 - bitmaps can be disabled on bare repos
ok 18 - no bitmaps created if .keep files present
ok 19 - auto-bitmaps do not complain if unavailable
not ok 20 - repacking with a filter works
#	
#		git -C bare.git repack -a -d &&
#		test_stdout_line_count = 1 ls bare.git/objects/pack/*.pack &&
#		git -C bare.git -c repack.writebitmaps=false repack -a -d --filter=blob:none &&
#		test_stdout_line_count = 2 ls bare.git/objects/pack/*.pack &&
#		commit_pack=$(test-tool -C bare.git find-pack -c 1 HEAD) &&
#		blob_pack=$(test-tool -C bare.git find-pack -c 1 HEAD:file1) &&
#		test "$commit_pack" != "$blob_pack" &&
#		tree_pack=$(test-tool -C bare.git find-pack -c 1 HEAD^{tree}) &&
#		test "$tree_pack" = "$commit_pack" &&
#		blob_pack2=$(test-tool -C bare.git find-pack -c 1 HEAD:file2) &&
#		test "$blob_pack2" = "$blob_pack"
#	
ok 21 - --filter fails with --write-bitmap-index
not ok 22 - repacking with two filters works
#	
#		git init two-filters &&
#		(
#			cd two-filters &&
#			mkdir subdir &&
#			test_commit foo &&
#			test_commit subdir_bar subdir/bar &&
#			test_commit subdir_baz subdir/baz
#		) &&
#		git clone --no-local --bare two-filters two-filters.git &&
#		(
#			cd two-filters.git &&
#			test_stdout_line_count = 1 ls objects/pack/*.pack &&
#			git -c repack.writebitmaps=false repack -a -d \
#				--filter=blob:none --filter=tree:1 &&
#			test_stdout_line_count = 2 ls objects/pack/*.pack &&
#			commit_pack=$(test-tool find-pack -c 1 HEAD) &&
#			blob_pack=$(test-tool find-pack -c 1 HEAD:foo.t) &&
#			root_tree_pack=$(test-tool find-pack -c 1 HEAD^{tree}) &&
#			subdir_tree_hash=$(git ls-tree --object-only HEAD -- subdir) &&
#			subdir_tree_pack=$(test-tool find-pack -c 1 "$subdir_tree_hash") &&
#	
#			# Root tree and subdir tree are not in the same packfiles
#			test "$commit_pack" != "$blob_pack" &&
#			test "$commit_pack" = "$root_tree_pack" &&
#			test "$blob_pack" = "$subdir_tree_pack"
#		)
#	
not ok 23 - --filter works with .keep packs
#	
#		prepare_for_keep_packs &&
#		(
#			cd keep-packs.git &&
#	
#			foo_pack=$(test-tool find-pack -c 1 HEAD:foo.t) &&
#			bar_pack=$(test-tool find-pack -c 1 HEAD:bar.t) &&
#			head_pack=$(test-tool find-pack -c 1 HEAD) &&
#	
#			test "$foo_pack" != "$bar_pack" &&
#			test "$foo_pack" = "$head_pack" &&
#	
#			git -c repack.writebitmaps=false repack -a -d --filter=blob:none &&
#	
#			foo_pack_1=$(test-tool find-pack -c 1 HEAD:foo.t) &&
#			bar_pack_1=$(test-tool find-pack -c 1 HEAD:bar.t) &&
#			head_pack_1=$(test-tool find-pack -c 1 HEAD) &&
#	
#			# Object bar is still only in the old .keep pack
#			test "$foo_pack_1" != "$foo_pack" &&
#			test "$bar_pack_1" = "$bar_pack" &&
#			test "$head_pack_1" != "$head_pack" &&
#	
#			test "$foo_pack_1" != "$bar_pack_1" &&
#			test "$foo_pack_1" != "$head_pack_1" &&
#			test "$bar_pack_1" != "$head_pack_1"
#		)
#	
not ok 24 - --filter works with --pack-kept-objects and .keep packs
#	
#		rm -rf keep-packs keep-packs.git &&
#		prepare_for_keep_packs &&
#		(
#			cd keep-packs.git &&
#	
#			foo_pack=$(test-tool find-pack -c 1 HEAD:foo.t) &&
#			bar_pack=$(test-tool find-pack -c 1 HEAD:bar.t) &&
#			head_pack=$(test-tool find-pack -c 1 HEAD) &&
#	
#			test "$foo_pack" != "$bar_pack" &&
#			test "$foo_pack" = "$head_pack" &&
#	
#			git -c repack.writebitmaps=false repack -a -d --filter=blob:none \
#				--pack-kept-objects &&
#	
#			foo_pack_1=$(test-tool find-pack -c 1 HEAD:foo.t) &&
#			test-tool find-pack -c 2 HEAD:bar.t >bar_pack_1 &&
#			head_pack_1=$(test-tool find-pack -c 1 HEAD) &&
#	
#			test "$foo_pack_1" != "$foo_pack" &&
#			test "$foo_pack_1" != "$bar_pack" &&
#			test "$head_pack_1" != "$head_pack" &&
#	
#			# Object bar is in both the old .keep pack and the new
#			# pack that contained the filtered out objects
#			grep "$bar_pack" bar_pack_1 &&
#			grep "$foo_pack_1" bar_pack_1 &&
#			test "$foo_pack_1" != "$head_pack_1"
#		)
#	
not ok 25 - --filter-to stores filtered out objects
#	
#		git -C bare.git repack -a -d &&
#		test_stdout_line_count = 1 ls bare.git/objects/pack/*.pack &&
#	
#		git init --bare filtered.git &&
#		git -C bare.git -c repack.writebitmaps=false repack -a -d \
#			--filter=blob:none \
#			--filter-to=../filtered.git/objects/pack/pack &&
#		test_stdout_line_count = 1 ls bare.git/objects/pack/pack-*.pack &&
#		test_stdout_line_count = 1 ls filtered.git/objects/pack/pack-*.pack &&
#	
#		commit_pack=$(test-tool -C bare.git find-pack -c 1 HEAD) &&
#		blob_pack=$(test-tool -C bare.git find-pack -c 0 HEAD:file1) &&
#		blob_hash=$(git -C bare.git rev-parse HEAD:file1) &&
#		test -n "$blob_hash" &&
#		blob_pack=$(test-tool -C filtered.git find-pack -c 1 $blob_hash) &&
#	
#		echo $(pwd)/filtered.git/objects >bare.git/objects/info/alternates &&
#		blob_pack=$(test-tool -C bare.git find-pack -c 1 HEAD:file1) &&
#		blob_content=$(git -C bare.git show $blob_hash) &&
#		test "$blob_content" = "content1"
#	
not ok 26 - --filter works with --max-pack-size
#	
#		rm -rf filtered.git &&
#		git init --bare filtered.git &&
#		git init max-pack-size &&
#		(
#			cd max-pack-size &&
#			test_commit base &&
#			# two blobs which exceed the maximum pack size
#			test-tool genrandom foo 1m >foo &&
#			git hash-object -w foo &&
#			test-tool genrandom bar 1m >bar &&
#			git hash-object -w bar &&
#			git add foo bar &&
#			git commit -m "adding foo and bar"
#		) &&
#		git clone --no-local --bare max-pack-size max-pack-size.git &&
#		(
#			cd max-pack-size.git &&
#			git -c repack.writebitmaps=false repack -a -d --filter=blob:none \
#				--max-pack-size=1M \
#				--filter-to=../filtered.git/objects/pack/pack &&
#			echo $(cd .. && pwd)/filtered.git/objects >objects/info/alternates &&
#	
#			# Check that the 3 blobs are in different packfiles in filtered.git
#			test_stdout_line_count = 3 ls ../filtered.git/objects/pack/pack-*.pack &&
#			test_stdout_line_count = 1 ls objects/pack/pack-*.pack &&
#			foo_pack=$(test-tool find-pack -c 1 HEAD:foo) &&
#			bar_pack=$(test-tool find-pack -c 1 HEAD:bar) &&
#			base_pack=$(test-tool find-pack -c 1 HEAD:base.t) &&
#			test "$foo_pack" != "$bar_pack" &&
#			test "$foo_pack" != "$base_pack" &&
#			test "$bar_pack" != "$base_pack" &&
#			for pack in "$foo_pack" "$bar_pack" "$base_pack"
#			do
#				case "$foo_pack" in */filtered.git/objects/pack/*) true ;; *) return 1 ;; esac
#			done
#		)
#	
ok 27 - setup for --write-midx tests
ok 28 - --write-midx unchanged
ok 29 - --write-midx with a new pack
ok 30 - --write-midx with -b
ok 31 - --write-midx with -d
ok 32 - cleans up MIDX when appropriate
not ok 33 - --write-midx with preferred bitmap tips
#	
#		git init midx-preferred-tips &&
#		test_when_finished "rm -fr midx-preferred-tips" &&
#		(
#			cd midx-preferred-tips &&
#	
#			test_commit_bulk --message="%s" 103 &&
#	
#			git log --format="%H" >commits.raw &&
#			sort <commits.raw >commits &&
#	
#			git log --format="create refs/tags/%s/%s %H" HEAD >refs &&
#			git update-ref --stdin <refs &&
#	
#			git repack --write-midx --write-bitmap-index &&
#			test_path_is_file $midx &&
#			test_path_is_file $midx-$(midx_checksum $objdir).bitmap &&
#	
#			test-tool bitmap list-commits | sort >bitmaps &&
#			comm -13 bitmaps commits >before &&
#			test_line_count = 1 before &&
#	
#			rm -fr $midx-$(midx_checksum $objdir).bitmap &&
#			rm -fr $midx &&
#	
#			# instead of constructing the snapshot ourselves (c.f., the test
#			# "write a bitmap with --refs-snapshot (preferred tips)" in
#			# t5326), mark the missing commit as preferred by adding it to
#			# the pack.preferBitmapTips configuration.
#			git for-each-ref --format="%(refname:rstrip=1)" \
#				--points-at="$(cat before)" >missing &&
#			git config pack.preferBitmapTips "$(cat missing)" &&
#			git repack --write-midx --write-bitmap-index &&
#	
#			test-tool bitmap list-commits | sort >bitmaps &&
#			comm -13 bitmaps commits >after &&
#	
#			! test_cmp before after
#		)
#	
ok 34 - --write-midx -b packs non-kept objects
not ok 35 - --write-midx removes stale pack-based bitmaps
#	
#		rm -fr repo &&
#		git init repo &&
#		test_when_finished "rm -fr repo" &&
#		(
#			cd repo &&
#			test_commit base &&
#			git repack -Ab &&
#	
#			pack_bitmap=$(ls $objdir/pack/pack-*.bitmap) &&
#			test_path_is_file "$pack_bitmap" &&
#	
#			test_commit tip &&
#			git repack -bm &&
#	
#			test_path_is_file $midx &&
#			test_path_is_file $midx-$(midx_checksum $objdir).bitmap &&
#			test_path_is_missing $pack_bitmap
#		)
#	
not ok 36 - --write-midx with --pack-kept-objects
#	
#		git init repo &&
#		test_when_finished "rm -fr repo" &&
#		(
#			cd repo &&
#	
#			test_commit one &&
#			test_commit two &&
#	
#			one="$(echo "one" | git pack-objects --revs $objdir/pack/pack)" &&
#			two="$(echo "one..two" | git pack-objects --revs $objdir/pack/pack)" &&
#	
#			keep="$objdir/pack/pack-$one.keep" &&
#			touch "$keep" &&
#	
#			git repack --write-midx --write-bitmap-index --geometric=2 -d \
#				--pack-kept-objects &&
#	
#			test_path_is_file $keep &&
#			test_path_is_file $midx &&
#			test_path_is_file $midx-$(midx_checksum $objdir).bitmap
#		)
#	
ok 37 # skip --quiet disables progress (missing TTY)
ok 38 - clean up .tmp-* packs on error
ok 39 - repack -ad cleans up old .tmp-* packs
ok 40 - --name-hash-version option passes through to pack-objects
ok 41 - setup for update-server-info
ok 42 - updates server info by default
ok 43 - -n skips updating server info
ok 44 - repack.updateServerInfo=true updates server info
ok 45 - repack.updateServerInfo=false skips updating server info
ok 46 - -n overrides repack.updateServerInfo=true
ok 47 - pending objects are repacked appropriately
# failed 11 among 47 test(s)
1..47
# Tests: 47  Pass: 36  Fail: 11  Skip: 1
