ok 1 - basic usage requires no repo
ok 2 - setup
ok 3 - custom commands
ok 4 - custom tool commands override built-ins
ok 5 - difftool ignores bad --tool values
not ok 6 - difftool forwards arguments to diff
#	
#		difftool_test_setup &&
#		>for-diff &&
#		git add for-diff &&
#		echo changes>for-diff &&
#		git add for-diff &&
#		: >expect &&
#		git difftool --cached --no-prompt -- for-diff >actual &&
#		test_cmp expect actual &&
#		git reset -- for-diff &&
#		rm for-diff
#	
ok 7 - difftool without options ignores exit code
ok 8 - difftool without options forwards exit code with --trust-exit-code
ok 9 - difftool without options forwards exit code with --trust-exit-code for built-ins
ok 10 - difftool without options honors difftool.trustExitCode = true
ok 11 - difftool without options honors difftool.trustExitCode = false
ok 12 - difftool without options ignores exit code with --no-trust-exit-code
ok 13 - difftool without options stops on error with --trust-exit-code
ok 14 - difftool without options honors exit status if command not found
ok 15 - difftool --dir-diff ignores exit code
ok 16 - difftool --dir-diff forwards exit code with --trust-exit-code
ok 17 - difftool --dir-diff forwards exit code with --trust-exit-code for built-ins
ok 18 - difftool --dir-diff honors difftool.trustExitCode = true
ok 19 - difftool --dir-diff honors difftool.trustExitCode = false
ok 20 - difftool --dir-diff ignores exit code with --no-trust-exit-code
ok 21 - difftool --dir-diff stops on error with --trust-exit-code
ok 22 - difftool --dir-diff honors exit status if command not found
ok 23 - difftool honors --gui
ok 24 - difftool with guiDefault auto selects gui tool when there is DISPLAY
ok 25 - difftool with guiDefault auto selects regular tool when no DISPLAY
ok 26 - difftool with guiDefault true selects gui tool
ok 27 - difftool --no-gui trumps config guiDefault
ok 28 - difftool --gui last setting wins
ok 29 - difftool --gui works without configured diff.guitool
ok 30 - GIT_DIFF_TOOL variable
ok 31 - GIT_DIFF_TOOL overrides
ok 32 - GIT_DIFFTOOL_NO_PROMPT variable
ok 33 - GIT_DIFFTOOL_PROMPT variable
ok 34 - difftool.prompt config variable is false
ok 35 - difftool merge.prompt = false
ok 36 - difftool.prompt can overridden with -y
ok 37 - difftool.prompt can overridden with --prompt
ok 38 - difftool last flag wins
ok 39 - difftool + mergetool config variables
ok 40 - difftool.<tool>.path
ok 41 - difftool --extcmd=cat
ok 42 - difftool --extcmd cat
ok 43 - difftool -x cat
not ok 44 - difftool --extcmd echo arg1
#	
#		echo file >expect &&
#		git difftool --no-prompt \
#			--extcmd sh\ -c\ \"echo\ \$1\" branch >actual &&
#		test_cmp expect actual
#	
not ok 45 - difftool --extcmd cat arg1
#	
#		echo main >expect &&
#		git difftool --no-prompt \
#			--extcmd sh\ -c\ \"cat\ \$1\" branch >actual &&
#		test_cmp expect actual
#	
not ok 46 - difftool --extcmd cat arg2
#	
#		echo branch >expect &&
#		git difftool --no-prompt \
#			--extcmd sh\ -c\ \"cat\ \\\"\$2\\\"\" branch >actual &&
#		test_cmp expect actual
#	
ok 47 - setup with 2 files different
ok 48 - say no to the first file
ok 49 - say no to the second file
ok 50 - ending prompt input with EOF
ok 51 - difftool --tool-help
ok 52 - setup change in subdirectory
ok 53 - difftool -d with growing paths
not ok 54 - difftool -d --no-symlinks
#	
#			symlinks=--no-symlinks &&
#			
#		git difftool -d $symlinks --extcmd ls branch >output &&
#		grep "^sub$" output &&
#		grep "^file$" output
#	
#		
not ok 55 - difftool -d --symlinks
#	
#			symlinks=--symlinks &&
#			
#		git difftool -d $symlinks --extcmd ls branch >output &&
#		grep "^sub$" output &&
#		grep "^file$" output
#	
#		
not ok 56 - difftool --dir-diff --no-symlinks
#	
#			symlinks=--no-symlinks &&
#			
#		git difftool --dir-diff $symlinks --extcmd ls branch >output &&
#		grep "^sub$" output &&
#		grep "^file$" output
#	
#		
not ok 57 - difftool --dir-diff --symlinks
#	
#			symlinks=--symlinks &&
#			
#		git difftool --dir-diff $symlinks --extcmd ls branch >output &&
#		grep "^sub$" output &&
#		grep "^file$" output
#	
#		
ok 58 - difftool --dir-diff avoids repeated slashes in TMPDIR --no-symlinks
ok 59 - difftool --dir-diff avoids repeated slashes in TMPDIR --symlinks
not ok 60 - difftool --dir-diff ignores --prompt --no-symlinks
#	
#			symlinks=--no-symlinks &&
#			
#		git difftool --dir-diff $symlinks --prompt --extcmd ls branch >output &&
#		grep "^sub$" output &&
#		grep "^file$" output
#	
#		
not ok 61 - difftool --dir-diff ignores --prompt --symlinks
#	
#			symlinks=--symlinks &&
#			
#		git difftool --dir-diff $symlinks --prompt --extcmd ls branch >output &&
#		grep "^sub$" output &&
#		grep "^file$" output
#	
#		
not ok 62 - difftool --dir-diff branch from subdirectory --no-symlinks
#	
#			symlinks=--no-symlinks &&
#			
#		(
#			cd sub &&
#			git difftool --dir-diff $symlinks --extcmd ls branch >output &&
#			# "sub" must only exist in "right"
#			# "file" and "file2" must be listed in both "left" and "right"
#			grep "^sub$" output >sub-output &&
#			test_line_count = 1 sub-output &&
#			grep "^file$" output >file-output &&
#			test_line_count = 2 file-output &&
#			grep "^file2$" output >file2-output &&
#			test_line_count = 2 file2-output
#		)
#	
#		
not ok 63 - difftool --dir-diff branch from subdirectory --symlinks
#	
#			symlinks=--symlinks &&
#			
#		(
#			cd sub &&
#			git difftool --dir-diff $symlinks --extcmd ls branch >output &&
#			# "sub" must only exist in "right"
#			# "file" and "file2" must be listed in both "left" and "right"
#			grep "^sub$" output >sub-output &&
#			test_line_count = 1 sub-output &&
#			grep "^file$" output >file-output &&
#			test_line_count = 2 file-output &&
#			grep "^file2$" output >file2-output &&
#			test_line_count = 2 file2-output
#		)
#	
#		
not ok 64 - difftool --dir-diff v1 from subdirectory --no-symlinks
#	
#			symlinks=--no-symlinks &&
#			
#		(
#			cd sub &&
#			git difftool --dir-diff $symlinks --extcmd ls v1 >output &&
#			# "sub" and "file" exist in both v1 and HEAD.
#			# "file2" is unchanged.
#			grep "^sub$" output >sub-output &&
#			test_line_count = 2 sub-output &&
#			grep "^file$" output >file-output &&
#			test_line_count = 2 file-output &&
#			! grep "^file2$" output
#		)
#	
#		
not ok 65 - difftool --dir-diff v1 from subdirectory --symlinks
#	
#			symlinks=--symlinks &&
#			
#		(
#			cd sub &&
#			git difftool --dir-diff $symlinks --extcmd ls v1 >output &&
#			# "sub" and "file" exist in both v1 and HEAD.
#			# "file2" is unchanged.
#			grep "^sub$" output >sub-output &&
#			test_line_count = 2 sub-output &&
#			grep "^file$" output >file-output &&
#			test_line_count = 2 file-output &&
#			! grep "^file2$" output
#		)
#	
#		
not ok 66 - difftool --dir-diff branch from subdirectory w/ pathspec --no-symlinks
#	
#			symlinks=--no-symlinks &&
#			
#		(
#			cd sub &&
#			git difftool --dir-diff $symlinks --extcmd ls branch -- .>output &&
#			# "sub" only exists in "right"
#			# "file" and "file2" must not be listed
#			grep "^sub$" output >sub-output &&
#			test_line_count = 1 sub-output &&
#			! grep "^file$" output
#		)
#	
#		
not ok 67 - difftool --dir-diff branch from subdirectory w/ pathspec --symlinks
#	
#			symlinks=--symlinks &&
#			
#		(
#			cd sub &&
#			git difftool --dir-diff $symlinks --extcmd ls branch -- .>output &&
#			# "sub" only exists in "right"
#			# "file" and "file2" must not be listed
#			grep "^sub$" output >sub-output &&
#			test_line_count = 1 sub-output &&
#			! grep "^file$" output
#		)
#	
#		
not ok 68 - difftool --dir-diff v1 from subdirectory w/ pathspec --no-symlinks
#	
#			symlinks=--no-symlinks &&
#			
#		(
#			cd sub &&
#			git difftool --dir-diff $symlinks --extcmd ls v1 -- .>output &&
#			# "sub" exists in v1 and HEAD
#			# "file" is filtered out by the pathspec
#			grep "^sub$" output >sub-output &&
#			test_line_count = 2 sub-output &&
#			! grep "^file$" output
#		)
#	
#		
not ok 69 - difftool --dir-diff v1 from subdirectory w/ pathspec --symlinks
#	
#			symlinks=--symlinks &&
#			
#		(
#			cd sub &&
#			git difftool --dir-diff $symlinks --extcmd ls v1 -- .>output &&
#			# "sub" exists in v1 and HEAD
#			# "file" is filtered out by the pathspec
#			grep "^sub$" output >sub-output &&
#			test_line_count = 2 sub-output &&
#			! grep "^file$" output
#		)
#	
#		
not ok 70 - difftool --dir-diff from subdirectory with GIT_DIR set --no-symlinks
#	
#			symlinks=--no-symlinks &&
#			
#		(
#			GIT_DIR=$(pwd)/.git &&
#			export GIT_DIR &&
#			GIT_WORK_TREE=$(pwd) &&
#			export GIT_WORK_TREE &&
#			cd sub &&
#			git difftool --dir-diff $symlinks --extcmd ls \
#				branch -- sub >output &&
#			grep "^sub$" output &&
#			! grep "^file$" output
#		)
#	
#		
not ok 71 - difftool --dir-diff from subdirectory with GIT_DIR set --symlinks
#	
#			symlinks=--symlinks &&
#			
#		(
#			GIT_DIR=$(pwd)/.git &&
#			export GIT_DIR &&
#			GIT_WORK_TREE=$(pwd) &&
#			export GIT_WORK_TREE &&
#			cd sub &&
#			git difftool --dir-diff $symlinks --extcmd ls \
#				branch -- sub >output &&
#			grep "^sub$" output &&
#			! grep "^file$" output
#		)
#	
#		
not ok 72 - difftool --dir-diff when worktree file is missing --no-symlinks
#	
#			symlinks=--no-symlinks &&
#			
#		test_when_finished git reset --hard &&
#		rm file2 &&
#		git difftool --dir-diff $symlinks --extcmd ls branch main >output &&
#		grep "^file2$" output
#	
#		
not ok 73 - difftool --dir-diff when worktree file is missing --symlinks
#	
#			symlinks=--symlinks &&
#			
#		test_when_finished git reset --hard &&
#		rm file2 &&
#		git difftool --dir-diff $symlinks --extcmd ls branch main >output &&
#		grep "^file2$" output
#	
#		
not ok 74 - difftool --dir-diff with unmerged files --no-symlinks
#	
#			symlinks=--no-symlinks &&
#			
#		test_when_finished git reset --hard &&
#		test_config difftool.echo.cmd "echo ok" &&
#		git checkout -B conflict-a &&
#		git checkout -B conflict-b &&
#		git checkout conflict-a &&
#		echo a >>file &&
#		git add file &&
#		git commit -m conflict-a &&
#		git checkout conflict-b &&
#		echo b >>file &&
#		git add file &&
#		git commit -m conflict-b &&
#		git checkout main &&
#		git merge conflict-a &&
#		test_must_fail git merge conflict-b &&
#		cat >expect <<-EOF &&
#			ok
#		EOF
#		git difftool --dir-diff $symlinks -t echo >actual &&
#		test_cmp expect actual
#	
#		
not ok 75 - difftool --dir-diff with unmerged files --symlinks
#	
#			symlinks=--symlinks &&
#			
#		test_when_finished git reset --hard &&
#		test_config difftool.echo.cmd "echo ok" &&
#		git checkout -B conflict-a &&
#		git checkout -B conflict-b &&
#		git checkout conflict-a &&
#		echo a >>file &&
#		git add file &&
#		git commit -m conflict-a &&
#		git checkout conflict-b &&
#		echo b >>file &&
#		git add file &&
#		git commit -m conflict-b &&
#		git checkout main &&
#		git merge conflict-a &&
#		test_must_fail git merge conflict-b &&
#		cat >expect <<-EOF &&
#			ok
#		EOF
#		git difftool --dir-diff $symlinks -t echo >actual &&
#		test_cmp expect actual
#	
#		
not ok 76 - difftool --dir-diff --symlinks without unstaged changes
#	
#		cat >expect <<-EOF &&
#		file
#		$PWD/file
#		file2
#		$PWD/file2
#		sub/sub
#		$PWD/sub/sub
#		EOF
#		git difftool --dir-diff --symlinks \
#			--extcmd "./.git/CHECK_SYMLINKS" branch HEAD &&
#		test_cmp expect actual
#	
not ok 77 - difftool --dir-diff syncs worktree with unstaged change --no-symlinks
#	
#			symlinks=--no-symlinks &&
#			
#		test_when_finished git reset --hard &&
#		echo "orig content" >file &&
#		git difftool -d $symlinks --extcmd "$PWD/modify-right-file" branch &&
#		echo "modified content" >expect &&
#		test_cmp expect file
#	
#		
not ok 78 - difftool --dir-diff syncs worktree with unstaged change --symlinks
#	
#			symlinks=--symlinks &&
#			
#		test_when_finished git reset --hard &&
#		echo "orig content" >file &&
#		git difftool -d $symlinks --extcmd "$PWD/modify-right-file" branch &&
#		echo "modified content" >expect &&
#		test_cmp expect file
#	
#		
not ok 79 - difftool --dir-diff syncs worktree without unstaged change --no-symlinks
#	
#			symlinks=--no-symlinks &&
#			
#		test_when_finished git reset --hard &&
#		git difftool -d $symlinks --extcmd "$PWD/modify-right-file" branch &&
#		echo "modified content" >expect &&
#		test_cmp expect file
#	
#		
not ok 80 - difftool --dir-diff syncs worktree without unstaged change --symlinks
#	
#			symlinks=--symlinks &&
#			
#		test_when_finished git reset --hard &&
#		git difftool -d $symlinks --extcmd "$PWD/modify-right-file" branch &&
#		echo "modified content" >expect &&
#		test_cmp expect file
#	
#		
ok 81 - difftool --dir-diff with no diff --no-symlinks
ok 82 - difftool --dir-diff with no diff --symlinks
not ok 83 - difftool --no-symlinks does not overwrite working tree file 
#	
#		echo "orig content" >file &&
#		git difftool --dir-diff --no-symlinks --extcmd "$PWD/modify-file" branch &&
#		echo "new content" >expect &&
#		test_cmp expect file
#	
not ok 84 - difftool --no-symlinks detects conflict 
#	
#		(
#			TMPDIR=$TRASH_DIRECTORY &&
#			export TMPDIR &&
#			echo "orig content" >file &&
#			test_must_fail git difftool --dir-diff --no-symlinks --extcmd "$PWD/modify-both-files" branch &&
#			echo "wt content" >expect &&
#			test_cmp expect file &&
#			echo "tmp content" >expect &&
#			test_cmp expect "$(cat tmpdir)/file"
#		)
#	
not ok 85 - difftool properly honors gitlink and core.worktree
#	
#		test_when_finished rm -rf submod/ule &&
#		test_config_global protocol.file.allow always &&
#		git submodule add ./. submod/ule &&
#		test_config -C submod/ule diff.tool checktrees &&
#		test_config -C submod/ule difftool.checktrees.cmd '
#			test -d "$LOCAL" && test -d "$REMOTE" && echo good
#			' &&
#		(
#			cd submod/ule &&
#			echo good >expect &&
#			git difftool --tool=checktrees --dir-diff HEAD~ >actual &&
#			test_cmp expect actual &&
#			rm -f expect actual
#		)
#	
not ok 86 - difftool --dir-diff symlinked directories
#	
#		test_when_finished git reset --hard &&
#		git init dirlinks &&
#		(
#			cd dirlinks &&
#			git config diff.tool checktrees &&
#			git config difftool.checktrees.cmd "echo good" &&
#			mkdir foo &&
#			: >foo/bar &&
#			git add foo/bar &&
#			test_commit symlink-one &&
#			ln -s foo link &&
#			git add link &&
#			test_commit symlink-two &&
#			echo good >expect &&
#			git difftool --tool=checktrees --dir-diff HEAD~ >actual &&
#			test_cmp expect actual
#		)
#	
not ok 87 - difftool --dir-diff handles modified symlinks
#	
#		test_when_finished git reset --hard &&
#		touch b &&
#		ln -s b c &&
#		git add b c &&
#		test_tick &&
#		git commit -m initial &&
#		touch d &&
#		rm c &&
#		ln -s d c &&
#		cat >expect <<-EOF &&
#			c
#	
#			c
#		EOF
#		git difftool --symlinks --dir-diff --extcmd ls >output &&
#		grep -v ":\$" output >actual &&
#		test_cmp expect actual &&
#	
#		git difftool --no-symlinks --dir-diff --extcmd ls >output &&
#		grep -v ":\$" output >actual &&
#		test_cmp expect actual &&
#	
#		# The left side contains symlink "c" that points to "b"
#		test_config difftool.cat.cmd "cat \$LOCAL/c" &&
#		printf "%s\n" b >expect &&
#	
#		git difftool --symlinks --dir-diff --tool cat >actual &&
#		test_cmp expect actual &&
#	
#		git difftool --symlinks --no-symlinks --dir-diff --tool cat >actual &&
#		test_cmp expect actual &&
#	
#		# The right side contains symlink "c" that points to "d"
#		test_config difftool.cat.cmd "cat \$REMOTE/c" &&
#		printf "%s\n" d >expect &&
#	
#		git difftool --symlinks --dir-diff --tool cat >actual &&
#		test_cmp expect actual &&
#	
#		git difftool --no-symlinks --dir-diff --tool cat >actual &&
#		test_cmp expect actual &&
#	
#		# Deleted symlinks
#		rm -f c &&
#		cat >expect <<-EOF &&
#			c
#	
#		EOF
#		git difftool --symlinks --dir-diff --extcmd ls >output &&
#		grep -v ":\$" output >actual &&
#		test_cmp expect actual &&
#	
#		git difftool --no-symlinks --dir-diff --extcmd ls >output &&
#		grep -v ":\$" output >actual &&
#		test_cmp expect actual
#	
not ok 88 - difftool --dir-diff writes symlinks as raw text
#	
#		# Start out on a branch called "branch-init".
#		git init -b branch-init symlink-files &&
#		(
#			cd symlink-files &&
#			# This test ensures that symlinks are written as raw text.
#			# The "cat" tools output link and file contents.
#			git config difftool.cat-left-link.cmd "cat \"\$LOCAL/link\"" &&
#			git config difftool.cat-left-a.cmd "cat \"\$LOCAL/file-a\"" &&
#			git config difftool.cat-right-link.cmd "cat \"\$REMOTE/link\"" &&
#			git config difftool.cat-right-b.cmd "cat \"\$REMOTE/file-b\"" &&
#	
#			# Record the empty initial state so that we can come back here
#			# later and not have to consider the any cases where difftool
#			# will create symlinks back into the worktree.
#			test_tick &&
#			git commit --allow-empty -m init &&
#	
#			# Create a file called "file-a" with a symlink pointing to it.
#			git switch -c branch-a &&
#			echo a >file-a &&
#			ln -s file-a link &&
#			git add file-a link &&
#			test_tick &&
#			git commit -m link-to-file-a &&
#	
#			# Create a file called "file-b" and point the symlink to it.
#			git switch -c branch-b &&
#			echo b >file-b &&
#			rm link &&
#			ln -s file-b link &&
#			git add file-b link &&
#			git rm file-a &&
#			test_tick &&
#			git commit -m link-to-file-b &&
#	
#			# Checkout the initial branch so that the --symlinks behavior is
#			# not activated. The two directories should be completely
#			# independent with no symlinks pointing back here.
#			git switch branch-init &&
#	
#			# The left link must be "file-a" and "file-a" must contain "a".
#			echo file-a >expect &&
#			git difftool --symlinks --dir-diff --tool cat-left-link \
#				branch-a branch-b >actual &&
#			test_cmp expect actual &&
#	
#			echo a >expect &&
#			git difftool --symlinks --dir-diff --tool cat-left-a \
#				branch-a branch-b >actual &&
#			test_cmp expect actual &&
#	
#			# The right link must be "file-b" and "file-b" must contain "b".
#			echo file-b >expect &&
#			git difftool --symlinks --dir-diff --tool cat-right-link \
#				branch-a branch-b >actual &&
#			test_cmp expect actual &&
#	
#			echo b >expect &&
#			git difftool --symlinks --dir-diff --tool cat-right-b \
#				branch-a branch-b >actual &&
#			test_cmp expect actual
#		)
#	
not ok 89 - add -N and difftool -d
#	
#		test_when_finished git reset --hard &&
#	
#		test_write_lines A B C >intent-to-add &&
#		git add -N intent-to-add &&
#		git difftool --dir-diff --extcmd ls
#	
not ok 90 - difftool --cached with unmerged files
#	
#		test_when_finished git reset --hard &&
#	
#		test_commit conflicting &&
#		test_commit conflict-a conflict.t a &&
#		git reset --hard conflicting &&
#		test_commit conflict-b conflict.t b &&
#		test_must_fail git merge conflict-a &&
#	
#		git difftool --cached --no-prompt >output &&
#		test_must_be_empty output
#	
not ok 91 - outside worktree
#	
#		echo 1 >1 &&
#		echo 2 >2 &&
#		test_expect_code 1 nongit git \
#			-c diff.tool=echo -c difftool.echo.cmd="echo \$LOCAL \$REMOTE" \
#			difftool --no-prompt --no-index ../1 ../2 >actual &&
#		echo "../1 ../2" >expect &&
#		test_cmp expect actual
#	
ok 92 - difftool --gui, --tool and --extcmd are mutually exclusive
not ok 93 - difftool --rotate-to
#	
#		difftool_test_setup &&
#		test_when_finished git reset --hard &&
#		echo 1 >1 &&
#		echo 2 >2 &&
#		echo 4 >4 &&
#		git add 1 2 4 &&
#		git commit -a -m "124" &&
#		git difftool --no-prompt --extcmd=cat --rotate-to="2" HEAD^ >output &&
#		cat >expect <<-\EOF &&
#		2
#		4
#		1
#		EOF
#		test_cmp output expect
#	
not ok 94 - difftool --skip-to
#	
#		difftool_test_setup &&
#		test_when_finished git reset --hard &&
#		git difftool --no-prompt --extcmd=cat --skip-to="2" HEAD^ >output &&
#		cat >expect <<-\EOF &&
#		2
#		4
#		EOF
#		test_cmp output expect
#	
ok 95 - difftool --rotate/skip-to error condition
# failed 40 among 95 test(s)
1..95
# Tests: 95  Pass: 55  Fail: 40  Skip: 0
