ok 1 - setup for __git_find_repo_path/__gitdir tests
ok 2 - __git_find_repo_path - from command line (through $__git_dir)
ok 3 - __git_find_repo_path - .git directory in cwd
ok 4 - __git_find_repo_path - .git directory in parent
ok 5 - __git_find_repo_path - cwd is a .git directory
ok 6 - __git_find_repo_path - parent is a .git directory
ok 7 - __git_find_repo_path - $GIT_DIR set while .git directory in cwd
ok 8 - __git_find_repo_path - $GIT_DIR set while .git directory in parent
ok 9 - __git_find_repo_path - from command line while "git -C"
ok 10 - __git_find_repo_path - relative dir from command line and "git -C"
ok 11 - __git_find_repo_path - $GIT_DIR set while "git -C"
ok 12 - __git_find_repo_path - relative dir in $GIT_DIR and "git -C"
ok 13 - __git_find_repo_path - "git -C" while .git directory in cwd
ok 14 - __git_find_repo_path - "git -C" while cwd is a .git directory
ok 15 - __git_find_repo_path - "git -C" while .git directory in parent
ok 16 - __git_find_repo_path - non-existing path in "git -C"
ok 17 - __git_find_repo_path - non-existing path in $__git_dir
ok 18 - __git_find_repo_path - non-existing $GIT_DIR
ok 19 - __git_find_repo_path - gitfile in cwd
ok 20 - __git_find_repo_path - gitfile in parent
ok 21 - __git_find_repo_path - resulting path avoids symlinks
ok 22 - __git_find_repo_path - not a git repository
ok 23 - __gitdir - finds repo
ok 24 - __gitdir - returns error when cannot find repo
ok 25 - __gitdir - repo as argument
ok 26 - __gitdir - remote as argument
ok 27 - __git_dequote - plain unquoted word
ok 28 - __git_dequote - backslash escaped
ok 29 - __git_dequote - single quoted
ok 30 - __git_dequote - double quoted
ok 31 - __git_dequote - open single quote
ok 32 - __git_dequote - open double quote
ok 33 - __git_count_path_components - no slashes
ok 34 - __git_count_path_components - relative
ok 35 - __git_count_path_components - absolute
ok 36 - __git_count_path_components - trailing slash
ok 37 - __gitcomp_direct - puts everything into COMPREPLY as-is
ok 38 - __gitcomp - trailing space - options
ok 39 - __gitcomp - trailing space - config keys
ok 40 - __gitcomp - option parameter
ok 41 - __gitcomp - prefix
ok 42 - __gitcomp - suffix
ok 43 - __gitcomp - ignore optional negative options
ok 44 - __gitcomp - ignore/narrow optional negative options
ok 45 - __gitcomp - ignore/narrow optional negative options
ok 46 - __gitcomp - expand all negative options
ok 47 - __gitcomp - expand/narrow all negative options
ok 48 - __gitcomp - equal skip
ok 49 - __gitcomp - doesnt fail because of invalid variable name
ok 50 - __gitcomp_nl - trailing space
ok 51 - __gitcomp_nl - prefix
ok 52 - __gitcomp_nl - suffix
ok 53 - __gitcomp_nl - no suffix
ok 54 - __gitcomp_nl - doesnt fail because of invalid variable name
ok 55 - __git_remotes - list remotes from $GIT_DIR/remotes and from config file
ok 56 - __git_is_configured_remote
ok 57 - setup for ref completion
ok 58 - __git_refs - simple
ok 59 - __git_refs - full refs
ok 60 - __git_refs - repo given on the command line
ok 61 - __git_refs - remote on local file system
ok 62 - __git_refs - remote on local file system - full refs
ok 63 - __git_refs - configured remote
ok 64 - __git_refs - configured remote - with slash
ok 65 - __git_refs - configured remote - full refs
ok 66 - __git_refs - configured remote - repo given on the command line
ok 67 - __git_refs - configured remote - full refs - repo given on the command line
ok 68 - __git_refs - configured remote - remote name matches a directory
ok 69 - __git_refs - URL remote
ok 70 - __git_refs - URL remote - full refs
ok 71 - __git_refs - non-existing remote
ok 72 - __git_refs - non-existing remote - full refs
ok 73 - __git_refs - non-existing URL remote
ok 74 - __git_refs - non-existing URL remote - full refs
ok 75 - __git_refs - not in a git repository
ok 76 - __git_refs - unique remote branches for git checkout DWIMery
ok 77 - __git_refs - after --opt=
ok 78 - __git_refs - after --opt= - full refs
ok 79 - __git refs - excluding refs
ok 80 - __git refs - excluding full refs
ok 81 - setup for filtering matching refs
ok 82 - __git_refs - do not filter refs unless told so
ok 83 - __git_refs - only matching refs
ok 84 - __git_refs - only matching refs - full refs
ok 85 - __git_refs - only matching refs - remote on local file system
ok 86 - __git_refs - only matching refs - configured remote
ok 87 - __git_refs - only matching refs - remote - full refs
ok 88 - __git_refs - only matching refs - checkout DWIMery
ok 89 - teardown after filtering matching refs
ok 90 - __git_refs - for-each-ref format specifiers in prefix
ok 91 - __git_complete_refs - simple
ok 92 - __git_complete_refs - matching
ok 93 - __git_complete_refs - remote
ok 94 - __git_complete_refs - remote - with slash
ok 95 - __git_complete_refs - track
ok 96 - __git_complete_refs - current word
ok 97 - __git_complete_refs - prefix
ok 98 - __git_complete_refs - suffix
ok 99 - __git_complete_fetch_refspecs - simple
ok 100 - __git_complete_fetch_refspecs - with slash
ok 101 - __git_complete_fetch_refspecs - matching
ok 102 - __git_complete_fetch_refspecs - prefix
ok 103 - __git_complete_fetch_refspecs - fully qualified
ok 104 - __git_complete_fetch_refspecs - fully qualified & prefix
ok 105 - __git_complete_worktree_paths
ok 106 - __git_complete_worktree_paths - not a git repository
ok 107 - __git_complete_worktree_paths with -C
ok 108 - git switch - with no options, complete local branches and unique remote branch names for DWIM logic
ok 109 - git bisect - when not bisecting, complete only replay and start subcommands
ok 110 - git bisect - complete options to start subcommand
ok 111 - setup for git-bisect tests requiring a repo
ok 112 - git bisect - start subcommand arguments before double-dash are completed as revs
ok 113 - git bisect - start subcommand arguments after double-dash are not completed
ok 114 - setup for git-bisect tests requiring ongoing bisection
ok 115 - git-bisect - when bisecting all subcommands are candidates
ok 116 - git-bisect - options to terms subcommand are candidates
ok 117 - git-bisect - git-log options to visualize subcommand are candidates
ok 118 - git-bisect - view subcommand is not a candidate
ok 119 - git-bisect - existing view subcommand is recognized and enables completion of git-log options
ok 120 - git checkout - completes refs and unique remote branches for DWIM
ok 121 - git switch - with --no-guess, complete only local branches
ok 122 - git switch - with GIT_COMPLETION_CHECKOUT_NO_GUESS=1, complete only local branches
ok 123 - git switch - --guess overrides GIT_COMPLETION_CHECKOUT_NO_GUESS=1, complete local branches and unique remote names for DWIM logic
ok 124 - git switch - a later --guess overrides previous --no-guess, complete local and remote unique branches for DWIM
ok 125 - git switch - a later --no-guess overrides previous --guess, complete only local branches
ok 126 - git checkout - with GIT_COMPLETION_NO_GUESS=1 only completes refs
ok 127 - git checkout - --guess overrides GIT_COMPLETION_NO_GUESS=1, complete refs and unique remote branches for DWIM
ok 128 - git checkout - with --no-guess, only completes refs
ok 129 - git checkout - a later --guess overrides previous --no-guess, complete refs and unique remote branches for DWIM
ok 130 - git checkout - a later --no-guess overrides previous --guess, complete only refs
ok 131 - git checkout - with checkout.guess = false, only completes refs
ok 132 - git checkout - with checkout.guess = true, completes refs and unique remote branches for DWIM
ok 133 - git checkout - a later --guess overrides previous checkout.guess = false, complete refs and unique remote branches for DWIM
ok 134 - git checkout - a later --no-guess overrides previous checkout.guess = true, complete only refs
ok 135 - git switch - with --detach, complete all references
ok 136 - git checkout - with --detach, complete only references
ok 137 - setup sparse-checkout tests
ok 138 - sparse-checkout completes subcommands
ok 139 - cone mode sparse-checkout completes directory names
ok 140 - cone mode sparse-checkout completes directory names with spaces and accents
ok 141 - cone mode sparse-checkout completes directory names with tabs
ok 142 - cone mode sparse-checkout completes directory names with backslashes
ok 143 - non-cone mode sparse-checkout gives rooted paths
ok 144 - git sparse-checkout set --cone completes directory names
ok 145 - git switch - with -d, complete all references
ok 146 - git checkout - with -d, complete only references
ok 147 - git switch - with --track, complete only remote branches
ok 148 - git checkout - with --track, complete only remote branches
ok 149 - git switch - with --no-track, complete only local branch names
ok 150 - git checkout - with --no-track, complete only local references
ok 151 - git switch - with -c, complete all references
ok 152 - git switch - with -C, complete all references
ok 153 - git switch - with -c and --track, complete all references
ok 154 - git switch - with -C and --track, complete all references
ok 155 - git switch - with -c and --no-track, complete all references
ok 156 - git switch - with -C and --no-track, complete all references
ok 157 - git checkout - with -b, complete all references
ok 158 - git checkout - with -B, complete all references
ok 159 - git checkout - with -b and --track, complete all references
ok 160 - git checkout - with -B and --track, complete all references
ok 161 - git checkout - with -b and --no-track, complete all references
ok 162 - git checkout - with -B and --no-track, complete all references
ok 163 - git switch - for -c, complete local branches and unique remote branches
ok 164 - git switch - for -C, complete local branches and unique remote branches
ok 165 - git switch - for -c with --no-guess, complete local branches only
ok 166 - git switch - for -C with --no-guess, complete local branches only
ok 167 - git switch - for -c with --no-track, complete local branches only
ok 168 - git switch - for -C with --no-track, complete local branches only
ok 169 - git checkout - for -b, complete local branches and unique remote branches
ok 170 - git checkout - for -B, complete local branches and unique remote branches
ok 171 - git checkout - for -b with --no-guess, complete local branches only
ok 172 - git checkout - for -B with --no-guess, complete local branches only
ok 173 - git checkout - for -b with --no-track, complete local branches only
ok 174 - git checkout - for -B with --no-track, complete local branches only
ok 175 - git switch - with --orphan completes local branch names and unique remote branch names
ok 176 - git switch - --orphan with branch already provided completes nothing else
ok 177 - git checkout - with --orphan completes local branch names and unique remote branch names
ok 178 - git checkout - --orphan with branch already provided completes local refs for a start-point
ok 179 - git restore completes modified files
ok 180 - teardown after ref completion
ok 181 - setup for path completion tests
ok 182 - __git_complete_index_file - simple
ok 183 - __git_complete_index_file - escaped characters on cmdline
ok 184 - __git_complete_index_file - quoted characters on cmdline
ok 185 - __git_complete_index_file - UTF-8 in ls-files output
ok 186 - __git_complete_index_file - C-style escapes in ls-files output # TODO known breakage vanished
ok 187 - __git_complete_index_file - \nnn-escaped characters in ls-files output
ok 188 - __git_complete_index_file - removing repeated quoted path components
ok 189 - teardown after path completion tests
ok 190 - __git_find_on_cmdline - single match
ok 191 - __git_find_on_cmdline - multiple matches
ok 192 - __git_find_on_cmdline - no match
ok 193 - __git_find_on_cmdline - single match with index
ok 194 - __git_find_on_cmdline - multiple matches with index
ok 195 - __git_find_on_cmdline - no match with index
ok 196 - __git_find_on_cmdline - ignores matches before command with index
ok 197 - __git_get_config_variables
ok 198 - __git_pretty_aliases
ok 199 - basic
ok 200 - double dash "git" itself
not ok 201 - double dash "git checkout"
#	
#		test_completion "git checkout --" <<-\EOF
#		--quiet Z
#		--detach Z
#		--track Z
#		--orphan=Z
#		--ours Z
#		--theirs Z
#		--merge Z
#		--conflict=Z
#		--patch Z
#		--unified=Z
#		--inter-hunk-context=Z
#		--ignore-skip-worktree-bits Z
#		--ignore-other-worktrees Z
#		--recurse-submodules Z
#		--auto-advance Z
#		--progress Z
#		--guess Z
#		--no-guess Z
#		--no-... Z
#		--overlay Z
#		--pathspec-file-nul Z
#		--pathspec-from-file=Z
#		EOF
#	
ok 202 - general options
ok 203 - general options plus command
ok 204 - git --help completion
ok 205 - completion.commands removes multiple commands
ok 206 - setup for integration tests
ok 207 - checkout completes ref names
ok 208 - checkout does not match ref names of a different case
ok 209 - checkout matches case insensitively with GIT_COMPLETION_IGNORE_CASE
ok 210 - checkout completes pseudo refs
ok 211 - checkout completes pseudo refs case insensitively with GIT_COMPLETION_IGNORE_CASE
ok 212 - git -C <path> checkout uses the right repo
ok 213 - show completes all refs
ok 214 - <ref>: completes paths
ok 215 - complete tree filename with spaces
ok 216 - complete tree filename with metacharacters
ok 217 - symbolic-ref completes builtin options
ok 218 - symbolic-ref completes short ref names
ok 219 - symbolic-ref completes full ref names
ok 220 # skip send-email (missing SEND_EMAIL)
ok 221 - complete files
ok 222 - simple alias
ok 223 - recursive alias
ok 224 - completion uses <cmd> completion for alias: !sh -c 'git <cmd> ...'
ok 225 - completion uses <cmd> completion for alias: !f () { VAR=val git <cmd> ... }
ok 226 - completion used <cmd> completion for alias: !f() { : git <cmd> ; ... }
ok 227 - completion used <cmd> completion for alias: !f() { : <cmd> ; ... }
ok 228 - completion used <cmd> completion for alias: !f() { : <cmd>; ... }
ok 229 - completion without explicit _git_xxx function
not ok 230 - complete with tilde expansion # TODO known breakage
ok 231 - setup other remote for remote reference completion
ok 232 - __git_complete_remote_or_refspec - push -d other
not ok 233 - __git_complete_remote_or_refspec - push other -d # TODO known breakage
ok 234 - __git_complete_remote_or_refspec - push --delete other
not ok 235 - __git_complete_remote_or_refspec - push other --delete # TODO known breakage
ok 236 - git config subcommand
ok 237 - git config subcommand options
ok 238 - git config get
ok 239 - git config set - section
ok 240 - git config set - section include, includeIf
ok 241 - git config set - variable name
ok 242 - git config set - variable name include
ok 243 - setup for git config submodule tests
ok 244 - git config set - variable name - submodule and __git_compute_first_level_config_vars_for_section
ok 245 - git config set - variable name - __git_compute_second_level_config_vars_for_section
ok 246 - git config set - value
ok 247 - git -c - section
ok 248 - git -c - variable name
ok 249 - git -c - value
ok 250 - git clone --config= - section
ok 251 - git clone --config= - variable name
ok 252 - git clone --config= - value
ok 253 - git reflog show
ok 254 - options with value
ok 255 - sourcing the completion script clears cached commands
ok 256 - sourcing the completion script clears cached merge strategies
ok 257 - sourcing the completion script clears cached --options
ok 258 - option aliases are not shown by default
ok 259 - option aliases are shown with GIT_COMPLETION_SHOW_ALL
ok 260 - plumbing commands are excluded without GIT_COMPLETION_SHOW_ALL_COMMANDS
ok 261 - all commands are shown with GIT_COMPLETION_SHOW_ALL_COMMANDS (also main non-builtin)
ok 262 - __git_complete
ok 263 - __git_pseudoref_exists
# 1 known breakage(s) vanished; please update test(s)
# still have 3 known breakage(s)
# failed 1 among remaining 259 test(s)
1..263
# Tests: 263  Pass: 258  Fail: 1  Skip: 1
